<?xml version="1.0" encoding="utf-8" standalone="no"?>
<test-run id="2" testcasecount="48" result="Passed" total="48" passed="48" failed="0" inconclusive="0" skipped="0" asserts="87" engine-version="3.8.0.0" clr-version="4.0.30319.42000" start-time="2025-05-24 07:25:14Z" end-time="2025-05-24 07:27:32Z" duration="137.458764">
  <command-line><![CDATA[/var/build/workspace/build-platform-sdks-pipeline/resources/sdk/pureclouddotnet/bin/nunit/nunit3-console.exe /var/build/workspace/build-platform-sdks-pipeline/output/pureclouddotnet/build/bin/PureCloudPlatform.Client.V2.Tests.dll]]></command-line>
  <test-suite type="Assembly" id="0-1057" name="PureCloudPlatform.Client.V2.Tests.dll" fullname="/var/build/workspace/build-platform-sdks-pipeline/output/pureclouddotnet/build/bin/PureCloudPlatform.Client.V2.Tests.dll" runstate="Runnable" testcasecount="48" result="Passed" start-time="2025-05-24 07:25:15Z" end-time="2025-05-24 07:27:32Z" duration="136.532505" total="48" passed="48" failed="0" warnings="0" inconclusive="0" skipped="0" asserts="87">
    <environment framework-version="3.10.1.0" clr-version="4.0.30319.42000" os-version="Unix 4.14.355.276" platform="Unix" cwd="/var/build/workspace/build-platform-sdks-pipeline/output/pureclouddotnet/build" machine-name="jenkins-agent-10-25-193-19" user="jenkins" user-domain="jenkins-agent-10-25-193-19" culture="en-US" uiculture="en-US" os-architecture="x64" />
    <settings>
      <setting name="DisposeRunners" value="True" />
      <setting name="WorkDirectory" value="/var/build/workspace/build-platform-sdks-pipeline/output/pureclouddotnet/build" />
      <setting name="ImageRuntimeVersion" value="4.0.30319" />
      <setting name="ImageTargetFrameworkName" value=".NETFramework,Version=v4.7.1" />
      <setting name="ImageRequiresX86" value="False" />
      <setting name="ImageRequiresDefaultAppDomainAssemblyResolver" value="False" />
      <setting name="NumberOfTestWorkers" value="4" />
    </settings>
    <properties>
      <property name="_PID" value="5193" />
      <property name="_APPDOMAIN" value="domain-" />
    </properties>
    <test-suite type="TestSuite" id="0-1058" name="PureCloudPlatform" fullname="PureCloudPlatform" runstate="Runnable" testcasecount="48" result="Passed" start-time="2025-05-24 07:25:15Z" end-time="2025-05-24 07:27:32Z" duration="136.518970" total="48" passed="48" failed="0" warnings="0" inconclusive="0" skipped="0" asserts="87">
      <test-suite type="TestSuite" id="0-1059" name="Client" fullname="PureCloudPlatform.Client" runstate="Runnable" testcasecount="48" result="Passed" start-time="2025-05-24 07:25:15Z" end-time="2025-05-24 07:27:32Z" duration="136.518733" total="48" passed="48" failed="0" warnings="0" inconclusive="0" skipped="0" asserts="87">
        <test-suite type="TestSuite" id="0-1060" name="V2" fullname="PureCloudPlatform.Client.V2" runstate="Runnable" testcasecount="48" result="Passed" start-time="2025-05-24 07:25:15Z" end-time="2025-05-24 07:27:32Z" duration="136.518706" total="48" passed="48" failed="0" warnings="0" inconclusive="0" skipped="0" asserts="87">
          <test-suite type="TestSuite" id="0-1061" name="Tests" fullname="PureCloudPlatform.Client.V2.Tests" runstate="Runnable" testcasecount="48" result="Passed" start-time="2025-05-24 07:25:15Z" end-time="2025-05-24 07:27:32Z" duration="136.518681" total="48" passed="48" failed="0" warnings="0" inconclusive="0" skipped="0" asserts="87">
            <test-suite type="TestFixture" id="0-1018" name="ApiClientTests" fullname="PureCloudPlatform.Client.V2.Tests.ApiClientTests" classname="PureCloudPlatform.Client.V2.Tests.ApiClientTests" runstate="Runnable" testcasecount="12" result="Passed" start-time="2025-05-24 07:25:15Z" end-time="2025-05-24 07:27:17Z" duration="121.973150" total="12" passed="12" failed="0" warnings="0" inconclusive="0" skipped="0" asserts="24">
              <test-case id="0-1025" name="InvokeAsyncTestWith_429" fullname="PureCloudPlatform.Client.V2.Tests.ApiClientTests.InvokeAsyncTestWith_429" methodname="InvokeAsyncTestWith_429" classname="PureCloudPlatform.Client.V2.Tests.ApiClientTests" runstate="Runnable" seed="1239798064" result="Passed" start-time="2025-05-24 07:25:16Z" end-time="2025-05-24 07:25:21Z" duration="5.051027" asserts="2" />
              <test-case id="0-1026" name="InvokeAsyncTestWith_429_And_No_MaxRetryTime" fullname="PureCloudPlatform.Client.V2.Tests.ApiClientTests.InvokeAsyncTestWith_429_And_No_MaxRetryTime" methodname="InvokeAsyncTestWith_429_And_No_MaxRetryTime" classname="PureCloudPlatform.Client.V2.Tests.ApiClientTests" runstate="Runnable" seed="424275753" result="Passed" start-time="2025-05-24 07:25:21Z" end-time="2025-05-24 07:25:21Z" duration="0.004899" asserts="2" />
              <test-case id="0-1027" name="InvokeAsyncTestWith_502" fullname="PureCloudPlatform.Client.V2.Tests.ApiClientTests.InvokeAsyncTestWith_502" methodname="InvokeAsyncTestWith_502" classname="PureCloudPlatform.Client.V2.Tests.ApiClientTests" runstate="Runnable" seed="620846985" result="Passed" start-time="2025-05-24 07:25:21Z" end-time="2025-05-24 07:25:34Z" duration="13.006452" asserts="2" />
              <test-case id="0-1028" name="InvokeAsyncTestWith_503" fullname="PureCloudPlatform.Client.V2.Tests.ApiClientTests.InvokeAsyncTestWith_503" methodname="InvokeAsyncTestWith_503" classname="PureCloudPlatform.Client.V2.Tests.ApiClientTests" runstate="Runnable" seed="1450565541" result="Passed" start-time="2025-05-24 07:25:34Z" end-time="2025-05-24 07:26:14Z" duration="40.007676" asserts="2" />
              <test-case id="0-1029" name="InvokeAsyncTestWith_504" fullname="PureCloudPlatform.Client.V2.Tests.ApiClientTests.InvokeAsyncTestWith_504" methodname="InvokeAsyncTestWith_504" classname="PureCloudPlatform.Client.V2.Tests.ApiClientTests" runstate="Runnable" seed="1051928714" result="Passed" start-time="2025-05-24 07:26:14Z" end-time="2025-05-24 07:26:16Z" duration="2.005082" asserts="2" />
              <test-case id="0-1030" name="InvokeAsyncTestWith_504_And_No_MaxRetryTime" fullname="PureCloudPlatform.Client.V2.Tests.ApiClientTests.InvokeAsyncTestWith_504_And_No_MaxRetryTime" methodname="InvokeAsyncTestWith_504_And_No_MaxRetryTime" classname="PureCloudPlatform.Client.V2.Tests.ApiClientTests" runstate="Runnable" seed="1277699809" result="Passed" start-time="2025-05-24 07:26:16Z" end-time="2025-05-24 07:26:16Z" duration="0.005166" asserts="2" />
              <test-case id="0-1019" name="InvokeTestWith_429" fullname="PureCloudPlatform.Client.V2.Tests.ApiClientTests.InvokeTestWith_429" methodname="InvokeTestWith_429" classname="PureCloudPlatform.Client.V2.Tests.ApiClientTests" runstate="Runnable" seed="1523102694" result="Passed" start-time="2025-05-24 07:26:16Z" end-time="2025-05-24 07:26:22Z" duration="6.023867" asserts="2" />
              <test-case id="0-1020" name="InvokeTestWith_429_And_No_MaxRetryTime" fullname="PureCloudPlatform.Client.V2.Tests.ApiClientTests.InvokeTestWith_429_And_No_MaxRetryTime" methodname="InvokeTestWith_429_And_No_MaxRetryTime" classname="PureCloudPlatform.Client.V2.Tests.ApiClientTests" runstate="Runnable" seed="1878771137" result="Passed" start-time="2025-05-24 07:26:22Z" end-time="2025-05-24 07:26:22Z" duration="0.007381" asserts="2" />
              <test-case id="0-1021" name="InvokeTestWith_502" fullname="PureCloudPlatform.Client.V2.Tests.ApiClientTests.InvokeTestWith_502" methodname="InvokeTestWith_502" classname="PureCloudPlatform.Client.V2.Tests.ApiClientTests" runstate="Runnable" seed="1690705182" result="Passed" start-time="2025-05-24 07:26:22Z" end-time="2025-05-24 07:26:35Z" duration="13.005694" asserts="2" />
              <test-case id="0-1022" name="InvokeTestWith_503" fullname="PureCloudPlatform.Client.V2.Tests.ApiClientTests.InvokeTestWith_503" methodname="InvokeTestWith_503" classname="PureCloudPlatform.Client.V2.Tests.ApiClientTests" runstate="Runnable" seed="1508363754" result="Passed" start-time="2025-05-24 07:26:35Z" end-time="2025-05-24 07:27:15Z" duration="40.006953" asserts="2" />
              <test-case id="0-1023" name="InvokeTestWith_504" fullname="PureCloudPlatform.Client.V2.Tests.ApiClientTests.InvokeTestWith_504" methodname="InvokeTestWith_504" classname="PureCloudPlatform.Client.V2.Tests.ApiClientTests" runstate="Runnable" seed="1349048303" result="Passed" start-time="2025-05-24 07:27:15Z" end-time="2025-05-24 07:27:17Z" duration="2.002737" asserts="2" />
              <test-case id="0-1024" name="InvokeTestWith_504_No_MaxRetryTime" fullname="PureCloudPlatform.Client.V2.Tests.ApiClientTests.InvokeTestWith_504_No_MaxRetryTime" methodname="InvokeTestWith_504_No_MaxRetryTime" classname="PureCloudPlatform.Client.V2.Tests.ApiClientTests" runstate="Runnable" seed="1578447503" result="Passed" start-time="2025-05-24 07:27:17Z" end-time="2025-05-24 07:27:17Z" duration="0.001415" asserts="2" />
            </test-suite>
            <test-suite type="TestFixture" id="0-1009" name="MTLSTests" fullname="PureCloudPlatform.Client.V2.Tests.MTLSTests" classname="PureCloudPlatform.Client.V2.Tests.MTLSTests" runstate="Runnable" testcasecount="8" result="Passed" start-time="2025-05-24 07:27:17Z" end-time="2025-05-24 07:27:25Z" duration="7.269719" total="8" passed="8" failed="0" warnings="0" inconclusive="0" skipped="0" asserts="20">
              <properties>
                <property name="Timeout" value="70000" />
              </properties>
              <test-case id="0-1010" name="TraceBasicInformation" fullname="PureCloudPlatform.Client.V2.Tests.MTLSTests.TraceBasicInformation" methodname="TraceBasicInformation" classname="PureCloudPlatform.Client.V2.Tests.MTLSTests" runstate="Runnable" seed="2144448638" result="Passed" start-time="2025-05-24 07:27:17Z" end-time="2025-05-24 07:27:17Z" duration="0.005306" asserts="6">
                <properties>
                  <property name="Order" value="0" />
                </properties>
                <output><![CDATA[PURECLOUD_ENVIRONMENT=mypurecloud.com
PURECLOUD_CLIENT_ID=7de3af06-c0b3-4f9b-af45-72f4a14037cc
userEmail=f757dcfe-a1b3-45c6-bd36-68233ae8692b@mypurecloud.com
]]></output>
              </test-case>
              <test-case id="0-1011" name="ConfigureMTLSAndGateway" fullname="PureCloudPlatform.Client.V2.Tests.MTLSTests.ConfigureMTLSAndGateway" methodname="ConfigureMTLSAndGateway" classname="PureCloudPlatform.Client.V2.Tests.MTLSTests" runstate="Runnable" seed="76662161" result="Passed" start-time="2025-05-24 07:27:17Z" end-time="2025-05-24 07:27:17Z" duration="0.008365" asserts="1">
                <properties>
                  <property name="Order" value="1" />
                </properties>
              </test-case>
              <test-case id="0-1012" name="Authenticate" fullname="PureCloudPlatform.Client.V2.Tests.MTLSTests.Authenticate" methodname="Authenticate" classname="PureCloudPlatform.Client.V2.Tests.MTLSTests" runstate="Runnable" seed="907157896" result="Passed" start-time="2025-05-24 07:27:17Z" end-time="2025-05-24 07:27:18Z" duration="0.242787" asserts="1">
                <properties>
                  <property name="Order" value="2" />
                </properties>
                <output><![CDATA[In Certificate Validation Callback
Accepting Test Cert based on thumbprint
]]></output>
              </test-case>
              <test-case id="0-1013" name="CreateUser" fullname="PureCloudPlatform.Client.V2.Tests.MTLSTests.CreateUser" methodname="CreateUser" classname="PureCloudPlatform.Client.V2.Tests.MTLSTests" runstate="Runnable" seed="1278363691" result="Passed" start-time="2025-05-24 07:27:18Z" end-time="2025-05-24 07:27:18Z" duration="0.508922" asserts="2">
                <properties>
                  <property name="Order" value="3" />
                </properties>
                <output><![CDATA[CorrelationId for PostUsersWithHttpInfo 348bc184-6a39-4607-bc14-e7ccc8e83b41
Version for PostUsersWithHttpInfo 1
Created user with ID 0ccc3717-50c9-435d-8e29-99418954343a
In Certificate Validation Callback
Accepting Test Cert based on thumbprint
In Certificate Validation Callback
Accepting Test Cert based on thumbprint
In Certificate Validation Callback
Accepting Test Cert based on thumbprint
]]></output>
              </test-case>
              <test-case id="0-1014" name="UpdateUser" fullname="PureCloudPlatform.Client.V2.Tests.MTLSTests.UpdateUser" methodname="UpdateUser" classname="PureCloudPlatform.Client.V2.Tests.MTLSTests" runstate="Runnable" seed="1918370162" result="Passed" start-time="2025-05-24 07:27:18Z" end-time="2025-05-24 07:27:18Z" duration="0.162570" asserts="6">
                <properties>
                  <property name="Order" value="4" />
                </properties>
                <output><![CDATA[Running Pre-Request Hook
Pre-Hook: Making PATCH request to /api/v2/users/{userId}
Running Post-Request Hook
Post-Hook: Received status code 200
]]></output>
              </test-case>
              <test-case id="0-1015" name="GetUser" fullname="PureCloudPlatform.Client.V2.Tests.MTLSTests.GetUser" methodname="GetUser" classname="PureCloudPlatform.Client.V2.Tests.MTLSTests" runstate="Runnable" seed="1690994007" result="Passed" start-time="2025-05-24 07:27:18Z" end-time="2025-05-24 07:27:24Z" duration="6.112231" asserts="4">
                <properties>
                  <property name="Retry" value="2" />
                  <property name="Order" value="5" />
                </properties>
                <output><![CDATA[CorrelationId for GetUserWithHttpInfo c4475737-077a-42c1-8607-dd3768954c9d
Version for GetUserWithHttpInfo 2
]]></output>
              </test-case>
              <test-case id="0-1016" name="DeleteUser" fullname="PureCloudPlatform.Client.V2.Tests.MTLSTests.DeleteUser" methodname="DeleteUser" classname="PureCloudPlatform.Client.V2.Tests.MTLSTests" runstate="Runnable" seed="1534886808" result="Passed" start-time="2025-05-24 07:27:24Z" end-time="2025-05-24 07:27:25Z" duration="0.225058" asserts="0">
                <properties>
                  <property name="Order" value="6" />
                </properties>
                <output><![CDATA[Deleted user with ID 0ccc3717-50c9-435d-8e29-99418954343a
]]></output>
              </test-case>
              <test-case id="0-1017" name="CleanUp" fullname="PureCloudPlatform.Client.V2.Tests.MTLSTests.CleanUp" methodname="CleanUp" classname="PureCloudPlatform.Client.V2.Tests.MTLSTests" runstate="Runnable" seed="1908435372" result="Passed" start-time="2025-05-24 07:27:25Z" end-time="2025-05-24 07:27:25Z" duration="0.000616" asserts="0">
                <properties>
                  <property name="Order" value="7" />
                </properties>
              </test-case>
            </test-suite>
            <test-suite type="TestFixture" id="0-1000" name="SdkTests" fullname="PureCloudPlatform.Client.V2.Tests.SdkTests" classname="PureCloudPlatform.Client.V2.Tests.SdkTests" runstate="Runnable" testcasecount="8" result="Passed" start-time="2025-05-24 07:27:25Z" end-time="2025-05-24 07:27:32Z" duration="7.263953" total="8" passed="8" failed="0" warnings="0" inconclusive="0" skipped="0" asserts="23">
              <properties>
                <property name="Timeout" value="70000" />
              </properties>
              <test-case id="0-1001" name="TraceBasicInformation" fullname="PureCloudPlatform.Client.V2.Tests.SdkTests.TraceBasicInformation" methodname="TraceBasicInformation" classname="PureCloudPlatform.Client.V2.Tests.SdkTests" runstate="Runnable" seed="1626028781" result="Passed" start-time="2025-05-24 07:27:25Z" end-time="2025-05-24 07:27:25Z" duration="0.000716" asserts="6">
                <properties>
                  <property name="Order" value="0" />
                </properties>
                <output><![CDATA[PURECLOUD_ENVIRONMENT=mypurecloud.com
PURECLOUD_CLIENT_ID=7de3af06-c0b3-4f9b-af45-72f4a14037cc
userEmail=e3fcd20a-e915-48ff-81bc-49a74cd94d58@mypurecloud.com
]]></output>
              </test-case>
              <test-case id="0-1002" name="Authenticate" fullname="PureCloudPlatform.Client.V2.Tests.SdkTests.Authenticate" methodname="Authenticate" classname="PureCloudPlatform.Client.V2.Tests.SdkTests" runstate="Runnable" seed="882560032" result="Passed" start-time="2025-05-24 07:27:25Z" end-time="2025-05-24 07:27:25Z" duration="0.105463" asserts="1">
                <properties>
                  <property name="Order" value="1" />
                </properties>
              </test-case>
              <test-case id="0-1003" name="CreateUser" fullname="PureCloudPlatform.Client.V2.Tests.SdkTests.CreateUser" methodname="CreateUser" classname="PureCloudPlatform.Client.V2.Tests.SdkTests" runstate="Runnable" seed="1619649190" result="Passed" start-time="2025-05-24 07:27:25Z" end-time="2025-05-24 07:27:25Z" duration="0.392097" asserts="2">
                <properties>
                  <property name="Order" value="2" />
                </properties>
                <output><![CDATA[CorrelationId for PostUsersWithHttpInfo 5f17926e-0047-4c76-a228-0a7c9224e458
Version for PostUsersWithHttpInfo 1
Created user with ID 8cb279d8-e7fc-4522-bc63-05533fbecf82
]]></output>
              </test-case>
              <test-case id="0-1004" name="UpdateUser" fullname="PureCloudPlatform.Client.V2.Tests.SdkTests.UpdateUser" methodname="UpdateUser" classname="PureCloudPlatform.Client.V2.Tests.SdkTests" runstate="Runnable" seed="2072835591" result="Passed" start-time="2025-05-24 07:27:25Z" end-time="2025-05-24 07:27:25Z" duration="0.087561" asserts="4">
                <properties>
                  <property name="Order" value="3" />
                </properties>
              </test-case>
              <test-case id="0-1005" name="SetProfileSkills" fullname="PureCloudPlatform.Client.V2.Tests.SdkTests.SetProfileSkills" methodname="SetProfileSkills" classname="PureCloudPlatform.Client.V2.Tests.SdkTests" runstate="Runnable" seed="1144966602" result="Passed" start-time="2025-05-24 07:27:25Z" end-time="2025-05-24 07:27:25Z" duration="0.124472" asserts="2">
                <properties>
                  <property name="Order" value="4" />
                </properties>
                <output><![CDATA[CorrelationId for PutUserProfileskillsWithHttpInfo 1aba4dcb-08dc-4f59-965a-5bf8028b769e
]]></output>
              </test-case>
              <test-case id="0-1006" name="TestNotifications" fullname="PureCloudPlatform.Client.V2.Tests.SdkTests.TestNotifications" methodname="TestNotifications" classname="PureCloudPlatform.Client.V2.Tests.SdkTests" runstate="Runnable" seed="492760169" result="Passed" start-time="2025-05-24 07:27:25Z" end-time="2025-05-24 07:27:26Z" duration="0.325428" asserts="2">
                <properties>
                  <property name="Order" value="5" />
                </properties>
              </test-case>
              <test-case id="0-1007" name="GetUser" fullname="PureCloudPlatform.Client.V2.Tests.SdkTests.GetUser" methodname="GetUser" classname="PureCloudPlatform.Client.V2.Tests.SdkTests" runstate="Runnable" seed="983037953" result="Passed" start-time="2025-05-24 07:27:26Z" end-time="2025-05-24 07:27:32Z" duration="6.045576" asserts="6">
                <properties>
                  <property name="Retry" value="2" />
                  <property name="Order" value="6" />
                </properties>
                <output><![CDATA[Running Pre-Request Hook
Pre-Hook: Making GET request to /api/v2/users/{userId}
Running Post-Request Hook
Post-Hook: Received status code 200
CorrelationId for GetUserWithHttpInfo 0582448a-bd4b-4ba3-bb98-19a699e019af
Version for GetUserWithHttpInfo 3
]]></output>
              </test-case>
              <test-case id="0-1008" name="DeleteUserWithProxy" fullname="PureCloudPlatform.Client.V2.Tests.SdkTests.DeleteUserWithProxy" methodname="DeleteUserWithProxy" classname="PureCloudPlatform.Client.V2.Tests.SdkTests" runstate="Runnable" seed="1344594118" result="Passed" start-time="2025-05-24 07:27:32Z" end-time="2025-05-24 07:27:32Z" duration="0.181103" asserts="0">
                <properties>
                  <property name="Order" value="7" />
                </properties>
              </test-case>
            </test-suite>
            <test-suite type="TestFixture" id="0-1031" name="UpgradeSdkEnumConverterTests" fullname="PureCloudPlatform.Client.V2.Tests.UpgradeSdkEnumConverterTests" classname="PureCloudPlatform.Client.V2.Tests.UpgradeSdkEnumConverterTests" runstate="Runnable" testcasecount="20" result="Passed" start-time="2025-05-24 07:27:32Z" end-time="2025-05-24 07:27:32Z" duration="0.008735" total="20" passed="20" failed="0" warnings="0" inconclusive="0" skipped="0" asserts="20">
              <test-suite type="ParameterizedMethod" id="0-1036" name="TestReadInt32" fullname="PureCloudPlatform.Client.V2.Tests.UpgradeSdkEnumConverterTests.TestReadInt32" classname="PureCloudPlatform.Client.V2.Tests.UpgradeSdkEnumConverterTests" runstate="Runnable" testcasecount="4" result="Passed" start-time="2025-05-24 07:27:32Z" end-time="2025-05-24 07:27:32Z" duration="0.004255" total="4" passed="4" failed="0" warnings="0" inconclusive="0" skipped="0" asserts="4">
                <test-case id="0-1032" name="TestReadInt32(0)" fullname="PureCloudPlatform.Client.V2.Tests.UpgradeSdkEnumConverterTests.TestReadInt32(0)" methodname="TestReadInt32" classname="PureCloudPlatform.Client.V2.Tests.UpgradeSdkEnumConverterTests" runstate="Runnable" seed="982096154" result="Passed" start-time="2025-05-24 07:27:32Z" end-time="2025-05-24 07:27:32Z" duration="0.003649" asserts="1" />
                <test-case id="0-1033" name="TestReadInt32(1)" fullname="PureCloudPlatform.Client.V2.Tests.UpgradeSdkEnumConverterTests.TestReadInt32(1)" methodname="TestReadInt32" classname="PureCloudPlatform.Client.V2.Tests.UpgradeSdkEnumConverterTests" runstate="Runnable" seed="630530150" result="Passed" start-time="2025-05-24 07:27:32Z" end-time="2025-05-24 07:27:32Z" duration="0.000127" asserts="1" />
                <test-case id="0-1034" name="TestReadInt32(256)" fullname="PureCloudPlatform.Client.V2.Tests.UpgradeSdkEnumConverterTests.TestReadInt32(256)" methodname="TestReadInt32" classname="PureCloudPlatform.Client.V2.Tests.UpgradeSdkEnumConverterTests" runstate="Runnable" seed="160428228" result="Passed" start-time="2025-05-24 07:27:32Z" end-time="2025-05-24 07:27:32Z" duration="0.000091" asserts="1" />
                <test-case id="0-1035" name="TestReadInt32(-1)" fullname="PureCloudPlatform.Client.V2.Tests.UpgradeSdkEnumConverterTests.TestReadInt32(-1)" methodname="TestReadInt32" classname="PureCloudPlatform.Client.V2.Tests.UpgradeSdkEnumConverterTests" runstate="Runnable" seed="1004920983" result="Passed" start-time="2025-05-24 07:27:32Z" end-time="2025-05-24 07:27:32Z" duration="0.000084" asserts="1" />
              </test-suite>
              <test-suite type="ParameterizedMethod" id="0-1044" name="TestReadString" fullname="PureCloudPlatform.Client.V2.Tests.UpgradeSdkEnumConverterTests.TestReadString" classname="PureCloudPlatform.Client.V2.Tests.UpgradeSdkEnumConverterTests" runstate="Runnable" testcasecount="7" result="Passed" start-time="2025-05-24 07:27:32Z" end-time="2025-05-24 07:27:32Z" duration="0.001230" total="7" passed="7" failed="0" warnings="0" inconclusive="0" skipped="0" asserts="7">
                <test-case id="0-1037" name="TestReadString(&quot;alerting&quot;)" fullname="PureCloudPlatform.Client.V2.Tests.UpgradeSdkEnumConverterTests.TestReadString(&quot;alerting&quot;)" methodname="TestReadString" classname="PureCloudPlatform.Client.V2.Tests.UpgradeSdkEnumConverterTests" runstate="Runnable" seed="914921631" result="Passed" start-time="2025-05-24 07:27:32Z" end-time="2025-05-24 07:27:32Z" duration="0.000346" asserts="1" />
                <test-case id="0-1038" name="TestReadString(&quot;AlErTiNg&quot;)" fullname="PureCloudPlatform.Client.V2.Tests.UpgradeSdkEnumConverterTests.TestReadString(&quot;AlErTiNg&quot;)" methodname="TestReadString" classname="PureCloudPlatform.Client.V2.Tests.UpgradeSdkEnumConverterTests" runstate="Runnable" seed="477903273" result="Passed" start-time="2025-05-24 07:27:32Z" end-time="2025-05-24 07:27:32Z" duration="0.000135" asserts="1" />
                <test-case id="0-1039" name="TestReadString(&quot;delivery-success&quot;)" fullname="PureCloudPlatform.Client.V2.Tests.UpgradeSdkEnumConverterTests.TestReadString(&quot;delivery-success&quot;)" methodname="TestReadString" classname="PureCloudPlatform.Client.V2.Tests.UpgradeSdkEnumConverterTests" runstate="Runnable" seed="935630630" result="Passed" start-time="2025-05-24 07:27:32Z" end-time="2025-05-24 07:27:32Z" duration="0.000118" asserts="1" />
                <test-case id="0-1040" name="TestReadString(&quot;Deliverysuccess&quot;)" fullname="PureCloudPlatform.Client.V2.Tests.UpgradeSdkEnumConverterTests.TestReadString(&quot;Deliverysuccess&quot;)" methodname="TestReadString" classname="PureCloudPlatform.Client.V2.Tests.UpgradeSdkEnumConverterTests" runstate="Runnable" seed="914836428" result="Passed" start-time="2025-05-24 07:27:32Z" end-time="2025-05-24 07:27:32Z" duration="0.000119" asserts="1" />
                <test-case id="0-1041" name="TestReadString(&quot;OUTDATED_SDK_VERSION&quot;)" fullname="PureCloudPlatform.Client.V2.Tests.UpgradeSdkEnumConverterTests.TestReadString(&quot;OUTDATED_SDK_VERSION&quot;)" methodname="TestReadString" classname="PureCloudPlatform.Client.V2.Tests.UpgradeSdkEnumConverterTests" runstate="Runnable" seed="156062838" result="Passed" start-time="2025-05-24 07:27:32Z" end-time="2025-05-24 07:27:32Z" duration="0.000129" asserts="1" />
                <test-case id="0-1042" name="TestReadString(&quot;foo&quot;)" fullname="PureCloudPlatform.Client.V2.Tests.UpgradeSdkEnumConverterTests.TestReadString(&quot;foo&quot;)" methodname="TestReadString" classname="PureCloudPlatform.Client.V2.Tests.UpgradeSdkEnumConverterTests" runstate="Runnable" seed="1840009009" result="Passed" start-time="2025-05-24 07:27:32Z" end-time="2025-05-24 07:27:32Z" duration="0.000127" asserts="1" />
                <test-case id="0-1043" name="TestReadString(&quot;&quot;)" fullname="PureCloudPlatform.Client.V2.Tests.UpgradeSdkEnumConverterTests.TestReadString(&quot;&quot;)" methodname="TestReadString" classname="PureCloudPlatform.Client.V2.Tests.UpgradeSdkEnumConverterTests" runstate="Runnable" seed="1157011637" result="Passed" start-time="2025-05-24 07:27:32Z" end-time="2025-05-24 07:27:32Z" duration="0.000117" asserts="1" />
              </test-suite>
              <test-suite type="ParameterizedMethod" id="0-1048" name="TestReadStringNullable" fullname="PureCloudPlatform.Client.V2.Tests.UpgradeSdkEnumConverterTests.TestReadStringNullable" classname="PureCloudPlatform.Client.V2.Tests.UpgradeSdkEnumConverterTests" runstate="Runnable" testcasecount="3" result="Passed" start-time="2025-05-24 07:27:32Z" end-time="2025-05-24 07:27:32Z" duration="0.001171" total="3" passed="3" failed="0" warnings="0" inconclusive="0" skipped="0" asserts="3">
                <test-case id="0-1045" name="TestReadStringNullable(&quot;alerting&quot;)" fullname="PureCloudPlatform.Client.V2.Tests.UpgradeSdkEnumConverterTests.TestReadStringNullable(&quot;alerting&quot;)" methodname="TestReadStringNullable" classname="PureCloudPlatform.Client.V2.Tests.UpgradeSdkEnumConverterTests" runstate="Runnable" seed="156613782" result="Passed" start-time="2025-05-24 07:27:32Z" end-time="2025-05-24 07:27:32Z" duration="0.000859" asserts="1" />
                <test-case id="0-1046" name="TestReadStringNullable(&quot;&quot;)" fullname="PureCloudPlatform.Client.V2.Tests.UpgradeSdkEnumConverterTests.TestReadStringNullable(&quot;&quot;)" methodname="TestReadStringNullable" classname="PureCloudPlatform.Client.V2.Tests.UpgradeSdkEnumConverterTests" runstate="Runnable" seed="1359276690" result="Passed" start-time="2025-05-24 07:27:32Z" end-time="2025-05-24 07:27:32Z" duration="0.000101" asserts="1" />
                <test-case id="0-1047" name="TestReadStringNullable(null)" fullname="PureCloudPlatform.Client.V2.Tests.UpgradeSdkEnumConverterTests.TestReadStringNullable(null)" methodname="TestReadStringNullable" classname="PureCloudPlatform.Client.V2.Tests.UpgradeSdkEnumConverterTests" runstate="Runnable" seed="771166559" result="Passed" start-time="2025-05-24 07:27:32Z" end-time="2025-05-24 07:27:32Z" duration="0.000126" asserts="1" />
              </test-suite>
              <test-suite type="ParameterizedMethod" id="0-1052" name="TestWrite" fullname="PureCloudPlatform.Client.V2.Tests.UpgradeSdkEnumConverterTests.TestWrite" classname="PureCloudPlatform.Client.V2.Tests.UpgradeSdkEnumConverterTests" runstate="Runnable" testcasecount="3" result="Passed" start-time="2025-05-24 07:27:32Z" end-time="2025-05-24 07:27:32Z" duration="0.001000" total="3" passed="3" failed="0" warnings="0" inconclusive="0" skipped="0" asserts="3">
                <test-case id="0-1049" name="TestWrite(Deliverysuccess)" fullname="PureCloudPlatform.Client.V2.Tests.UpgradeSdkEnumConverterTests.TestWrite(Deliverysuccess)" methodname="TestWrite" classname="PureCloudPlatform.Client.V2.Tests.UpgradeSdkEnumConverterTests" runstate="Runnable" seed="1104777418" result="Passed" start-time="2025-05-24 07:27:32Z" end-time="2025-05-24 07:27:32Z" duration="0.000782" asserts="1" />
                <test-case id="0-1050" name="TestWrite(OutdatedSdkVersion)" fullname="PureCloudPlatform.Client.V2.Tests.UpgradeSdkEnumConverterTests.TestWrite(OutdatedSdkVersion)" methodname="TestWrite" classname="PureCloudPlatform.Client.V2.Tests.UpgradeSdkEnumConverterTests" runstate="Runnable" seed="1073142689" result="Passed" start-time="2025-05-24 07:27:32Z" end-time="2025-05-24 07:27:32Z" duration="0.000077" asserts="1" />
                <test-case id="0-1051" name="TestWrite(256)" fullname="PureCloudPlatform.Client.V2.Tests.UpgradeSdkEnumConverterTests.TestWrite(256)" methodname="TestWrite" classname="PureCloudPlatform.Client.V2.Tests.UpgradeSdkEnumConverterTests" runstate="Runnable" seed="820729336" result="Passed" start-time="2025-05-24 07:27:32Z" end-time="2025-05-24 07:27:32Z" duration="0.000059" asserts="1" />
              </test-suite>
              <test-suite type="ParameterizedMethod" id="0-1056" name="TestWriteNullable" fullname="PureCloudPlatform.Client.V2.Tests.UpgradeSdkEnumConverterTests.TestWriteNullable" classname="PureCloudPlatform.Client.V2.Tests.UpgradeSdkEnumConverterTests" runstate="Runnable" testcasecount="3" result="Passed" start-time="2025-05-24 07:27:32Z" end-time="2025-05-24 07:27:32Z" duration="0.000836" total="3" passed="3" failed="0" warnings="0" inconclusive="0" skipped="0" asserts="3">
                <test-case id="0-1053" name="TestWriteNullable(Deliverysuccess)" fullname="PureCloudPlatform.Client.V2.Tests.UpgradeSdkEnumConverterTests.TestWriteNullable(Deliverysuccess)" methodname="TestWriteNullable" classname="PureCloudPlatform.Client.V2.Tests.UpgradeSdkEnumConverterTests" runstate="Runnable" seed="62148444" result="Passed" start-time="2025-05-24 07:27:32Z" end-time="2025-05-24 07:27:32Z" duration="0.000264" asserts="1" />
                <test-case id="0-1054" name="TestWriteNullable(OutdatedSdkVersion)" fullname="PureCloudPlatform.Client.V2.Tests.UpgradeSdkEnumConverterTests.TestWriteNullable(OutdatedSdkVersion)" methodname="TestWriteNullable" classname="PureCloudPlatform.Client.V2.Tests.UpgradeSdkEnumConverterTests" runstate="Runnable" seed="1714124924" result="Passed" start-time="2025-05-24 07:27:32Z" end-time="2025-05-24 07:27:32Z" duration="0.000068" asserts="1" />
                <test-case id="0-1055" name="TestWriteNullable(null)" fullname="PureCloudPlatform.Client.V2.Tests.UpgradeSdkEnumConverterTests.TestWriteNullable(null)" methodname="TestWriteNullable" classname="PureCloudPlatform.Client.V2.Tests.UpgradeSdkEnumConverterTests" runstate="Runnable" seed="1045687760" result="Passed" start-time="2025-05-24 07:27:32Z" end-time="2025-05-24 07:27:32Z" duration="0.000149" asserts="1" />
              </test-suite>
            </test-suite>
          </test-suite>
        </test-suite>
      </test-suite>
    </test-suite>
  </test-suite>
</test-run>