<?xml version="1.0" encoding="utf-8" standalone="no"?>
<test-run id="2" testcasecount="39" result="Passed" total="39" passed="39" failed="0" inconclusive="0" skipped="0" asserts="63" engine-version="3.8.0.0" clr-version="4.0.30319.42000" start-time="2024-09-14 07:19:41Z" end-time="2024-09-14 07:21:51Z" duration="129.929243">
  <command-line><![CDATA[/var/build/workspace/build-platform-sdks-pipeline/resources/sdk/pureclouddotnet/bin/nunit/nunit3-console.exe /var/build/workspace/build-platform-sdks-pipeline/output/pureclouddotnet/build/bin/PureCloudPlatform.Client.V2.Tests.dll]]></command-line>
  <test-suite type="Assembly" id="0-1047" name="PureCloudPlatform.Client.V2.Tests.dll" fullname="/var/build/workspace/build-platform-sdks-pipeline/output/pureclouddotnet/build/bin/PureCloudPlatform.Client.V2.Tests.dll" runstate="Runnable" testcasecount="39" result="Passed" start-time="2024-09-14 07:19:42Z" end-time="2024-09-14 07:21:51Z" duration="128.979296" total="39" passed="39" failed="0" warnings="0" inconclusive="0" skipped="0" asserts="63">
    <environment framework-version="3.10.1.0" clr-version="4.0.30319.42000" os-version="Unix 4.14.350.266" platform="Unix" cwd="/var/build/workspace/build-platform-sdks-pipeline/output/pureclouddotnet/build" machine-name="jenkins-agent-10-25-194-102" user="jenkins" user-domain="jenkins-agent-10-25-194-102" culture="en-US" uiculture="en-US" os-architecture="x64" />
    <settings>
      <setting name="DisposeRunners" value="True" />
      <setting name="WorkDirectory" value="/var/build/workspace/build-platform-sdks-pipeline/output/pureclouddotnet/build" />
      <setting name="ImageRuntimeVersion" value="4.0.30319" />
      <setting name="ImageTargetFrameworkName" value=".NETFramework,Version=v4.7.1" />
      <setting name="ImageRequiresX86" value="False" />
      <setting name="ImageRequiresDefaultAppDomainAssemblyResolver" value="False" />
      <setting name="NumberOfTestWorkers" value="4" />
    </settings>
    <properties>
      <property name="_PID" value="21226" />
      <property name="_APPDOMAIN" value="domain-" />
    </properties>
    <test-suite type="TestSuite" id="0-1048" name="PureCloudPlatform" fullname="PureCloudPlatform" runstate="Runnable" testcasecount="39" result="Passed" start-time="2024-09-14 07:19:42Z" end-time="2024-09-14 07:21:51Z" duration="128.960111" total="39" passed="39" failed="0" warnings="0" inconclusive="0" skipped="0" asserts="63">
      <test-suite type="TestSuite" id="0-1049" name="Client" fullname="PureCloudPlatform.Client" runstate="Runnable" testcasecount="39" result="Passed" start-time="2024-09-14 07:19:42Z" end-time="2024-09-14 07:21:51Z" duration="128.959714" total="39" passed="39" failed="0" warnings="0" inconclusive="0" skipped="0" asserts="63">
        <test-suite type="TestSuite" id="0-1050" name="V2" fullname="PureCloudPlatform.Client.V2" runstate="Runnable" testcasecount="39" result="Passed" start-time="2024-09-14 07:19:42Z" end-time="2024-09-14 07:21:51Z" duration="128.959671" total="39" passed="39" failed="0" warnings="0" inconclusive="0" skipped="0" asserts="63">
          <test-suite type="TestSuite" id="0-1051" name="Tests" fullname="PureCloudPlatform.Client.V2.Tests" runstate="Runnable" testcasecount="39" result="Passed" start-time="2024-09-14 07:19:42Z" end-time="2024-09-14 07:21:51Z" duration="128.959643" total="39" passed="39" failed="0" warnings="0" inconclusive="0" skipped="0" asserts="63">
            <test-suite type="TestFixture" id="0-1008" name="ApiClientTests" fullname="PureCloudPlatform.Client.V2.Tests.ApiClientTests" classname="PureCloudPlatform.Client.V2.Tests.ApiClientTests" runstate="Runnable" testcasecount="12" result="Passed" start-time="2024-09-14 07:19:42Z" end-time="2024-09-14 07:21:44Z" duration="121.828201" total="12" passed="12" failed="0" warnings="0" inconclusive="0" skipped="0" asserts="24">
              <test-case id="0-1015" name="InvokeAsyncTestWith_429" fullname="PureCloudPlatform.Client.V2.Tests.ApiClientTests.InvokeAsyncTestWith_429" methodname="InvokeAsyncTestWith_429" classname="PureCloudPlatform.Client.V2.Tests.ApiClientTests" runstate="Runnable" seed="1656048665" result="Passed" start-time="2024-09-14 07:19:42Z" end-time="2024-09-14 07:19:47Z" duration="5.041759" asserts="2" />
              <test-case id="0-1016" name="InvokeAsyncTestWith_429_And_No_MaxRetryTime" fullname="PureCloudPlatform.Client.V2.Tests.ApiClientTests.InvokeAsyncTestWith_429_And_No_MaxRetryTime" methodname="InvokeAsyncTestWith_429_And_No_MaxRetryTime" classname="PureCloudPlatform.Client.V2.Tests.ApiClientTests" runstate="Runnable" seed="1785504424" result="Passed" start-time="2024-09-14 07:19:47Z" end-time="2024-09-14 07:19:48Z" duration="0.002220" asserts="2" />
              <test-case id="0-1017" name="InvokeAsyncTestWith_502" fullname="PureCloudPlatform.Client.V2.Tests.ApiClientTests.InvokeAsyncTestWith_502" methodname="InvokeAsyncTestWith_502" classname="PureCloudPlatform.Client.V2.Tests.ApiClientTests" runstate="Runnable" seed="1960205336" result="Passed" start-time="2024-09-14 07:19:48Z" end-time="2024-09-14 07:20:01Z" duration="13.004915" asserts="2" />
              <test-case id="0-1018" name="InvokeAsyncTestWith_503" fullname="PureCloudPlatform.Client.V2.Tests.ApiClientTests.InvokeAsyncTestWith_503" methodname="InvokeAsyncTestWith_503" classname="PureCloudPlatform.Client.V2.Tests.ApiClientTests" runstate="Runnable" seed="1806511963" result="Passed" start-time="2024-09-14 07:20:01Z" end-time="2024-09-14 07:20:41Z" duration="40.005052" asserts="2" />
              <test-case id="0-1019" name="InvokeAsyncTestWith_504" fullname="PureCloudPlatform.Client.V2.Tests.ApiClientTests.InvokeAsyncTestWith_504" methodname="InvokeAsyncTestWith_504" classname="PureCloudPlatform.Client.V2.Tests.ApiClientTests" runstate="Runnable" seed="1480542762" result="Passed" start-time="2024-09-14 07:20:41Z" end-time="2024-09-14 07:20:43Z" duration="2.003102" asserts="2" />
              <test-case id="0-1020" name="InvokeAsyncTestWith_504_And_No_MaxRetryTime" fullname="PureCloudPlatform.Client.V2.Tests.ApiClientTests.InvokeAsyncTestWith_504_And_No_MaxRetryTime" methodname="InvokeAsyncTestWith_504_And_No_MaxRetryTime" classname="PureCloudPlatform.Client.V2.Tests.ApiClientTests" runstate="Runnable" seed="1516999770" result="Passed" start-time="2024-09-14 07:20:43Z" end-time="2024-09-14 07:20:43Z" duration="0.002508" asserts="2" />
              <test-case id="0-1009" name="InvokeTestWith_429" fullname="PureCloudPlatform.Client.V2.Tests.ApiClientTests.InvokeTestWith_429" methodname="InvokeTestWith_429" classname="PureCloudPlatform.Client.V2.Tests.ApiClientTests" runstate="Runnable" seed="1533533419" result="Passed" start-time="2024-09-14 07:20:43Z" end-time="2024-09-14 07:20:49Z" duration="6.005916" asserts="2" />
              <test-case id="0-1010" name="InvokeTestWith_429_And_No_MaxRetryTime" fullname="PureCloudPlatform.Client.V2.Tests.ApiClientTests.InvokeTestWith_429_And_No_MaxRetryTime" methodname="InvokeTestWith_429_And_No_MaxRetryTime" classname="PureCloudPlatform.Client.V2.Tests.ApiClientTests" runstate="Runnable" seed="111953942" result="Passed" start-time="2024-09-14 07:20:49Z" end-time="2024-09-14 07:20:49Z" duration="0.001848" asserts="2" />
              <test-case id="0-1011" name="InvokeTestWith_502" fullname="PureCloudPlatform.Client.V2.Tests.ApiClientTests.InvokeTestWith_502" methodname="InvokeTestWith_502" classname="PureCloudPlatform.Client.V2.Tests.ApiClientTests" runstate="Runnable" seed="252163699" result="Passed" start-time="2024-09-14 07:20:49Z" end-time="2024-09-14 07:21:02Z" duration="13.006023" asserts="2" />
              <test-case id="0-1012" name="InvokeTestWith_503" fullname="PureCloudPlatform.Client.V2.Tests.ApiClientTests.InvokeTestWith_503" methodname="InvokeTestWith_503" classname="PureCloudPlatform.Client.V2.Tests.ApiClientTests" runstate="Runnable" seed="960817726" result="Passed" start-time="2024-09-14 07:21:02Z" end-time="2024-09-14 07:21:42Z" duration="40.020377" asserts="2" />
              <test-case id="0-1013" name="InvokeTestWith_504" fullname="PureCloudPlatform.Client.V2.Tests.ApiClientTests.InvokeTestWith_504" methodname="InvokeTestWith_504" classname="PureCloudPlatform.Client.V2.Tests.ApiClientTests" runstate="Runnable" seed="415847076" result="Passed" start-time="2024-09-14 07:21:42Z" end-time="2024-09-14 07:21:44Z" duration="2.008890" asserts="2" />
              <test-case id="0-1014" name="InvokeTestWith_504_No_MaxRetryTime" fullname="PureCloudPlatform.Client.V2.Tests.ApiClientTests.InvokeTestWith_504_No_MaxRetryTime" methodname="InvokeTestWith_504_No_MaxRetryTime" classname="PureCloudPlatform.Client.V2.Tests.ApiClientTests" runstate="Runnable" seed="934848772" result="Passed" start-time="2024-09-14 07:21:44Z" end-time="2024-09-14 07:21:44Z" duration="0.001555" asserts="2" />
            </test-suite>
            <test-suite type="TestFixture" id="0-1000" name="SdkTests" fullname="PureCloudPlatform.Client.V2.Tests.SdkTests" classname="PureCloudPlatform.Client.V2.Tests.SdkTests" runstate="Runnable" testcasecount="7" result="Passed" start-time="2024-09-14 07:21:44Z" end-time="2024-09-14 07:21:51Z" duration="7.115348" total="7" passed="7" failed="0" warnings="0" inconclusive="0" skipped="0" asserts="19">
              <properties>
                <property name="Timeout" value="70000" />
              </properties>
              <test-case id="0-1001" name="TraceBasicInformation" fullname="PureCloudPlatform.Client.V2.Tests.SdkTests.TraceBasicInformation" methodname="TraceBasicInformation" classname="PureCloudPlatform.Client.V2.Tests.SdkTests" runstate="Runnable" seed="2081216927" result="Passed" start-time="2024-09-14 07:21:44Z" end-time="2024-09-14 07:21:44Z" duration="0.008365" asserts="6">
                <properties>
                  <property name="Order" value="0" />
                </properties>
                <output><![CDATA[PURECLOUD_ENVIRONMENT=mypurecloud.com
PURECLOUD_CLIENT_ID=7de3af06-c0b3-4f9b-af45-72f4a14037cc
userEmail=826d0c67-75d6-497c-b8cc-e30e31ebc6b3@mypurecloud.com
]]></output>
              </test-case>
              <test-case id="0-1002" name="Authenticate" fullname="PureCloudPlatform.Client.V2.Tests.SdkTests.Authenticate" methodname="Authenticate" classname="PureCloudPlatform.Client.V2.Tests.SdkTests" runstate="Runnable" seed="349712342" result="Passed" start-time="2024-09-14 07:21:44Z" end-time="2024-09-14 07:21:44Z" duration="0.086637" asserts="1">
                <properties>
                  <property name="Order" value="1" />
                </properties>
              </test-case>
              <test-case id="0-1003" name="CreateUser" fullname="PureCloudPlatform.Client.V2.Tests.SdkTests.CreateUser" methodname="CreateUser" classname="PureCloudPlatform.Client.V2.Tests.SdkTests" runstate="Runnable" seed="733381418" result="Passed" start-time="2024-09-14 07:21:44Z" end-time="2024-09-14 07:21:44Z" duration="0.488729" asserts="2">
                <properties>
                  <property name="Order" value="2" />
                </properties>
                <output><![CDATA[CorrelationId for PostUsersWithHttpInfo c92e77b8-b07d-4e13-8b64-dc32b9153bf9
Version for PostUsersWithHttpInfo 1
Created user with ID d8608821-58ee-4bf9-bb74-9cefad4b9615
]]></output>
              </test-case>
              <test-case id="0-1004" name="UpdateUser" fullname="PureCloudPlatform.Client.V2.Tests.SdkTests.UpdateUser" methodname="UpdateUser" classname="PureCloudPlatform.Client.V2.Tests.SdkTests" runstate="Runnable" seed="530552761" result="Passed" start-time="2024-09-14 07:21:44Z" end-time="2024-09-14 07:21:44Z" duration="0.074514" asserts="4">
                <properties>
                  <property name="Order" value="3" />
                </properties>
              </test-case>
              <test-case id="0-1005" name="SetProfileSkills" fullname="PureCloudPlatform.Client.V2.Tests.SdkTests.SetProfileSkills" methodname="SetProfileSkills" classname="PureCloudPlatform.Client.V2.Tests.SdkTests" runstate="Runnable" seed="1682231831" result="Passed" start-time="2024-09-14 07:21:44Z" end-time="2024-09-14 07:21:44Z" duration="0.108647" asserts="2">
                <properties>
                  <property name="Order" value="4" />
                </properties>
                <output><![CDATA[CorrelationId for PutUserProfileskillsWithHttpInfo 0042e07e-7469-4049-a633-ea328eaf2293
]]></output>
              </test-case>
              <test-case id="0-1006" name="GetUser" fullname="PureCloudPlatform.Client.V2.Tests.SdkTests.GetUser" methodname="GetUser" classname="PureCloudPlatform.Client.V2.Tests.SdkTests" runstate="Runnable" seed="958321269" result="Passed" start-time="2024-09-14 07:21:44Z" end-time="2024-09-14 07:21:50Z" duration="6.080844" asserts="4">
                <properties>
                  <property name="Retry" value="2" />
                  <property name="Order" value="6" />
                </properties>
                <output><![CDATA[CorrelationId for GetUserWithHttpInfo 26861bfa-8027-4548-bea0-16c07f066fe9
Version for GetUserWithHttpInfo 3
]]></output>
              </test-case>
              <test-case id="0-1007" name="DeleteUserWithProxy" fullname="PureCloudPlatform.Client.V2.Tests.SdkTests.DeleteUserWithProxy" methodname="DeleteUserWithProxy" classname="PureCloudPlatform.Client.V2.Tests.SdkTests" runstate="Runnable" seed="1375037376" result="Passed" start-time="2024-09-14 07:21:50Z" end-time="2024-09-14 07:21:51Z" duration="0.257261" asserts="0">
                <properties>
                  <property name="Order" value="7" />
                </properties>
              </test-case>
            </test-suite>
            <test-suite type="TestFixture" id="0-1021" name="UpgradeSdkEnumConverterTests" fullname="PureCloudPlatform.Client.V2.Tests.UpgradeSdkEnumConverterTests" classname="PureCloudPlatform.Client.V2.Tests.UpgradeSdkEnumConverterTests" runstate="Runnable" testcasecount="20" result="Passed" start-time="2024-09-14 07:21:51Z" end-time="2024-09-14 07:21:51Z" duration="0.011700" total="20" passed="20" failed="0" warnings="0" inconclusive="0" skipped="0" asserts="20">
              <test-suite type="ParameterizedMethod" id="0-1026" name="TestReadInt32" fullname="PureCloudPlatform.Client.V2.Tests.UpgradeSdkEnumConverterTests.TestReadInt32" classname="PureCloudPlatform.Client.V2.Tests.UpgradeSdkEnumConverterTests" runstate="Runnable" testcasecount="4" result="Passed" start-time="2024-09-14 07:21:51Z" end-time="2024-09-14 07:21:51Z" duration="0.006513" total="4" passed="4" failed="0" warnings="0" inconclusive="0" skipped="0" asserts="4">
                <test-case id="0-1022" name="TestReadInt32(0)" fullname="PureCloudPlatform.Client.V2.Tests.UpgradeSdkEnumConverterTests.TestReadInt32(0)" methodname="TestReadInt32" classname="PureCloudPlatform.Client.V2.Tests.UpgradeSdkEnumConverterTests" runstate="Runnable" seed="445829410" result="Passed" start-time="2024-09-14 07:21:51Z" end-time="2024-09-14 07:21:51Z" duration="0.005879" asserts="1" />
                <test-case id="0-1023" name="TestReadInt32(1)" fullname="PureCloudPlatform.Client.V2.Tests.UpgradeSdkEnumConverterTests.TestReadInt32(1)" methodname="TestReadInt32" classname="PureCloudPlatform.Client.V2.Tests.UpgradeSdkEnumConverterTests" runstate="Runnable" seed="1148837079" result="Passed" start-time="2024-09-14 07:21:51Z" end-time="2024-09-14 07:21:51Z" duration="0.000131" asserts="1" />
                <test-case id="0-1024" name="TestReadInt32(256)" fullname="PureCloudPlatform.Client.V2.Tests.UpgradeSdkEnumConverterTests.TestReadInt32(256)" methodname="TestReadInt32" classname="PureCloudPlatform.Client.V2.Tests.UpgradeSdkEnumConverterTests" runstate="Runnable" seed="1055022215" result="Passed" start-time="2024-09-14 07:21:51Z" end-time="2024-09-14 07:21:51Z" duration="0.000116" asserts="1" />
                <test-case id="0-1025" name="TestReadInt32(-1)" fullname="PureCloudPlatform.Client.V2.Tests.UpgradeSdkEnumConverterTests.TestReadInt32(-1)" methodname="TestReadInt32" classname="PureCloudPlatform.Client.V2.Tests.UpgradeSdkEnumConverterTests" runstate="Runnable" seed="945060148" result="Passed" start-time="2024-09-14 07:21:51Z" end-time="2024-09-14 07:21:51Z" duration="0.000097" asserts="1" />
              </test-suite>
              <test-suite type="ParameterizedMethod" id="0-1034" name="TestReadString" fullname="PureCloudPlatform.Client.V2.Tests.UpgradeSdkEnumConverterTests.TestReadString" classname="PureCloudPlatform.Client.V2.Tests.UpgradeSdkEnumConverterTests" runstate="Runnable" testcasecount="7" result="Passed" start-time="2024-09-14 07:21:51Z" end-time="2024-09-14 07:21:51Z" duration="0.001549" total="7" passed="7" failed="0" warnings="0" inconclusive="0" skipped="0" asserts="7">
                <test-case id="0-1027" name="TestReadString(&quot;alerting&quot;)" fullname="PureCloudPlatform.Client.V2.Tests.UpgradeSdkEnumConverterTests.TestReadString(&quot;alerting&quot;)" methodname="TestReadString" classname="PureCloudPlatform.Client.V2.Tests.UpgradeSdkEnumConverterTests" runstate="Runnable" seed="1312396616" result="Passed" start-time="2024-09-14 07:21:51Z" end-time="2024-09-14 07:21:51Z" duration="0.000535" asserts="1" />
                <test-case id="0-1028" name="TestReadString(&quot;AlErTiNg&quot;)" fullname="PureCloudPlatform.Client.V2.Tests.UpgradeSdkEnumConverterTests.TestReadString(&quot;AlErTiNg&quot;)" methodname="TestReadString" classname="PureCloudPlatform.Client.V2.Tests.UpgradeSdkEnumConverterTests" runstate="Runnable" seed="1397688437" result="Passed" start-time="2024-09-14 07:21:51Z" end-time="2024-09-14 07:21:51Z" duration="0.000201" asserts="1" />
                <test-case id="0-1029" name="TestReadString(&quot;delivery-success&quot;)" fullname="PureCloudPlatform.Client.V2.Tests.UpgradeSdkEnumConverterTests.TestReadString(&quot;delivery-success&quot;)" methodname="TestReadString" classname="PureCloudPlatform.Client.V2.Tests.UpgradeSdkEnumConverterTests" runstate="Runnable" seed="464373293" result="Passed" start-time="2024-09-14 07:21:51Z" end-time="2024-09-14 07:21:51Z" duration="0.000137" asserts="1" />
                <test-case id="0-1030" name="TestReadString(&quot;Deliverysuccess&quot;)" fullname="PureCloudPlatform.Client.V2.Tests.UpgradeSdkEnumConverterTests.TestReadString(&quot;Deliverysuccess&quot;)" methodname="TestReadString" classname="PureCloudPlatform.Client.V2.Tests.UpgradeSdkEnumConverterTests" runstate="Runnable" seed="2001163688" result="Passed" start-time="2024-09-14 07:21:51Z" end-time="2024-09-14 07:21:51Z" duration="0.000120" asserts="1" />
                <test-case id="0-1031" name="TestReadString(&quot;OUTDATED_SDK_VERSION&quot;)" fullname="PureCloudPlatform.Client.V2.Tests.UpgradeSdkEnumConverterTests.TestReadString(&quot;OUTDATED_SDK_VERSION&quot;)" methodname="TestReadString" classname="PureCloudPlatform.Client.V2.Tests.UpgradeSdkEnumConverterTests" runstate="Runnable" seed="1382516138" result="Passed" start-time="2024-09-14 07:21:51Z" end-time="2024-09-14 07:21:51Z" duration="0.000119" asserts="1" />
                <test-case id="0-1032" name="TestReadString(&quot;foo&quot;)" fullname="PureCloudPlatform.Client.V2.Tests.UpgradeSdkEnumConverterTests.TestReadString(&quot;foo&quot;)" methodname="TestReadString" classname="PureCloudPlatform.Client.V2.Tests.UpgradeSdkEnumConverterTests" runstate="Runnable" seed="238254738" result="Passed" start-time="2024-09-14 07:21:51Z" end-time="2024-09-14 07:21:51Z" duration="0.000117" asserts="1" />
                <test-case id="0-1033" name="TestReadString(&quot;&quot;)" fullname="PureCloudPlatform.Client.V2.Tests.UpgradeSdkEnumConverterTests.TestReadString(&quot;&quot;)" methodname="TestReadString" classname="PureCloudPlatform.Client.V2.Tests.UpgradeSdkEnumConverterTests" runstate="Runnable" seed="90720761" result="Passed" start-time="2024-09-14 07:21:51Z" end-time="2024-09-14 07:21:51Z" duration="0.000149" asserts="1" />
              </test-suite>
              <test-suite type="ParameterizedMethod" id="0-1038" name="TestReadStringNullable" fullname="PureCloudPlatform.Client.V2.Tests.UpgradeSdkEnumConverterTests.TestReadStringNullable" classname="PureCloudPlatform.Client.V2.Tests.UpgradeSdkEnumConverterTests" runstate="Runnable" testcasecount="3" result="Passed" start-time="2024-09-14 07:21:51Z" end-time="2024-09-14 07:21:51Z" duration="0.001357" total="3" passed="3" failed="0" warnings="0" inconclusive="0" skipped="0" asserts="3">
                <test-case id="0-1035" name="TestReadStringNullable(&quot;alerting&quot;)" fullname="PureCloudPlatform.Client.V2.Tests.UpgradeSdkEnumConverterTests.TestReadStringNullable(&quot;alerting&quot;)" methodname="TestReadStringNullable" classname="PureCloudPlatform.Client.V2.Tests.UpgradeSdkEnumConverterTests" runstate="Runnable" seed="993514714" result="Passed" start-time="2024-09-14 07:21:51Z" end-time="2024-09-14 07:21:51Z" duration="0.000992" asserts="1" />
                <test-case id="0-1036" name="TestReadStringNullable(&quot;&quot;)" fullname="PureCloudPlatform.Client.V2.Tests.UpgradeSdkEnumConverterTests.TestReadStringNullable(&quot;&quot;)" methodname="TestReadStringNullable" classname="PureCloudPlatform.Client.V2.Tests.UpgradeSdkEnumConverterTests" runstate="Runnable" seed="1740936413" result="Passed" start-time="2024-09-14 07:21:51Z" end-time="2024-09-14 07:21:51Z" duration="0.000104" asserts="1" />
                <test-case id="0-1037" name="TestReadStringNullable(null)" fullname="PureCloudPlatform.Client.V2.Tests.UpgradeSdkEnumConverterTests.TestReadStringNullable(null)" methodname="TestReadStringNullable" classname="PureCloudPlatform.Client.V2.Tests.UpgradeSdkEnumConverterTests" runstate="Runnable" seed="1449914828" result="Passed" start-time="2024-09-14 07:21:51Z" end-time="2024-09-14 07:21:51Z" duration="0.000148" asserts="1" />
              </test-suite>
              <test-suite type="ParameterizedMethod" id="0-1042" name="TestWrite" fullname="PureCloudPlatform.Client.V2.Tests.UpgradeSdkEnumConverterTests.TestWrite" classname="PureCloudPlatform.Client.V2.Tests.UpgradeSdkEnumConverterTests" runstate="Runnable" testcasecount="3" result="Passed" start-time="2024-09-14 07:21:51Z" end-time="2024-09-14 07:21:51Z" duration="0.001130" total="3" passed="3" failed="0" warnings="0" inconclusive="0" skipped="0" asserts="3">
                <test-case id="0-1039" name="TestWrite(Deliverysuccess)" fullname="PureCloudPlatform.Client.V2.Tests.UpgradeSdkEnumConverterTests.TestWrite(Deliverysuccess)" methodname="TestWrite" classname="PureCloudPlatform.Client.V2.Tests.UpgradeSdkEnumConverterTests" runstate="Runnable" seed="372409397" result="Passed" start-time="2024-09-14 07:21:51Z" end-time="2024-09-14 07:21:51Z" duration="0.000894" asserts="1" />
                <test-case id="0-1040" name="TestWrite(OutdatedSdkVersion)" fullname="PureCloudPlatform.Client.V2.Tests.UpgradeSdkEnumConverterTests.TestWrite(OutdatedSdkVersion)" methodname="TestWrite" classname="PureCloudPlatform.Client.V2.Tests.UpgradeSdkEnumConverterTests" runstate="Runnable" seed="1918202192" result="Passed" start-time="2024-09-14 07:21:51Z" end-time="2024-09-14 07:21:51Z" duration="0.000077" asserts="1" />
                <test-case id="0-1041" name="TestWrite(256)" fullname="PureCloudPlatform.Client.V2.Tests.UpgradeSdkEnumConverterTests.TestWrite(256)" methodname="TestWrite" classname="PureCloudPlatform.Client.V2.Tests.UpgradeSdkEnumConverterTests" runstate="Runnable" seed="533001074" result="Passed" start-time="2024-09-14 07:21:51Z" end-time="2024-09-14 07:21:51Z" duration="0.000060" asserts="1" />
              </test-suite>
              <test-suite type="ParameterizedMethod" id="0-1046" name="TestWriteNullable" fullname="PureCloudPlatform.Client.V2.Tests.UpgradeSdkEnumConverterTests.TestWriteNullable" classname="PureCloudPlatform.Client.V2.Tests.UpgradeSdkEnumConverterTests" runstate="Runnable" testcasecount="3" result="Passed" start-time="2024-09-14 07:21:51Z" end-time="2024-09-14 07:21:51Z" duration="0.000628" total="3" passed="3" failed="0" warnings="0" inconclusive="0" skipped="0" asserts="3">
                <test-case id="0-1043" name="TestWriteNullable(Deliverysuccess)" fullname="PureCloudPlatform.Client.V2.Tests.UpgradeSdkEnumConverterTests.TestWriteNullable(Deliverysuccess)" methodname="TestWriteNullable" classname="PureCloudPlatform.Client.V2.Tests.UpgradeSdkEnumConverterTests" runstate="Runnable" seed="252899491" result="Passed" start-time="2024-09-14 07:21:51Z" end-time="2024-09-14 07:21:51Z" duration="0.000313" asserts="1" />
                <test-case id="0-1044" name="TestWriteNullable(OutdatedSdkVersion)" fullname="PureCloudPlatform.Client.V2.Tests.UpgradeSdkEnumConverterTests.TestWriteNullable(OutdatedSdkVersion)" methodname="TestWriteNullable" classname="PureCloudPlatform.Client.V2.Tests.UpgradeSdkEnumConverterTests" runstate="Runnable" seed="1335347058" result="Passed" start-time="2024-09-14 07:21:51Z" end-time="2024-09-14 07:21:51Z" duration="0.000069" asserts="1" />
                <test-case id="0-1045" name="TestWriteNullable(null)" fullname="PureCloudPlatform.Client.V2.Tests.UpgradeSdkEnumConverterTests.TestWriteNullable(null)" methodname="TestWriteNullable" classname="PureCloudPlatform.Client.V2.Tests.UpgradeSdkEnumConverterTests" runstate="Runnable" seed="1718300014" result="Passed" start-time="2024-09-14 07:21:51Z" end-time="2024-09-14 07:21:51Z" duration="0.000144" asserts="1" />
              </test-suite>
            </test-suite>
          </test-suite>
        </test-suite>
      </test-suite>
    </test-suite>
  </test-suite>
</test-run>