<?xml version="1.0" encoding="utf-8" standalone="no"?>
<test-run id="2" testcasecount="20" result="Passed" total="20" passed="20" failed="0" inconclusive="0" skipped="0" asserts="48" engine-version="3.8.0.0" clr-version="4.0.30319.42000" start-time="2022-12-18 08:01:30Z" end-time="2022-12-18 08:03:37Z" duration="126.904954">
  <command-line><![CDATA[/var/build/workspace/build-platform-sdks-pipeline/resources/sdk/pureclouddotnet/bin/nunit/nunit3-console.exe /var/build/workspace/build-platform-sdks-pipeline/output/pureclouddotnet/build/bin/PureCloudPlatform.Client.V2.Tests.dll]]></command-line>
  <test-suite type="Assembly" id="0-1022" name="PureCloudPlatform.Client.V2.Tests.dll" fullname="/var/build/workspace/build-platform-sdks-pipeline/output/pureclouddotnet/build/bin/PureCloudPlatform.Client.V2.Tests.dll" runstate="Runnable" testcasecount="20" result="Passed" start-time="2022-12-18 08:01:33Z" end-time="2022-12-18 08:03:37Z" duration="124.672144" total="20" passed="20" failed="0" warnings="0" inconclusive="0" skipped="0" asserts="48">
    <environment framework-version="3.10.1.0" clr-version="4.0.30319.42000" os-version="Unix 4.14.296.222" platform="Unix" cwd="/var/build/workspace/build-platform-sdks-pipeline/output/pureclouddotnet/build" machine-name="jenkins-agent-10-25-228-1" user="jenkins" user-domain="jenkins-agent-10-25-228-1" culture="en-US" uiculture="en-US" os-architecture="x64" />
    <settings>
      <setting name="DisposeRunners" value="True" />
      <setting name="WorkDirectory" value="/var/build/workspace/build-platform-sdks-pipeline/output/pureclouddotnet/build" />
      <setting name="ImageRuntimeVersion" value="4.0.30319" />
      <setting name="ImageTargetFrameworkName" value=".NETFramework,Version=v4.5.2" />
      <setting name="ImageRequiresX86" value="False" />
      <setting name="ImageRequiresDefaultAppDomainAssemblyResolver" value="False" />
      <setting name="NumberOfTestWorkers" value="4" />
    </settings>
    <properties>
      <property name="_PID" value="10201" />
      <property name="_APPDOMAIN" value="domain-" />
    </properties>
    <test-suite type="TestSuite" id="0-1023" name="PureCloudPlatform" fullname="PureCloudPlatform" runstate="Runnable" testcasecount="20" result="Passed" start-time="2022-12-18 08:01:33Z" end-time="2022-12-18 08:03:37Z" duration="124.618998" total="20" passed="20" failed="0" warnings="0" inconclusive="0" skipped="0" asserts="48">
      <test-suite type="TestSuite" id="0-1024" name="Client" fullname="PureCloudPlatform.Client" runstate="Runnable" testcasecount="20" result="Passed" start-time="2022-12-18 08:01:33Z" end-time="2022-12-18 08:03:37Z" duration="124.618661" total="20" passed="20" failed="0" warnings="0" inconclusive="0" skipped="0" asserts="48">
        <test-suite type="TestSuite" id="0-1025" name="V2" fullname="PureCloudPlatform.Client.V2" runstate="Runnable" testcasecount="20" result="Passed" start-time="2022-12-18 08:01:33Z" end-time="2022-12-18 08:03:37Z" duration="124.618630" total="20" passed="20" failed="0" warnings="0" inconclusive="0" skipped="0" asserts="48">
          <test-suite type="TestSuite" id="0-1026" name="Tests" fullname="PureCloudPlatform.Client.V2.Tests" runstate="Runnable" testcasecount="20" result="Passed" start-time="2022-12-18 08:01:33Z" end-time="2022-12-18 08:03:37Z" duration="124.618602" total="20" passed="20" failed="0" warnings="0" inconclusive="0" skipped="0" asserts="48">
            <test-suite type="TestFixture" id="0-1000" name="ApiClientTests" fullname="PureCloudPlatform.Client.V2.Tests.ApiClientTests" classname="PureCloudPlatform.Client.V2.Tests.ApiClientTests" runstate="Runnable" testcasecount="12" result="Passed" start-time="2022-12-18 08:01:33Z" end-time="2022-12-18 08:03:36Z" duration="123.116295" total="12" passed="12" failed="0" warnings="0" inconclusive="0" skipped="0" asserts="24">
              <test-case id="0-1007" name="InvokeAsyncTestWith_429" fullname="PureCloudPlatform.Client.V2.Tests.ApiClientTests.InvokeAsyncTestWith_429" methodname="InvokeAsyncTestWith_429" classname="PureCloudPlatform.Client.V2.Tests.ApiClientTests" runstate="Runnable" seed="283184771" result="Passed" start-time="2022-12-18 08:01:34Z" end-time="2022-12-18 08:01:40Z" duration="5.657239" asserts="2" />
              <test-case id="0-1008" name="InvokeAsyncTestWith_429_And_No_MaxRetryTime" fullname="PureCloudPlatform.Client.V2.Tests.ApiClientTests.InvokeAsyncTestWith_429_And_No_MaxRetryTime" methodname="InvokeAsyncTestWith_429_And_No_MaxRetryTime" classname="PureCloudPlatform.Client.V2.Tests.ApiClientTests" runstate="Runnable" seed="2087815010" result="Passed" start-time="2022-12-18 08:01:40Z" end-time="2022-12-18 08:01:40Z" duration="0.013804" asserts="2" />
              <test-case id="0-1009" name="InvokeAsyncTestWith_502" fullname="PureCloudPlatform.Client.V2.Tests.ApiClientTests.InvokeAsyncTestWith_502" methodname="InvokeAsyncTestWith_502" classname="PureCloudPlatform.Client.V2.Tests.ApiClientTests" runstate="Runnable" seed="1239914816" result="Passed" start-time="2022-12-18 08:01:40Z" end-time="2022-12-18 08:01:53Z" duration="13.018481" asserts="2" />
              <test-case id="0-1010" name="InvokeAsyncTestWith_503" fullname="PureCloudPlatform.Client.V2.Tests.ApiClientTests.InvokeAsyncTestWith_503" methodname="InvokeAsyncTestWith_503" classname="PureCloudPlatform.Client.V2.Tests.ApiClientTests" runstate="Runnable" seed="1186052040" result="Passed" start-time="2022-12-18 08:01:53Z" end-time="2022-12-18 08:02:33Z" duration="40.014437" asserts="2" />
              <test-case id="0-1011" name="InvokeAsyncTestWith_504" fullname="PureCloudPlatform.Client.V2.Tests.ApiClientTests.InvokeAsyncTestWith_504" methodname="InvokeAsyncTestWith_504" classname="PureCloudPlatform.Client.V2.Tests.ApiClientTests" runstate="Runnable" seed="994603642" result="Passed" start-time="2022-12-18 08:02:33Z" end-time="2022-12-18 08:02:35Z" duration="2.003673" asserts="2" />
              <test-case id="0-1012" name="InvokeAsyncTestWith_504_And_No_MaxRetryTime" fullname="PureCloudPlatform.Client.V2.Tests.ApiClientTests.InvokeAsyncTestWith_504_And_No_MaxRetryTime" methodname="InvokeAsyncTestWith_504_And_No_MaxRetryTime" classname="PureCloudPlatform.Client.V2.Tests.ApiClientTests" runstate="Runnable" seed="984204708" result="Passed" start-time="2022-12-18 08:02:35Z" end-time="2022-12-18 08:02:35Z" duration="0.002857" asserts="2" />
              <test-case id="0-1001" name="InvokeTestWith_429" fullname="PureCloudPlatform.Client.V2.Tests.ApiClientTests.InvokeTestWith_429" methodname="InvokeTestWith_429" classname="PureCloudPlatform.Client.V2.Tests.ApiClientTests" runstate="Runnable" seed="948133319" result="Passed" start-time="2022-12-18 08:02:35Z" end-time="2022-12-18 08:02:41Z" duration="6.008608" asserts="2" />
              <test-case id="0-1002" name="InvokeTestWith_429_And_No_MaxRetryTime" fullname="PureCloudPlatform.Client.V2.Tests.ApiClientTests.InvokeTestWith_429_And_No_MaxRetryTime" methodname="InvokeTestWith_429_And_No_MaxRetryTime" classname="PureCloudPlatform.Client.V2.Tests.ApiClientTests" runstate="Runnable" seed="307392574" result="Passed" start-time="2022-12-18 08:02:41Z" end-time="2022-12-18 08:02:41Z" duration="0.002117" asserts="2" />
              <test-case id="0-1003" name="InvokeTestWith_502" fullname="PureCloudPlatform.Client.V2.Tests.ApiClientTests.InvokeTestWith_502" methodname="InvokeTestWith_502" classname="PureCloudPlatform.Client.V2.Tests.ApiClientTests" runstate="Runnable" seed="1695384514" result="Passed" start-time="2022-12-18 08:02:41Z" end-time="2022-12-18 08:02:54Z" duration="13.002854" asserts="2" />
              <test-case id="0-1004" name="InvokeTestWith_503" fullname="PureCloudPlatform.Client.V2.Tests.ApiClientTests.InvokeTestWith_503" methodname="InvokeTestWith_503" classname="PureCloudPlatform.Client.V2.Tests.ApiClientTests" runstate="Runnable" seed="1035229874" result="Passed" start-time="2022-12-18 08:02:54Z" end-time="2022-12-18 08:03:34Z" duration="40.003391" asserts="2" />
              <test-case id="0-1005" name="InvokeTestWith_504" fullname="PureCloudPlatform.Client.V2.Tests.ApiClientTests.InvokeTestWith_504" methodname="InvokeTestWith_504" classname="PureCloudPlatform.Client.V2.Tests.ApiClientTests" runstate="Runnable" seed="417631953" result="Passed" start-time="2022-12-18 08:03:34Z" end-time="2022-12-18 08:03:36Z" duration="2.002313" asserts="2" />
              <test-case id="0-1006" name="InvokeTestWith_504_No_MaxRetryTime" fullname="PureCloudPlatform.Client.V2.Tests.ApiClientTests.InvokeTestWith_504_No_MaxRetryTime" methodname="InvokeTestWith_504_No_MaxRetryTime" classname="PureCloudPlatform.Client.V2.Tests.ApiClientTests" runstate="Runnable" seed="2122591788" result="Passed" start-time="2022-12-18 08:03:36Z" end-time="2022-12-18 08:03:36Z" duration="0.002222" asserts="2" />
            </test-suite>
            <test-suite type="TestFixture" id="0-1013" name="SdkTests" fullname="PureCloudPlatform.Client.V2.Tests.SdkTests" classname="PureCloudPlatform.Client.V2.Tests.SdkTests" runstate="Runnable" testcasecount="8" result="Passed" start-time="2022-12-18 08:03:36Z" end-time="2022-12-18 08:03:37Z" duration="1.491484" total="8" passed="8" failed="0" warnings="0" inconclusive="0" skipped="0" asserts="24">
              <properties>
                <property name="Timeout" value="60000" />
              </properties>
              <test-case id="0-1014" name="TraceBasicInformation" fullname="PureCloudPlatform.Client.V2.Tests.SdkTests.TraceBasicInformation" methodname="TraceBasicInformation" classname="PureCloudPlatform.Client.V2.Tests.SdkTests" runstate="Runnable" seed="1154146381" result="Passed" start-time="2022-12-18 08:03:36Z" end-time="2022-12-18 08:03:36Z" duration="0.004974" asserts="6">
                <properties>
                  <property name="Order" value="0" />
                </properties>
                <output><![CDATA[PURECLOUD_ENVIRONMENT=mypurecloud.com
PURECLOUD_CLIENT_ID=7de3af06-c0b3-4f9b-af45-72f4a14037cc
userEmail=774bc1fa-3132-41e6-8e58-12bde3d5c3dd@mypurecloud.com
]]></output>
              </test-case>
              <test-case id="0-1015" name="Authenticate" fullname="PureCloudPlatform.Client.V2.Tests.SdkTests.Authenticate" methodname="Authenticate" classname="PureCloudPlatform.Client.V2.Tests.SdkTests" runstate="Runnable" seed="1642441902" result="Passed" start-time="2022-12-18 08:03:36Z" end-time="2022-12-18 08:03:36Z" duration="0.045437" asserts="1">
                <properties>
                  <property name="Order" value="1" />
                </properties>
              </test-case>
              <test-case id="0-1016" name="CreateUser" fullname="PureCloudPlatform.Client.V2.Tests.SdkTests.CreateUser" methodname="CreateUser" classname="PureCloudPlatform.Client.V2.Tests.SdkTests" runstate="Runnable" seed="75781919" result="Passed" start-time="2022-12-18 08:03:36Z" end-time="2022-12-18 08:03:36Z" duration="0.527651" asserts="2">
                <properties>
                  <property name="Order" value="2" />
                </properties>
                <output><![CDATA[Created user with ID 6f3094e2-0891-48b1-86cc-17ffb5cd7c65
]]></output>
              </test-case>
              <test-case id="0-1017" name="UpdateUser" fullname="PureCloudPlatform.Client.V2.Tests.SdkTests.UpdateUser" methodname="UpdateUser" classname="PureCloudPlatform.Client.V2.Tests.SdkTests" runstate="Runnable" seed="1581470963" result="Passed" start-time="2022-12-18 08:03:36Z" end-time="2022-12-18 08:03:37Z" duration="0.136055" asserts="4">
                <properties>
                  <property name="Order" value="3" />
                </properties>
              </test-case>
              <test-case id="0-1018" name="SetProfileSkills" fullname="PureCloudPlatform.Client.V2.Tests.SdkTests.SetProfileSkills" methodname="SetProfileSkills" classname="PureCloudPlatform.Client.V2.Tests.SdkTests" runstate="Runnable" seed="394677133" result="Passed" start-time="2022-12-18 08:03:37Z" end-time="2022-12-18 08:03:37Z" duration="0.211568" asserts="2">
                <properties>
                  <property name="Order" value="4" />
                </properties>
              </test-case>
              <test-case id="0-1019" name="TestNotifications" fullname="PureCloudPlatform.Client.V2.Tests.SdkTests.TestNotifications" methodname="TestNotifications" classname="PureCloudPlatform.Client.V2.Tests.SdkTests" runstate="Runnable" seed="295123811" result="Passed" start-time="2022-12-18 08:03:37Z" end-time="2022-12-18 08:03:37Z" duration="0.387421" asserts="2">
                <properties>
                  <property name="Order" value="5" />
                </properties>
              </test-case>
              <test-case id="0-1020" name="GetUser" fullname="PureCloudPlatform.Client.V2.Tests.SdkTests.GetUser" methodname="GetUser" classname="PureCloudPlatform.Client.V2.Tests.SdkTests" runstate="Runnable" seed="795131518" result="Passed" start-time="2022-12-18 08:03:37Z" end-time="2022-12-18 08:03:37Z" duration="0.029101" asserts="7">
                <properties>
                  <property name="Order" value="6" />
                </properties>
              </test-case>
              <test-case id="0-1021" name="DeleteUser" fullname="PureCloudPlatform.Client.V2.Tests.SdkTests.DeleteUser" methodname="DeleteUser" classname="PureCloudPlatform.Client.V2.Tests.SdkTests" runstate="Runnable" seed="942522636" result="Passed" start-time="2022-12-18 08:03:37Z" end-time="2022-12-18 08:03:37Z" duration="0.144692" asserts="0">
                <properties>
                  <property name="Order" value="7" />
                </properties>
              </test-case>
            </test-suite>
          </test-suite>
        </test-suite>
      </test-suite>
    </test-suite>
  </test-suite>
</test-run>