<?xml version="1.0" encoding="utf-8" standalone="no"?>
<test-run id="2" testcasecount="20" result="Passed" total="20" passed="20" failed="0" inconclusive="0" skipped="0" asserts="48" engine-version="3.8.0.0" clr-version="4.0.30319.42000" start-time="2022-12-20 19:23:04Z" end-time="2022-12-20 19:25:09Z" duration="124.962936">
  <command-line><![CDATA[/var/build/workspace/build-platform-sdks-pipeline/resources/sdk/pureclouddotnet/bin/nunit/nunit3-console.exe /var/build/workspace/build-platform-sdks-pipeline/output/pureclouddotnet/build/bin/PureCloudPlatform.Client.V2.Tests.dll]]></command-line>
  <test-suite type="Assembly" id="0-1022" name="PureCloudPlatform.Client.V2.Tests.dll" fullname="/var/build/workspace/build-platform-sdks-pipeline/output/pureclouddotnet/build/bin/PureCloudPlatform.Client.V2.Tests.dll" runstate="Runnable" testcasecount="20" result="Passed" start-time="2022-12-20 19:23:05Z" end-time="2022-12-20 19:25:09Z" duration="123.869193" total="20" passed="20" failed="0" warnings="0" inconclusive="0" skipped="0" asserts="48">
    <environment framework-version="3.10.1.0" clr-version="4.0.30319.42000" os-version="Unix 4.14.301.224" platform="Unix" cwd="/var/build/workspace/build-platform-sdks-pipeline/output/pureclouddotnet/build" machine-name="jenkins-agent-10-25-205-14" user="jenkins" user-domain="jenkins-agent-10-25-205-14" culture="en-US" uiculture="en-US" os-architecture="x64" />
    <settings>
      <setting name="DisposeRunners" value="True" />
      <setting name="WorkDirectory" value="/var/build/workspace/build-platform-sdks-pipeline/output/pureclouddotnet/build" />
      <setting name="ImageRuntimeVersion" value="4.0.30319" />
      <setting name="ImageTargetFrameworkName" value=".NETFramework,Version=v4.5.2" />
      <setting name="ImageRequiresX86" value="False" />
      <setting name="ImageRequiresDefaultAppDomainAssemblyResolver" value="False" />
      <setting name="NumberOfTestWorkers" value="4" />
    </settings>
    <properties>
      <property name="_PID" value="16195" />
      <property name="_APPDOMAIN" value="domain-" />
    </properties>
    <test-suite type="TestSuite" id="0-1023" name="PureCloudPlatform" fullname="PureCloudPlatform" runstate="Runnable" testcasecount="20" result="Passed" start-time="2022-12-20 19:23:05Z" end-time="2022-12-20 19:25:09Z" duration="123.848961" total="20" passed="20" failed="0" warnings="0" inconclusive="0" skipped="0" asserts="48">
      <test-suite type="TestSuite" id="0-1024" name="Client" fullname="PureCloudPlatform.Client" runstate="Runnable" testcasecount="20" result="Passed" start-time="2022-12-20 19:23:05Z" end-time="2022-12-20 19:25:09Z" duration="123.847852" total="20" passed="20" failed="0" warnings="0" inconclusive="0" skipped="0" asserts="48">
        <test-suite type="TestSuite" id="0-1025" name="V2" fullname="PureCloudPlatform.Client.V2" runstate="Runnable" testcasecount="20" result="Passed" start-time="2022-12-20 19:23:05Z" end-time="2022-12-20 19:25:09Z" duration="123.847038" total="20" passed="20" failed="0" warnings="0" inconclusive="0" skipped="0" asserts="48">
          <test-suite type="TestSuite" id="0-1026" name="Tests" fullname="PureCloudPlatform.Client.V2.Tests" runstate="Runnable" testcasecount="20" result="Passed" start-time="2022-12-20 19:23:05Z" end-time="2022-12-20 19:25:09Z" duration="123.846266" total="20" passed="20" failed="0" warnings="0" inconclusive="0" skipped="0" asserts="48">
            <test-suite type="TestFixture" id="0-1000" name="ApiClientTests" fullname="PureCloudPlatform.Client.V2.Tests.ApiClientTests" classname="PureCloudPlatform.Client.V2.Tests.ApiClientTests" runstate="Runnable" testcasecount="12" result="Passed" start-time="2022-12-20 19:23:05Z" end-time="2022-12-20 19:25:07Z" duration="122.155661" total="12" passed="12" failed="0" warnings="0" inconclusive="0" skipped="0" asserts="24">
              <test-case id="0-1007" name="InvokeAsyncTestWith_429" fullname="PureCloudPlatform.Client.V2.Tests.ApiClientTests.InvokeAsyncTestWith_429" methodname="InvokeAsyncTestWith_429" classname="PureCloudPlatform.Client.V2.Tests.ApiClientTests" runstate="Runnable" seed="1797676350" result="Passed" start-time="2022-12-20 19:23:06Z" end-time="2022-12-20 19:23:11Z" duration="5.448801" asserts="2" />
              <test-case id="0-1008" name="InvokeAsyncTestWith_429_And_No_MaxRetryTime" fullname="PureCloudPlatform.Client.V2.Tests.ApiClientTests.InvokeAsyncTestWith_429_And_No_MaxRetryTime" methodname="InvokeAsyncTestWith_429_And_No_MaxRetryTime" classname="PureCloudPlatform.Client.V2.Tests.ApiClientTests" runstate="Runnable" seed="1835081734" result="Passed" start-time="2022-12-20 19:23:11Z" end-time="2022-12-20 19:23:11Z" duration="0.002625" asserts="2" />
              <test-case id="0-1009" name="InvokeAsyncTestWith_502" fullname="PureCloudPlatform.Client.V2.Tests.ApiClientTests.InvokeAsyncTestWith_502" methodname="InvokeAsyncTestWith_502" classname="PureCloudPlatform.Client.V2.Tests.ApiClientTests" runstate="Runnable" seed="620514741" result="Passed" start-time="2022-12-20 19:23:11Z" end-time="2022-12-20 19:23:24Z" duration="13.003540" asserts="2" />
              <test-case id="0-1010" name="InvokeAsyncTestWith_503" fullname="PureCloudPlatform.Client.V2.Tests.ApiClientTests.InvokeAsyncTestWith_503" methodname="InvokeAsyncTestWith_503" classname="PureCloudPlatform.Client.V2.Tests.ApiClientTests" runstate="Runnable" seed="992831451" result="Passed" start-time="2022-12-20 19:23:24Z" end-time="2022-12-20 19:24:04Z" duration="40.003881" asserts="2" />
              <test-case id="0-1011" name="InvokeAsyncTestWith_504" fullname="PureCloudPlatform.Client.V2.Tests.ApiClientTests.InvokeAsyncTestWith_504" methodname="InvokeAsyncTestWith_504" classname="PureCloudPlatform.Client.V2.Tests.ApiClientTests" runstate="Runnable" seed="1242167428" result="Passed" start-time="2022-12-20 19:24:04Z" end-time="2022-12-20 19:24:06Z" duration="2.002851" asserts="2" />
              <test-case id="0-1012" name="InvokeAsyncTestWith_504_And_No_MaxRetryTime" fullname="PureCloudPlatform.Client.V2.Tests.ApiClientTests.InvokeAsyncTestWith_504_And_No_MaxRetryTime" methodname="InvokeAsyncTestWith_504_And_No_MaxRetryTime" classname="PureCloudPlatform.Client.V2.Tests.ApiClientTests" runstate="Runnable" seed="470460513" result="Passed" start-time="2022-12-20 19:24:06Z" end-time="2022-12-20 19:24:06Z" duration="0.002580" asserts="2" />
              <test-case id="0-1001" name="InvokeTestWith_429" fullname="PureCloudPlatform.Client.V2.Tests.ApiClientTests.InvokeTestWith_429" methodname="InvokeTestWith_429" classname="PureCloudPlatform.Client.V2.Tests.ApiClientTests" runstate="Runnable" seed="592809585" result="Passed" start-time="2022-12-20 19:24:06Z" end-time="2022-12-20 19:24:12Z" duration="6.007581" asserts="2" />
              <test-case id="0-1002" name="InvokeTestWith_429_And_No_MaxRetryTime" fullname="PureCloudPlatform.Client.V2.Tests.ApiClientTests.InvokeTestWith_429_And_No_MaxRetryTime" methodname="InvokeTestWith_429_And_No_MaxRetryTime" classname="PureCloudPlatform.Client.V2.Tests.ApiClientTests" runstate="Runnable" seed="1927879505" result="Passed" start-time="2022-12-20 19:24:12Z" end-time="2022-12-20 19:24:12Z" duration="0.001856" asserts="2" />
              <test-case id="0-1003" name="InvokeTestWith_502" fullname="PureCloudPlatform.Client.V2.Tests.ApiClientTests.InvokeTestWith_502" methodname="InvokeTestWith_502" classname="PureCloudPlatform.Client.V2.Tests.ApiClientTests" runstate="Runnable" seed="637942683" result="Passed" start-time="2022-12-20 19:24:12Z" end-time="2022-12-20 19:24:25Z" duration="13.003008" asserts="2" />
              <test-case id="0-1004" name="InvokeTestWith_503" fullname="PureCloudPlatform.Client.V2.Tests.ApiClientTests.InvokeTestWith_503" methodname="InvokeTestWith_503" classname="PureCloudPlatform.Client.V2.Tests.ApiClientTests" runstate="Runnable" seed="88928175" result="Passed" start-time="2022-12-20 19:24:25Z" end-time="2022-12-20 19:25:05Z" duration="40.003439" asserts="2" />
              <test-case id="0-1005" name="InvokeTestWith_504" fullname="PureCloudPlatform.Client.V2.Tests.ApiClientTests.InvokeTestWith_504" methodname="InvokeTestWith_504" classname="PureCloudPlatform.Client.V2.Tests.ApiClientTests" runstate="Runnable" seed="650836167" result="Passed" start-time="2022-12-20 19:25:05Z" end-time="2022-12-20 19:25:07Z" duration="2.002342" asserts="2" />
              <test-case id="0-1006" name="InvokeTestWith_504_No_MaxRetryTime" fullname="PureCloudPlatform.Client.V2.Tests.ApiClientTests.InvokeTestWith_504_No_MaxRetryTime" methodname="InvokeTestWith_504_No_MaxRetryTime" classname="PureCloudPlatform.Client.V2.Tests.ApiClientTests" runstate="Runnable" seed="1967534712" result="Passed" start-time="2022-12-20 19:25:07Z" end-time="2022-12-20 19:25:07Z" duration="0.002138" asserts="2" />
            </test-suite>
            <test-suite type="TestFixture" id="0-1013" name="SdkTests" fullname="PureCloudPlatform.Client.V2.Tests.SdkTests" classname="PureCloudPlatform.Client.V2.Tests.SdkTests" runstate="Runnable" testcasecount="8" result="Passed" start-time="2022-12-20 19:25:07Z" end-time="2022-12-20 19:25:09Z" duration="1.686439" total="8" passed="8" failed="0" warnings="0" inconclusive="0" skipped="0" asserts="24">
              <properties>
                <property name="Timeout" value="60000" />
              </properties>
              <test-case id="0-1014" name="TraceBasicInformation" fullname="PureCloudPlatform.Client.V2.Tests.SdkTests.TraceBasicInformation" methodname="TraceBasicInformation" classname="PureCloudPlatform.Client.V2.Tests.SdkTests" runstate="Runnable" seed="408315060" result="Passed" start-time="2022-12-20 19:25:07Z" end-time="2022-12-20 19:25:07Z" duration="0.004901" asserts="6">
                <properties>
                  <property name="Order" value="0" />
                </properties>
                <output><![CDATA[PURECLOUD_ENVIRONMENT=mypurecloud.com
PURECLOUD_CLIENT_ID=7de3af06-c0b3-4f9b-af45-72f4a14037cc
userEmail=47ee4372-8384-49c4-b0f5-7260ef54dbb9@mypurecloud.com
]]></output>
              </test-case>
              <test-case id="0-1015" name="Authenticate" fullname="PureCloudPlatform.Client.V2.Tests.SdkTests.Authenticate" methodname="Authenticate" classname="PureCloudPlatform.Client.V2.Tests.SdkTests" runstate="Runnable" seed="1701747804" result="Passed" start-time="2022-12-20 19:25:07Z" end-time="2022-12-20 19:25:07Z" duration="0.046168" asserts="1">
                <properties>
                  <property name="Order" value="1" />
                </properties>
              </test-case>
              <test-case id="0-1016" name="CreateUser" fullname="PureCloudPlatform.Client.V2.Tests.SdkTests.CreateUser" methodname="CreateUser" classname="PureCloudPlatform.Client.V2.Tests.SdkTests" runstate="Runnable" seed="2028282853" result="Passed" start-time="2022-12-20 19:25:07Z" end-time="2022-12-20 19:25:08Z" duration="0.636465" asserts="2">
                <properties>
                  <property name="Order" value="2" />
                </properties>
                <output><![CDATA[Created user with ID c615c2a6-345c-4736-8eda-4d16069b790f
]]></output>
              </test-case>
              <test-case id="0-1017" name="UpdateUser" fullname="PureCloudPlatform.Client.V2.Tests.SdkTests.UpdateUser" methodname="UpdateUser" classname="PureCloudPlatform.Client.V2.Tests.SdkTests" runstate="Runnable" seed="1371598104" result="Passed" start-time="2022-12-20 19:25:08Z" end-time="2022-12-20 19:25:08Z" duration="0.158096" asserts="4">
                <properties>
                  <property name="Order" value="3" />
                </properties>
              </test-case>
              <test-case id="0-1018" name="SetProfileSkills" fullname="PureCloudPlatform.Client.V2.Tests.SdkTests.SetProfileSkills" methodname="SetProfileSkills" classname="PureCloudPlatform.Client.V2.Tests.SdkTests" runstate="Runnable" seed="251136627" result="Passed" start-time="2022-12-20 19:25:08Z" end-time="2022-12-20 19:25:08Z" duration="0.153564" asserts="2">
                <properties>
                  <property name="Order" value="4" />
                </properties>
              </test-case>
              <test-case id="0-1019" name="TestNotifications" fullname="PureCloudPlatform.Client.V2.Tests.SdkTests.TestNotifications" methodname="TestNotifications" classname="PureCloudPlatform.Client.V2.Tests.SdkTests" runstate="Runnable" seed="1169326500" result="Passed" start-time="2022-12-20 19:25:08Z" end-time="2022-12-20 19:25:09Z" duration="0.425264" asserts="2">
                <properties>
                  <property name="Order" value="5" />
                </properties>
              </test-case>
              <test-case id="0-1020" name="GetUser" fullname="PureCloudPlatform.Client.V2.Tests.SdkTests.GetUser" methodname="GetUser" classname="PureCloudPlatform.Client.V2.Tests.SdkTests" runstate="Runnable" seed="889148590" result="Passed" start-time="2022-12-20 19:25:09Z" end-time="2022-12-20 19:25:09Z" duration="0.081989" asserts="7">
                <properties>
                  <property name="Order" value="6" />
                </properties>
              </test-case>
              <test-case id="0-1021" name="DeleteUser" fullname="PureCloudPlatform.Client.V2.Tests.SdkTests.DeleteUser" methodname="DeleteUser" classname="PureCloudPlatform.Client.V2.Tests.SdkTests" runstate="Runnable" seed="761386670" result="Passed" start-time="2022-12-20 19:25:09Z" end-time="2022-12-20 19:25:09Z" duration="0.175308" asserts="0">
                <properties>
                  <property name="Order" value="7" />
                </properties>
              </test-case>
            </test-suite>
          </test-suite>
        </test-suite>
      </test-suite>
    </test-suite>
  </test-suite>
</test-run>