<?xml version="1.0" encoding="utf-8" standalone="no"?>
<test-run id="2" testcasecount="48" result="Passed" total="48" passed="48" failed="0" inconclusive="0" skipped="0" asserts="87" engine-version="3.8.0.0" clr-version="4.0.30319.42000" start-time="2025-06-29 07:26:02Z" end-time="2025-06-29 07:28:19Z" duration="137.334934">
  <command-line><![CDATA[/var/build/workspace/build-platform-sdks-pipeline/resources/sdk/pureclouddotnet/bin/nunit/nunit3-console.exe /var/build/workspace/build-platform-sdks-pipeline/output/pureclouddotnet/build/bin/PureCloudPlatform.Client.V2.Tests.dll]]></command-line>
  <test-suite type="Assembly" id="0-1057" name="PureCloudPlatform.Client.V2.Tests.dll" fullname="/var/build/workspace/build-platform-sdks-pipeline/output/pureclouddotnet/build/bin/PureCloudPlatform.Client.V2.Tests.dll" runstate="Runnable" testcasecount="48" result="Passed" start-time="2025-06-29 07:26:03Z" end-time="2025-06-29 07:28:19Z" duration="136.472080" total="48" passed="48" failed="0" warnings="0" inconclusive="0" skipped="0" asserts="87">
    <environment framework-version="3.10.1.0" clr-version="4.0.30319.42000" os-version="Unix 4.14.355.277" platform="Unix" cwd="/var/build/workspace/build-platform-sdks-pipeline/output/pureclouddotnet/build" machine-name="jenkins-agent-10-25-212-25" user="jenkins" user-domain="jenkins-agent-10-25-212-25" culture="en-US" uiculture="en-US" os-architecture="x64" />
    <settings>
      <setting name="DisposeRunners" value="True" />
      <setting name="WorkDirectory" value="/var/build/workspace/build-platform-sdks-pipeline/output/pureclouddotnet/build" />
      <setting name="ImageRuntimeVersion" value="4.0.30319" />
      <setting name="ImageTargetFrameworkName" value=".NETFramework,Version=v4.7.1" />
      <setting name="ImageRequiresX86" value="False" />
      <setting name="ImageRequiresDefaultAppDomainAssemblyResolver" value="False" />
      <setting name="NumberOfTestWorkers" value="4" />
    </settings>
    <properties>
      <property name="_PID" value="28759" />
      <property name="_APPDOMAIN" value="domain-" />
    </properties>
    <test-suite type="TestSuite" id="0-1058" name="PureCloudPlatform" fullname="PureCloudPlatform" runstate="Runnable" testcasecount="48" result="Passed" start-time="2025-06-29 07:26:03Z" end-time="2025-06-29 07:28:19Z" duration="136.458974" total="48" passed="48" failed="0" warnings="0" inconclusive="0" skipped="0" asserts="87">
      <test-suite type="TestSuite" id="0-1059" name="Client" fullname="PureCloudPlatform.Client" runstate="Runnable" testcasecount="48" result="Passed" start-time="2025-06-29 07:26:03Z" end-time="2025-06-29 07:28:19Z" duration="136.458694" total="48" passed="48" failed="0" warnings="0" inconclusive="0" skipped="0" asserts="87">
        <test-suite type="TestSuite" id="0-1060" name="V2" fullname="PureCloudPlatform.Client.V2" runstate="Runnable" testcasecount="48" result="Passed" start-time="2025-06-29 07:26:03Z" end-time="2025-06-29 07:28:19Z" duration="136.458663" total="48" passed="48" failed="0" warnings="0" inconclusive="0" skipped="0" asserts="87">
          <test-suite type="TestSuite" id="0-1061" name="Tests" fullname="PureCloudPlatform.Client.V2.Tests" runstate="Runnable" testcasecount="48" result="Passed" start-time="2025-06-29 07:26:03Z" end-time="2025-06-29 07:28:19Z" duration="136.458634" total="48" passed="48" failed="0" warnings="0" inconclusive="0" skipped="0" asserts="87">
            <test-suite type="TestFixture" id="0-1018" name="ApiClientTests" fullname="PureCloudPlatform.Client.V2.Tests.ApiClientTests" classname="PureCloudPlatform.Client.V2.Tests.ApiClientTests" runstate="Runnable" testcasecount="12" result="Passed" start-time="2025-06-29 07:26:03Z" end-time="2025-06-29 07:28:04Z" duration="121.681322" total="12" passed="12" failed="0" warnings="0" inconclusive="0" skipped="0" asserts="24">
              <test-case id="0-1025" name="InvokeAsyncTestWith_429" fullname="PureCloudPlatform.Client.V2.Tests.ApiClientTests.InvokeAsyncTestWith_429" methodname="InvokeAsyncTestWith_429" classname="PureCloudPlatform.Client.V2.Tests.ApiClientTests" runstate="Runnable" seed="1649488560" result="Passed" start-time="2025-06-29 07:26:03Z" end-time="2025-06-29 07:26:08Z" duration="5.036664" asserts="2" />
              <test-case id="0-1026" name="InvokeAsyncTestWith_429_And_No_MaxRetryTime" fullname="PureCloudPlatform.Client.V2.Tests.ApiClientTests.InvokeAsyncTestWith_429_And_No_MaxRetryTime" methodname="InvokeAsyncTestWith_429_And_No_MaxRetryTime" classname="PureCloudPlatform.Client.V2.Tests.ApiClientTests" runstate="Runnable" seed="1963047318" result="Passed" start-time="2025-06-29 07:26:08Z" end-time="2025-06-29 07:26:08Z" duration="0.002355" asserts="2" />
              <test-case id="0-1027" name="InvokeAsyncTestWith_502" fullname="PureCloudPlatform.Client.V2.Tests.ApiClientTests.InvokeAsyncTestWith_502" methodname="InvokeAsyncTestWith_502" classname="PureCloudPlatform.Client.V2.Tests.ApiClientTests" runstate="Runnable" seed="363268348" result="Passed" start-time="2025-06-29 07:26:08Z" end-time="2025-06-29 07:26:21Z" duration="13.005221" asserts="2" />
              <test-case id="0-1028" name="InvokeAsyncTestWith_503" fullname="PureCloudPlatform.Client.V2.Tests.ApiClientTests.InvokeAsyncTestWith_503" methodname="InvokeAsyncTestWith_503" classname="PureCloudPlatform.Client.V2.Tests.ApiClientTests" runstate="Runnable" seed="1404850368" result="Passed" start-time="2025-06-29 07:26:21Z" end-time="2025-06-29 07:27:01Z" duration="40.005373" asserts="2" />
              <test-case id="0-1029" name="InvokeAsyncTestWith_504" fullname="PureCloudPlatform.Client.V2.Tests.ApiClientTests.InvokeAsyncTestWith_504" methodname="InvokeAsyncTestWith_504" classname="PureCloudPlatform.Client.V2.Tests.ApiClientTests" runstate="Runnable" seed="1337533040" result="Passed" start-time="2025-06-29 07:27:01Z" end-time="2025-06-29 07:27:03Z" duration="2.002811" asserts="2" />
              <test-case id="0-1030" name="InvokeAsyncTestWith_504_And_No_MaxRetryTime" fullname="PureCloudPlatform.Client.V2.Tests.ApiClientTests.InvokeAsyncTestWith_504_And_No_MaxRetryTime" methodname="InvokeAsyncTestWith_504_And_No_MaxRetryTime" classname="PureCloudPlatform.Client.V2.Tests.ApiClientTests" runstate="Runnable" seed="860381837" result="Passed" start-time="2025-06-29 07:27:03Z" end-time="2025-06-29 07:27:03Z" duration="0.002203" asserts="2" />
              <test-case id="0-1019" name="InvokeTestWith_429" fullname="PureCloudPlatform.Client.V2.Tests.ApiClientTests.InvokeTestWith_429" methodname="InvokeTestWith_429" classname="PureCloudPlatform.Client.V2.Tests.ApiClientTests" runstate="Runnable" seed="614586919" result="Passed" start-time="2025-06-29 07:27:03Z" end-time="2025-06-29 07:27:09Z" duration="6.003205" asserts="2" />
              <test-case id="0-1020" name="InvokeTestWith_429_And_No_MaxRetryTime" fullname="PureCloudPlatform.Client.V2.Tests.ApiClientTests.InvokeTestWith_429_And_No_MaxRetryTime" methodname="InvokeTestWith_429_And_No_MaxRetryTime" classname="PureCloudPlatform.Client.V2.Tests.ApiClientTests" runstate="Runnable" seed="761865661" result="Passed" start-time="2025-06-29 07:27:09Z" end-time="2025-06-29 07:27:09Z" duration="0.001594" asserts="2" />
              <test-case id="0-1021" name="InvokeTestWith_502" fullname="PureCloudPlatform.Client.V2.Tests.ApiClientTests.InvokeTestWith_502" methodname="InvokeTestWith_502" classname="PureCloudPlatform.Client.V2.Tests.ApiClientTests" runstate="Runnable" seed="138835985" result="Passed" start-time="2025-06-29 07:27:09Z" end-time="2025-06-29 07:27:22Z" duration="13.004305" asserts="2" />
              <test-case id="0-1022" name="InvokeTestWith_503" fullname="PureCloudPlatform.Client.V2.Tests.ApiClientTests.InvokeTestWith_503" methodname="InvokeTestWith_503" classname="PureCloudPlatform.Client.V2.Tests.ApiClientTests" runstate="Runnable" seed="837836703" result="Passed" start-time="2025-06-29 07:27:22Z" end-time="2025-06-29 07:28:02Z" duration="40.005641" asserts="2" />
              <test-case id="0-1023" name="InvokeTestWith_504" fullname="PureCloudPlatform.Client.V2.Tests.ApiClientTests.InvokeTestWith_504" methodname="InvokeTestWith_504" classname="PureCloudPlatform.Client.V2.Tests.ApiClientTests" runstate="Runnable" seed="486477264" result="Passed" start-time="2025-06-29 07:28:02Z" end-time="2025-06-29 07:28:04Z" duration="2.002720" asserts="2" />
              <test-case id="0-1024" name="InvokeTestWith_504_No_MaxRetryTime" fullname="PureCloudPlatform.Client.V2.Tests.ApiClientTests.InvokeTestWith_504_No_MaxRetryTime" methodname="InvokeTestWith_504_No_MaxRetryTime" classname="PureCloudPlatform.Client.V2.Tests.ApiClientTests" runstate="Runnable" seed="972267461" result="Passed" start-time="2025-06-29 07:28:04Z" end-time="2025-06-29 07:28:04Z" duration="0.002041" asserts="2" />
            </test-suite>
            <test-suite type="TestFixture" id="0-1009" name="MTLSTests" fullname="PureCloudPlatform.Client.V2.Tests.MTLSTests" classname="PureCloudPlatform.Client.V2.Tests.MTLSTests" runstate="Runnable" testcasecount="8" result="Passed" start-time="2025-06-29 07:28:04Z" end-time="2025-06-29 07:28:12Z" duration="7.348207" total="8" passed="8" failed="0" warnings="0" inconclusive="0" skipped="0" asserts="20">
              <properties>
                <property name="Timeout" value="70000" />
              </properties>
              <test-case id="0-1010" name="TraceBasicInformation" fullname="PureCloudPlatform.Client.V2.Tests.MTLSTests.TraceBasicInformation" methodname="TraceBasicInformation" classname="PureCloudPlatform.Client.V2.Tests.MTLSTests" runstate="Runnable" seed="10564777" result="Passed" start-time="2025-06-29 07:28:04Z" end-time="2025-06-29 07:28:04Z" duration="0.006637" asserts="6">
                <properties>
                  <property name="Order" value="0" />
                </properties>
                <output><![CDATA[PURECLOUD_ENVIRONMENT=mypurecloud.com
PURECLOUD_CLIENT_ID=7de3af06-c0b3-4f9b-af45-72f4a14037cc
userEmail=dce1504d-3c9e-47cc-b2bd-7cda68449bba@mypurecloud.com
]]></output>
              </test-case>
              <test-case id="0-1011" name="ConfigureMTLSAndGateway" fullname="PureCloudPlatform.Client.V2.Tests.MTLSTests.ConfigureMTLSAndGateway" methodname="ConfigureMTLSAndGateway" classname="PureCloudPlatform.Client.V2.Tests.MTLSTests" runstate="Runnable" seed="868361541" result="Passed" start-time="2025-06-29 07:28:04Z" end-time="2025-06-29 07:28:04Z" duration="0.016590" asserts="1">
                <properties>
                  <property name="Order" value="1" />
                </properties>
              </test-case>
              <test-case id="0-1012" name="Authenticate" fullname="PureCloudPlatform.Client.V2.Tests.MTLSTests.Authenticate" methodname="Authenticate" classname="PureCloudPlatform.Client.V2.Tests.MTLSTests" runstate="Runnable" seed="2100840762" result="Passed" start-time="2025-06-29 07:28:04Z" end-time="2025-06-29 07:28:05Z" duration="0.309485" asserts="1">
                <properties>
                  <property name="Order" value="2" />
                </properties>
                <output><![CDATA[In Certificate Validation Callback
Accepting Test Cert based on thumbprint
]]></output>
              </test-case>
              <test-case id="0-1013" name="CreateUser" fullname="PureCloudPlatform.Client.V2.Tests.MTLSTests.CreateUser" methodname="CreateUser" classname="PureCloudPlatform.Client.V2.Tests.MTLSTests" runstate="Runnable" seed="996276963" result="Passed" start-time="2025-06-29 07:28:05Z" end-time="2025-06-29 07:28:05Z" duration="0.534095" asserts="2">
                <properties>
                  <property name="Order" value="3" />
                </properties>
                <output><![CDATA[CorrelationId for PostUsersWithHttpInfo 4fb39fc9-b684-461c-9db9-9fd93ef91059
Version for PostUsersWithHttpInfo 1
Created user with ID 357a82ec-28e9-48fa-92e5-cd7e1c99e19f
In Certificate Validation Callback
Accepting Test Cert based on thumbprint
In Certificate Validation Callback
Accepting Test Cert based on thumbprint
In Certificate Validation Callback
Accepting Test Cert based on thumbprint
]]></output>
              </test-case>
              <test-case id="0-1014" name="UpdateUser" fullname="PureCloudPlatform.Client.V2.Tests.MTLSTests.UpdateUser" methodname="UpdateUser" classname="PureCloudPlatform.Client.V2.Tests.MTLSTests" runstate="Runnable" seed="1665320806" result="Passed" start-time="2025-06-29 07:28:05Z" end-time="2025-06-29 07:28:05Z" duration="0.163227" asserts="6">
                <properties>
                  <property name="Order" value="4" />
                </properties>
                <output><![CDATA[Running Pre-Request Hook
Pre-Hook: Making PATCH request to /api/v2/users/{userId}
Running Post-Request Hook
Post-Hook: Received status code 200
]]></output>
              </test-case>
              <test-case id="0-1015" name="GetUser" fullname="PureCloudPlatform.Client.V2.Tests.MTLSTests.GetUser" methodname="GetUser" classname="PureCloudPlatform.Client.V2.Tests.MTLSTests" runstate="Runnable" seed="559617918" result="Passed" start-time="2025-06-29 07:28:05Z" end-time="2025-06-29 07:28:12Z" duration="6.108287" asserts="4">
                <properties>
                  <property name="Retry" value="2" />
                  <property name="Order" value="5" />
                </properties>
                <output><![CDATA[CorrelationId for GetUserWithHttpInfo 490fd71f-4ce2-4d32-85ae-3d4f0ae5de05
Version for GetUserWithHttpInfo 2
]]></output>
              </test-case>
              <test-case id="0-1016" name="DeleteUser" fullname="PureCloudPlatform.Client.V2.Tests.MTLSTests.DeleteUser" methodname="DeleteUser" classname="PureCloudPlatform.Client.V2.Tests.MTLSTests" runstate="Runnable" seed="154314908" result="Passed" start-time="2025-06-29 07:28:12Z" end-time="2025-06-29 07:28:12Z" duration="0.201253" asserts="0">
                <properties>
                  <property name="Order" value="6" />
                </properties>
                <output><![CDATA[Deleted user with ID 357a82ec-28e9-48fa-92e5-cd7e1c99e19f
]]></output>
              </test-case>
              <test-case id="0-1017" name="CleanUp" fullname="PureCloudPlatform.Client.V2.Tests.MTLSTests.CleanUp" methodname="CleanUp" classname="PureCloudPlatform.Client.V2.Tests.MTLSTests" runstate="Runnable" seed="1365933242" result="Passed" start-time="2025-06-29 07:28:12Z" end-time="2025-06-29 07:28:12Z" duration="0.000448" asserts="0">
                <properties>
                  <property name="Order" value="7" />
                </properties>
              </test-case>
            </test-suite>
            <test-suite type="TestFixture" id="0-1000" name="SdkTests" fullname="PureCloudPlatform.Client.V2.Tests.SdkTests" classname="PureCloudPlatform.Client.V2.Tests.SdkTests" runstate="Runnable" testcasecount="8" result="Passed" start-time="2025-06-29 07:28:12Z" end-time="2025-06-29 07:28:19Z" duration="7.410700" total="8" passed="8" failed="0" warnings="0" inconclusive="0" skipped="0" asserts="23">
              <properties>
                <property name="Timeout" value="70000" />
              </properties>
              <test-case id="0-1001" name="TraceBasicInformation" fullname="PureCloudPlatform.Client.V2.Tests.SdkTests.TraceBasicInformation" methodname="TraceBasicInformation" classname="PureCloudPlatform.Client.V2.Tests.SdkTests" runstate="Runnable" seed="721240910" result="Passed" start-time="2025-06-29 07:28:12Z" end-time="2025-06-29 07:28:12Z" duration="0.000544" asserts="6">
                <properties>
                  <property name="Order" value="0" />
                </properties>
                <output><![CDATA[PURECLOUD_ENVIRONMENT=mypurecloud.com
PURECLOUD_CLIENT_ID=7de3af06-c0b3-4f9b-af45-72f4a14037cc
userEmail=08be4136-f4f6-4ee6-a8e7-518109ecfdda@mypurecloud.com
]]></output>
              </test-case>
              <test-case id="0-1002" name="Authenticate" fullname="PureCloudPlatform.Client.V2.Tests.SdkTests.Authenticate" methodname="Authenticate" classname="PureCloudPlatform.Client.V2.Tests.SdkTests" runstate="Runnable" seed="481402759" result="Passed" start-time="2025-06-29 07:28:12Z" end-time="2025-06-29 07:28:12Z" duration="0.097965" asserts="1">
                <properties>
                  <property name="Order" value="1" />
                </properties>
              </test-case>
              <test-case id="0-1003" name="CreateUser" fullname="PureCloudPlatform.Client.V2.Tests.SdkTests.CreateUser" methodname="CreateUser" classname="PureCloudPlatform.Client.V2.Tests.SdkTests" runstate="Runnable" seed="157752595" result="Passed" start-time="2025-06-29 07:28:12Z" end-time="2025-06-29 07:28:12Z" duration="0.421994" asserts="2">
                <properties>
                  <property name="Order" value="2" />
                </properties>
                <output><![CDATA[CorrelationId for PostUsersWithHttpInfo b79a85ef-38db-4ec0-871a-8a115ed73e87
Version for PostUsersWithHttpInfo 1
Created user with ID 47f001d7-cc13-4135-ae7f-d34a85ac0f57
]]></output>
              </test-case>
              <test-case id="0-1004" name="UpdateUser" fullname="PureCloudPlatform.Client.V2.Tests.SdkTests.UpdateUser" methodname="UpdateUser" classname="PureCloudPlatform.Client.V2.Tests.SdkTests" runstate="Runnable" seed="1682056899" result="Passed" start-time="2025-06-29 07:28:12Z" end-time="2025-06-29 07:28:12Z" duration="0.118191" asserts="4">
                <properties>
                  <property name="Order" value="3" />
                </properties>
              </test-case>
              <test-case id="0-1005" name="SetProfileSkills" fullname="PureCloudPlatform.Client.V2.Tests.SdkTests.SetProfileSkills" methodname="SetProfileSkills" classname="PureCloudPlatform.Client.V2.Tests.SdkTests" runstate="Runnable" seed="845709700" result="Passed" start-time="2025-06-29 07:28:12Z" end-time="2025-06-29 07:28:13Z" duration="0.105858" asserts="2">
                <properties>
                  <property name="Order" value="4" />
                </properties>
                <output><![CDATA[CorrelationId for PutUserProfileskillsWithHttpInfo 7537d1c1-54e1-4516-a7a2-e327b684ab5f
]]></output>
              </test-case>
              <test-case id="0-1006" name="TestNotifications" fullname="PureCloudPlatform.Client.V2.Tests.SdkTests.TestNotifications" methodname="TestNotifications" classname="PureCloudPlatform.Client.V2.Tests.SdkTests" runstate="Runnable" seed="62374982" result="Passed" start-time="2025-06-29 07:28:13Z" end-time="2025-06-29 07:28:13Z" duration="0.435906" asserts="2">
                <properties>
                  <property name="Order" value="5" />
                </properties>
              </test-case>
              <test-case id="0-1007" name="GetUser" fullname="PureCloudPlatform.Client.V2.Tests.SdkTests.GetUser" methodname="GetUser" classname="PureCloudPlatform.Client.V2.Tests.SdkTests" runstate="Runnable" seed="688378546" result="Passed" start-time="2025-06-29 07:28:13Z" end-time="2025-06-29 07:28:19Z" duration="6.033065" asserts="6">
                <properties>
                  <property name="Retry" value="2" />
                  <property name="Order" value="6" />
                </properties>
                <output><![CDATA[Running Pre-Request Hook
Pre-Hook: Making GET request to /api/v2/users/{userId}
Running Post-Request Hook
Post-Hook: Received status code 200
CorrelationId for GetUserWithHttpInfo 702dfeaf-cc27-4b4c-b07b-c5920bf6bba7
Version for GetUserWithHttpInfo 3
]]></output>
              </test-case>
              <test-case id="0-1008" name="DeleteUserWithProxy" fullname="PureCloudPlatform.Client.V2.Tests.SdkTests.DeleteUserWithProxy" methodname="DeleteUserWithProxy" classname="PureCloudPlatform.Client.V2.Tests.SdkTests" runstate="Runnable" seed="72676808" result="Passed" start-time="2025-06-29 07:28:19Z" end-time="2025-06-29 07:28:19Z" duration="0.195648" asserts="0">
                <properties>
                  <property name="Order" value="7" />
                </properties>
              </test-case>
            </test-suite>
            <test-suite type="TestFixture" id="0-1031" name="UpgradeSdkEnumConverterTests" fullname="PureCloudPlatform.Client.V2.Tests.UpgradeSdkEnumConverterTests" classname="PureCloudPlatform.Client.V2.Tests.UpgradeSdkEnumConverterTests" runstate="Runnable" testcasecount="20" result="Passed" start-time="2025-06-29 07:28:19Z" end-time="2025-06-29 07:28:19Z" duration="0.013045" total="20" passed="20" failed="0" warnings="0" inconclusive="0" skipped="0" asserts="20">
              <test-suite type="ParameterizedMethod" id="0-1036" name="TestReadInt32" fullname="PureCloudPlatform.Client.V2.Tests.UpgradeSdkEnumConverterTests.TestReadInt32" classname="PureCloudPlatform.Client.V2.Tests.UpgradeSdkEnumConverterTests" runstate="Runnable" testcasecount="4" result="Passed" start-time="2025-06-29 07:28:19Z" end-time="2025-06-29 07:28:19Z" duration="0.006201" total="4" passed="4" failed="0" warnings="0" inconclusive="0" skipped="0" asserts="4">
                <test-case id="0-1032" name="TestReadInt32(0)" fullname="PureCloudPlatform.Client.V2.Tests.UpgradeSdkEnumConverterTests.TestReadInt32(0)" methodname="TestReadInt32" classname="PureCloudPlatform.Client.V2.Tests.UpgradeSdkEnumConverterTests" runstate="Runnable" seed="162150407" result="Passed" start-time="2025-06-29 07:28:19Z" end-time="2025-06-29 07:28:19Z" duration="0.005299" asserts="1" />
                <test-case id="0-1033" name="TestReadInt32(1)" fullname="PureCloudPlatform.Client.V2.Tests.UpgradeSdkEnumConverterTests.TestReadInt32(1)" methodname="TestReadInt32" classname="PureCloudPlatform.Client.V2.Tests.UpgradeSdkEnumConverterTests" runstate="Runnable" seed="226063988" result="Passed" start-time="2025-06-29 07:28:19Z" end-time="2025-06-29 07:28:19Z" duration="0.000186" asserts="1" />
                <test-case id="0-1034" name="TestReadInt32(256)" fullname="PureCloudPlatform.Client.V2.Tests.UpgradeSdkEnumConverterTests.TestReadInt32(256)" methodname="TestReadInt32" classname="PureCloudPlatform.Client.V2.Tests.UpgradeSdkEnumConverterTests" runstate="Runnable" seed="1743374846" result="Passed" start-time="2025-06-29 07:28:19Z" end-time="2025-06-29 07:28:19Z" duration="0.000154" asserts="1" />
                <test-case id="0-1035" name="TestReadInt32(-1)" fullname="PureCloudPlatform.Client.V2.Tests.UpgradeSdkEnumConverterTests.TestReadInt32(-1)" methodname="TestReadInt32" classname="PureCloudPlatform.Client.V2.Tests.UpgradeSdkEnumConverterTests" runstate="Runnable" seed="1799639977" result="Passed" start-time="2025-06-29 07:28:19Z" end-time="2025-06-29 07:28:19Z" duration="0.000173" asserts="1" />
              </test-suite>
              <test-suite type="ParameterizedMethod" id="0-1044" name="TestReadString" fullname="PureCloudPlatform.Client.V2.Tests.UpgradeSdkEnumConverterTests.TestReadString" classname="PureCloudPlatform.Client.V2.Tests.UpgradeSdkEnumConverterTests" runstate="Runnable" testcasecount="7" result="Passed" start-time="2025-06-29 07:28:19Z" end-time="2025-06-29 07:28:19Z" duration="0.002023" total="7" passed="7" failed="0" warnings="0" inconclusive="0" skipped="0" asserts="7">
                <test-case id="0-1037" name="TestReadString(&quot;alerting&quot;)" fullname="PureCloudPlatform.Client.V2.Tests.UpgradeSdkEnumConverterTests.TestReadString(&quot;alerting&quot;)" methodname="TestReadString" classname="PureCloudPlatform.Client.V2.Tests.UpgradeSdkEnumConverterTests" runstate="Runnable" seed="1653215032" result="Passed" start-time="2025-06-29 07:28:19Z" end-time="2025-06-29 07:28:19Z" duration="0.000524" asserts="1" />
                <test-case id="0-1038" name="TestReadString(&quot;AlErTiNg&quot;)" fullname="PureCloudPlatform.Client.V2.Tests.UpgradeSdkEnumConverterTests.TestReadString(&quot;AlErTiNg&quot;)" methodname="TestReadString" classname="PureCloudPlatform.Client.V2.Tests.UpgradeSdkEnumConverterTests" runstate="Runnable" seed="265550225" result="Passed" start-time="2025-06-29 07:28:19Z" end-time="2025-06-29 07:28:19Z" duration="0.000235" asserts="1" />
                <test-case id="0-1039" name="TestReadString(&quot;delivery-success&quot;)" fullname="PureCloudPlatform.Client.V2.Tests.UpgradeSdkEnumConverterTests.TestReadString(&quot;delivery-success&quot;)" methodname="TestReadString" classname="PureCloudPlatform.Client.V2.Tests.UpgradeSdkEnumConverterTests" runstate="Runnable" seed="2147197477" result="Passed" start-time="2025-06-29 07:28:19Z" end-time="2025-06-29 07:28:19Z" duration="0.000207" asserts="1" />
                <test-case id="0-1040" name="TestReadString(&quot;Deliverysuccess&quot;)" fullname="PureCloudPlatform.Client.V2.Tests.UpgradeSdkEnumConverterTests.TestReadString(&quot;Deliverysuccess&quot;)" methodname="TestReadString" classname="PureCloudPlatform.Client.V2.Tests.UpgradeSdkEnumConverterTests" runstate="Runnable" seed="114589170" result="Passed" start-time="2025-06-29 07:28:19Z" end-time="2025-06-29 07:28:19Z" duration="0.000215" asserts="1" />
                <test-case id="0-1041" name="TestReadString(&quot;OUTDATED_SDK_VERSION&quot;)" fullname="PureCloudPlatform.Client.V2.Tests.UpgradeSdkEnumConverterTests.TestReadString(&quot;OUTDATED_SDK_VERSION&quot;)" methodname="TestReadString" classname="PureCloudPlatform.Client.V2.Tests.UpgradeSdkEnumConverterTests" runstate="Runnable" seed="1829905149" result="Passed" start-time="2025-06-29 07:28:19Z" end-time="2025-06-29 07:28:19Z" duration="0.000213" asserts="1" />
                <test-case id="0-1042" name="TestReadString(&quot;foo&quot;)" fullname="PureCloudPlatform.Client.V2.Tests.UpgradeSdkEnumConverterTests.TestReadString(&quot;foo&quot;)" methodname="TestReadString" classname="PureCloudPlatform.Client.V2.Tests.UpgradeSdkEnumConverterTests" runstate="Runnable" seed="1168667402" result="Passed" start-time="2025-06-29 07:28:19Z" end-time="2025-06-29 07:28:19Z" duration="0.000205" asserts="1" />
                <test-case id="0-1043" name="TestReadString(&quot;&quot;)" fullname="PureCloudPlatform.Client.V2.Tests.UpgradeSdkEnumConverterTests.TestReadString(&quot;&quot;)" methodname="TestReadString" classname="PureCloudPlatform.Client.V2.Tests.UpgradeSdkEnumConverterTests" runstate="Runnable" seed="1831267831" result="Passed" start-time="2025-06-29 07:28:19Z" end-time="2025-06-29 07:28:19Z" duration="0.000222" asserts="1" />
              </test-suite>
              <test-suite type="ParameterizedMethod" id="0-1048" name="TestReadStringNullable" fullname="PureCloudPlatform.Client.V2.Tests.UpgradeSdkEnumConverterTests.TestReadStringNullable" classname="PureCloudPlatform.Client.V2.Tests.UpgradeSdkEnumConverterTests" runstate="Runnable" testcasecount="3" result="Passed" start-time="2025-06-29 07:28:19Z" end-time="2025-06-29 07:28:19Z" duration="0.001784" total="3" passed="3" failed="0" warnings="0" inconclusive="0" skipped="0" asserts="3">
                <test-case id="0-1045" name="TestReadStringNullable(&quot;alerting&quot;)" fullname="PureCloudPlatform.Client.V2.Tests.UpgradeSdkEnumConverterTests.TestReadStringNullable(&quot;alerting&quot;)" methodname="TestReadStringNullable" classname="PureCloudPlatform.Client.V2.Tests.UpgradeSdkEnumConverterTests" runstate="Runnable" seed="148669860" result="Passed" start-time="2025-06-29 07:28:19Z" end-time="2025-06-29 07:28:19Z" duration="0.001278" asserts="1" />
                <test-case id="0-1046" name="TestReadStringNullable(&quot;&quot;)" fullname="PureCloudPlatform.Client.V2.Tests.UpgradeSdkEnumConverterTests.TestReadStringNullable(&quot;&quot;)" methodname="TestReadStringNullable" classname="PureCloudPlatform.Client.V2.Tests.UpgradeSdkEnumConverterTests" runstate="Runnable" seed="439495160" result="Passed" start-time="2025-06-29 07:28:19Z" end-time="2025-06-29 07:28:19Z" duration="0.000170" asserts="1" />
                <test-case id="0-1047" name="TestReadStringNullable(null)" fullname="PureCloudPlatform.Client.V2.Tests.UpgradeSdkEnumConverterTests.TestReadStringNullable(null)" methodname="TestReadStringNullable" classname="PureCloudPlatform.Client.V2.Tests.UpgradeSdkEnumConverterTests" runstate="Runnable" seed="1199164875" result="Passed" start-time="2025-06-29 07:28:19Z" end-time="2025-06-29 07:28:19Z" duration="0.000195" asserts="1" />
              </test-suite>
              <test-suite type="ParameterizedMethod" id="0-1052" name="TestWrite" fullname="PureCloudPlatform.Client.V2.Tests.UpgradeSdkEnumConverterTests.TestWrite" classname="PureCloudPlatform.Client.V2.Tests.UpgradeSdkEnumConverterTests" runstate="Runnable" testcasecount="3" result="Passed" start-time="2025-06-29 07:28:19Z" end-time="2025-06-29 07:28:19Z" duration="0.001507" total="3" passed="3" failed="0" warnings="0" inconclusive="0" skipped="0" asserts="3">
                <test-case id="0-1049" name="TestWrite(Deliverysuccess)" fullname="PureCloudPlatform.Client.V2.Tests.UpgradeSdkEnumConverterTests.TestWrite(Deliverysuccess)" methodname="TestWrite" classname="PureCloudPlatform.Client.V2.Tests.UpgradeSdkEnumConverterTests" runstate="Runnable" seed="471981179" result="Passed" start-time="2025-06-29 07:28:19Z" end-time="2025-06-29 07:28:19Z" duration="0.001177" asserts="1" />
                <test-case id="0-1050" name="TestWrite(OutdatedSdkVersion)" fullname="PureCloudPlatform.Client.V2.Tests.UpgradeSdkEnumConverterTests.TestWrite(OutdatedSdkVersion)" methodname="TestWrite" classname="PureCloudPlatform.Client.V2.Tests.UpgradeSdkEnumConverterTests" runstate="Runnable" seed="1235561896" result="Passed" start-time="2025-06-29 07:28:19Z" end-time="2025-06-29 07:28:19Z" duration="0.000116" asserts="1" />
                <test-case id="0-1051" name="TestWrite(256)" fullname="PureCloudPlatform.Client.V2.Tests.UpgradeSdkEnumConverterTests.TestWrite(256)" methodname="TestWrite" classname="PureCloudPlatform.Client.V2.Tests.UpgradeSdkEnumConverterTests" runstate="Runnable" seed="131566970" result="Passed" start-time="2025-06-29 07:28:19Z" end-time="2025-06-29 07:28:19Z" duration="0.000096" asserts="1" />
              </test-suite>
              <test-suite type="ParameterizedMethod" id="0-1056" name="TestWriteNullable" fullname="PureCloudPlatform.Client.V2.Tests.UpgradeSdkEnumConverterTests.TestWriteNullable" classname="PureCloudPlatform.Client.V2.Tests.UpgradeSdkEnumConverterTests" runstate="Runnable" testcasecount="3" result="Passed" start-time="2025-06-29 07:28:19Z" end-time="2025-06-29 07:28:19Z" duration="0.001196" total="3" passed="3" failed="0" warnings="0" inconclusive="0" skipped="0" asserts="3">
                <test-case id="0-1053" name="TestWriteNullable(Deliverysuccess)" fullname="PureCloudPlatform.Client.V2.Tests.UpgradeSdkEnumConverterTests.TestWriteNullable(Deliverysuccess)" methodname="TestWriteNullable" classname="PureCloudPlatform.Client.V2.Tests.UpgradeSdkEnumConverterTests" runstate="Runnable" seed="19293589" result="Passed" start-time="2025-06-29 07:28:19Z" end-time="2025-06-29 07:28:19Z" duration="0.000399" asserts="1" />
                <test-case id="0-1054" name="TestWriteNullable(OutdatedSdkVersion)" fullname="PureCloudPlatform.Client.V2.Tests.UpgradeSdkEnumConverterTests.TestWriteNullable(OutdatedSdkVersion)" methodname="TestWriteNullable" classname="PureCloudPlatform.Client.V2.Tests.UpgradeSdkEnumConverterTests" runstate="Runnable" seed="1551354992" result="Passed" start-time="2025-06-29 07:28:19Z" end-time="2025-06-29 07:28:19Z" duration="0.000112" asserts="1" />
                <test-case id="0-1055" name="TestWriteNullable(null)" fullname="PureCloudPlatform.Client.V2.Tests.UpgradeSdkEnumConverterTests.TestWriteNullable(null)" methodname="TestWriteNullable" classname="PureCloudPlatform.Client.V2.Tests.UpgradeSdkEnumConverterTests" runstate="Runnable" seed="359142254" result="Passed" start-time="2025-06-29 07:28:19Z" end-time="2025-06-29 07:28:19Z" duration="0.000229" asserts="1" />
              </test-suite>
            </test-suite>
          </test-suite>
        </test-suite>
      </test-suite>
    </test-suite>
  </test-suite>
</test-run>