<?xml version="1.0" encoding="utf-8" standalone="no"?>
<test-run id="2" testcasecount="48" result="Passed" total="48" passed="48" failed="0" inconclusive="0" skipped="0" asserts="87" engine-version="3.8.0.0" clr-version="4.0.30319.42000" start-time="2025-07-12 07:33:01Z" end-time="2025-07-12 07:35:18Z" duration="137.039798">
  <command-line><![CDATA[/var/build/workspace/build-platform-sdks-pipeline/resources/sdk/pureclouddotnet/bin/nunit/nunit3-console.exe /var/build/workspace/build-platform-sdks-pipeline/output/pureclouddotnet/build/bin/PureCloudPlatform.Client.V2.Tests.dll]]></command-line>
  <test-suite type="Assembly" id="0-1057" name="PureCloudPlatform.Client.V2.Tests.dll" fullname="/var/build/workspace/build-platform-sdks-pipeline/output/pureclouddotnet/build/bin/PureCloudPlatform.Client.V2.Tests.dll" runstate="Runnable" testcasecount="48" result="Passed" start-time="2025-07-12 07:33:02Z" end-time="2025-07-12 07:35:18Z" duration="136.171353" total="48" passed="48" failed="0" warnings="0" inconclusive="0" skipped="0" asserts="87">
    <environment framework-version="3.10.1.0" clr-version="4.0.30319.42000" os-version="Unix 4.14.355.277" platform="Unix" cwd="/var/build/workspace/build-platform-sdks-pipeline/output/pureclouddotnet/build" machine-name="jenkins-agent-10-25-232-26" user="jenkins" user-domain="jenkins-agent-10-25-232-26" culture="en-US" uiculture="en-US" os-architecture="x64" />
    <settings>
      <setting name="DisposeRunners" value="True" />
      <setting name="WorkDirectory" value="/var/build/workspace/build-platform-sdks-pipeline/output/pureclouddotnet/build" />
      <setting name="ImageRuntimeVersion" value="4.0.30319" />
      <setting name="ImageTargetFrameworkName" value=".NETFramework,Version=v4.7.1" />
      <setting name="ImageRequiresX86" value="False" />
      <setting name="ImageRequiresDefaultAppDomainAssemblyResolver" value="False" />
      <setting name="NumberOfTestWorkers" value="4" />
    </settings>
    <properties>
      <property name="_PID" value="29851" />
      <property name="_APPDOMAIN" value="domain-" />
    </properties>
    <test-suite type="TestSuite" id="0-1058" name="PureCloudPlatform" fullname="PureCloudPlatform" runstate="Runnable" testcasecount="48" result="Passed" start-time="2025-07-12 07:33:02Z" end-time="2025-07-12 07:35:18Z" duration="136.158109" total="48" passed="48" failed="0" warnings="0" inconclusive="0" skipped="0" asserts="87">
      <test-suite type="TestSuite" id="0-1059" name="Client" fullname="PureCloudPlatform.Client" runstate="Runnable" testcasecount="48" result="Passed" start-time="2025-07-12 07:33:02Z" end-time="2025-07-12 07:35:18Z" duration="136.157844" total="48" passed="48" failed="0" warnings="0" inconclusive="0" skipped="0" asserts="87">
        <test-suite type="TestSuite" id="0-1060" name="V2" fullname="PureCloudPlatform.Client.V2" runstate="Runnable" testcasecount="48" result="Passed" start-time="2025-07-12 07:33:02Z" end-time="2025-07-12 07:35:18Z" duration="136.157815" total="48" passed="48" failed="0" warnings="0" inconclusive="0" skipped="0" asserts="87">
          <test-suite type="TestSuite" id="0-1061" name="Tests" fullname="PureCloudPlatform.Client.V2.Tests" runstate="Runnable" testcasecount="48" result="Passed" start-time="2025-07-12 07:33:02Z" end-time="2025-07-12 07:35:18Z" duration="136.157776" total="48" passed="48" failed="0" warnings="0" inconclusive="0" skipped="0" asserts="87">
            <test-suite type="TestFixture" id="0-1018" name="ApiClientTests" fullname="PureCloudPlatform.Client.V2.Tests.ApiClientTests" classname="PureCloudPlatform.Client.V2.Tests.ApiClientTests" runstate="Runnable" testcasecount="12" result="Passed" start-time="2025-07-12 07:33:02Z" end-time="2025-07-12 07:35:03Z" duration="121.673341" total="12" passed="12" failed="0" warnings="0" inconclusive="0" skipped="0" asserts="24">
              <test-case id="0-1025" name="InvokeAsyncTestWith_429" fullname="PureCloudPlatform.Client.V2.Tests.ApiClientTests.InvokeAsyncTestWith_429" methodname="InvokeAsyncTestWith_429" classname="PureCloudPlatform.Client.V2.Tests.ApiClientTests" runstate="Runnable" seed="1687644981" result="Passed" start-time="2025-07-12 07:33:02Z" end-time="2025-07-12 07:33:07Z" duration="5.036854" asserts="2" />
              <test-case id="0-1026" name="InvokeAsyncTestWith_429_And_No_MaxRetryTime" fullname="PureCloudPlatform.Client.V2.Tests.ApiClientTests.InvokeAsyncTestWith_429_And_No_MaxRetryTime" methodname="InvokeAsyncTestWith_429_And_No_MaxRetryTime" classname="PureCloudPlatform.Client.V2.Tests.ApiClientTests" runstate="Runnable" seed="1789207594" result="Passed" start-time="2025-07-12 07:33:07Z" end-time="2025-07-12 07:33:07Z" duration="0.004585" asserts="2" />
              <test-case id="0-1027" name="InvokeAsyncTestWith_502" fullname="PureCloudPlatform.Client.V2.Tests.ApiClientTests.InvokeAsyncTestWith_502" methodname="InvokeAsyncTestWith_502" classname="PureCloudPlatform.Client.V2.Tests.ApiClientTests" runstate="Runnable" seed="34831034" result="Passed" start-time="2025-07-12 07:33:07Z" end-time="2025-07-12 07:33:20Z" duration="13.005366" asserts="2" />
              <test-case id="0-1028" name="InvokeAsyncTestWith_503" fullname="PureCloudPlatform.Client.V2.Tests.ApiClientTests.InvokeAsyncTestWith_503" methodname="InvokeAsyncTestWith_503" classname="PureCloudPlatform.Client.V2.Tests.ApiClientTests" runstate="Runnable" seed="1482301801" result="Passed" start-time="2025-07-12 07:33:20Z" end-time="2025-07-12 07:34:00Z" duration="40.005780" asserts="2" />
              <test-case id="0-1029" name="InvokeAsyncTestWith_504" fullname="PureCloudPlatform.Client.V2.Tests.ApiClientTests.InvokeAsyncTestWith_504" methodname="InvokeAsyncTestWith_504" classname="PureCloudPlatform.Client.V2.Tests.ApiClientTests" runstate="Runnable" seed="538991405" result="Passed" start-time="2025-07-12 07:34:00Z" end-time="2025-07-12 07:34:02Z" duration="2.003565" asserts="2" />
              <test-case id="0-1030" name="InvokeAsyncTestWith_504_And_No_MaxRetryTime" fullname="PureCloudPlatform.Client.V2.Tests.ApiClientTests.InvokeAsyncTestWith_504_And_No_MaxRetryTime" methodname="InvokeAsyncTestWith_504_And_No_MaxRetryTime" classname="PureCloudPlatform.Client.V2.Tests.ApiClientTests" runstate="Runnable" seed="46111801" result="Passed" start-time="2025-07-12 07:34:02Z" end-time="2025-07-12 07:34:02Z" duration="0.002489" asserts="2" />
              <test-case id="0-1019" name="InvokeTestWith_429" fullname="PureCloudPlatform.Client.V2.Tests.ApiClientTests.InvokeTestWith_429" methodname="InvokeTestWith_429" classname="PureCloudPlatform.Client.V2.Tests.ApiClientTests" runstate="Runnable" seed="2094621584" result="Passed" start-time="2025-07-12 07:34:02Z" end-time="2025-07-12 07:34:08Z" duration="6.003714" asserts="2" />
              <test-case id="0-1020" name="InvokeTestWith_429_And_No_MaxRetryTime" fullname="PureCloudPlatform.Client.V2.Tests.ApiClientTests.InvokeTestWith_429_And_No_MaxRetryTime" methodname="InvokeTestWith_429_And_No_MaxRetryTime" classname="PureCloudPlatform.Client.V2.Tests.ApiClientTests" runstate="Runnable" seed="316903499" result="Passed" start-time="2025-07-12 07:34:08Z" end-time="2025-07-12 07:34:08Z" duration="0.001547" asserts="2" />
              <test-case id="0-1021" name="InvokeTestWith_502" fullname="PureCloudPlatform.Client.V2.Tests.ApiClientTests.InvokeTestWith_502" methodname="InvokeTestWith_502" classname="PureCloudPlatform.Client.V2.Tests.ApiClientTests" runstate="Runnable" seed="790415176" result="Passed" start-time="2025-07-12 07:34:08Z" end-time="2025-07-12 07:34:21Z" duration="13.004743" asserts="2" />
              <test-case id="0-1022" name="InvokeTestWith_503" fullname="PureCloudPlatform.Client.V2.Tests.ApiClientTests.InvokeTestWith_503" methodname="InvokeTestWith_503" classname="PureCloudPlatform.Client.V2.Tests.ApiClientTests" runstate="Runnable" seed="1257995678" result="Passed" start-time="2025-07-12 07:34:21Z" end-time="2025-07-12 07:35:01Z" duration="40.006399" asserts="2" />
              <test-case id="0-1023" name="InvokeTestWith_504" fullname="PureCloudPlatform.Client.V2.Tests.ApiClientTests.InvokeTestWith_504" methodname="InvokeTestWith_504" classname="PureCloudPlatform.Client.V2.Tests.ApiClientTests" runstate="Runnable" seed="484249224" result="Passed" start-time="2025-07-12 07:35:01Z" end-time="2025-07-12 07:35:03Z" duration="2.003039" asserts="2" />
              <test-case id="0-1024" name="InvokeTestWith_504_No_MaxRetryTime" fullname="PureCloudPlatform.Client.V2.Tests.ApiClientTests.InvokeTestWith_504_No_MaxRetryTime" methodname="InvokeTestWith_504_No_MaxRetryTime" classname="PureCloudPlatform.Client.V2.Tests.ApiClientTests" runstate="Runnable" seed="64340724" result="Passed" start-time="2025-07-12 07:35:03Z" end-time="2025-07-12 07:35:03Z" duration="0.001376" asserts="2" />
            </test-suite>
            <test-suite type="TestFixture" id="0-1009" name="MTLSTests" fullname="PureCloudPlatform.Client.V2.Tests.MTLSTests" classname="PureCloudPlatform.Client.V2.Tests.MTLSTests" runstate="Runnable" testcasecount="8" result="Passed" start-time="2025-07-12 07:35:03Z" end-time="2025-07-12 07:35:10Z" duration="7.134728" total="8" passed="8" failed="0" warnings="0" inconclusive="0" skipped="0" asserts="20">
              <properties>
                <property name="Timeout" value="70000" />
              </properties>
              <test-case id="0-1010" name="TraceBasicInformation" fullname="PureCloudPlatform.Client.V2.Tests.MTLSTests.TraceBasicInformation" methodname="TraceBasicInformation" classname="PureCloudPlatform.Client.V2.Tests.MTLSTests" runstate="Runnable" seed="1611706634" result="Passed" start-time="2025-07-12 07:35:03Z" end-time="2025-07-12 07:35:03Z" duration="0.005102" asserts="6">
                <properties>
                  <property name="Order" value="0" />
                </properties>
                <output><![CDATA[PURECLOUD_ENVIRONMENT=mypurecloud.com
PURECLOUD_CLIENT_ID=7de3af06-c0b3-4f9b-af45-72f4a14037cc
userEmail=3cccd4d4-e098-4edb-b632-1c7e62a1f06d@mypurecloud.com
]]></output>
              </test-case>
              <test-case id="0-1011" name="ConfigureMTLSAndGateway" fullname="PureCloudPlatform.Client.V2.Tests.MTLSTests.ConfigureMTLSAndGateway" methodname="ConfigureMTLSAndGateway" classname="PureCloudPlatform.Client.V2.Tests.MTLSTests" runstate="Runnable" seed="1564895734" result="Passed" start-time="2025-07-12 07:35:03Z" end-time="2025-07-12 07:35:03Z" duration="0.008393" asserts="1">
                <properties>
                  <property name="Order" value="1" />
                </properties>
              </test-case>
              <test-case id="0-1012" name="Authenticate" fullname="PureCloudPlatform.Client.V2.Tests.MTLSTests.Authenticate" methodname="Authenticate" classname="PureCloudPlatform.Client.V2.Tests.MTLSTests" runstate="Runnable" seed="652219539" result="Passed" start-time="2025-07-12 07:35:03Z" end-time="2025-07-12 07:35:04Z" duration="0.242008" asserts="1">
                <properties>
                  <property name="Order" value="2" />
                </properties>
                <output><![CDATA[In Certificate Validation Callback
Accepting Test Cert based on thumbprint
]]></output>
              </test-case>
              <test-case id="0-1013" name="CreateUser" fullname="PureCloudPlatform.Client.V2.Tests.MTLSTests.CreateUser" methodname="CreateUser" classname="PureCloudPlatform.Client.V2.Tests.MTLSTests" runstate="Runnable" seed="1749193189" result="Passed" start-time="2025-07-12 07:35:04Z" end-time="2025-07-12 07:35:04Z" duration="0.474130" asserts="2">
                <properties>
                  <property name="Order" value="3" />
                </properties>
                <output><![CDATA[CorrelationId for PostUsersWithHttpInfo 4c9f1df9-9444-4362-b368-fbb630e6a68a
Version for PostUsersWithHttpInfo 1
Created user with ID f392fafb-c817-4393-9073-5806ab8b12f0
In Certificate Validation Callback
Accepting Test Cert based on thumbprint
]]></output>
              </test-case>
              <test-case id="0-1014" name="UpdateUser" fullname="PureCloudPlatform.Client.V2.Tests.MTLSTests.UpdateUser" methodname="UpdateUser" classname="PureCloudPlatform.Client.V2.Tests.MTLSTests" runstate="Runnable" seed="1169435858" result="Passed" start-time="2025-07-12 07:35:04Z" end-time="2025-07-12 07:35:04Z" duration="0.123545" asserts="6">
                <properties>
                  <property name="Order" value="4" />
                </properties>
                <output><![CDATA[Running Pre-Request Hook
Pre-Hook: Making PATCH request to /api/v2/users/{userId}
Running Post-Request Hook
Post-Hook: Received status code 200
]]></output>
              </test-case>
              <test-case id="0-1015" name="GetUser" fullname="PureCloudPlatform.Client.V2.Tests.MTLSTests.GetUser" methodname="GetUser" classname="PureCloudPlatform.Client.V2.Tests.MTLSTests" runstate="Runnable" seed="1504798330" result="Passed" start-time="2025-07-12 07:35:04Z" end-time="2025-07-12 07:35:10Z" duration="6.105208" asserts="4">
                <properties>
                  <property name="Retry" value="2" />
                  <property name="Order" value="5" />
                </properties>
                <output><![CDATA[CorrelationId for GetUserWithHttpInfo 6e1479f7-4a02-4735-a395-7402935cb0f0
Version for GetUserWithHttpInfo 2
]]></output>
              </test-case>
              <test-case id="0-1016" name="DeleteUser" fullname="PureCloudPlatform.Client.V2.Tests.MTLSTests.DeleteUser" methodname="DeleteUser" classname="PureCloudPlatform.Client.V2.Tests.MTLSTests" runstate="Runnable" seed="1517238132" result="Passed" start-time="2025-07-12 07:35:10Z" end-time="2025-07-12 07:35:10Z" duration="0.171888" asserts="0">
                <properties>
                  <property name="Order" value="6" />
                </properties>
                <output><![CDATA[Deleted user with ID f392fafb-c817-4393-9073-5806ab8b12f0
]]></output>
              </test-case>
              <test-case id="0-1017" name="CleanUp" fullname="PureCloudPlatform.Client.V2.Tests.MTLSTests.CleanUp" methodname="CleanUp" classname="PureCloudPlatform.Client.V2.Tests.MTLSTests" runstate="Runnable" seed="40868993" result="Passed" start-time="2025-07-12 07:35:10Z" end-time="2025-07-12 07:35:10Z" duration="0.000467" asserts="0">
                <properties>
                  <property name="Order" value="7" />
                </properties>
              </test-case>
            </test-suite>
            <test-suite type="TestFixture" id="0-1000" name="SdkTests" fullname="PureCloudPlatform.Client.V2.Tests.SdkTests" classname="PureCloudPlatform.Client.V2.Tests.SdkTests" runstate="Runnable" testcasecount="8" result="Passed" start-time="2025-07-12 07:35:10Z" end-time="2025-07-12 07:35:18Z" duration="7.336007" total="8" passed="8" failed="0" warnings="0" inconclusive="0" skipped="0" asserts="23">
              <properties>
                <property name="Timeout" value="70000" />
              </properties>
              <test-case id="0-1001" name="TraceBasicInformation" fullname="PureCloudPlatform.Client.V2.Tests.SdkTests.TraceBasicInformation" methodname="TraceBasicInformation" classname="PureCloudPlatform.Client.V2.Tests.SdkTests" runstate="Runnable" seed="1120690974" result="Passed" start-time="2025-07-12 07:35:10Z" end-time="2025-07-12 07:35:10Z" duration="0.000536" asserts="6">
                <properties>
                  <property name="Order" value="0" />
                </properties>
                <output><![CDATA[PURECLOUD_ENVIRONMENT=mypurecloud.com
PURECLOUD_CLIENT_ID=7de3af06-c0b3-4f9b-af45-72f4a14037cc
userEmail=1d8fada3-9f4b-4fc7-913e-664d3f53acaa@mypurecloud.com
]]></output>
              </test-case>
              <test-case id="0-1002" name="Authenticate" fullname="PureCloudPlatform.Client.V2.Tests.SdkTests.Authenticate" methodname="Authenticate" classname="PureCloudPlatform.Client.V2.Tests.SdkTests" runstate="Runnable" seed="1189212521" result="Passed" start-time="2025-07-12 07:35:10Z" end-time="2025-07-12 07:35:11Z" duration="0.094020" asserts="1">
                <properties>
                  <property name="Order" value="1" />
                </properties>
              </test-case>
              <test-case id="0-1003" name="CreateUser" fullname="PureCloudPlatform.Client.V2.Tests.SdkTests.CreateUser" methodname="CreateUser" classname="PureCloudPlatform.Client.V2.Tests.SdkTests" runstate="Runnable" seed="1386702525" result="Passed" start-time="2025-07-12 07:35:11Z" end-time="2025-07-12 07:35:11Z" duration="0.406304" asserts="2">
                <properties>
                  <property name="Order" value="2" />
                </properties>
                <output><![CDATA[CorrelationId for PostUsersWithHttpInfo 7a2e3a1f-b7ab-45a7-801d-edd04ed88a1e
Version for PostUsersWithHttpInfo 1
Created user with ID c7269504-7043-4938-9e17-fedbe0d2727b
]]></output>
              </test-case>
              <test-case id="0-1004" name="UpdateUser" fullname="PureCloudPlatform.Client.V2.Tests.SdkTests.UpdateUser" methodname="UpdateUser" classname="PureCloudPlatform.Client.V2.Tests.SdkTests" runstate="Runnable" seed="1545779022" result="Passed" start-time="2025-07-12 07:35:11Z" end-time="2025-07-12 07:35:11Z" duration="0.123458" asserts="4">
                <properties>
                  <property name="Order" value="3" />
                </properties>
              </test-case>
              <test-case id="0-1005" name="SetProfileSkills" fullname="PureCloudPlatform.Client.V2.Tests.SdkTests.SetProfileSkills" methodname="SetProfileSkills" classname="PureCloudPlatform.Client.V2.Tests.SdkTests" runstate="Runnable" seed="1403505623" result="Passed" start-time="2025-07-12 07:35:11Z" end-time="2025-07-12 07:35:11Z" duration="0.084073" asserts="2">
                <properties>
                  <property name="Order" value="4" />
                </properties>
                <output><![CDATA[CorrelationId for PutUserProfileskillsWithHttpInfo 695e5b7f-8fb0-420c-b5f8-0eeff771a373
]]></output>
              </test-case>
              <test-case id="0-1006" name="TestNotifications" fullname="PureCloudPlatform.Client.V2.Tests.SdkTests.TestNotifications" methodname="TestNotifications" classname="PureCloudPlatform.Client.V2.Tests.SdkTests" runstate="Runnable" seed="317641206" result="Passed" start-time="2025-07-12 07:35:11Z" end-time="2025-07-12 07:35:12Z" duration="0.359937" asserts="2">
                <properties>
                  <property name="Order" value="5" />
                </properties>
              </test-case>
              <test-case id="0-1007" name="GetUser" fullname="PureCloudPlatform.Client.V2.Tests.SdkTests.GetUser" methodname="GetUser" classname="PureCloudPlatform.Client.V2.Tests.SdkTests" runstate="Runnable" seed="645636828" result="Passed" start-time="2025-07-12 07:35:12Z" end-time="2025-07-12 07:35:18Z" duration="6.089008" asserts="6">
                <properties>
                  <property name="Retry" value="2" />
                  <property name="Order" value="6" />
                </properties>
                <output><![CDATA[Running Pre-Request Hook
Pre-Hook: Making GET request to /api/v2/users/{userId}
Running Post-Request Hook
Post-Hook: Received status code 200
CorrelationId for GetUserWithHttpInfo dbacc63f-4961-453a-af7b-8be17c8ff848
Version for GetUserWithHttpInfo 3
]]></output>
              </test-case>
              <test-case id="0-1008" name="DeleteUserWithProxy" fullname="PureCloudPlatform.Client.V2.Tests.SdkTests.DeleteUserWithProxy" methodname="DeleteUserWithProxy" classname="PureCloudPlatform.Client.V2.Tests.SdkTests" runstate="Runnable" seed="1170267032" result="Passed" start-time="2025-07-12 07:35:18Z" end-time="2025-07-12 07:35:18Z" duration="0.177126" asserts="0">
                <properties>
                  <property name="Order" value="7" />
                </properties>
              </test-case>
            </test-suite>
            <test-suite type="TestFixture" id="0-1031" name="UpgradeSdkEnumConverterTests" fullname="PureCloudPlatform.Client.V2.Tests.UpgradeSdkEnumConverterTests" classname="PureCloudPlatform.Client.V2.Tests.UpgradeSdkEnumConverterTests" runstate="Runnable" testcasecount="20" result="Passed" start-time="2025-07-12 07:35:18Z" end-time="2025-07-12 07:35:18Z" duration="0.010771" total="20" passed="20" failed="0" warnings="0" inconclusive="0" skipped="0" asserts="20">
              <test-suite type="ParameterizedMethod" id="0-1036" name="TestReadInt32" fullname="PureCloudPlatform.Client.V2.Tests.UpgradeSdkEnumConverterTests.TestReadInt32" classname="PureCloudPlatform.Client.V2.Tests.UpgradeSdkEnumConverterTests" runstate="Runnable" testcasecount="4" result="Passed" start-time="2025-07-12 07:35:18Z" end-time="2025-07-12 07:35:18Z" duration="0.005012" total="4" passed="4" failed="0" warnings="0" inconclusive="0" skipped="0" asserts="4">
                <test-case id="0-1032" name="TestReadInt32(0)" fullname="PureCloudPlatform.Client.V2.Tests.UpgradeSdkEnumConverterTests.TestReadInt32(0)" methodname="TestReadInt32" classname="PureCloudPlatform.Client.V2.Tests.UpgradeSdkEnumConverterTests" runstate="Runnable" seed="637902420" result="Passed" start-time="2025-07-12 07:35:18Z" end-time="2025-07-12 07:35:18Z" duration="0.004168" asserts="1" />
                <test-case id="0-1033" name="TestReadInt32(1)" fullname="PureCloudPlatform.Client.V2.Tests.UpgradeSdkEnumConverterTests.TestReadInt32(1)" methodname="TestReadInt32" classname="PureCloudPlatform.Client.V2.Tests.UpgradeSdkEnumConverterTests" runstate="Runnable" seed="1052854512" result="Passed" start-time="2025-07-12 07:35:18Z" end-time="2025-07-12 07:35:18Z" duration="0.000183" asserts="1" />
                <test-case id="0-1034" name="TestReadInt32(256)" fullname="PureCloudPlatform.Client.V2.Tests.UpgradeSdkEnumConverterTests.TestReadInt32(256)" methodname="TestReadInt32" classname="PureCloudPlatform.Client.V2.Tests.UpgradeSdkEnumConverterTests" runstate="Runnable" seed="1911737514" result="Passed" start-time="2025-07-12 07:35:18Z" end-time="2025-07-12 07:35:18Z" duration="0.000154" asserts="1" />
                <test-case id="0-1035" name="TestReadInt32(-1)" fullname="PureCloudPlatform.Client.V2.Tests.UpgradeSdkEnumConverterTests.TestReadInt32(-1)" methodname="TestReadInt32" classname="PureCloudPlatform.Client.V2.Tests.UpgradeSdkEnumConverterTests" runstate="Runnable" seed="638799133" result="Passed" start-time="2025-07-12 07:35:18Z" end-time="2025-07-12 07:35:18Z" duration="0.000121" asserts="1" />
              </test-suite>
              <test-suite type="ParameterizedMethod" id="0-1044" name="TestReadString" fullname="PureCloudPlatform.Client.V2.Tests.UpgradeSdkEnumConverterTests.TestReadString" classname="PureCloudPlatform.Client.V2.Tests.UpgradeSdkEnumConverterTests" runstate="Runnable" testcasecount="7" result="Passed" start-time="2025-07-12 07:35:18Z" end-time="2025-07-12 07:35:18Z" duration="0.001675" total="7" passed="7" failed="0" warnings="0" inconclusive="0" skipped="0" asserts="7">
                <test-case id="0-1037" name="TestReadString(&quot;alerting&quot;)" fullname="PureCloudPlatform.Client.V2.Tests.UpgradeSdkEnumConverterTests.TestReadString(&quot;alerting&quot;)" methodname="TestReadString" classname="PureCloudPlatform.Client.V2.Tests.UpgradeSdkEnumConverterTests" runstate="Runnable" seed="1850041737" result="Passed" start-time="2025-07-12 07:35:18Z" end-time="2025-07-12 07:35:18Z" duration="0.000433" asserts="1" />
                <test-case id="0-1038" name="TestReadString(&quot;AlErTiNg&quot;)" fullname="PureCloudPlatform.Client.V2.Tests.UpgradeSdkEnumConverterTests.TestReadString(&quot;AlErTiNg&quot;)" methodname="TestReadString" classname="PureCloudPlatform.Client.V2.Tests.UpgradeSdkEnumConverterTests" runstate="Runnable" seed="732087048" result="Passed" start-time="2025-07-12 07:35:18Z" end-time="2025-07-12 07:35:18Z" duration="0.000210" asserts="1" />
                <test-case id="0-1039" name="TestReadString(&quot;delivery-success&quot;)" fullname="PureCloudPlatform.Client.V2.Tests.UpgradeSdkEnumConverterTests.TestReadString(&quot;delivery-success&quot;)" methodname="TestReadString" classname="PureCloudPlatform.Client.V2.Tests.UpgradeSdkEnumConverterTests" runstate="Runnable" seed="465543606" result="Passed" start-time="2025-07-12 07:35:18Z" end-time="2025-07-12 07:35:18Z" duration="0.000204" asserts="1" />
                <test-case id="0-1040" name="TestReadString(&quot;Deliverysuccess&quot;)" fullname="PureCloudPlatform.Client.V2.Tests.UpgradeSdkEnumConverterTests.TestReadString(&quot;Deliverysuccess&quot;)" methodname="TestReadString" classname="PureCloudPlatform.Client.V2.Tests.UpgradeSdkEnumConverterTests" runstate="Runnable" seed="476429876" result="Passed" start-time="2025-07-12 07:35:18Z" end-time="2025-07-12 07:35:18Z" duration="0.000179" asserts="1" />
                <test-case id="0-1041" name="TestReadString(&quot;OUTDATED_SDK_VERSION&quot;)" fullname="PureCloudPlatform.Client.V2.Tests.UpgradeSdkEnumConverterTests.TestReadString(&quot;OUTDATED_SDK_VERSION&quot;)" methodname="TestReadString" classname="PureCloudPlatform.Client.V2.Tests.UpgradeSdkEnumConverterTests" runstate="Runnable" seed="151238844" result="Passed" start-time="2025-07-12 07:35:18Z" end-time="2025-07-12 07:35:18Z" duration="0.000125" asserts="1" />
                <test-case id="0-1042" name="TestReadString(&quot;foo&quot;)" fullname="PureCloudPlatform.Client.V2.Tests.UpgradeSdkEnumConverterTests.TestReadString(&quot;foo&quot;)" methodname="TestReadString" classname="PureCloudPlatform.Client.V2.Tests.UpgradeSdkEnumConverterTests" runstate="Runnable" seed="1012121746" result="Passed" start-time="2025-07-12 07:35:18Z" end-time="2025-07-12 07:35:18Z" duration="0.000163" asserts="1" />
                <test-case id="0-1043" name="TestReadString(&quot;&quot;)" fullname="PureCloudPlatform.Client.V2.Tests.UpgradeSdkEnumConverterTests.TestReadString(&quot;&quot;)" methodname="TestReadString" classname="PureCloudPlatform.Client.V2.Tests.UpgradeSdkEnumConverterTests" runstate="Runnable" seed="1475900761" result="Passed" start-time="2025-07-12 07:35:18Z" end-time="2025-07-12 07:35:18Z" duration="0.000197" asserts="1" />
              </test-suite>
              <test-suite type="ParameterizedMethod" id="0-1048" name="TestReadStringNullable" fullname="PureCloudPlatform.Client.V2.Tests.UpgradeSdkEnumConverterTests.TestReadStringNullable" classname="PureCloudPlatform.Client.V2.Tests.UpgradeSdkEnumConverterTests" runstate="Runnable" testcasecount="3" result="Passed" start-time="2025-07-12 07:35:18Z" end-time="2025-07-12 07:35:18Z" duration="0.001506" total="3" passed="3" failed="0" warnings="0" inconclusive="0" skipped="0" asserts="3">
                <test-case id="0-1045" name="TestReadStringNullable(&quot;alerting&quot;)" fullname="PureCloudPlatform.Client.V2.Tests.UpgradeSdkEnumConverterTests.TestReadStringNullable(&quot;alerting&quot;)" methodname="TestReadStringNullable" classname="PureCloudPlatform.Client.V2.Tests.UpgradeSdkEnumConverterTests" runstate="Runnable" seed="617456500" result="Passed" start-time="2025-07-12 07:35:18Z" end-time="2025-07-12 07:35:18Z" duration="0.001114" asserts="1" />
                <test-case id="0-1046" name="TestReadStringNullable(&quot;&quot;)" fullname="PureCloudPlatform.Client.V2.Tests.UpgradeSdkEnumConverterTests.TestReadStringNullable(&quot;&quot;)" methodname="TestReadStringNullable" classname="PureCloudPlatform.Client.V2.Tests.UpgradeSdkEnumConverterTests" runstate="Runnable" seed="493237851" result="Passed" start-time="2025-07-12 07:35:18Z" end-time="2025-07-12 07:35:18Z" duration="0.000103" asserts="1" />
                <test-case id="0-1047" name="TestReadStringNullable(null)" fullname="PureCloudPlatform.Client.V2.Tests.UpgradeSdkEnumConverterTests.TestReadStringNullable(null)" methodname="TestReadStringNullable" classname="PureCloudPlatform.Client.V2.Tests.UpgradeSdkEnumConverterTests" runstate="Runnable" seed="1865351016" result="Passed" start-time="2025-07-12 07:35:18Z" end-time="2025-07-12 07:35:18Z" duration="0.000193" asserts="1" />
              </test-suite>
              <test-suite type="ParameterizedMethod" id="0-1052" name="TestWrite" fullname="PureCloudPlatform.Client.V2.Tests.UpgradeSdkEnumConverterTests.TestWrite" classname="PureCloudPlatform.Client.V2.Tests.UpgradeSdkEnumConverterTests" runstate="Runnable" testcasecount="3" result="Passed" start-time="2025-07-12 07:35:18Z" end-time="2025-07-12 07:35:18Z" duration="0.001303" total="3" passed="3" failed="0" warnings="0" inconclusive="0" skipped="0" asserts="3">
                <test-case id="0-1049" name="TestWrite(Deliverysuccess)" fullname="PureCloudPlatform.Client.V2.Tests.UpgradeSdkEnumConverterTests.TestWrite(Deliverysuccess)" methodname="TestWrite" classname="PureCloudPlatform.Client.V2.Tests.UpgradeSdkEnumConverterTests" runstate="Runnable" seed="51061827" result="Passed" start-time="2025-07-12 07:35:18Z" end-time="2025-07-12 07:35:18Z" duration="0.001052" asserts="1" />
                <test-case id="0-1050" name="TestWrite(OutdatedSdkVersion)" fullname="PureCloudPlatform.Client.V2.Tests.UpgradeSdkEnumConverterTests.TestWrite(OutdatedSdkVersion)" methodname="TestWrite" classname="PureCloudPlatform.Client.V2.Tests.UpgradeSdkEnumConverterTests" runstate="Runnable" seed="890562901" result="Passed" start-time="2025-07-12 07:35:18Z" end-time="2025-07-12 07:35:18Z" duration="0.000086" asserts="1" />
                <test-case id="0-1051" name="TestWrite(256)" fullname="PureCloudPlatform.Client.V2.Tests.UpgradeSdkEnumConverterTests.TestWrite(256)" methodname="TestWrite" classname="PureCloudPlatform.Client.V2.Tests.UpgradeSdkEnumConverterTests" runstate="Runnable" seed="1742065279" result="Passed" start-time="2025-07-12 07:35:18Z" end-time="2025-07-12 07:35:18Z" duration="0.000060" asserts="1" />
              </test-suite>
              <test-suite type="ParameterizedMethod" id="0-1056" name="TestWriteNullable" fullname="PureCloudPlatform.Client.V2.Tests.UpgradeSdkEnumConverterTests.TestWriteNullable" classname="PureCloudPlatform.Client.V2.Tests.UpgradeSdkEnumConverterTests" runstate="Runnable" testcasecount="3" result="Passed" start-time="2025-07-12 07:35:18Z" end-time="2025-07-12 07:35:18Z" duration="0.000680" total="3" passed="3" failed="0" warnings="0" inconclusive="0" skipped="0" asserts="3">
                <test-case id="0-1053" name="TestWriteNullable(Deliverysuccess)" fullname="PureCloudPlatform.Client.V2.Tests.UpgradeSdkEnumConverterTests.TestWriteNullable(Deliverysuccess)" methodname="TestWriteNullable" classname="PureCloudPlatform.Client.V2.Tests.UpgradeSdkEnumConverterTests" runstate="Runnable" seed="946124808" result="Passed" start-time="2025-07-12 07:35:18Z" end-time="2025-07-12 07:35:18Z" duration="0.000312" asserts="1" />
                <test-case id="0-1054" name="TestWriteNullable(OutdatedSdkVersion)" fullname="PureCloudPlatform.Client.V2.Tests.UpgradeSdkEnumConverterTests.TestWriteNullable(OutdatedSdkVersion)" methodname="TestWriteNullable" classname="PureCloudPlatform.Client.V2.Tests.UpgradeSdkEnumConverterTests" runstate="Runnable" seed="2059153510" result="Passed" start-time="2025-07-12 07:35:18Z" end-time="2025-07-12 07:35:18Z" duration="0.000093" asserts="1" />
                <test-case id="0-1055" name="TestWriteNullable(null)" fullname="PureCloudPlatform.Client.V2.Tests.UpgradeSdkEnumConverterTests.TestWriteNullable(null)" methodname="TestWriteNullable" classname="PureCloudPlatform.Client.V2.Tests.UpgradeSdkEnumConverterTests" runstate="Runnable" seed="827522387" result="Passed" start-time="2025-07-12 07:35:18Z" end-time="2025-07-12 07:35:18Z" duration="0.000153" asserts="1" />
              </test-suite>
            </test-suite>
          </test-suite>
        </test-suite>
      </test-suite>
    </test-suite>
  </test-suite>
</test-run>