<?xml version="1.0" encoding="utf-8" standalone="no"?>
<test-run id="2" testcasecount="39" result="Passed" total="39" passed="39" failed="0" inconclusive="0" skipped="0" asserts="63" engine-version="3.8.0.0" clr-version="4.0.30319.42000" start-time="2024-09-08 07:07:07Z" end-time="2024-09-08 07:09:16Z" duration="129.713379">
  <command-line><![CDATA[/var/build/workspace/build-platform-sdks-pipeline/resources/sdk/pureclouddotnet/bin/nunit/nunit3-console.exe /var/build/workspace/build-platform-sdks-pipeline/output/pureclouddotnet/build/bin/PureCloudPlatform.Client.V2.Tests.dll]]></command-line>
  <test-suite type="Assembly" id="0-1047" name="PureCloudPlatform.Client.V2.Tests.dll" fullname="/var/build/workspace/build-platform-sdks-pipeline/output/pureclouddotnet/build/bin/PureCloudPlatform.Client.V2.Tests.dll" runstate="Runnable" testcasecount="39" result="Passed" start-time="2024-09-08 07:07:07Z" end-time="2024-09-08 07:09:16Z" duration="128.847434" total="39" passed="39" failed="0" warnings="0" inconclusive="0" skipped="0" asserts="63">
    <environment framework-version="3.10.1.0" clr-version="4.0.30319.42000" os-version="Unix 4.14.350.266" platform="Unix" cwd="/var/build/workspace/build-platform-sdks-pipeline/output/pureclouddotnet/build" machine-name="jenkins-agent-10-25-219-71" user="jenkins" user-domain="jenkins-agent-10-25-219-71" culture="en-US" uiculture="en-US" os-architecture="x64" />
    <settings>
      <setting name="DisposeRunners" value="True" />
      <setting name="WorkDirectory" value="/var/build/workspace/build-platform-sdks-pipeline/output/pureclouddotnet/build" />
      <setting name="ImageRuntimeVersion" value="4.0.30319" />
      <setting name="ImageTargetFrameworkName" value=".NETFramework,Version=v4.7.1" />
      <setting name="ImageRequiresX86" value="False" />
      <setting name="ImageRequiresDefaultAppDomainAssemblyResolver" value="False" />
      <setting name="NumberOfTestWorkers" value="4" />
    </settings>
    <properties>
      <property name="_PID" value="16877" />
      <property name="_APPDOMAIN" value="domain-" />
    </properties>
    <test-suite type="TestSuite" id="0-1048" name="PureCloudPlatform" fullname="PureCloudPlatform" runstate="Runnable" testcasecount="39" result="Passed" start-time="2024-09-08 07:07:07Z" end-time="2024-09-08 07:09:16Z" duration="128.834208" total="39" passed="39" failed="0" warnings="0" inconclusive="0" skipped="0" asserts="63">
      <test-suite type="TestSuite" id="0-1049" name="Client" fullname="PureCloudPlatform.Client" runstate="Runnable" testcasecount="39" result="Passed" start-time="2024-09-08 07:07:07Z" end-time="2024-09-08 07:09:16Z" duration="128.833956" total="39" passed="39" failed="0" warnings="0" inconclusive="0" skipped="0" asserts="63">
        <test-suite type="TestSuite" id="0-1050" name="V2" fullname="PureCloudPlatform.Client.V2" runstate="Runnable" testcasecount="39" result="Passed" start-time="2024-09-08 07:07:07Z" end-time="2024-09-08 07:09:16Z" duration="128.833929" total="39" passed="39" failed="0" warnings="0" inconclusive="0" skipped="0" asserts="63">
          <test-suite type="TestSuite" id="0-1051" name="Tests" fullname="PureCloudPlatform.Client.V2.Tests" runstate="Runnable" testcasecount="39" result="Passed" start-time="2024-09-08 07:07:07Z" end-time="2024-09-08 07:09:16Z" duration="128.833903" total="39" passed="39" failed="0" warnings="0" inconclusive="0" skipped="0" asserts="63">
            <test-suite type="TestFixture" id="0-1008" name="ApiClientTests" fullname="PureCloudPlatform.Client.V2.Tests.ApiClientTests" classname="PureCloudPlatform.Client.V2.Tests.ApiClientTests" runstate="Runnable" testcasecount="12" result="Passed" start-time="2024-09-08 07:07:07Z" end-time="2024-09-08 07:09:09Z" duration="121.685038" total="12" passed="12" failed="0" warnings="0" inconclusive="0" skipped="0" asserts="24">
              <test-case id="0-1015" name="InvokeAsyncTestWith_429" fullname="PureCloudPlatform.Client.V2.Tests.ApiClientTests.InvokeAsyncTestWith_429" methodname="InvokeAsyncTestWith_429" classname="PureCloudPlatform.Client.V2.Tests.ApiClientTests" runstate="Runnable" seed="1783831465" result="Passed" start-time="2024-09-08 07:07:08Z" end-time="2024-09-08 07:07:13Z" duration="5.039225" asserts="2" />
              <test-case id="0-1016" name="InvokeAsyncTestWith_429_And_No_MaxRetryTime" fullname="PureCloudPlatform.Client.V2.Tests.ApiClientTests.InvokeAsyncTestWith_429_And_No_MaxRetryTime" methodname="InvokeAsyncTestWith_429_And_No_MaxRetryTime" classname="PureCloudPlatform.Client.V2.Tests.ApiClientTests" runstate="Runnable" seed="1029210483" result="Passed" start-time="2024-09-08 07:07:13Z" end-time="2024-09-08 07:07:13Z" duration="0.002793" asserts="2" />
              <test-case id="0-1017" name="InvokeAsyncTestWith_502" fullname="PureCloudPlatform.Client.V2.Tests.ApiClientTests.InvokeAsyncTestWith_502" methodname="InvokeAsyncTestWith_502" classname="PureCloudPlatform.Client.V2.Tests.ApiClientTests" runstate="Runnable" seed="1201682563" result="Passed" start-time="2024-09-08 07:07:13Z" end-time="2024-09-08 07:07:26Z" duration="13.006615" asserts="2" />
              <test-case id="0-1018" name="InvokeAsyncTestWith_503" fullname="PureCloudPlatform.Client.V2.Tests.ApiClientTests.InvokeAsyncTestWith_503" methodname="InvokeAsyncTestWith_503" classname="PureCloudPlatform.Client.V2.Tests.ApiClientTests" runstate="Runnable" seed="75636521" result="Passed" start-time="2024-09-08 07:07:26Z" end-time="2024-09-08 07:08:06Z" duration="40.005131" asserts="2" />
              <test-case id="0-1019" name="InvokeAsyncTestWith_504" fullname="PureCloudPlatform.Client.V2.Tests.ApiClientTests.InvokeAsyncTestWith_504" methodname="InvokeAsyncTestWith_504" classname="PureCloudPlatform.Client.V2.Tests.ApiClientTests" runstate="Runnable" seed="1872096418" result="Passed" start-time="2024-09-08 07:08:06Z" end-time="2024-09-08 07:08:08Z" duration="2.003017" asserts="2" />
              <test-case id="0-1020" name="InvokeAsyncTestWith_504_And_No_MaxRetryTime" fullname="PureCloudPlatform.Client.V2.Tests.ApiClientTests.InvokeAsyncTestWith_504_And_No_MaxRetryTime" methodname="InvokeAsyncTestWith_504_And_No_MaxRetryTime" classname="PureCloudPlatform.Client.V2.Tests.ApiClientTests" runstate="Runnable" seed="23584477" result="Passed" start-time="2024-09-08 07:08:08Z" end-time="2024-09-08 07:08:08Z" duration="0.002384" asserts="2" />
              <test-case id="0-1009" name="InvokeTestWith_429" fullname="PureCloudPlatform.Client.V2.Tests.ApiClientTests.InvokeTestWith_429" methodname="InvokeTestWith_429" classname="PureCloudPlatform.Client.V2.Tests.ApiClientTests" runstate="Runnable" seed="179050183" result="Passed" start-time="2024-09-08 07:08:08Z" end-time="2024-09-08 07:08:14Z" duration="6.005212" asserts="2" />
              <test-case id="0-1010" name="InvokeTestWith_429_And_No_MaxRetryTime" fullname="PureCloudPlatform.Client.V2.Tests.ApiClientTests.InvokeTestWith_429_And_No_MaxRetryTime" methodname="InvokeTestWith_429_And_No_MaxRetryTime" classname="PureCloudPlatform.Client.V2.Tests.ApiClientTests" runstate="Runnable" seed="835517594" result="Passed" start-time="2024-09-08 07:08:14Z" end-time="2024-09-08 07:08:14Z" duration="0.001340" asserts="2" />
              <test-case id="0-1011" name="InvokeTestWith_502" fullname="PureCloudPlatform.Client.V2.Tests.ApiClientTests.InvokeTestWith_502" methodname="InvokeTestWith_502" classname="PureCloudPlatform.Client.V2.Tests.ApiClientTests" runstate="Runnable" seed="1588896671" result="Passed" start-time="2024-09-08 07:08:14Z" end-time="2024-09-08 07:08:27Z" duration="13.004179" asserts="2" />
              <test-case id="0-1012" name="InvokeTestWith_503" fullname="PureCloudPlatform.Client.V2.Tests.ApiClientTests.InvokeTestWith_503" methodname="InvokeTestWith_503" classname="PureCloudPlatform.Client.V2.Tests.ApiClientTests" runstate="Runnable" seed="90138538" result="Passed" start-time="2024-09-08 07:08:27Z" end-time="2024-09-08 07:09:07Z" duration="40.005454" asserts="2" />
              <test-case id="0-1013" name="InvokeTestWith_504" fullname="PureCloudPlatform.Client.V2.Tests.ApiClientTests.InvokeTestWith_504" methodname="InvokeTestWith_504" classname="PureCloudPlatform.Client.V2.Tests.ApiClientTests" runstate="Runnable" seed="1598646796" result="Passed" start-time="2024-09-08 07:09:07Z" end-time="2024-09-08 07:09:09Z" duration="2.002307" asserts="2" />
              <test-case id="0-1014" name="InvokeTestWith_504_No_MaxRetryTime" fullname="PureCloudPlatform.Client.V2.Tests.ApiClientTests.InvokeTestWith_504_No_MaxRetryTime" methodname="InvokeTestWith_504_No_MaxRetryTime" classname="PureCloudPlatform.Client.V2.Tests.ApiClientTests" runstate="Runnable" seed="1741748214" result="Passed" start-time="2024-09-08 07:09:09Z" end-time="2024-09-08 07:09:09Z" duration="0.001348" asserts="2" />
            </test-suite>
            <test-suite type="TestFixture" id="0-1000" name="SdkTests" fullname="PureCloudPlatform.Client.V2.Tests.SdkTests" classname="PureCloudPlatform.Client.V2.Tests.SdkTests" runstate="Runnable" testcasecount="7" result="Passed" start-time="2024-09-08 07:09:09Z" end-time="2024-09-08 07:09:16Z" duration="7.132833" total="7" passed="7" failed="0" warnings="0" inconclusive="0" skipped="0" asserts="19">
              <properties>
                <property name="Timeout" value="70000" />
              </properties>
              <test-case id="0-1001" name="TraceBasicInformation" fullname="PureCloudPlatform.Client.V2.Tests.SdkTests.TraceBasicInformation" methodname="TraceBasicInformation" classname="PureCloudPlatform.Client.V2.Tests.SdkTests" runstate="Runnable" seed="2066461126" result="Passed" start-time="2024-09-08 07:09:09Z" end-time="2024-09-08 07:09:09Z" duration="0.005170" asserts="6">
                <properties>
                  <property name="Order" value="0" />
                </properties>
                <output><![CDATA[PURECLOUD_ENVIRONMENT=mypurecloud.com
PURECLOUD_CLIENT_ID=7de3af06-c0b3-4f9b-af45-72f4a14037cc
userEmail=01dc2193-f2ce-41ea-800e-c885ecbecaeb@mypurecloud.com
]]></output>
              </test-case>
              <test-case id="0-1002" name="Authenticate" fullname="PureCloudPlatform.Client.V2.Tests.SdkTests.Authenticate" methodname="Authenticate" classname="PureCloudPlatform.Client.V2.Tests.SdkTests" runstate="Runnable" seed="2104566452" result="Passed" start-time="2024-09-08 07:09:09Z" end-time="2024-09-08 07:09:09Z" duration="0.126454" asserts="1">
                <properties>
                  <property name="Order" value="1" />
                </properties>
              </test-case>
              <test-case id="0-1003" name="CreateUser" fullname="PureCloudPlatform.Client.V2.Tests.SdkTests.CreateUser" methodname="CreateUser" classname="PureCloudPlatform.Client.V2.Tests.SdkTests" runstate="Runnable" seed="1209311881" result="Passed" start-time="2024-09-08 07:09:09Z" end-time="2024-09-08 07:09:10Z" duration="0.491556" asserts="2">
                <properties>
                  <property name="Order" value="2" />
                </properties>
                <output><![CDATA[CorrelationId for PostUsersWithHttpInfo 31a4c7a5-ebf9-4b70-9277-e2bd2f30d7da
Version for PostUsersWithHttpInfo 1
Created user with ID bba2f659-176b-46c2-8797-5d6489fa38f5
]]></output>
              </test-case>
              <test-case id="0-1004" name="UpdateUser" fullname="PureCloudPlatform.Client.V2.Tests.SdkTests.UpdateUser" methodname="UpdateUser" classname="PureCloudPlatform.Client.V2.Tests.SdkTests" runstate="Runnable" seed="1827898117" result="Passed" start-time="2024-09-08 07:09:10Z" end-time="2024-09-08 07:09:10Z" duration="0.148408" asserts="4">
                <properties>
                  <property name="Order" value="3" />
                </properties>
              </test-case>
              <test-case id="0-1005" name="SetProfileSkills" fullname="PureCloudPlatform.Client.V2.Tests.SdkTests.SetProfileSkills" methodname="SetProfileSkills" classname="PureCloudPlatform.Client.V2.Tests.SdkTests" runstate="Runnable" seed="345692448" result="Passed" start-time="2024-09-08 07:09:10Z" end-time="2024-09-08 07:09:10Z" duration="0.127759" asserts="2">
                <properties>
                  <property name="Order" value="4" />
                </properties>
                <output><![CDATA[CorrelationId for PutUserProfileskillsWithHttpInfo 9a20527c-14fa-45a7-83aa-cd0f16bb28f4
]]></output>
              </test-case>
              <test-case id="0-1006" name="GetUser" fullname="PureCloudPlatform.Client.V2.Tests.SdkTests.GetUser" methodname="GetUser" classname="PureCloudPlatform.Client.V2.Tests.SdkTests" runstate="Runnable" seed="1398744818" result="Passed" start-time="2024-09-08 07:09:10Z" end-time="2024-09-08 07:09:16Z" duration="6.053911" asserts="4">
                <properties>
                  <property name="Retry" value="2" />
                  <property name="Order" value="6" />
                </properties>
                <output><![CDATA[CorrelationId for GetUserWithHttpInfo e74645c3-7e13-483b-a6a8-5781501545ca
Version for GetUserWithHttpInfo 3
]]></output>
              </test-case>
              <test-case id="0-1007" name="DeleteUserWithProxy" fullname="PureCloudPlatform.Client.V2.Tests.SdkTests.DeleteUserWithProxy" methodname="DeleteUserWithProxy" classname="PureCloudPlatform.Client.V2.Tests.SdkTests" runstate="Runnable" seed="884435972" result="Passed" start-time="2024-09-08 07:09:16Z" end-time="2024-09-08 07:09:16Z" duration="0.172602" asserts="0">
                <properties>
                  <property name="Order" value="7" />
                </properties>
              </test-case>
            </test-suite>
            <test-suite type="TestFixture" id="0-1021" name="UpgradeSdkEnumConverterTests" fullname="PureCloudPlatform.Client.V2.Tests.UpgradeSdkEnumConverterTests" classname="PureCloudPlatform.Client.V2.Tests.UpgradeSdkEnumConverterTests" runstate="Runnable" testcasecount="20" result="Passed" start-time="2024-09-08 07:09:16Z" end-time="2024-09-08 07:09:16Z" duration="0.012955" total="20" passed="20" failed="0" warnings="0" inconclusive="0" skipped="0" asserts="20">
              <test-suite type="ParameterizedMethod" id="0-1026" name="TestReadInt32" fullname="PureCloudPlatform.Client.V2.Tests.UpgradeSdkEnumConverterTests.TestReadInt32" classname="PureCloudPlatform.Client.V2.Tests.UpgradeSdkEnumConverterTests" runstate="Runnable" testcasecount="4" result="Passed" start-time="2024-09-08 07:09:16Z" end-time="2024-09-08 07:09:16Z" duration="0.007100" total="4" passed="4" failed="0" warnings="0" inconclusive="0" skipped="0" asserts="4">
                <test-case id="0-1022" name="TestReadInt32(0)" fullname="PureCloudPlatform.Client.V2.Tests.UpgradeSdkEnumConverterTests.TestReadInt32(0)" methodname="TestReadInt32" classname="PureCloudPlatform.Client.V2.Tests.UpgradeSdkEnumConverterTests" runstate="Runnable" seed="1331227956" result="Passed" start-time="2024-09-08 07:09:16Z" end-time="2024-09-08 07:09:16Z" duration="0.006138" asserts="1" />
                <test-case id="0-1023" name="TestReadInt32(1)" fullname="PureCloudPlatform.Client.V2.Tests.UpgradeSdkEnumConverterTests.TestReadInt32(1)" methodname="TestReadInt32" classname="PureCloudPlatform.Client.V2.Tests.UpgradeSdkEnumConverterTests" runstate="Runnable" seed="320112555" result="Passed" start-time="2024-09-08 07:09:16Z" end-time="2024-09-08 07:09:16Z" duration="0.000187" asserts="1" />
                <test-case id="0-1024" name="TestReadInt32(256)" fullname="PureCloudPlatform.Client.V2.Tests.UpgradeSdkEnumConverterTests.TestReadInt32(256)" methodname="TestReadInt32" classname="PureCloudPlatform.Client.V2.Tests.UpgradeSdkEnumConverterTests" runstate="Runnable" seed="1366348895" result="Passed" start-time="2024-09-08 07:09:16Z" end-time="2024-09-08 07:09:16Z" duration="0.000140" asserts="1" />
                <test-case id="0-1025" name="TestReadInt32(-1)" fullname="PureCloudPlatform.Client.V2.Tests.UpgradeSdkEnumConverterTests.TestReadInt32(-1)" methodname="TestReadInt32" classname="PureCloudPlatform.Client.V2.Tests.UpgradeSdkEnumConverterTests" runstate="Runnable" seed="1905006195" result="Passed" start-time="2024-09-08 07:09:16Z" end-time="2024-09-08 07:09:16Z" duration="0.000135" asserts="1" />
              </test-suite>
              <test-suite type="ParameterizedMethod" id="0-1034" name="TestReadString" fullname="PureCloudPlatform.Client.V2.Tests.UpgradeSdkEnumConverterTests.TestReadString" classname="PureCloudPlatform.Client.V2.Tests.UpgradeSdkEnumConverterTests" runstate="Runnable" testcasecount="7" result="Passed" start-time="2024-09-08 07:09:16Z" end-time="2024-09-08 07:09:16Z" duration="0.001665" total="7" passed="7" failed="0" warnings="0" inconclusive="0" skipped="0" asserts="7">
                <test-case id="0-1027" name="TestReadString(&quot;alerting&quot;)" fullname="PureCloudPlatform.Client.V2.Tests.UpgradeSdkEnumConverterTests.TestReadString(&quot;alerting&quot;)" methodname="TestReadString" classname="PureCloudPlatform.Client.V2.Tests.UpgradeSdkEnumConverterTests" runstate="Runnable" seed="298715782" result="Passed" start-time="2024-09-08 07:09:16Z" end-time="2024-09-08 07:09:16Z" duration="0.000460" asserts="1" />
                <test-case id="0-1028" name="TestReadString(&quot;AlErTiNg&quot;)" fullname="PureCloudPlatform.Client.V2.Tests.UpgradeSdkEnumConverterTests.TestReadString(&quot;AlErTiNg&quot;)" methodname="TestReadString" classname="PureCloudPlatform.Client.V2.Tests.UpgradeSdkEnumConverterTests" runstate="Runnable" seed="580067921" result="Passed" start-time="2024-09-08 07:09:16Z" end-time="2024-09-08 07:09:16Z" duration="0.000155" asserts="1" />
                <test-case id="0-1029" name="TestReadString(&quot;delivery-success&quot;)" fullname="PureCloudPlatform.Client.V2.Tests.UpgradeSdkEnumConverterTests.TestReadString(&quot;delivery-success&quot;)" methodname="TestReadString" classname="PureCloudPlatform.Client.V2.Tests.UpgradeSdkEnumConverterTests" runstate="Runnable" seed="1502153873" result="Passed" start-time="2024-09-08 07:09:16Z" end-time="2024-09-08 07:09:16Z" duration="0.000202" asserts="1" />
                <test-case id="0-1030" name="TestReadString(&quot;Deliverysuccess&quot;)" fullname="PureCloudPlatform.Client.V2.Tests.UpgradeSdkEnumConverterTests.TestReadString(&quot;Deliverysuccess&quot;)" methodname="TestReadString" classname="PureCloudPlatform.Client.V2.Tests.UpgradeSdkEnumConverterTests" runstate="Runnable" seed="158548585" result="Passed" start-time="2024-09-08 07:09:16Z" end-time="2024-09-08 07:09:16Z" duration="0.000190" asserts="1" />
                <test-case id="0-1031" name="TestReadString(&quot;OUTDATED_SDK_VERSION&quot;)" fullname="PureCloudPlatform.Client.V2.Tests.UpgradeSdkEnumConverterTests.TestReadString(&quot;OUTDATED_SDK_VERSION&quot;)" methodname="TestReadString" classname="PureCloudPlatform.Client.V2.Tests.UpgradeSdkEnumConverterTests" runstate="Runnable" seed="1649738700" result="Passed" start-time="2024-09-08 07:09:16Z" end-time="2024-09-08 07:09:16Z" duration="0.000162" asserts="1" />
                <test-case id="0-1032" name="TestReadString(&quot;foo&quot;)" fullname="PureCloudPlatform.Client.V2.Tests.UpgradeSdkEnumConverterTests.TestReadString(&quot;foo&quot;)" methodname="TestReadString" classname="PureCloudPlatform.Client.V2.Tests.UpgradeSdkEnumConverterTests" runstate="Runnable" seed="48402191" result="Passed" start-time="2024-09-08 07:09:16Z" end-time="2024-09-08 07:09:16Z" duration="0.000133" asserts="1" />
                <test-case id="0-1033" name="TestReadString(&quot;&quot;)" fullname="PureCloudPlatform.Client.V2.Tests.UpgradeSdkEnumConverterTests.TestReadString(&quot;&quot;)" methodname="TestReadString" classname="PureCloudPlatform.Client.V2.Tests.UpgradeSdkEnumConverterTests" runstate="Runnable" seed="1713206591" result="Passed" start-time="2024-09-08 07:09:16Z" end-time="2024-09-08 07:09:16Z" duration="0.000191" asserts="1" />
              </test-suite>
              <test-suite type="ParameterizedMethod" id="0-1038" name="TestReadStringNullable" fullname="PureCloudPlatform.Client.V2.Tests.UpgradeSdkEnumConverterTests.TestReadStringNullable" classname="PureCloudPlatform.Client.V2.Tests.UpgradeSdkEnumConverterTests" runstate="Runnable" testcasecount="3" result="Passed" start-time="2024-09-08 07:09:16Z" end-time="2024-09-08 07:09:16Z" duration="0.001510" total="3" passed="3" failed="0" warnings="0" inconclusive="0" skipped="0" asserts="3">
                <test-case id="0-1035" name="TestReadStringNullable(&quot;alerting&quot;)" fullname="PureCloudPlatform.Client.V2.Tests.UpgradeSdkEnumConverterTests.TestReadStringNullable(&quot;alerting&quot;)" methodname="TestReadStringNullable" classname="PureCloudPlatform.Client.V2.Tests.UpgradeSdkEnumConverterTests" runstate="Runnable" seed="627662900" result="Passed" start-time="2024-09-08 07:09:16Z" end-time="2024-09-08 07:09:16Z" duration="0.001113" asserts="1" />
                <test-case id="0-1036" name="TestReadStringNullable(&quot;&quot;)" fullname="PureCloudPlatform.Client.V2.Tests.UpgradeSdkEnumConverterTests.TestReadStringNullable(&quot;&quot;)" methodname="TestReadStringNullable" classname="PureCloudPlatform.Client.V2.Tests.UpgradeSdkEnumConverterTests" runstate="Runnable" seed="1779989796" result="Passed" start-time="2024-09-08 07:09:16Z" end-time="2024-09-08 07:09:16Z" duration="0.000103" asserts="1" />
                <test-case id="0-1037" name="TestReadStringNullable(null)" fullname="PureCloudPlatform.Client.V2.Tests.UpgradeSdkEnumConverterTests.TestReadStringNullable(null)" methodname="TestReadStringNullable" classname="PureCloudPlatform.Client.V2.Tests.UpgradeSdkEnumConverterTests" runstate="Runnable" seed="871273186" result="Passed" start-time="2024-09-08 07:09:16Z" end-time="2024-09-08 07:09:16Z" duration="0.000197" asserts="1" />
              </test-suite>
              <test-suite type="ParameterizedMethod" id="0-1042" name="TestWrite" fullname="PureCloudPlatform.Client.V2.Tests.UpgradeSdkEnumConverterTests.TestWrite" classname="PureCloudPlatform.Client.V2.Tests.UpgradeSdkEnumConverterTests" runstate="Runnable" testcasecount="3" result="Passed" start-time="2024-09-08 07:09:16Z" end-time="2024-09-08 07:09:16Z" duration="0.001470" total="3" passed="3" failed="0" warnings="0" inconclusive="0" skipped="0" asserts="3">
                <test-case id="0-1039" name="TestWrite(Deliverysuccess)" fullname="PureCloudPlatform.Client.V2.Tests.UpgradeSdkEnumConverterTests.TestWrite(Deliverysuccess)" methodname="TestWrite" classname="PureCloudPlatform.Client.V2.Tests.UpgradeSdkEnumConverterTests" runstate="Runnable" seed="803486956" result="Passed" start-time="2024-09-08 07:09:16Z" end-time="2024-09-08 07:09:16Z" duration="0.001224" asserts="1" />
                <test-case id="0-1040" name="TestWrite(OutdatedSdkVersion)" fullname="PureCloudPlatform.Client.V2.Tests.UpgradeSdkEnumConverterTests.TestWrite(OutdatedSdkVersion)" methodname="TestWrite" classname="PureCloudPlatform.Client.V2.Tests.UpgradeSdkEnumConverterTests" runstate="Runnable" seed="1862652039" result="Passed" start-time="2024-09-08 07:09:16Z" end-time="2024-09-08 07:09:16Z" duration="0.000076" asserts="1" />
                <test-case id="0-1041" name="TestWrite(256)" fullname="PureCloudPlatform.Client.V2.Tests.UpgradeSdkEnumConverterTests.TestWrite(256)" methodname="TestWrite" classname="PureCloudPlatform.Client.V2.Tests.UpgradeSdkEnumConverterTests" runstate="Runnable" seed="751930458" result="Passed" start-time="2024-09-08 07:09:16Z" end-time="2024-09-08 07:09:16Z" duration="0.000067" asserts="1" />
              </test-suite>
              <test-suite type="ParameterizedMethod" id="0-1046" name="TestWriteNullable" fullname="PureCloudPlatform.Client.V2.Tests.UpgradeSdkEnumConverterTests.TestWriteNullable" classname="PureCloudPlatform.Client.V2.Tests.UpgradeSdkEnumConverterTests" runstate="Runnable" testcasecount="3" result="Passed" start-time="2024-09-08 07:09:16Z" end-time="2024-09-08 07:09:16Z" duration="0.000667" total="3" passed="3" failed="0" warnings="0" inconclusive="0" skipped="0" asserts="3">
                <test-case id="0-1043" name="TestWriteNullable(Deliverysuccess)" fullname="PureCloudPlatform.Client.V2.Tests.UpgradeSdkEnumConverterTests.TestWriteNullable(Deliverysuccess)" methodname="TestWriteNullable" classname="PureCloudPlatform.Client.V2.Tests.UpgradeSdkEnumConverterTests" runstate="Runnable" seed="1891376798" result="Passed" start-time="2024-09-08 07:09:16Z" end-time="2024-09-08 07:09:16Z" duration="0.000336" asserts="1" />
                <test-case id="0-1044" name="TestWriteNullable(OutdatedSdkVersion)" fullname="PureCloudPlatform.Client.V2.Tests.UpgradeSdkEnumConverterTests.TestWriteNullable(OutdatedSdkVersion)" methodname="TestWriteNullable" classname="PureCloudPlatform.Client.V2.Tests.UpgradeSdkEnumConverterTests" runstate="Runnable" seed="2042895832" result="Passed" start-time="2024-09-08 07:09:16Z" end-time="2024-09-08 07:09:16Z" duration="0.000072" asserts="1" />
                <test-case id="0-1045" name="TestWriteNullable(null)" fullname="PureCloudPlatform.Client.V2.Tests.UpgradeSdkEnumConverterTests.TestWriteNullable(null)" methodname="TestWriteNullable" classname="PureCloudPlatform.Client.V2.Tests.UpgradeSdkEnumConverterTests" runstate="Runnable" seed="1278966243" result="Passed" start-time="2024-09-08 07:09:16Z" end-time="2024-09-08 07:09:16Z" duration="0.000148" asserts="1" />
              </test-suite>
            </test-suite>
          </test-suite>
        </test-suite>
      </test-suite>
    </test-suite>
  </test-suite>
</test-run>