<?xml version="1.0" encoding="utf-8" standalone="no"?>
<test-run id="2" testcasecount="20" result="Passed" total="20" passed="20" failed="0" inconclusive="0" skipped="0" asserts="48" engine-version="3.8.0.0" clr-version="4.0.30319.42000" start-time="2022-10-12 07:46:19Z" end-time="2022-10-12 07:48:25Z" duration="126.351976">
  <command-line><![CDATA[/var/build/workspace/build-platform-sdks-pipeline/resources/sdk/pureclouddotnet/bin/nunit/nunit3-console.exe /var/build/workspace/build-platform-sdks-pipeline/output/pureclouddotnet/build/bin/PureCloudPlatform.Client.V2.Tests.dll]]></command-line>
  <test-suite type="Assembly" id="0-1022" name="PureCloudPlatform.Client.V2.Tests.dll" fullname="/var/build/workspace/build-platform-sdks-pipeline/output/pureclouddotnet/build/bin/PureCloudPlatform.Client.V2.Tests.dll" runstate="Runnable" testcasecount="20" result="Passed" start-time="2022-10-12 07:46:21Z" end-time="2022-10-12 07:48:25Z" duration="124.819271" total="20" passed="20" failed="0" warnings="0" inconclusive="0" skipped="0" asserts="48">
    <environment framework-version="3.10.1.0" clr-version="4.0.30319.42000" os-version="Unix 4.14.291.218" platform="Unix" cwd="/var/build/workspace/build-platform-sdks-pipeline/output/pureclouddotnet/build" machine-name="jenkins-agent-10-25-205-56" user="jenkins" user-domain="jenkins-agent-10-25-205-56" culture="en-US" uiculture="en-US" os-architecture="x64" />
    <settings>
      <setting name="DisposeRunners" value="True" />
      <setting name="WorkDirectory" value="/var/build/workspace/build-platform-sdks-pipeline/output/pureclouddotnet/build" />
      <setting name="ImageRuntimeVersion" value="4.0.30319" />
      <setting name="ImageTargetFrameworkName" value=".NETFramework,Version=v4.5.2" />
      <setting name="ImageRequiresX86" value="False" />
      <setting name="ImageRequiresDefaultAppDomainAssemblyResolver" value="False" />
      <setting name="NumberOfTestWorkers" value="4" />
    </settings>
    <properties>
      <property name="_PID" value="23694" />
      <property name="_APPDOMAIN" value="domain-" />
    </properties>
    <test-suite type="TestSuite" id="0-1023" name="PureCloudPlatform" fullname="PureCloudPlatform" runstate="Runnable" testcasecount="20" result="Passed" start-time="2022-10-12 07:46:21Z" end-time="2022-10-12 07:48:25Z" duration="124.800568" total="20" passed="20" failed="0" warnings="0" inconclusive="0" skipped="0" asserts="48">
      <test-suite type="TestSuite" id="0-1024" name="Client" fullname="PureCloudPlatform.Client" runstate="Runnable" testcasecount="20" result="Passed" start-time="2022-10-12 07:46:21Z" end-time="2022-10-12 07:48:25Z" duration="124.800305" total="20" passed="20" failed="0" warnings="0" inconclusive="0" skipped="0" asserts="48">
        <test-suite type="TestSuite" id="0-1025" name="V2" fullname="PureCloudPlatform.Client.V2" runstate="Runnable" testcasecount="20" result="Passed" start-time="2022-10-12 07:46:21Z" end-time="2022-10-12 07:48:25Z" duration="124.800276" total="20" passed="20" failed="0" warnings="0" inconclusive="0" skipped="0" asserts="48">
          <test-suite type="TestSuite" id="0-1026" name="Tests" fullname="PureCloudPlatform.Client.V2.Tests" runstate="Runnable" testcasecount="20" result="Passed" start-time="2022-10-12 07:46:21Z" end-time="2022-10-12 07:48:25Z" duration="124.800247" total="20" passed="20" failed="0" warnings="0" inconclusive="0" skipped="0" asserts="48">
            <test-suite type="TestFixture" id="0-1000" name="ApiClientTests" fullname="PureCloudPlatform.Client.V2.Tests.ApiClientTests" classname="PureCloudPlatform.Client.V2.Tests.ApiClientTests" runstate="Runnable" testcasecount="12" result="Passed" start-time="2022-10-12 07:46:21Z" end-time="2022-10-12 07:48:24Z" duration="123.017898" total="12" passed="12" failed="0" warnings="0" inconclusive="0" skipped="0" asserts="24">
              <test-case id="0-1007" name="InvokeAsyncTestWith_429" fullname="PureCloudPlatform.Client.V2.Tests.ApiClientTests.InvokeAsyncTestWith_429" methodname="InvokeAsyncTestWith_429" classname="PureCloudPlatform.Client.V2.Tests.ApiClientTests" runstate="Runnable" seed="491527064" result="Passed" start-time="2022-10-12 07:46:22Z" end-time="2022-10-12 07:46:27Z" duration="5.782524" asserts="2" />
              <test-case id="0-1008" name="InvokeAsyncTestWith_429_And_No_MaxRetryTime" fullname="PureCloudPlatform.Client.V2.Tests.ApiClientTests.InvokeAsyncTestWith_429_And_No_MaxRetryTime" methodname="InvokeAsyncTestWith_429_And_No_MaxRetryTime" classname="PureCloudPlatform.Client.V2.Tests.ApiClientTests" runstate="Runnable" seed="2099007940" result="Passed" start-time="2022-10-12 07:46:27Z" end-time="2022-10-12 07:46:27Z" duration="0.010065" asserts="2" />
              <test-case id="0-1009" name="InvokeAsyncTestWith_502" fullname="PureCloudPlatform.Client.V2.Tests.ApiClientTests.InvokeAsyncTestWith_502" methodname="InvokeAsyncTestWith_502" classname="PureCloudPlatform.Client.V2.Tests.ApiClientTests" runstate="Runnable" seed="995422605" result="Passed" start-time="2022-10-12 07:46:27Z" end-time="2022-10-12 07:46:40Z" duration="13.006009" asserts="2" />
              <test-case id="0-1010" name="InvokeAsyncTestWith_503" fullname="PureCloudPlatform.Client.V2.Tests.ApiClientTests.InvokeAsyncTestWith_503" methodname="InvokeAsyncTestWith_503" classname="PureCloudPlatform.Client.V2.Tests.ApiClientTests" runstate="Runnable" seed="282310302" result="Passed" start-time="2022-10-12 07:46:40Z" end-time="2022-10-12 07:47:21Z" duration="40.016923" asserts="2" />
              <test-case id="0-1011" name="InvokeAsyncTestWith_504" fullname="PureCloudPlatform.Client.V2.Tests.ApiClientTests.InvokeAsyncTestWith_504" methodname="InvokeAsyncTestWith_504" classname="PureCloudPlatform.Client.V2.Tests.ApiClientTests" runstate="Runnable" seed="1897355501" result="Passed" start-time="2022-10-12 07:47:21Z" end-time="2022-10-12 07:47:23Z" duration="2.004671" asserts="2" />
              <test-case id="0-1012" name="InvokeAsyncTestWith_504_And_No_MaxRetryTime" fullname="PureCloudPlatform.Client.V2.Tests.ApiClientTests.InvokeAsyncTestWith_504_And_No_MaxRetryTime" methodname="InvokeAsyncTestWith_504_And_No_MaxRetryTime" classname="PureCloudPlatform.Client.V2.Tests.ApiClientTests" runstate="Runnable" seed="1984600622" result="Passed" start-time="2022-10-12 07:47:23Z" end-time="2022-10-12 07:47:23Z" duration="0.007763" asserts="2" />
              <test-case id="0-1001" name="InvokeTestWith_429" fullname="PureCloudPlatform.Client.V2.Tests.ApiClientTests.InvokeTestWith_429" methodname="InvokeTestWith_429" classname="PureCloudPlatform.Client.V2.Tests.ApiClientTests" runstate="Runnable" seed="1400731278" result="Passed" start-time="2022-10-12 07:47:23Z" end-time="2022-10-12 07:47:29Z" duration="6.030158" asserts="2" />
              <test-case id="0-1002" name="InvokeTestWith_429_And_No_MaxRetryTime" fullname="PureCloudPlatform.Client.V2.Tests.ApiClientTests.InvokeTestWith_429_And_No_MaxRetryTime" methodname="InvokeTestWith_429_And_No_MaxRetryTime" classname="PureCloudPlatform.Client.V2.Tests.ApiClientTests" runstate="Runnable" seed="1045876635" result="Passed" start-time="2022-10-12 07:47:29Z" end-time="2022-10-12 07:47:29Z" duration="0.009104" asserts="2" />
              <test-case id="0-1003" name="InvokeTestWith_502" fullname="PureCloudPlatform.Client.V2.Tests.ApiClientTests.InvokeTestWith_502" methodname="InvokeTestWith_502" classname="PureCloudPlatform.Client.V2.Tests.ApiClientTests" runstate="Runnable" seed="243555904" result="Passed" start-time="2022-10-12 07:47:29Z" end-time="2022-10-12 07:47:42Z" duration="13.003575" asserts="2" />
              <test-case id="0-1004" name="InvokeTestWith_503" fullname="PureCloudPlatform.Client.V2.Tests.ApiClientTests.InvokeTestWith_503" methodname="InvokeTestWith_503" classname="PureCloudPlatform.Client.V2.Tests.ApiClientTests" runstate="Runnable" seed="1860546891" result="Passed" start-time="2022-10-12 07:47:42Z" end-time="2022-10-12 07:48:22Z" duration="40.015453" asserts="2" />
              <test-case id="0-1005" name="InvokeTestWith_504" fullname="PureCloudPlatform.Client.V2.Tests.ApiClientTests.InvokeTestWith_504" methodname="InvokeTestWith_504" classname="PureCloudPlatform.Client.V2.Tests.ApiClientTests" runstate="Runnable" seed="1235240025" result="Passed" start-time="2022-10-12 07:48:22Z" end-time="2022-10-12 07:48:24Z" duration="2.003597" asserts="2" />
              <test-case id="0-1006" name="InvokeTestWith_504_No_MaxRetryTime" fullname="PureCloudPlatform.Client.V2.Tests.ApiClientTests.InvokeTestWith_504_No_MaxRetryTime" methodname="InvokeTestWith_504_No_MaxRetryTime" classname="PureCloudPlatform.Client.V2.Tests.ApiClientTests" runstate="Runnable" seed="1179624459" result="Passed" start-time="2022-10-12 07:48:24Z" end-time="2022-10-12 07:48:24Z" duration="0.006042" asserts="2" />
            </test-suite>
            <test-suite type="TestFixture" id="0-1013" name="SdkTests" fullname="PureCloudPlatform.Client.V2.Tests.SdkTests" classname="PureCloudPlatform.Client.V2.Tests.SdkTests" runstate="Runnable" testcasecount="8" result="Passed" start-time="2022-10-12 07:48:24Z" end-time="2022-10-12 07:48:25Z" duration="1.777423" total="8" passed="8" failed="0" warnings="0" inconclusive="0" skipped="0" asserts="24">
              <properties>
                <property name="Timeout" value="60000" />
              </properties>
              <test-case id="0-1014" name="TraceBasicInformation" fullname="PureCloudPlatform.Client.V2.Tests.SdkTests.TraceBasicInformation" methodname="TraceBasicInformation" classname="PureCloudPlatform.Client.V2.Tests.SdkTests" runstate="Runnable" seed="1512133208" result="Passed" start-time="2022-10-12 07:48:24Z" end-time="2022-10-12 07:48:24Z" duration="0.015294" asserts="6">
                <properties>
                  <property name="Order" value="0" />
                </properties>
                <output><![CDATA[PURECLOUD_ENVIRONMENT=mypurecloud.com
PURECLOUD_CLIENT_ID=7de3af06-c0b3-4f9b-af45-72f4a14037cc
userEmail=0c56c6a9-e1d3-49b2-ad02-52852259eadc@mypurecloud.com
]]></output>
              </test-case>
              <test-case id="0-1015" name="Authenticate" fullname="PureCloudPlatform.Client.V2.Tests.SdkTests.Authenticate" methodname="Authenticate" classname="PureCloudPlatform.Client.V2.Tests.SdkTests" runstate="Runnable" seed="512992128" result="Passed" start-time="2022-10-12 07:48:24Z" end-time="2022-10-12 07:48:24Z" duration="0.071069" asserts="1">
                <properties>
                  <property name="Order" value="1" />
                </properties>
              </test-case>
              <test-case id="0-1016" name="CreateUser" fullname="PureCloudPlatform.Client.V2.Tests.SdkTests.CreateUser" methodname="CreateUser" classname="PureCloudPlatform.Client.V2.Tests.SdkTests" runstate="Runnable" seed="1689319137" result="Passed" start-time="2022-10-12 07:48:24Z" end-time="2022-10-12 07:48:24Z" duration="0.739477" asserts="2">
                <properties>
                  <property name="Order" value="2" />
                </properties>
                <output><![CDATA[Created user with ID 710cd7bd-93dd-4925-a969-0cefe3356f2a
]]></output>
              </test-case>
              <test-case id="0-1017" name="UpdateUser" fullname="PureCloudPlatform.Client.V2.Tests.SdkTests.UpdateUser" methodname="UpdateUser" classname="PureCloudPlatform.Client.V2.Tests.SdkTests" runstate="Runnable" seed="845578704" result="Passed" start-time="2022-10-12 07:48:24Z" end-time="2022-10-12 07:48:25Z" duration="0.175113" asserts="4">
                <properties>
                  <property name="Order" value="3" />
                </properties>
              </test-case>
              <test-case id="0-1018" name="SetProfileSkills" fullname="PureCloudPlatform.Client.V2.Tests.SdkTests.SetProfileSkills" methodname="SetProfileSkills" classname="PureCloudPlatform.Client.V2.Tests.SdkTests" runstate="Runnable" seed="1099653060" result="Passed" start-time="2022-10-12 07:48:25Z" end-time="2022-10-12 07:48:25Z" duration="0.059008" asserts="2">
                <properties>
                  <property name="Order" value="4" />
                </properties>
              </test-case>
              <test-case id="0-1019" name="TestNotifications" fullname="PureCloudPlatform.Client.V2.Tests.SdkTests.TestNotifications" methodname="TestNotifications" classname="PureCloudPlatform.Client.V2.Tests.SdkTests" runstate="Runnable" seed="41393443" result="Passed" start-time="2022-10-12 07:48:25Z" end-time="2022-10-12 07:48:25Z" duration="0.582099" asserts="2">
                <properties>
                  <property name="Order" value="5" />
                </properties>
              </test-case>
              <test-case id="0-1020" name="GetUser" fullname="PureCloudPlatform.Client.V2.Tests.SdkTests.GetUser" methodname="GetUser" classname="PureCloudPlatform.Client.V2.Tests.SdkTests" runstate="Runnable" seed="1773874332" result="Passed" start-time="2022-10-12 07:48:25Z" end-time="2022-10-12 07:48:25Z" duration="0.037413" asserts="7">
                <properties>
                  <property name="Order" value="6" />
                </properties>
              </test-case>
              <test-case id="0-1021" name="DeleteUser" fullname="PureCloudPlatform.Client.V2.Tests.SdkTests.DeleteUser" methodname="DeleteUser" classname="PureCloudPlatform.Client.V2.Tests.SdkTests" runstate="Runnable" seed="1120086956" result="Passed" start-time="2022-10-12 07:48:25Z" end-time="2022-10-12 07:48:25Z" duration="0.083756" asserts="0">
                <properties>
                  <property name="Order" value="7" />
                </properties>
              </test-case>
            </test-suite>
          </test-suite>
        </test-suite>
      </test-suite>
    </test-suite>
  </test-suite>
</test-run>