<?xml version="1.0" encoding="utf-8" standalone="no"?>
<test-run id="2" testcasecount="48" result="Passed" total="48" passed="48" failed="0" inconclusive="0" skipped="0" asserts="87" engine-version="3.8.0.0" clr-version="4.0.30319.42000" start-time="2025-06-01 07:23:50Z" end-time="2025-06-01 07:26:07Z" duration="137.407286">
  <command-line><![CDATA[/var/build/workspace/build-platform-sdks-pipeline/resources/sdk/pureclouddotnet/bin/nunit/nunit3-console.exe /var/build/workspace/build-platform-sdks-pipeline/output/pureclouddotnet/build/bin/PureCloudPlatform.Client.V2.Tests.dll]]></command-line>
  <test-suite type="Assembly" id="0-1057" name="PureCloudPlatform.Client.V2.Tests.dll" fullname="/var/build/workspace/build-platform-sdks-pipeline/output/pureclouddotnet/build/bin/PureCloudPlatform.Client.V2.Tests.dll" runstate="Runnable" testcasecount="48" result="Passed" start-time="2025-06-01 07:23:51Z" end-time="2025-06-01 07:26:07Z" duration="136.466857" total="48" passed="48" failed="0" warnings="0" inconclusive="0" skipped="0" asserts="87">
    <environment framework-version="3.10.1.0" clr-version="4.0.30319.42000" os-version="Unix 4.14.355.276" platform="Unix" cwd="/var/build/workspace/build-platform-sdks-pipeline/output/pureclouddotnet/build" machine-name="jenkins-agent-10-25-218-214" user="jenkins" user-domain="jenkins-agent-10-25-218-214" culture="en-US" uiculture="en-US" os-architecture="x64" />
    <settings>
      <setting name="DisposeRunners" value="True" />
      <setting name="WorkDirectory" value="/var/build/workspace/build-platform-sdks-pipeline/output/pureclouddotnet/build" />
      <setting name="ImageRuntimeVersion" value="4.0.30319" />
      <setting name="ImageTargetFrameworkName" value=".NETFramework,Version=v4.7.1" />
      <setting name="ImageRequiresX86" value="False" />
      <setting name="ImageRequiresDefaultAppDomainAssemblyResolver" value="False" />
      <setting name="NumberOfTestWorkers" value="4" />
    </settings>
    <properties>
      <property name="_PID" value="31760" />
      <property name="_APPDOMAIN" value="domain-" />
    </properties>
    <test-suite type="TestSuite" id="0-1058" name="PureCloudPlatform" fullname="PureCloudPlatform" runstate="Runnable" testcasecount="48" result="Passed" start-time="2025-06-01 07:23:51Z" end-time="2025-06-01 07:26:07Z" duration="136.450551" total="48" passed="48" failed="0" warnings="0" inconclusive="0" skipped="0" asserts="87">
      <test-suite type="TestSuite" id="0-1059" name="Client" fullname="PureCloudPlatform.Client" runstate="Runnable" testcasecount="48" result="Passed" start-time="2025-06-01 07:23:51Z" end-time="2025-06-01 07:26:07Z" duration="136.450338" total="48" passed="48" failed="0" warnings="0" inconclusive="0" skipped="0" asserts="87">
        <test-suite type="TestSuite" id="0-1060" name="V2" fullname="PureCloudPlatform.Client.V2" runstate="Runnable" testcasecount="48" result="Passed" start-time="2025-06-01 07:23:51Z" end-time="2025-06-01 07:26:07Z" duration="136.450312" total="48" passed="48" failed="0" warnings="0" inconclusive="0" skipped="0" asserts="87">
          <test-suite type="TestSuite" id="0-1061" name="Tests" fullname="PureCloudPlatform.Client.V2.Tests" runstate="Runnable" testcasecount="48" result="Passed" start-time="2025-06-01 07:23:51Z" end-time="2025-06-01 07:26:07Z" duration="136.450287" total="48" passed="48" failed="0" warnings="0" inconclusive="0" skipped="0" asserts="87">
            <test-suite type="TestFixture" id="0-1018" name="ApiClientTests" fullname="PureCloudPlatform.Client.V2.Tests.ApiClientTests" classname="PureCloudPlatform.Client.V2.Tests.ApiClientTests" runstate="Runnable" testcasecount="12" result="Passed" start-time="2025-06-01 07:23:51Z" end-time="2025-06-01 07:25:52Z" duration="121.937628" total="12" passed="12" failed="0" warnings="0" inconclusive="0" skipped="0" asserts="24">
              <test-case id="0-1025" name="InvokeAsyncTestWith_429" fullname="PureCloudPlatform.Client.V2.Tests.ApiClientTests.InvokeAsyncTestWith_429" methodname="InvokeAsyncTestWith_429" classname="PureCloudPlatform.Client.V2.Tests.ApiClientTests" runstate="Runnable" seed="1313919459" result="Passed" start-time="2025-06-01 07:23:51Z" end-time="2025-06-01 07:23:56Z" duration="5.047462" asserts="2" />
              <test-case id="0-1026" name="InvokeAsyncTestWith_429_And_No_MaxRetryTime" fullname="PureCloudPlatform.Client.V2.Tests.ApiClientTests.InvokeAsyncTestWith_429_And_No_MaxRetryTime" methodname="InvokeAsyncTestWith_429_And_No_MaxRetryTime" classname="PureCloudPlatform.Client.V2.Tests.ApiClientTests" runstate="Runnable" seed="1333488858" result="Passed" start-time="2025-06-01 07:23:56Z" end-time="2025-06-01 07:23:56Z" duration="0.003195" asserts="2" />
              <test-case id="0-1027" name="InvokeAsyncTestWith_502" fullname="PureCloudPlatform.Client.V2.Tests.ApiClientTests.InvokeAsyncTestWith_502" methodname="InvokeAsyncTestWith_502" classname="PureCloudPlatform.Client.V2.Tests.ApiClientTests" runstate="Runnable" seed="214011423" result="Passed" start-time="2025-06-01 07:23:56Z" end-time="2025-06-01 07:24:09Z" duration="13.006536" asserts="2" />
              <test-case id="0-1028" name="InvokeAsyncTestWith_503" fullname="PureCloudPlatform.Client.V2.Tests.ApiClientTests.InvokeAsyncTestWith_503" methodname="InvokeAsyncTestWith_503" classname="PureCloudPlatform.Client.V2.Tests.ApiClientTests" runstate="Runnable" seed="45054572" result="Passed" start-time="2025-06-01 07:24:09Z" end-time="2025-06-01 07:24:49Z" duration="40.006105" asserts="2" />
              <test-case id="0-1029" name="InvokeAsyncTestWith_504" fullname="PureCloudPlatform.Client.V2.Tests.ApiClientTests.InvokeAsyncTestWith_504" methodname="InvokeAsyncTestWith_504" classname="PureCloudPlatform.Client.V2.Tests.ApiClientTests" runstate="Runnable" seed="1093483196" result="Passed" start-time="2025-06-01 07:24:49Z" end-time="2025-06-01 07:24:51Z" duration="2.002815" asserts="2" />
              <test-case id="0-1030" name="InvokeAsyncTestWith_504_And_No_MaxRetryTime" fullname="PureCloudPlatform.Client.V2.Tests.ApiClientTests.InvokeAsyncTestWith_504_And_No_MaxRetryTime" methodname="InvokeAsyncTestWith_504_And_No_MaxRetryTime" classname="PureCloudPlatform.Client.V2.Tests.ApiClientTests" runstate="Runnable" seed="1535389504" result="Passed" start-time="2025-06-01 07:24:51Z" end-time="2025-06-01 07:24:51Z" duration="0.002164" asserts="2" />
              <test-case id="0-1019" name="InvokeTestWith_429" fullname="PureCloudPlatform.Client.V2.Tests.ApiClientTests.InvokeTestWith_429" methodname="InvokeTestWith_429" classname="PureCloudPlatform.Client.V2.Tests.ApiClientTests" runstate="Runnable" seed="284807395" result="Passed" start-time="2025-06-01 07:24:51Z" end-time="2025-06-01 07:24:57Z" duration="6.003556" asserts="2" />
              <test-case id="0-1020" name="InvokeTestWith_429_And_No_MaxRetryTime" fullname="PureCloudPlatform.Client.V2.Tests.ApiClientTests.InvokeTestWith_429_And_No_MaxRetryTime" methodname="InvokeTestWith_429_And_No_MaxRetryTime" classname="PureCloudPlatform.Client.V2.Tests.ApiClientTests" runstate="Runnable" seed="1801558327" result="Passed" start-time="2025-06-01 07:24:57Z" end-time="2025-06-01 07:24:57Z" duration="0.001510" asserts="2" />
              <test-case id="0-1021" name="InvokeTestWith_502" fullname="PureCloudPlatform.Client.V2.Tests.ApiClientTests.InvokeTestWith_502" methodname="InvokeTestWith_502" classname="PureCloudPlatform.Client.V2.Tests.ApiClientTests" runstate="Runnable" seed="902306429" result="Passed" start-time="2025-06-01 07:24:57Z" end-time="2025-06-01 07:25:10Z" duration="13.004231" asserts="2" />
              <test-case id="0-1022" name="InvokeTestWith_503" fullname="PureCloudPlatform.Client.V2.Tests.ApiClientTests.InvokeTestWith_503" methodname="InvokeTestWith_503" classname="PureCloudPlatform.Client.V2.Tests.ApiClientTests" runstate="Runnable" seed="1347008955" result="Passed" start-time="2025-06-01 07:25:10Z" end-time="2025-06-01 07:25:50Z" duration="40.005731" asserts="2" />
              <test-case id="0-1023" name="InvokeTestWith_504" fullname="PureCloudPlatform.Client.V2.Tests.ApiClientTests.InvokeTestWith_504" methodname="InvokeTestWith_504" classname="PureCloudPlatform.Client.V2.Tests.ApiClientTests" runstate="Runnable" seed="797126094" result="Passed" start-time="2025-06-01 07:25:50Z" end-time="2025-06-01 07:25:52Z" duration="2.002571" asserts="2" />
              <test-case id="0-1024" name="InvokeTestWith_504_No_MaxRetryTime" fullname="PureCloudPlatform.Client.V2.Tests.ApiClientTests.InvokeTestWith_504_No_MaxRetryTime" methodname="InvokeTestWith_504_No_MaxRetryTime" classname="PureCloudPlatform.Client.V2.Tests.ApiClientTests" runstate="Runnable" seed="1103297825" result="Passed" start-time="2025-06-01 07:25:52Z" end-time="2025-06-01 07:25:52Z" duration="0.001537" asserts="2" />
            </test-suite>
            <test-suite type="TestFixture" id="0-1009" name="MTLSTests" fullname="PureCloudPlatform.Client.V2.Tests.MTLSTests" classname="PureCloudPlatform.Client.V2.Tests.MTLSTests" runstate="Runnable" testcasecount="8" result="Passed" start-time="2025-06-01 07:25:52Z" end-time="2025-06-01 07:26:00Z" duration="7.177739" total="8" passed="8" failed="0" warnings="0" inconclusive="0" skipped="0" asserts="20">
              <properties>
                <property name="Timeout" value="70000" />
              </properties>
              <test-case id="0-1010" name="TraceBasicInformation" fullname="PureCloudPlatform.Client.V2.Tests.MTLSTests.TraceBasicInformation" methodname="TraceBasicInformation" classname="PureCloudPlatform.Client.V2.Tests.MTLSTests" runstate="Runnable" seed="1837934082" result="Passed" start-time="2025-06-01 07:25:52Z" end-time="2025-06-01 07:25:52Z" duration="0.005174" asserts="6">
                <properties>
                  <property name="Order" value="0" />
                </properties>
                <output><![CDATA[PURECLOUD_ENVIRONMENT=mypurecloud.com
PURECLOUD_CLIENT_ID=7de3af06-c0b3-4f9b-af45-72f4a14037cc
userEmail=960828eb-6082-4ed4-9f4c-63de274bce41@mypurecloud.com
]]></output>
              </test-case>
              <test-case id="0-1011" name="ConfigureMTLSAndGateway" fullname="PureCloudPlatform.Client.V2.Tests.MTLSTests.ConfigureMTLSAndGateway" methodname="ConfigureMTLSAndGateway" classname="PureCloudPlatform.Client.V2.Tests.MTLSTests" runstate="Runnable" seed="198125856" result="Passed" start-time="2025-06-01 07:25:52Z" end-time="2025-06-01 07:25:52Z" duration="0.008117" asserts="1">
                <properties>
                  <property name="Order" value="1" />
                </properties>
              </test-case>
              <test-case id="0-1012" name="Authenticate" fullname="PureCloudPlatform.Client.V2.Tests.MTLSTests.Authenticate" methodname="Authenticate" classname="PureCloudPlatform.Client.V2.Tests.MTLSTests" runstate="Runnable" seed="1750997159" result="Passed" start-time="2025-06-01 07:25:52Z" end-time="2025-06-01 07:25:53Z" duration="0.261596" asserts="1">
                <properties>
                  <property name="Order" value="2" />
                </properties>
                <output><![CDATA[In Certificate Validation Callback
Accepting Test Cert based on thumbprint
]]></output>
              </test-case>
              <test-case id="0-1013" name="CreateUser" fullname="PureCloudPlatform.Client.V2.Tests.MTLSTests.CreateUser" methodname="CreateUser" classname="PureCloudPlatform.Client.V2.Tests.MTLSTests" runstate="Runnable" seed="103666999" result="Passed" start-time="2025-06-01 07:25:53Z" end-time="2025-06-01 07:25:53Z" duration="0.453041" asserts="2">
                <properties>
                  <property name="Order" value="3" />
                </properties>
                <output><![CDATA[CorrelationId for PostUsersWithHttpInfo 1484a98b-7aba-4a07-9f28-d6bd94681f38
Version for PostUsersWithHttpInfo 1
Created user with ID 3b065043-238a-4528-8172-8738f152e854
In Certificate Validation Callback
Accepting Test Cert based on thumbprint
In Certificate Validation Callback
Accepting Test Cert based on thumbprint
In Certificate Validation Callback
Accepting Test Cert based on thumbprint
]]></output>
              </test-case>
              <test-case id="0-1014" name="UpdateUser" fullname="PureCloudPlatform.Client.V2.Tests.MTLSTests.UpdateUser" methodname="UpdateUser" classname="PureCloudPlatform.Client.V2.Tests.MTLSTests" runstate="Runnable" seed="858677814" result="Passed" start-time="2025-06-01 07:25:53Z" end-time="2025-06-01 07:25:53Z" duration="0.146834" asserts="6">
                <properties>
                  <property name="Order" value="4" />
                </properties>
                <output><![CDATA[Running Pre-Request Hook
Pre-Hook: Making PATCH request to /api/v2/users/{userId}
Running Post-Request Hook
Post-Hook: Received status code 200
]]></output>
              </test-case>
              <test-case id="0-1015" name="GetUser" fullname="PureCloudPlatform.Client.V2.Tests.MTLSTests.GetUser" methodname="GetUser" classname="PureCloudPlatform.Client.V2.Tests.MTLSTests" runstate="Runnable" seed="1723729119" result="Passed" start-time="2025-06-01 07:25:53Z" end-time="2025-06-01 07:25:59Z" duration="6.106105" asserts="4">
                <properties>
                  <property name="Retry" value="2" />
                  <property name="Order" value="5" />
                </properties>
                <output><![CDATA[CorrelationId for GetUserWithHttpInfo 8b920144-24af-473b-af20-f4674bddeedb
Version for GetUserWithHttpInfo 2
]]></output>
              </test-case>
              <test-case id="0-1016" name="DeleteUser" fullname="PureCloudPlatform.Client.V2.Tests.MTLSTests.DeleteUser" methodname="DeleteUser" classname="PureCloudPlatform.Client.V2.Tests.MTLSTests" runstate="Runnable" seed="336689670" result="Passed" start-time="2025-06-01 07:25:59Z" end-time="2025-06-01 07:26:00Z" duration="0.192461" asserts="0">
                <properties>
                  <property name="Order" value="6" />
                </properties>
                <output><![CDATA[Deleted user with ID 3b065043-238a-4528-8172-8738f152e854
]]></output>
              </test-case>
              <test-case id="0-1017" name="CleanUp" fullname="PureCloudPlatform.Client.V2.Tests.MTLSTests.CleanUp" methodname="CleanUp" classname="PureCloudPlatform.Client.V2.Tests.MTLSTests" runstate="Runnable" seed="1502613081" result="Passed" start-time="2025-06-01 07:26:00Z" end-time="2025-06-01 07:26:00Z" duration="0.000521" asserts="0">
                <properties>
                  <property name="Order" value="7" />
                </properties>
              </test-case>
            </test-suite>
            <test-suite type="TestFixture" id="0-1000" name="SdkTests" fullname="PureCloudPlatform.Client.V2.Tests.SdkTests" classname="PureCloudPlatform.Client.V2.Tests.SdkTests" runstate="Runnable" testcasecount="8" result="Passed" start-time="2025-06-01 07:26:00Z" end-time="2025-06-01 07:26:07Z" duration="7.320976" total="8" passed="8" failed="0" warnings="0" inconclusive="0" skipped="0" asserts="23">
              <properties>
                <property name="Timeout" value="70000" />
              </properties>
              <test-case id="0-1001" name="TraceBasicInformation" fullname="PureCloudPlatform.Client.V2.Tests.SdkTests.TraceBasicInformation" methodname="TraceBasicInformation" classname="PureCloudPlatform.Client.V2.Tests.SdkTests" runstate="Runnable" seed="130886462" result="Passed" start-time="2025-06-01 07:26:00Z" end-time="2025-06-01 07:26:00Z" duration="0.000595" asserts="6">
                <properties>
                  <property name="Order" value="0" />
                </properties>
                <output><![CDATA[PURECLOUD_ENVIRONMENT=mypurecloud.com
PURECLOUD_CLIENT_ID=7de3af06-c0b3-4f9b-af45-72f4a14037cc
userEmail=4928eccf-4def-4943-9f78-487963c7f569@mypurecloud.com
]]></output>
              </test-case>
              <test-case id="0-1002" name="Authenticate" fullname="PureCloudPlatform.Client.V2.Tests.SdkTests.Authenticate" methodname="Authenticate" classname="PureCloudPlatform.Client.V2.Tests.SdkTests" runstate="Runnable" seed="503510053" result="Passed" start-time="2025-06-01 07:26:00Z" end-time="2025-06-01 07:26:00Z" duration="0.105091" asserts="1">
                <properties>
                  <property name="Order" value="1" />
                </properties>
              </test-case>
              <test-case id="0-1003" name="CreateUser" fullname="PureCloudPlatform.Client.V2.Tests.SdkTests.CreateUser" methodname="CreateUser" classname="PureCloudPlatform.Client.V2.Tests.SdkTests" runstate="Runnable" seed="322707497" result="Passed" start-time="2025-06-01 07:26:00Z" end-time="2025-06-01 07:26:00Z" duration="0.453214" asserts="2">
                <properties>
                  <property name="Order" value="2" />
                </properties>
                <output><![CDATA[CorrelationId for PostUsersWithHttpInfo 832dfadc-aa8e-450a-a2ee-4389763d19cd
Version for PostUsersWithHttpInfo 1
Created user with ID 912fc742-de63-4251-9941-2c56f1b277d6
]]></output>
              </test-case>
              <test-case id="0-1004" name="UpdateUser" fullname="PureCloudPlatform.Client.V2.Tests.SdkTests.UpdateUser" methodname="UpdateUser" classname="PureCloudPlatform.Client.V2.Tests.SdkTests" runstate="Runnable" seed="1361460392" result="Passed" start-time="2025-06-01 07:26:00Z" end-time="2025-06-01 07:26:00Z" duration="0.136678" asserts="4">
                <properties>
                  <property name="Order" value="3" />
                </properties>
              </test-case>
              <test-case id="0-1005" name="SetProfileSkills" fullname="PureCloudPlatform.Client.V2.Tests.SdkTests.SetProfileSkills" methodname="SetProfileSkills" classname="PureCloudPlatform.Client.V2.Tests.SdkTests" runstate="Runnable" seed="274671794" result="Passed" start-time="2025-06-01 07:26:00Z" end-time="2025-06-01 07:26:00Z" duration="0.128112" asserts="2">
                <properties>
                  <property name="Order" value="4" />
                </properties>
                <output><![CDATA[CorrelationId for PutUserProfileskillsWithHttpInfo 932ae8c3-cbf7-48e2-a8bf-5e0f48fd39ae
]]></output>
              </test-case>
              <test-case id="0-1006" name="TestNotifications" fullname="PureCloudPlatform.Client.V2.Tests.SdkTests.TestNotifications" methodname="TestNotifications" classname="PureCloudPlatform.Client.V2.Tests.SdkTests" runstate="Runnable" seed="1395126788" result="Passed" start-time="2025-06-01 07:26:00Z" end-time="2025-06-01 07:26:01Z" duration="0.333370" asserts="2">
                <properties>
                  <property name="Order" value="5" />
                </properties>
              </test-case>
              <test-case id="0-1007" name="GetUser" fullname="PureCloudPlatform.Client.V2.Tests.SdkTests.GetUser" methodname="GetUser" classname="PureCloudPlatform.Client.V2.Tests.SdkTests" runstate="Runnable" seed="679496449" result="Passed" start-time="2025-06-01 07:26:01Z" end-time="2025-06-01 07:26:07Z" duration="6.029191" asserts="6">
                <properties>
                  <property name="Retry" value="2" />
                  <property name="Order" value="6" />
                </properties>
                <output><![CDATA[Running Pre-Request Hook
Pre-Hook: Making GET request to /api/v2/users/{userId}
Running Post-Request Hook
Post-Hook: Received status code 200
CorrelationId for GetUserWithHttpInfo 162de4c0-4b27-41f9-828a-17d342f28e93
Version for GetUserWithHttpInfo 3
]]></output>
              </test-case>
              <test-case id="0-1008" name="DeleteUserWithProxy" fullname="PureCloudPlatform.Client.V2.Tests.SdkTests.DeleteUserWithProxy" methodname="DeleteUserWithProxy" classname="PureCloudPlatform.Client.V2.Tests.SdkTests" runstate="Runnable" seed="441186590" result="Passed" start-time="2025-06-01 07:26:07Z" end-time="2025-06-01 07:26:07Z" duration="0.133337" asserts="0">
                <properties>
                  <property name="Order" value="7" />
                </properties>
              </test-case>
            </test-suite>
            <test-suite type="TestFixture" id="0-1031" name="UpgradeSdkEnumConverterTests" fullname="PureCloudPlatform.Client.V2.Tests.UpgradeSdkEnumConverterTests" classname="PureCloudPlatform.Client.V2.Tests.UpgradeSdkEnumConverterTests" runstate="Runnable" testcasecount="20" result="Passed" start-time="2025-06-01 07:26:07Z" end-time="2025-06-01 07:26:07Z" duration="0.010803" total="20" passed="20" failed="0" warnings="0" inconclusive="0" skipped="0" asserts="20">
              <test-suite type="ParameterizedMethod" id="0-1036" name="TestReadInt32" fullname="PureCloudPlatform.Client.V2.Tests.UpgradeSdkEnumConverterTests.TestReadInt32" classname="PureCloudPlatform.Client.V2.Tests.UpgradeSdkEnumConverterTests" runstate="Runnable" testcasecount="4" result="Passed" start-time="2025-06-01 07:26:07Z" end-time="2025-06-01 07:26:07Z" duration="0.004943" total="4" passed="4" failed="0" warnings="0" inconclusive="0" skipped="0" asserts="4">
                <test-case id="0-1032" name="TestReadInt32(0)" fullname="PureCloudPlatform.Client.V2.Tests.UpgradeSdkEnumConverterTests.TestReadInt32(0)" methodname="TestReadInt32" classname="PureCloudPlatform.Client.V2.Tests.UpgradeSdkEnumConverterTests" runstate="Runnable" seed="219572728" result="Passed" start-time="2025-06-01 07:26:07Z" end-time="2025-06-01 07:26:07Z" duration="0.004140" asserts="1" />
                <test-case id="0-1033" name="TestReadInt32(1)" fullname="PureCloudPlatform.Client.V2.Tests.UpgradeSdkEnumConverterTests.TestReadInt32(1)" methodname="TestReadInt32" classname="PureCloudPlatform.Client.V2.Tests.UpgradeSdkEnumConverterTests" runstate="Runnable" seed="1361887799" result="Passed" start-time="2025-06-01 07:26:07Z" end-time="2025-06-01 07:26:07Z" duration="0.000182" asserts="1" />
                <test-case id="0-1034" name="TestReadInt32(256)" fullname="PureCloudPlatform.Client.V2.Tests.UpgradeSdkEnumConverterTests.TestReadInt32(256)" methodname="TestReadInt32" classname="PureCloudPlatform.Client.V2.Tests.UpgradeSdkEnumConverterTests" runstate="Runnable" seed="1519196812" result="Passed" start-time="2025-06-01 07:26:07Z" end-time="2025-06-01 07:26:07Z" duration="0.000143" asserts="1" />
                <test-case id="0-1035" name="TestReadInt32(-1)" fullname="PureCloudPlatform.Client.V2.Tests.UpgradeSdkEnumConverterTests.TestReadInt32(-1)" methodname="TestReadInt32" classname="PureCloudPlatform.Client.V2.Tests.UpgradeSdkEnumConverterTests" runstate="Runnable" seed="1339555180" result="Passed" start-time="2025-06-01 07:26:07Z" end-time="2025-06-01 07:26:07Z" duration="0.000117" asserts="1" />
              </test-suite>
              <test-suite type="ParameterizedMethod" id="0-1044" name="TestReadString" fullname="PureCloudPlatform.Client.V2.Tests.UpgradeSdkEnumConverterTests.TestReadString" classname="PureCloudPlatform.Client.V2.Tests.UpgradeSdkEnumConverterTests" runstate="Runnable" testcasecount="7" result="Passed" start-time="2025-06-01 07:26:07Z" end-time="2025-06-01 07:26:07Z" duration="0.001786" total="7" passed="7" failed="0" warnings="0" inconclusive="0" skipped="0" asserts="7">
                <test-case id="0-1037" name="TestReadString(&quot;alerting&quot;)" fullname="PureCloudPlatform.Client.V2.Tests.UpgradeSdkEnumConverterTests.TestReadString(&quot;alerting&quot;)" methodname="TestReadString" classname="PureCloudPlatform.Client.V2.Tests.UpgradeSdkEnumConverterTests" runstate="Runnable" seed="1635861825" result="Passed" start-time="2025-06-01 07:26:07Z" end-time="2025-06-01 07:26:07Z" duration="0.000470" asserts="1" />
                <test-case id="0-1038" name="TestReadString(&quot;AlErTiNg&quot;)" fullname="PureCloudPlatform.Client.V2.Tests.UpgradeSdkEnumConverterTests.TestReadString(&quot;AlErTiNg&quot;)" methodname="TestReadString" classname="PureCloudPlatform.Client.V2.Tests.UpgradeSdkEnumConverterTests" runstate="Runnable" seed="1548013924" result="Passed" start-time="2025-06-01 07:26:07Z" end-time="2025-06-01 07:26:07Z" duration="0.000210" asserts="1" />
                <test-case id="0-1039" name="TestReadString(&quot;delivery-success&quot;)" fullname="PureCloudPlatform.Client.V2.Tests.UpgradeSdkEnumConverterTests.TestReadString(&quot;delivery-success&quot;)" methodname="TestReadString" classname="PureCloudPlatform.Client.V2.Tests.UpgradeSdkEnumConverterTests" runstate="Runnable" seed="1081509646" result="Passed" start-time="2025-06-01 07:26:07Z" end-time="2025-06-01 07:26:07Z" duration="0.000169" asserts="1" />
                <test-case id="0-1040" name="TestReadString(&quot;Deliverysuccess&quot;)" fullname="PureCloudPlatform.Client.V2.Tests.UpgradeSdkEnumConverterTests.TestReadString(&quot;Deliverysuccess&quot;)" methodname="TestReadString" classname="PureCloudPlatform.Client.V2.Tests.UpgradeSdkEnumConverterTests" runstate="Runnable" seed="716984369" result="Passed" start-time="2025-06-01 07:26:07Z" end-time="2025-06-01 07:26:07Z" duration="0.000177" asserts="1" />
                <test-case id="0-1041" name="TestReadString(&quot;OUTDATED_SDK_VERSION&quot;)" fullname="PureCloudPlatform.Client.V2.Tests.UpgradeSdkEnumConverterTests.TestReadString(&quot;OUTDATED_SDK_VERSION&quot;)" methodname="TestReadString" classname="PureCloudPlatform.Client.V2.Tests.UpgradeSdkEnumConverterTests" runstate="Runnable" seed="726770968" result="Passed" start-time="2025-06-01 07:26:07Z" end-time="2025-06-01 07:26:07Z" duration="0.000169" asserts="1" />
                <test-case id="0-1042" name="TestReadString(&quot;foo&quot;)" fullname="PureCloudPlatform.Client.V2.Tests.UpgradeSdkEnumConverterTests.TestReadString(&quot;foo&quot;)" methodname="TestReadString" classname="PureCloudPlatform.Client.V2.Tests.UpgradeSdkEnumConverterTests" runstate="Runnable" seed="1717747073" result="Passed" start-time="2025-06-01 07:26:07Z" end-time="2025-06-01 07:26:07Z" duration="0.000199" asserts="1" />
                <test-case id="0-1043" name="TestReadString(&quot;&quot;)" fullname="PureCloudPlatform.Client.V2.Tests.UpgradeSdkEnumConverterTests.TestReadString(&quot;&quot;)" methodname="TestReadString" classname="PureCloudPlatform.Client.V2.Tests.UpgradeSdkEnumConverterTests" runstate="Runnable" seed="2044995368" result="Passed" start-time="2025-06-01 07:26:07Z" end-time="2025-06-01 07:26:07Z" duration="0.000194" asserts="1" />
              </test-suite>
              <test-suite type="ParameterizedMethod" id="0-1048" name="TestReadStringNullable" fullname="PureCloudPlatform.Client.V2.Tests.UpgradeSdkEnumConverterTests.TestReadStringNullable" classname="PureCloudPlatform.Client.V2.Tests.UpgradeSdkEnumConverterTests" runstate="Runnable" testcasecount="3" result="Passed" start-time="2025-06-01 07:26:07Z" end-time="2025-06-01 07:26:07Z" duration="0.001613" total="3" passed="3" failed="0" warnings="0" inconclusive="0" skipped="0" asserts="3">
                <test-case id="0-1045" name="TestReadStringNullable(&quot;alerting&quot;)" fullname="PureCloudPlatform.Client.V2.Tests.UpgradeSdkEnumConverterTests.TestReadStringNullable(&quot;alerting&quot;)" methodname="TestReadStringNullable" classname="PureCloudPlatform.Client.V2.Tests.UpgradeSdkEnumConverterTests" runstate="Runnable" seed="1417451962" result="Passed" start-time="2025-06-01 07:26:07Z" end-time="2025-06-01 07:26:07Z" duration="0.001157" asserts="1" />
                <test-case id="0-1046" name="TestReadStringNullable(&quot;&quot;)" fullname="PureCloudPlatform.Client.V2.Tests.UpgradeSdkEnumConverterTests.TestReadStringNullable(&quot;&quot;)" methodname="TestReadStringNullable" classname="PureCloudPlatform.Client.V2.Tests.UpgradeSdkEnumConverterTests" runstate="Runnable" seed="893324729" result="Passed" start-time="2025-06-01 07:26:07Z" end-time="2025-06-01 07:26:07Z" duration="0.000122" asserts="1" />
                <test-case id="0-1047" name="TestReadStringNullable(null)" fullname="PureCloudPlatform.Client.V2.Tests.UpgradeSdkEnumConverterTests.TestReadStringNullable(null)" methodname="TestReadStringNullable" classname="PureCloudPlatform.Client.V2.Tests.UpgradeSdkEnumConverterTests" runstate="Runnable" seed="1653268668" result="Passed" start-time="2025-06-01 07:26:07Z" end-time="2025-06-01 07:26:07Z" duration="0.000215" asserts="1" />
              </test-suite>
              <test-suite type="ParameterizedMethod" id="0-1052" name="TestWrite" fullname="PureCloudPlatform.Client.V2.Tests.UpgradeSdkEnumConverterTests.TestWrite" classname="PureCloudPlatform.Client.V2.Tests.UpgradeSdkEnumConverterTests" runstate="Runnable" testcasecount="3" result="Passed" start-time="2025-06-01 07:26:07Z" end-time="2025-06-01 07:26:07Z" duration="0.001279" total="3" passed="3" failed="0" warnings="0" inconclusive="0" skipped="0" asserts="3">
                <test-case id="0-1049" name="TestWrite(Deliverysuccess)" fullname="PureCloudPlatform.Client.V2.Tests.UpgradeSdkEnumConverterTests.TestWrite(Deliverysuccess)" methodname="TestWrite" classname="PureCloudPlatform.Client.V2.Tests.UpgradeSdkEnumConverterTests" runstate="Runnable" seed="312813626" result="Passed" start-time="2025-06-01 07:26:07Z" end-time="2025-06-01 07:26:07Z" duration="0.001049" asserts="1" />
                <test-case id="0-1050" name="TestWrite(OutdatedSdkVersion)" fullname="PureCloudPlatform.Client.V2.Tests.UpgradeSdkEnumConverterTests.TestWrite(OutdatedSdkVersion)" methodname="TestWrite" classname="PureCloudPlatform.Client.V2.Tests.UpgradeSdkEnumConverterTests" runstate="Runnable" seed="1875082359" result="Passed" start-time="2025-06-01 07:26:07Z" end-time="2025-06-01 07:26:07Z" duration="0.000078" asserts="1" />
                <test-case id="0-1051" name="TestWrite(256)" fullname="PureCloudPlatform.Client.V2.Tests.UpgradeSdkEnumConverterTests.TestWrite(256)" methodname="TestWrite" classname="PureCloudPlatform.Client.V2.Tests.UpgradeSdkEnumConverterTests" runstate="Runnable" seed="2065613292" result="Passed" start-time="2025-06-01 07:26:07Z" end-time="2025-06-01 07:26:07Z" duration="0.000058" asserts="1" />
              </test-suite>
              <test-suite type="ParameterizedMethod" id="0-1056" name="TestWriteNullable" fullname="PureCloudPlatform.Client.V2.Tests.UpgradeSdkEnumConverterTests.TestWriteNullable" classname="PureCloudPlatform.Client.V2.Tests.UpgradeSdkEnumConverterTests" runstate="Runnable" testcasecount="3" result="Passed" start-time="2025-06-01 07:26:07Z" end-time="2025-06-01 07:26:07Z" duration="0.000918" total="3" passed="3" failed="0" warnings="0" inconclusive="0" skipped="0" asserts="3">
                <test-case id="0-1053" name="TestWriteNullable(Deliverysuccess)" fullname="PureCloudPlatform.Client.V2.Tests.UpgradeSdkEnumConverterTests.TestWriteNullable(Deliverysuccess)" methodname="TestWriteNullable" classname="PureCloudPlatform.Client.V2.Tests.UpgradeSdkEnumConverterTests" runstate="Runnable" seed="991887540" result="Passed" start-time="2025-06-01 07:26:07Z" end-time="2025-06-01 07:26:07Z" duration="0.000254" asserts="1" />
                <test-case id="0-1054" name="TestWriteNullable(OutdatedSdkVersion)" fullname="PureCloudPlatform.Client.V2.Tests.UpgradeSdkEnumConverterTests.TestWriteNullable(OutdatedSdkVersion)" methodname="TestWriteNullable" classname="PureCloudPlatform.Client.V2.Tests.UpgradeSdkEnumConverterTests" runstate="Runnable" seed="1874674008" result="Passed" start-time="2025-06-01 07:26:07Z" end-time="2025-06-01 07:26:07Z" duration="0.000117" asserts="1" />
                <test-case id="0-1055" name="TestWriteNullable(null)" fullname="PureCloudPlatform.Client.V2.Tests.UpgradeSdkEnumConverterTests.TestWriteNullable(null)" methodname="TestWriteNullable" classname="PureCloudPlatform.Client.V2.Tests.UpgradeSdkEnumConverterTests" runstate="Runnable" seed="223513392" result="Passed" start-time="2025-06-01 07:26:07Z" end-time="2025-06-01 07:26:07Z" duration="0.000215" asserts="1" />
              </test-suite>
            </test-suite>
          </test-suite>
        </test-suite>
      </test-suite>
    </test-suite>
  </test-suite>
</test-run>