<?xml version="1.0" encoding="utf-8" standalone="no"?>
<test-run id="2" testcasecount="48" result="Passed" total="48" passed="48" failed="0" inconclusive="0" skipped="0" asserts="87" engine-version="3.8.0.0" clr-version="4.0.30319.42000" start-time="2025-08-27 10:05:22Z" end-time="2025-08-27 10:07:39Z" duration="137.543535">
  <command-line><![CDATA[/var/build/workspace/build-platform-sdks-pipeline/resources/sdk/pureclouddotnet/bin/nunit/nunit3-console.exe /var/build/workspace/build-platform-sdks-pipeline/output/pureclouddotnet/build/bin/PureCloudPlatform.Client.V2.Tests.dll]]></command-line>
  <test-suite type="Assembly" id="0-1057" name="PureCloudPlatform.Client.V2.Tests.dll" fullname="/var/build/workspace/build-platform-sdks-pipeline/output/pureclouddotnet/build/bin/PureCloudPlatform.Client.V2.Tests.dll" runstate="Runnable" testcasecount="48" result="Passed" start-time="2025-08-27 10:05:23Z" end-time="2025-08-27 10:07:39Z" duration="136.478445" total="48" passed="48" failed="0" warnings="0" inconclusive="0" skipped="0" asserts="87">
    <environment framework-version="3.10.1.0" clr-version="4.0.30319.42000" os-version="Unix 4.14.355.280" platform="Unix" cwd="/var/build/workspace/build-platform-sdks-pipeline/output/pureclouddotnet/build" machine-name="jenkins-agent-10-25-199-131" user="jenkins" user-domain="jenkins-agent-10-25-199-131" culture="en-US" uiculture="en-US" os-architecture="x64" />
    <settings>
      <setting name="DisposeRunners" value="True" />
      <setting name="WorkDirectory" value="/var/build/workspace/build-platform-sdks-pipeline/output/pureclouddotnet/build" />
      <setting name="ImageRuntimeVersion" value="4.0.30319" />
      <setting name="ImageTargetFrameworkName" value=".NETFramework,Version=v4.7.1" />
      <setting name="ImageRequiresX86" value="False" />
      <setting name="ImageRequiresDefaultAppDomainAssemblyResolver" value="False" />
      <setting name="NumberOfTestWorkers" value="4" />
    </settings>
    <properties>
      <property name="_PID" value="1590" />
      <property name="_APPDOMAIN" value="domain-" />
    </properties>
    <test-suite type="TestSuite" id="0-1058" name="PureCloudPlatform" fullname="PureCloudPlatform" runstate="Runnable" testcasecount="48" result="Passed" start-time="2025-08-27 10:05:23Z" end-time="2025-08-27 10:07:39Z" duration="136.448662" total="48" passed="48" failed="0" warnings="0" inconclusive="0" skipped="0" asserts="87">
      <test-suite type="TestSuite" id="0-1059" name="Client" fullname="PureCloudPlatform.Client" runstate="Runnable" testcasecount="48" result="Passed" start-time="2025-08-27 10:05:23Z" end-time="2025-08-27 10:07:39Z" duration="136.448428" total="48" passed="48" failed="0" warnings="0" inconclusive="0" skipped="0" asserts="87">
        <test-suite type="TestSuite" id="0-1060" name="V2" fullname="PureCloudPlatform.Client.V2" runstate="Runnable" testcasecount="48" result="Passed" start-time="2025-08-27 10:05:23Z" end-time="2025-08-27 10:07:39Z" duration="136.448403" total="48" passed="48" failed="0" warnings="0" inconclusive="0" skipped="0" asserts="87">
          <test-suite type="TestSuite" id="0-1061" name="Tests" fullname="PureCloudPlatform.Client.V2.Tests" runstate="Runnable" testcasecount="48" result="Passed" start-time="2025-08-27 10:05:23Z" end-time="2025-08-27 10:07:39Z" duration="136.448376" total="48" passed="48" failed="0" warnings="0" inconclusive="0" skipped="0" asserts="87">
            <test-suite type="TestFixture" id="0-1018" name="ApiClientTests" fullname="PureCloudPlatform.Client.V2.Tests.ApiClientTests" classname="PureCloudPlatform.Client.V2.Tests.ApiClientTests" runstate="Runnable" testcasecount="12" result="Passed" start-time="2025-08-27 10:05:23Z" end-time="2025-08-27 10:07:25Z" duration="122.137002" total="12" passed="12" failed="0" warnings="0" inconclusive="0" skipped="0" asserts="24">
              <test-case id="0-1025" name="InvokeAsyncTestWith_429" fullname="PureCloudPlatform.Client.V2.Tests.ApiClientTests.InvokeAsyncTestWith_429" methodname="InvokeAsyncTestWith_429" classname="PureCloudPlatform.Client.V2.Tests.ApiClientTests" runstate="Runnable" seed="1643288641" result="Passed" start-time="2025-08-27 10:05:24Z" end-time="2025-08-27 10:05:29Z" duration="5.043756" asserts="2" />
              <test-case id="0-1026" name="InvokeAsyncTestWith_429_And_No_MaxRetryTime" fullname="PureCloudPlatform.Client.V2.Tests.ApiClientTests.InvokeAsyncTestWith_429_And_No_MaxRetryTime" methodname="InvokeAsyncTestWith_429_And_No_MaxRetryTime" classname="PureCloudPlatform.Client.V2.Tests.ApiClientTests" runstate="Runnable" seed="1342727128" result="Passed" start-time="2025-08-27 10:05:29Z" end-time="2025-08-27 10:05:29Z" duration="0.008770" asserts="2" />
              <test-case id="0-1027" name="InvokeAsyncTestWith_502" fullname="PureCloudPlatform.Client.V2.Tests.ApiClientTests.InvokeAsyncTestWith_502" methodname="InvokeAsyncTestWith_502" classname="PureCloudPlatform.Client.V2.Tests.ApiClientTests" runstate="Runnable" seed="766733878" result="Passed" start-time="2025-08-27 10:05:29Z" end-time="2025-08-27 10:05:42Z" duration="13.006791" asserts="2" />
              <test-case id="0-1028" name="InvokeAsyncTestWith_503" fullname="PureCloudPlatform.Client.V2.Tests.ApiClientTests.InvokeAsyncTestWith_503" methodname="InvokeAsyncTestWith_503" classname="PureCloudPlatform.Client.V2.Tests.ApiClientTests" runstate="Runnable" seed="1287312967" result="Passed" start-time="2025-08-27 10:05:42Z" end-time="2025-08-27 10:06:22Z" duration="40.016010" asserts="2" />
              <test-case id="0-1029" name="InvokeAsyncTestWith_504" fullname="PureCloudPlatform.Client.V2.Tests.ApiClientTests.InvokeAsyncTestWith_504" methodname="InvokeAsyncTestWith_504" classname="PureCloudPlatform.Client.V2.Tests.ApiClientTests" runstate="Runnable" seed="1745997061" result="Passed" start-time="2025-08-27 10:06:22Z" end-time="2025-08-27 10:06:24Z" duration="2.003654" asserts="2" />
              <test-case id="0-1030" name="InvokeAsyncTestWith_504_And_No_MaxRetryTime" fullname="PureCloudPlatform.Client.V2.Tests.ApiClientTests.InvokeAsyncTestWith_504_And_No_MaxRetryTime" methodname="InvokeAsyncTestWith_504_And_No_MaxRetryTime" classname="PureCloudPlatform.Client.V2.Tests.ApiClientTests" runstate="Runnable" seed="1350195471" result="Passed" start-time="2025-08-27 10:06:24Z" end-time="2025-08-27 10:06:24Z" duration="0.007616" asserts="2" />
              <test-case id="0-1019" name="InvokeTestWith_429" fullname="PureCloudPlatform.Client.V2.Tests.ApiClientTests.InvokeTestWith_429" methodname="InvokeTestWith_429" classname="PureCloudPlatform.Client.V2.Tests.ApiClientTests" runstate="Runnable" seed="753972272" result="Passed" start-time="2025-08-27 10:06:24Z" end-time="2025-08-27 10:06:30Z" duration="6.005381" asserts="2" />
              <test-case id="0-1020" name="InvokeTestWith_429_And_No_MaxRetryTime" fullname="PureCloudPlatform.Client.V2.Tests.ApiClientTests.InvokeTestWith_429_And_No_MaxRetryTime" methodname="InvokeTestWith_429_And_No_MaxRetryTime" classname="PureCloudPlatform.Client.V2.Tests.ApiClientTests" runstate="Runnable" seed="82105635" result="Passed" start-time="2025-08-27 10:06:30Z" end-time="2025-08-27 10:06:30Z" duration="0.001928" asserts="2" />
              <test-case id="0-1021" name="InvokeTestWith_502" fullname="PureCloudPlatform.Client.V2.Tests.ApiClientTests.InvokeTestWith_502" methodname="InvokeTestWith_502" classname="PureCloudPlatform.Client.V2.Tests.ApiClientTests" runstate="Runnable" seed="844352814" result="Passed" start-time="2025-08-27 10:06:30Z" end-time="2025-08-27 10:06:43Z" duration="13.008280" asserts="2" />
              <test-case id="0-1022" name="InvokeTestWith_503" fullname="PureCloudPlatform.Client.V2.Tests.ApiClientTests.InvokeTestWith_503" methodname="InvokeTestWith_503" classname="PureCloudPlatform.Client.V2.Tests.ApiClientTests" runstate="Runnable" seed="561097520" result="Passed" start-time="2025-08-27 10:06:43Z" end-time="2025-08-27 10:07:23Z" duration="40.010112" asserts="2" />
              <test-case id="0-1023" name="InvokeTestWith_504" fullname="PureCloudPlatform.Client.V2.Tests.ApiClientTests.InvokeTestWith_504" methodname="InvokeTestWith_504" classname="PureCloudPlatform.Client.V2.Tests.ApiClientTests" runstate="Runnable" seed="424896641" result="Passed" start-time="2025-08-27 10:07:23Z" end-time="2025-08-27 10:07:25Z" duration="2.002387" asserts="2" />
              <test-case id="0-1024" name="InvokeTestWith_504_No_MaxRetryTime" fullname="PureCloudPlatform.Client.V2.Tests.ApiClientTests.InvokeTestWith_504_No_MaxRetryTime" methodname="InvokeTestWith_504_No_MaxRetryTime" classname="PureCloudPlatform.Client.V2.Tests.ApiClientTests" runstate="Runnable" seed="1118471232" result="Passed" start-time="2025-08-27 10:07:25Z" end-time="2025-08-27 10:07:25Z" duration="0.001510" asserts="2" />
            </test-suite>
            <test-suite type="TestFixture" id="0-1009" name="MTLSTests" fullname="PureCloudPlatform.Client.V2.Tests.MTLSTests" classname="PureCloudPlatform.Client.V2.Tests.MTLSTests" runstate="Runnable" testcasecount="8" result="Passed" start-time="2025-08-27 10:07:25Z" end-time="2025-08-27 10:07:32Z" duration="7.025110" total="8" passed="8" failed="0" warnings="0" inconclusive="0" skipped="0" asserts="20">
              <properties>
                <property name="Timeout" value="70000" />
              </properties>
              <test-case id="0-1010" name="TraceBasicInformation" fullname="PureCloudPlatform.Client.V2.Tests.MTLSTests.TraceBasicInformation" methodname="TraceBasicInformation" classname="PureCloudPlatform.Client.V2.Tests.MTLSTests" runstate="Runnable" seed="902569127" result="Passed" start-time="2025-08-27 10:07:25Z" end-time="2025-08-27 10:07:25Z" duration="0.005114" asserts="6">
                <properties>
                  <property name="Order" value="0" />
                </properties>
                <output><![CDATA[PURECLOUD_ENVIRONMENT=mypurecloud.com
PURECLOUD_CLIENT_ID=7de3af06-c0b3-4f9b-af45-72f4a14037cc
userEmail=4ed3cb46-ce92-4d81-ae86-54de552ccea5@mypurecloud.com
]]></output>
              </test-case>
              <test-case id="0-1011" name="ConfigureMTLSAndGateway" fullname="PureCloudPlatform.Client.V2.Tests.MTLSTests.ConfigureMTLSAndGateway" methodname="ConfigureMTLSAndGateway" classname="PureCloudPlatform.Client.V2.Tests.MTLSTests" runstate="Runnable" seed="1358014395" result="Passed" start-time="2025-08-27 10:07:25Z" end-time="2025-08-27 10:07:25Z" duration="0.008362" asserts="1">
                <properties>
                  <property name="Order" value="1" />
                </properties>
              </test-case>
              <test-case id="0-1012" name="Authenticate" fullname="PureCloudPlatform.Client.V2.Tests.MTLSTests.Authenticate" methodname="Authenticate" classname="PureCloudPlatform.Client.V2.Tests.MTLSTests" runstate="Runnable" seed="426631611" result="Passed" start-time="2025-08-27 10:07:25Z" end-time="2025-08-27 10:07:25Z" duration="0.218215" asserts="1">
                <properties>
                  <property name="Order" value="2" />
                </properties>
                <output><![CDATA[In Certificate Validation Callback
Accepting Test Cert based on thumbprint
]]></output>
              </test-case>
              <test-case id="0-1013" name="CreateUser" fullname="PureCloudPlatform.Client.V2.Tests.MTLSTests.CreateUser" methodname="CreateUser" classname="PureCloudPlatform.Client.V2.Tests.MTLSTests" runstate="Runnable" seed="199599482" result="Passed" start-time="2025-08-27 10:07:25Z" end-time="2025-08-27 10:07:25Z" duration="0.410535" asserts="2">
                <properties>
                  <property name="Order" value="3" />
                </properties>
                <output><![CDATA[CorrelationId for PostUsersWithHttpInfo 279dc87b-a461-4c93-81a2-accd7c4165f4
Version for PostUsersWithHttpInfo 1
Created user with ID 18218e29-b728-4b81-9b86-be5232fb6e18
In Certificate Validation Callback
Accepting Test Cert based on thumbprint
]]></output>
              </test-case>
              <test-case id="0-1014" name="UpdateUser" fullname="PureCloudPlatform.Client.V2.Tests.MTLSTests.UpdateUser" methodname="UpdateUser" classname="PureCloudPlatform.Client.V2.Tests.MTLSTests" runstate="Runnable" seed="1335099287" result="Passed" start-time="2025-08-27 10:07:25Z" end-time="2025-08-27 10:07:25Z" duration="0.113867" asserts="6">
                <properties>
                  <property name="Order" value="4" />
                </properties>
                <output><![CDATA[Running Pre-Request Hook
Pre-Hook: Making PATCH request to /api/v2/users/{userId}
Running Post-Request Hook
Post-Hook: Received status code 200
]]></output>
              </test-case>
              <test-case id="0-1015" name="GetUser" fullname="PureCloudPlatform.Client.V2.Tests.MTLSTests.GetUser" methodname="GetUser" classname="PureCloudPlatform.Client.V2.Tests.MTLSTests" runstate="Runnable" seed="599670147" result="Passed" start-time="2025-08-27 10:07:25Z" end-time="2025-08-27 10:07:32Z" duration="6.099723" asserts="4">
                <properties>
                  <property name="Retry" value="2" />
                  <property name="Order" value="5" />
                </properties>
                <output><![CDATA[CorrelationId for GetUserWithHttpInfo 33ed2c67-e883-4f04-b5ca-1ff2de19ae5d
Version for GetUserWithHttpInfo 2
]]></output>
              </test-case>
              <test-case id="0-1016" name="DeleteUser" fullname="PureCloudPlatform.Client.V2.Tests.MTLSTests.DeleteUser" methodname="DeleteUser" classname="PureCloudPlatform.Client.V2.Tests.MTLSTests" runstate="Runnable" seed="951393125" result="Passed" start-time="2025-08-27 10:07:32Z" end-time="2025-08-27 10:07:32Z" duration="0.164825" asserts="0">
                <properties>
                  <property name="Order" value="6" />
                </properties>
                <output><![CDATA[Deleted user with ID 18218e29-b728-4b81-9b86-be5232fb6e18
]]></output>
              </test-case>
              <test-case id="0-1017" name="CleanUp" fullname="PureCloudPlatform.Client.V2.Tests.MTLSTests.CleanUp" methodname="CleanUp" classname="PureCloudPlatform.Client.V2.Tests.MTLSTests" runstate="Runnable" seed="404003091" result="Passed" start-time="2025-08-27 10:07:32Z" end-time="2025-08-27 10:07:32Z" duration="0.000453" asserts="0">
                <properties>
                  <property name="Order" value="7" />
                </properties>
              </test-case>
            </test-suite>
            <test-suite type="TestFixture" id="0-1000" name="SdkTests" fullname="PureCloudPlatform.Client.V2.Tests.SdkTests" classname="PureCloudPlatform.Client.V2.Tests.SdkTests" runstate="Runnable" testcasecount="8" result="Passed" start-time="2025-08-27 10:07:32Z" end-time="2025-08-27 10:07:39Z" duration="7.274055" total="8" passed="8" failed="0" warnings="0" inconclusive="0" skipped="0" asserts="23">
              <properties>
                <property name="Timeout" value="70000" />
              </properties>
              <test-case id="0-1001" name="TraceBasicInformation" fullname="PureCloudPlatform.Client.V2.Tests.SdkTests.TraceBasicInformation" methodname="TraceBasicInformation" classname="PureCloudPlatform.Client.V2.Tests.SdkTests" runstate="Runnable" seed="1825563276" result="Passed" start-time="2025-08-27 10:07:32Z" end-time="2025-08-27 10:07:32Z" duration="0.000632" asserts="6">
                <properties>
                  <property name="Order" value="0" />
                </properties>
                <output><![CDATA[PURECLOUD_ENVIRONMENT=mypurecloud.com
PURECLOUD_CLIENT_ID=7de3af06-c0b3-4f9b-af45-72f4a14037cc
userEmail=0b87a5bf-c386-48d7-a256-d5117069cb61@mypurecloud.com
]]></output>
              </test-case>
              <test-case id="0-1002" name="Authenticate" fullname="PureCloudPlatform.Client.V2.Tests.SdkTests.Authenticate" methodname="Authenticate" classname="PureCloudPlatform.Client.V2.Tests.SdkTests" runstate="Runnable" seed="1573106240" result="Passed" start-time="2025-08-27 10:07:32Z" end-time="2025-08-27 10:07:32Z" duration="0.090440" asserts="1">
                <properties>
                  <property name="Order" value="1" />
                </properties>
              </test-case>
              <test-case id="0-1003" name="CreateUser" fullname="PureCloudPlatform.Client.V2.Tests.SdkTests.CreateUser" methodname="CreateUser" classname="PureCloudPlatform.Client.V2.Tests.SdkTests" runstate="Runnable" seed="360726958" result="Passed" start-time="2025-08-27 10:07:32Z" end-time="2025-08-27 10:07:32Z" duration="0.376365" asserts="2">
                <properties>
                  <property name="Order" value="2" />
                </properties>
                <output><![CDATA[CorrelationId for PostUsersWithHttpInfo 915798d3-e7cc-44cb-b827-b214cdf3b082
Version for PostUsersWithHttpInfo 1
Created user with ID 9f3f56ac-b5f5-4bd9-8a7f-a4753dd448f3
]]></output>
              </test-case>
              <test-case id="0-1004" name="UpdateUser" fullname="PureCloudPlatform.Client.V2.Tests.SdkTests.UpdateUser" methodname="UpdateUser" classname="PureCloudPlatform.Client.V2.Tests.SdkTests" runstate="Runnable" seed="1046964153" result="Passed" start-time="2025-08-27 10:07:32Z" end-time="2025-08-27 10:07:32Z" duration="0.104298" asserts="4">
                <properties>
                  <property name="Order" value="3" />
                </properties>
              </test-case>
              <test-case id="0-1005" name="SetProfileSkills" fullname="PureCloudPlatform.Client.V2.Tests.SdkTests.SetProfileSkills" methodname="SetProfileSkills" classname="PureCloudPlatform.Client.V2.Tests.SdkTests" runstate="Runnable" seed="1059634034" result="Passed" start-time="2025-08-27 10:07:32Z" end-time="2025-08-27 10:07:32Z" duration="0.087586" asserts="2">
                <properties>
                  <property name="Order" value="4" />
                </properties>
                <output><![CDATA[CorrelationId for PutUserProfileskillsWithHttpInfo fac72f27-4611-4281-943c-f6a53669b8f9
]]></output>
              </test-case>
              <test-case id="0-1006" name="TestNotifications" fullname="PureCloudPlatform.Client.V2.Tests.SdkTests.TestNotifications" methodname="TestNotifications" classname="PureCloudPlatform.Client.V2.Tests.SdkTests" runstate="Runnable" seed="1484308655" result="Passed" start-time="2025-08-27 10:07:32Z" end-time="2025-08-27 10:07:33Z" duration="0.391519" asserts="2">
                <properties>
                  <property name="Order" value="5" />
                </properties>
              </test-case>
              <test-case id="0-1007" name="GetUser" fullname="PureCloudPlatform.Client.V2.Tests.SdkTests.GetUser" methodname="GetUser" classname="PureCloudPlatform.Client.V2.Tests.SdkTests" runstate="Runnable" seed="1730880675" result="Passed" start-time="2025-08-27 10:07:33Z" end-time="2025-08-27 10:07:39Z" duration="6.068101" asserts="6">
                <properties>
                  <property name="Retry" value="2" />
                  <property name="Order" value="6" />
                </properties>
                <output><![CDATA[Running Pre-Request Hook
Pre-Hook: Making GET request to /api/v2/users/{userId}
Running Post-Request Hook
Post-Hook: Received status code 200
CorrelationId for GetUserWithHttpInfo 5de7c856-bcd4-43b9-84c3-ddcc81ed9d84
Version for GetUserWithHttpInfo 3
]]></output>
              </test-case>
              <test-case id="0-1008" name="DeleteUserWithProxy" fullname="PureCloudPlatform.Client.V2.Tests.SdkTests.DeleteUserWithProxy" methodname="DeleteUserWithProxy" classname="PureCloudPlatform.Client.V2.Tests.SdkTests" runstate="Runnable" seed="1535056782" result="Passed" start-time="2025-08-27 10:07:39Z" end-time="2025-08-27 10:07:39Z" duration="0.153682" asserts="0">
                <properties>
                  <property name="Order" value="7" />
                </properties>
              </test-case>
            </test-suite>
            <test-suite type="TestFixture" id="0-1031" name="UpgradeSdkEnumConverterTests" fullname="PureCloudPlatform.Client.V2.Tests.UpgradeSdkEnumConverterTests" classname="PureCloudPlatform.Client.V2.Tests.UpgradeSdkEnumConverterTests" runstate="Runnable" testcasecount="20" result="Passed" start-time="2025-08-27 10:07:39Z" end-time="2025-08-27 10:07:39Z" duration="0.008771" total="20" passed="20" failed="0" warnings="0" inconclusive="0" skipped="0" asserts="20">
              <test-suite type="ParameterizedMethod" id="0-1036" name="TestReadInt32" fullname="PureCloudPlatform.Client.V2.Tests.UpgradeSdkEnumConverterTests.TestReadInt32" classname="PureCloudPlatform.Client.V2.Tests.UpgradeSdkEnumConverterTests" runstate="Runnable" testcasecount="4" result="Passed" start-time="2025-08-27 10:07:39Z" end-time="2025-08-27 10:07:39Z" duration="0.004211" total="4" passed="4" failed="0" warnings="0" inconclusive="0" skipped="0" asserts="4">
                <test-case id="0-1032" name="TestReadInt32(0)" fullname="PureCloudPlatform.Client.V2.Tests.UpgradeSdkEnumConverterTests.TestReadInt32(0)" methodname="TestReadInt32" classname="PureCloudPlatform.Client.V2.Tests.UpgradeSdkEnumConverterTests" runstate="Runnable" seed="1891986686" result="Passed" start-time="2025-08-27 10:07:39Z" end-time="2025-08-27 10:07:39Z" duration="0.003617" asserts="1" />
                <test-case id="0-1033" name="TestReadInt32(1)" fullname="PureCloudPlatform.Client.V2.Tests.UpgradeSdkEnumConverterTests.TestReadInt32(1)" methodname="TestReadInt32" classname="PureCloudPlatform.Client.V2.Tests.UpgradeSdkEnumConverterTests" runstate="Runnable" seed="1657146642" result="Passed" start-time="2025-08-27 10:07:39Z" end-time="2025-08-27 10:07:39Z" duration="0.000126" asserts="1" />
                <test-case id="0-1034" name="TestReadInt32(256)" fullname="PureCloudPlatform.Client.V2.Tests.UpgradeSdkEnumConverterTests.TestReadInt32(256)" methodname="TestReadInt32" classname="PureCloudPlatform.Client.V2.Tests.UpgradeSdkEnumConverterTests" runstate="Runnable" seed="44454663" result="Passed" start-time="2025-08-27 10:07:39Z" end-time="2025-08-27 10:07:39Z" duration="0.000091" asserts="1" />
                <test-case id="0-1035" name="TestReadInt32(-1)" fullname="PureCloudPlatform.Client.V2.Tests.UpgradeSdkEnumConverterTests.TestReadInt32(-1)" methodname="TestReadInt32" classname="PureCloudPlatform.Client.V2.Tests.UpgradeSdkEnumConverterTests" runstate="Runnable" seed="314468546" result="Passed" start-time="2025-08-27 10:07:39Z" end-time="2025-08-27 10:07:39Z" duration="0.000085" asserts="1" />
              </test-suite>
              <test-suite type="ParameterizedMethod" id="0-1044" name="TestReadString" fullname="PureCloudPlatform.Client.V2.Tests.UpgradeSdkEnumConverterTests.TestReadString" classname="PureCloudPlatform.Client.V2.Tests.UpgradeSdkEnumConverterTests" runstate="Runnable" testcasecount="7" result="Passed" start-time="2025-08-27 10:07:39Z" end-time="2025-08-27 10:07:39Z" duration="0.001230" total="7" passed="7" failed="0" warnings="0" inconclusive="0" skipped="0" asserts="7">
                <test-case id="0-1037" name="TestReadString(&quot;alerting&quot;)" fullname="PureCloudPlatform.Client.V2.Tests.UpgradeSdkEnumConverterTests.TestReadString(&quot;alerting&quot;)" methodname="TestReadString" classname="PureCloudPlatform.Client.V2.Tests.UpgradeSdkEnumConverterTests" runstate="Runnable" seed="1947642320" result="Passed" start-time="2025-08-27 10:07:39Z" end-time="2025-08-27 10:07:39Z" duration="0.000360" asserts="1" />
                <test-case id="0-1038" name="TestReadString(&quot;AlErTiNg&quot;)" fullname="PureCloudPlatform.Client.V2.Tests.UpgradeSdkEnumConverterTests.TestReadString(&quot;AlErTiNg&quot;)" methodname="TestReadString" classname="PureCloudPlatform.Client.V2.Tests.UpgradeSdkEnumConverterTests" runstate="Runnable" seed="1276099629" result="Passed" start-time="2025-08-27 10:07:39Z" end-time="2025-08-27 10:07:39Z" duration="0.000137" asserts="1" />
                <test-case id="0-1039" name="TestReadString(&quot;delivery-success&quot;)" fullname="PureCloudPlatform.Client.V2.Tests.UpgradeSdkEnumConverterTests.TestReadString(&quot;delivery-success&quot;)" methodname="TestReadString" classname="PureCloudPlatform.Client.V2.Tests.UpgradeSdkEnumConverterTests" runstate="Runnable" seed="1323118968" result="Passed" start-time="2025-08-27 10:07:39Z" end-time="2025-08-27 10:07:39Z" duration="0.000121" asserts="1" />
                <test-case id="0-1040" name="TestReadString(&quot;Deliverysuccess&quot;)" fullname="PureCloudPlatform.Client.V2.Tests.UpgradeSdkEnumConverterTests.TestReadString(&quot;Deliverysuccess&quot;)" methodname="TestReadString" classname="PureCloudPlatform.Client.V2.Tests.UpgradeSdkEnumConverterTests" runstate="Runnable" seed="2077403512" result="Passed" start-time="2025-08-27 10:07:39Z" end-time="2025-08-27 10:07:39Z" duration="0.000122" asserts="1" />
                <test-case id="0-1041" name="TestReadString(&quot;OUTDATED_SDK_VERSION&quot;)" fullname="PureCloudPlatform.Client.V2.Tests.UpgradeSdkEnumConverterTests.TestReadString(&quot;OUTDATED_SDK_VERSION&quot;)" methodname="TestReadString" classname="PureCloudPlatform.Client.V2.Tests.UpgradeSdkEnumConverterTests" runstate="Runnable" seed="1448950899" result="Passed" start-time="2025-08-27 10:07:39Z" end-time="2025-08-27 10:07:39Z" duration="0.000119" asserts="1" />
                <test-case id="0-1042" name="TestReadString(&quot;foo&quot;)" fullname="PureCloudPlatform.Client.V2.Tests.UpgradeSdkEnumConverterTests.TestReadString(&quot;foo&quot;)" methodname="TestReadString" classname="PureCloudPlatform.Client.V2.Tests.UpgradeSdkEnumConverterTests" runstate="Runnable" seed="1561989476" result="Passed" start-time="2025-08-27 10:07:39Z" end-time="2025-08-27 10:07:39Z" duration="0.000120" asserts="1" />
                <test-case id="0-1043" name="TestReadString(&quot;&quot;)" fullname="PureCloudPlatform.Client.V2.Tests.UpgradeSdkEnumConverterTests.TestReadString(&quot;&quot;)" methodname="TestReadString" classname="PureCloudPlatform.Client.V2.Tests.UpgradeSdkEnumConverterTests" runstate="Runnable" seed="1401522600" result="Passed" start-time="2025-08-27 10:07:39Z" end-time="2025-08-27 10:07:39Z" duration="0.000119" asserts="1" />
              </test-suite>
              <test-suite type="ParameterizedMethod" id="0-1048" name="TestReadStringNullable" fullname="PureCloudPlatform.Client.V2.Tests.UpgradeSdkEnumConverterTests.TestReadStringNullable" classname="PureCloudPlatform.Client.V2.Tests.UpgradeSdkEnumConverterTests" runstate="Runnable" testcasecount="3" result="Passed" start-time="2025-08-27 10:07:39Z" end-time="2025-08-27 10:07:39Z" duration="0.001158" total="3" passed="3" failed="0" warnings="0" inconclusive="0" skipped="0" asserts="3">
                <test-case id="0-1045" name="TestReadStringNullable(&quot;alerting&quot;)" fullname="PureCloudPlatform.Client.V2.Tests.UpgradeSdkEnumConverterTests.TestReadStringNullable(&quot;alerting&quot;)" methodname="TestReadStringNullable" classname="PureCloudPlatform.Client.V2.Tests.UpgradeSdkEnumConverterTests" runstate="Runnable" seed="2141929237" result="Passed" start-time="2025-08-27 10:07:39Z" end-time="2025-08-27 10:07:39Z" duration="0.000846" asserts="1" />
                <test-case id="0-1046" name="TestReadStringNullable(&quot;&quot;)" fullname="PureCloudPlatform.Client.V2.Tests.UpgradeSdkEnumConverterTests.TestReadStringNullable(&quot;&quot;)" methodname="TestReadStringNullable" classname="PureCloudPlatform.Client.V2.Tests.UpgradeSdkEnumConverterTests" runstate="Runnable" seed="844458937" result="Passed" start-time="2025-08-27 10:07:39Z" end-time="2025-08-27 10:07:39Z" duration="0.000102" asserts="1" />
                <test-case id="0-1047" name="TestReadStringNullable(null)" fullname="PureCloudPlatform.Client.V2.Tests.UpgradeSdkEnumConverterTests.TestReadStringNullable(null)" methodname="TestReadStringNullable" classname="PureCloudPlatform.Client.V2.Tests.UpgradeSdkEnumConverterTests" runstate="Runnable" seed="1200349661" result="Passed" start-time="2025-08-27 10:07:39Z" end-time="2025-08-27 10:07:39Z" duration="0.000126" asserts="1" />
              </test-suite>
              <test-suite type="ParameterizedMethod" id="0-1052" name="TestWrite" fullname="PureCloudPlatform.Client.V2.Tests.UpgradeSdkEnumConverterTests.TestWrite" classname="PureCloudPlatform.Client.V2.Tests.UpgradeSdkEnumConverterTests" runstate="Runnable" testcasecount="3" result="Passed" start-time="2025-08-27 10:07:39Z" end-time="2025-08-27 10:07:39Z" duration="0.001118" total="3" passed="3" failed="0" warnings="0" inconclusive="0" skipped="0" asserts="3">
                <test-case id="0-1049" name="TestWrite(Deliverysuccess)" fullname="PureCloudPlatform.Client.V2.Tests.UpgradeSdkEnumConverterTests.TestWrite(Deliverysuccess)" methodname="TestWrite" classname="PureCloudPlatform.Client.V2.Tests.UpgradeSdkEnumConverterTests" runstate="Runnable" seed="2048399410" result="Passed" start-time="2025-08-27 10:07:39Z" end-time="2025-08-27 10:07:39Z" duration="0.000875" asserts="1" />
                <test-case id="0-1050" name="TestWrite(OutdatedSdkVersion)" fullname="PureCloudPlatform.Client.V2.Tests.UpgradeSdkEnumConverterTests.TestWrite(OutdatedSdkVersion)" methodname="TestWrite" classname="PureCloudPlatform.Client.V2.Tests.UpgradeSdkEnumConverterTests" runstate="Runnable" seed="201303221" result="Passed" start-time="2025-08-27 10:07:39Z" end-time="2025-08-27 10:07:39Z" duration="0.000078" asserts="1" />
                <test-case id="0-1051" name="TestWrite(256)" fullname="PureCloudPlatform.Client.V2.Tests.UpgradeSdkEnumConverterTests.TestWrite(256)" methodname="TestWrite" classname="PureCloudPlatform.Client.V2.Tests.UpgradeSdkEnumConverterTests" runstate="Runnable" seed="1010091348" result="Passed" start-time="2025-08-27 10:07:39Z" end-time="2025-08-27 10:07:39Z" duration="0.000061" asserts="1" />
              </test-suite>
              <test-suite type="ParameterizedMethod" id="0-1056" name="TestWriteNullable" fullname="PureCloudPlatform.Client.V2.Tests.UpgradeSdkEnumConverterTests.TestWriteNullable" classname="PureCloudPlatform.Client.V2.Tests.UpgradeSdkEnumConverterTests" runstate="Runnable" testcasecount="3" result="Passed" start-time="2025-08-27 10:07:39Z" end-time="2025-08-27 10:07:39Z" duration="0.000819" total="3" passed="3" failed="0" warnings="0" inconclusive="0" skipped="0" asserts="3">
                <test-case id="0-1053" name="TestWriteNullable(Deliverysuccess)" fullname="PureCloudPlatform.Client.V2.Tests.UpgradeSdkEnumConverterTests.TestWriteNullable(Deliverysuccess)" methodname="TestWriteNullable" classname="PureCloudPlatform.Client.V2.Tests.UpgradeSdkEnumConverterTests" runstate="Runnable" seed="693863711" result="Passed" start-time="2025-08-27 10:07:39Z" end-time="2025-08-27 10:07:39Z" duration="0.000263" asserts="1" />
                <test-case id="0-1054" name="TestWriteNullable(OutdatedSdkVersion)" fullname="PureCloudPlatform.Client.V2.Tests.UpgradeSdkEnumConverterTests.TestWriteNullable(OutdatedSdkVersion)" methodname="TestWriteNullable" classname="PureCloudPlatform.Client.V2.Tests.UpgradeSdkEnumConverterTests" runstate="Runnable" seed="1947706409" result="Passed" start-time="2025-08-27 10:07:39Z" end-time="2025-08-27 10:07:39Z" duration="0.000068" asserts="1" />
                <test-case id="0-1055" name="TestWriteNullable(null)" fullname="PureCloudPlatform.Client.V2.Tests.UpgradeSdkEnumConverterTests.TestWriteNullable(null)" methodname="TestWriteNullable" classname="PureCloudPlatform.Client.V2.Tests.UpgradeSdkEnumConverterTests" runstate="Runnable" seed="1443703135" result="Passed" start-time="2025-08-27 10:07:39Z" end-time="2025-08-27 10:07:39Z" duration="0.000155" asserts="1" />
              </test-suite>
            </test-suite>
          </test-suite>
        </test-suite>
      </test-suite>
    </test-suite>
  </test-suite>
</test-run>