<?xml version="1.0" encoding="utf-8" standalone="no"?>
<test-run id="2" testcasecount="20" result="Passed" total="20" passed="20" failed="0" inconclusive="0" skipped="0" asserts="48" engine-version="3.8.0.0" clr-version="4.0.30319.42000" start-time="2022-10-21 04:08:17Z" end-time="2022-10-21 04:10:21Z" duration="124.570751">
  <command-line><![CDATA[/var/build/workspace/build-platform-sdks-pipeline/resources/sdk/pureclouddotnet/bin/nunit/nunit3-console.exe /var/build/workspace/build-platform-sdks-pipeline/output/pureclouddotnet/build/bin/PureCloudPlatform.Client.V2.Tests.dll]]></command-line>
  <test-suite type="Assembly" id="0-1022" name="PureCloudPlatform.Client.V2.Tests.dll" fullname="/var/build/workspace/build-platform-sdks-pipeline/output/pureclouddotnet/build/bin/PureCloudPlatform.Client.V2.Tests.dll" runstate="Runnable" testcasecount="20" result="Passed" start-time="2022-10-21 04:08:18Z" end-time="2022-10-21 04:10:21Z" duration="123.629220" total="20" passed="20" failed="0" warnings="0" inconclusive="0" skipped="0" asserts="48">
    <environment framework-version="3.10.1.0" clr-version="4.0.30319.42000" os-version="Unix 4.14.294.220" platform="Unix" cwd="/var/build/workspace/build-platform-sdks-pipeline/output/pureclouddotnet/build" machine-name="jenkins-agent-10-25-224-252" user="jenkins" user-domain="jenkins-agent-10-25-224-252" culture="en-US" uiculture="en-US" os-architecture="x64" />
    <settings>
      <setting name="DisposeRunners" value="True" />
      <setting name="WorkDirectory" value="/var/build/workspace/build-platform-sdks-pipeline/output/pureclouddotnet/build" />
      <setting name="ImageRuntimeVersion" value="4.0.30319" />
      <setting name="ImageTargetFrameworkName" value=".NETFramework,Version=v4.5.2" />
      <setting name="ImageRequiresX86" value="False" />
      <setting name="ImageRequiresDefaultAppDomainAssemblyResolver" value="False" />
      <setting name="NumberOfTestWorkers" value="4" />
    </settings>
    <properties>
      <property name="_PID" value="26348" />
      <property name="_APPDOMAIN" value="domain-" />
    </properties>
    <test-suite type="TestSuite" id="0-1023" name="PureCloudPlatform" fullname="PureCloudPlatform" runstate="Runnable" testcasecount="20" result="Passed" start-time="2022-10-21 04:08:18Z" end-time="2022-10-21 04:10:21Z" duration="123.615383" total="20" passed="20" failed="0" warnings="0" inconclusive="0" skipped="0" asserts="48">
      <test-suite type="TestSuite" id="0-1024" name="Client" fullname="PureCloudPlatform.Client" runstate="Runnable" testcasecount="20" result="Passed" start-time="2022-10-21 04:08:18Z" end-time="2022-10-21 04:10:21Z" duration="123.615165" total="20" passed="20" failed="0" warnings="0" inconclusive="0" skipped="0" asserts="48">
        <test-suite type="TestSuite" id="0-1025" name="V2" fullname="PureCloudPlatform.Client.V2" runstate="Runnable" testcasecount="20" result="Passed" start-time="2022-10-21 04:08:18Z" end-time="2022-10-21 04:10:21Z" duration="123.615146" total="20" passed="20" failed="0" warnings="0" inconclusive="0" skipped="0" asserts="48">
          <test-suite type="TestSuite" id="0-1026" name="Tests" fullname="PureCloudPlatform.Client.V2.Tests" runstate="Runnable" testcasecount="20" result="Passed" start-time="2022-10-21 04:08:18Z" end-time="2022-10-21 04:10:21Z" duration="123.615125" total="20" passed="20" failed="0" warnings="0" inconclusive="0" skipped="0" asserts="48">
            <test-suite type="TestFixture" id="0-1000" name="ApiClientTests" fullname="PureCloudPlatform.Client.V2.Tests.ApiClientTests" classname="PureCloudPlatform.Client.V2.Tests.ApiClientTests" runstate="Runnable" testcasecount="12" result="Passed" start-time="2022-10-21 04:08:18Z" end-time="2022-10-21 04:10:20Z" duration="122.265334" total="12" passed="12" failed="0" warnings="0" inconclusive="0" skipped="0" asserts="24">
              <test-case id="0-1007" name="InvokeAsyncTestWith_429" fullname="PureCloudPlatform.Client.V2.Tests.ApiClientTests.InvokeAsyncTestWith_429" methodname="InvokeAsyncTestWith_429" classname="PureCloudPlatform.Client.V2.Tests.ApiClientTests" runstate="Runnable" seed="110030845" result="Passed" start-time="2022-10-21 04:08:18Z" end-time="2022-10-21 04:08:24Z" duration="5.474443" asserts="2" />
              <test-case id="0-1008" name="InvokeAsyncTestWith_429_And_No_MaxRetryTime" fullname="PureCloudPlatform.Client.V2.Tests.ApiClientTests.InvokeAsyncTestWith_429_And_No_MaxRetryTime" methodname="InvokeAsyncTestWith_429_And_No_MaxRetryTime" classname="PureCloudPlatform.Client.V2.Tests.ApiClientTests" runstate="Runnable" seed="877127112" result="Passed" start-time="2022-10-21 04:08:24Z" end-time="2022-10-21 04:08:24Z" duration="0.004979" asserts="2" />
              <test-case id="0-1009" name="InvokeAsyncTestWith_502" fullname="PureCloudPlatform.Client.V2.Tests.ApiClientTests.InvokeAsyncTestWith_502" methodname="InvokeAsyncTestWith_502" classname="PureCloudPlatform.Client.V2.Tests.ApiClientTests" runstate="Runnable" seed="400056654" result="Passed" start-time="2022-10-21 04:08:24Z" end-time="2022-10-21 04:08:37Z" duration="13.005589" asserts="2" />
              <test-case id="0-1010" name="InvokeAsyncTestWith_503" fullname="PureCloudPlatform.Client.V2.Tests.ApiClientTests.InvokeAsyncTestWith_503" methodname="InvokeAsyncTestWith_503" classname="PureCloudPlatform.Client.V2.Tests.ApiClientTests" runstate="Runnable" seed="231275142" result="Passed" start-time="2022-10-21 04:08:37Z" end-time="2022-10-21 04:09:17Z" duration="40.003906" asserts="2" />
              <test-case id="0-1011" name="InvokeAsyncTestWith_504" fullname="PureCloudPlatform.Client.V2.Tests.ApiClientTests.InvokeAsyncTestWith_504" methodname="InvokeAsyncTestWith_504" classname="PureCloudPlatform.Client.V2.Tests.ApiClientTests" runstate="Runnable" seed="1813659512" result="Passed" start-time="2022-10-21 04:09:17Z" end-time="2022-10-21 04:09:19Z" duration="2.003351" asserts="2" />
              <test-case id="0-1012" name="InvokeAsyncTestWith_504_And_No_MaxRetryTime" fullname="PureCloudPlatform.Client.V2.Tests.ApiClientTests.InvokeAsyncTestWith_504_And_No_MaxRetryTime" methodname="InvokeAsyncTestWith_504_And_No_MaxRetryTime" classname="PureCloudPlatform.Client.V2.Tests.ApiClientTests" runstate="Runnable" seed="502227510" result="Passed" start-time="2022-10-21 04:09:19Z" end-time="2022-10-21 04:09:19Z" duration="0.004792" asserts="2" />
              <test-case id="0-1001" name="InvokeTestWith_429" fullname="PureCloudPlatform.Client.V2.Tests.ApiClientTests.InvokeTestWith_429" methodname="InvokeTestWith_429" classname="PureCloudPlatform.Client.V2.Tests.ApiClientTests" runstate="Runnable" seed="526335471" result="Passed" start-time="2022-10-21 04:09:19Z" end-time="2022-10-21 04:09:25Z" duration="6.006837" asserts="2" />
              <test-case id="0-1002" name="InvokeTestWith_429_And_No_MaxRetryTime" fullname="PureCloudPlatform.Client.V2.Tests.ApiClientTests.InvokeTestWith_429_And_No_MaxRetryTime" methodname="InvokeTestWith_429_And_No_MaxRetryTime" classname="PureCloudPlatform.Client.V2.Tests.ApiClientTests" runstate="Runnable" seed="934145822" result="Passed" start-time="2022-10-21 04:09:25Z" end-time="2022-10-21 04:09:25Z" duration="0.002209" asserts="2" />
              <test-case id="0-1003" name="InvokeTestWith_502" fullname="PureCloudPlatform.Client.V2.Tests.ApiClientTests.InvokeTestWith_502" methodname="InvokeTestWith_502" classname="PureCloudPlatform.Client.V2.Tests.ApiClientTests" runstate="Runnable" seed="1204975614" result="Passed" start-time="2022-10-21 04:09:25Z" end-time="2022-10-21 04:09:38Z" duration="13.002754" asserts="2" />
              <test-case id="0-1004" name="InvokeTestWith_503" fullname="PureCloudPlatform.Client.V2.Tests.ApiClientTests.InvokeTestWith_503" methodname="InvokeTestWith_503" classname="PureCloudPlatform.Client.V2.Tests.ApiClientTests" runstate="Runnable" seed="1169715093" result="Passed" start-time="2022-10-21 04:09:38Z" end-time="2022-10-21 04:10:18Z" duration="40.003475" asserts="2" />
              <test-case id="0-1005" name="InvokeTestWith_504" fullname="PureCloudPlatform.Client.V2.Tests.ApiClientTests.InvokeTestWith_504" methodname="InvokeTestWith_504" classname="PureCloudPlatform.Client.V2.Tests.ApiClientTests" runstate="Runnable" seed="1712568523" result="Passed" start-time="2022-10-21 04:10:18Z" end-time="2022-10-21 04:10:20Z" duration="2.003371" asserts="2" />
              <test-case id="0-1006" name="InvokeTestWith_504_No_MaxRetryTime" fullname="PureCloudPlatform.Client.V2.Tests.ApiClientTests.InvokeTestWith_504_No_MaxRetryTime" methodname="InvokeTestWith_504_No_MaxRetryTime" classname="PureCloudPlatform.Client.V2.Tests.ApiClientTests" runstate="Runnable" seed="2075639908" result="Passed" start-time="2022-10-21 04:10:20Z" end-time="2022-10-21 04:10:20Z" duration="0.001941" asserts="2" />
            </test-suite>
            <test-suite type="TestFixture" id="0-1013" name="SdkTests" fullname="PureCloudPlatform.Client.V2.Tests.SdkTests" classname="PureCloudPlatform.Client.V2.Tests.SdkTests" runstate="Runnable" testcasecount="8" result="Passed" start-time="2022-10-21 04:10:20Z" end-time="2022-10-21 04:10:21Z" duration="1.345757" total="8" passed="8" failed="0" warnings="0" inconclusive="0" skipped="0" asserts="24">
              <properties>
                <property name="Timeout" value="60000" />
              </properties>
              <test-case id="0-1014" name="TraceBasicInformation" fullname="PureCloudPlatform.Client.V2.Tests.SdkTests.TraceBasicInformation" methodname="TraceBasicInformation" classname="PureCloudPlatform.Client.V2.Tests.SdkTests" runstate="Runnable" seed="373457563" result="Passed" start-time="2022-10-21 04:10:20Z" end-time="2022-10-21 04:10:20Z" duration="0.004927" asserts="6">
                <properties>
                  <property name="Order" value="0" />
                </properties>
                <output><![CDATA[PURECLOUD_ENVIRONMENT=mypurecloud.com
PURECLOUD_CLIENT_ID=7de3af06-c0b3-4f9b-af45-72f4a14037cc
userEmail=07aa7c7b-c2be-442a-a1d9-82508ee0c05c@mypurecloud.com
]]></output>
              </test-case>
              <test-case id="0-1015" name="Authenticate" fullname="PureCloudPlatform.Client.V2.Tests.SdkTests.Authenticate" methodname="Authenticate" classname="PureCloudPlatform.Client.V2.Tests.SdkTests" runstate="Runnable" seed="797265316" result="Passed" start-time="2022-10-21 04:10:20Z" end-time="2022-10-21 04:10:20Z" duration="0.039361" asserts="1">
                <properties>
                  <property name="Order" value="1" />
                </properties>
              </test-case>
              <test-case id="0-1016" name="CreateUser" fullname="PureCloudPlatform.Client.V2.Tests.SdkTests.CreateUser" methodname="CreateUser" classname="PureCloudPlatform.Client.V2.Tests.SdkTests" runstate="Runnable" seed="1740982745" result="Passed" start-time="2022-10-21 04:10:20Z" end-time="2022-10-21 04:10:20Z" duration="0.492554" asserts="2">
                <properties>
                  <property name="Order" value="2" />
                </properties>
                <output><![CDATA[Created user with ID 1d21599c-212b-43ee-9762-c87b4bae0ee3
]]></output>
              </test-case>
              <test-case id="0-1017" name="UpdateUser" fullname="PureCloudPlatform.Client.V2.Tests.SdkTests.UpdateUser" methodname="UpdateUser" classname="PureCloudPlatform.Client.V2.Tests.SdkTests" runstate="Runnable" seed="818468653" result="Passed" start-time="2022-10-21 04:10:20Z" end-time="2022-10-21 04:10:20Z" duration="0.103311" asserts="4">
                <properties>
                  <property name="Order" value="3" />
                </properties>
              </test-case>
              <test-case id="0-1018" name="SetProfileSkills" fullname="PureCloudPlatform.Client.V2.Tests.SdkTests.SetProfileSkills" methodname="SetProfileSkills" classname="PureCloudPlatform.Client.V2.Tests.SdkTests" runstate="Runnable" seed="187066716" result="Passed" start-time="2022-10-21 04:10:20Z" end-time="2022-10-21 04:10:21Z" duration="0.092047" asserts="2">
                <properties>
                  <property name="Order" value="4" />
                </properties>
              </test-case>
              <test-case id="0-1019" name="TestNotifications" fullname="PureCloudPlatform.Client.V2.Tests.SdkTests.TestNotifications" methodname="TestNotifications" classname="PureCloudPlatform.Client.V2.Tests.SdkTests" runstate="Runnable" seed="1124881405" result="Passed" start-time="2022-10-21 04:10:21Z" end-time="2022-10-21 04:10:21Z" duration="0.437585" asserts="2">
                <properties>
                  <property name="Order" value="5" />
                </properties>
              </test-case>
              <test-case id="0-1020" name="GetUser" fullname="PureCloudPlatform.Client.V2.Tests.SdkTests.GetUser" methodname="GetUser" classname="PureCloudPlatform.Client.V2.Tests.SdkTests" runstate="Runnable" seed="675463796" result="Passed" start-time="2022-10-21 04:10:21Z" end-time="2022-10-21 04:10:21Z" duration="0.033770" asserts="7">
                <properties>
                  <property name="Order" value="6" />
                </properties>
              </test-case>
              <test-case id="0-1021" name="DeleteUser" fullname="PureCloudPlatform.Client.V2.Tests.SdkTests.DeleteUser" methodname="DeleteUser" classname="PureCloudPlatform.Client.V2.Tests.SdkTests" runstate="Runnable" seed="98236303" result="Passed" start-time="2022-10-21 04:10:21Z" end-time="2022-10-21 04:10:21Z" duration="0.137761" asserts="0">
                <properties>
                  <property name="Order" value="7" />
                </properties>
              </test-case>
            </test-suite>
          </test-suite>
        </test-suite>
      </test-suite>
    </test-suite>
  </test-suite>
</test-run>