<?xml version="1.0" encoding="utf-8" standalone="no"?>
<test-run id="2" testcasecount="39" result="Passed" total="39" passed="39" failed="0" inconclusive="0" skipped="0" asserts="63" engine-version="3.8.0.0" clr-version="4.0.30319.42000" start-time="2024-08-27 15:44:41Z" end-time="2024-08-27 15:46:51Z" duration="130.085046">
  <command-line><![CDATA[/var/build/workspace/build-platform-sdks-pipeline/resources/sdk/pureclouddotnet/bin/nunit/nunit3-console.exe /var/build/workspace/build-platform-sdks-pipeline/output/pureclouddotnet/build/bin/PureCloudPlatform.Client.V2.Tests.dll]]></command-line>
  <test-suite type="Assembly" id="0-1047" name="PureCloudPlatform.Client.V2.Tests.dll" fullname="/var/build/workspace/build-platform-sdks-pipeline/output/pureclouddotnet/build/bin/PureCloudPlatform.Client.V2.Tests.dll" runstate="Runnable" testcasecount="39" result="Passed" start-time="2024-08-27 15:44:41Z" end-time="2024-08-27 15:46:51Z" duration="129.228650" total="39" passed="39" failed="0" warnings="0" inconclusive="0" skipped="0" asserts="63">
    <environment framework-version="3.10.1.0" clr-version="4.0.30319.42000" os-version="Unix 4.14.350.266" platform="Unix" cwd="/var/build/workspace/build-platform-sdks-pipeline/output/pureclouddotnet/build" machine-name="jenkins-agent-10-25-208-98" user="jenkins" user-domain="jenkins-agent-10-25-208-98" culture="en-US" uiculture="en-US" os-architecture="x64" />
    <settings>
      <setting name="DisposeRunners" value="True" />
      <setting name="WorkDirectory" value="/var/build/workspace/build-platform-sdks-pipeline/output/pureclouddotnet/build" />
      <setting name="ImageRuntimeVersion" value="4.0.30319" />
      <setting name="ImageTargetFrameworkName" value=".NETFramework,Version=v4.7.1" />
      <setting name="ImageRequiresX86" value="False" />
      <setting name="ImageRequiresDefaultAppDomainAssemblyResolver" value="False" />
      <setting name="NumberOfTestWorkers" value="4" />
    </settings>
    <properties>
      <property name="_PID" value="17162" />
      <property name="_APPDOMAIN" value="domain-" />
    </properties>
    <test-suite type="TestSuite" id="0-1048" name="PureCloudPlatform" fullname="PureCloudPlatform" runstate="Runnable" testcasecount="39" result="Passed" start-time="2024-08-27 15:44:41Z" end-time="2024-08-27 15:46:51Z" duration="129.215437" total="39" passed="39" failed="0" warnings="0" inconclusive="0" skipped="0" asserts="63">
      <test-suite type="TestSuite" id="0-1049" name="Client" fullname="PureCloudPlatform.Client" runstate="Runnable" testcasecount="39" result="Passed" start-time="2024-08-27 15:44:41Z" end-time="2024-08-27 15:46:51Z" duration="129.215132" total="39" passed="39" failed="0" warnings="0" inconclusive="0" skipped="0" asserts="63">
        <test-suite type="TestSuite" id="0-1050" name="V2" fullname="PureCloudPlatform.Client.V2" runstate="Runnable" testcasecount="39" result="Passed" start-time="2024-08-27 15:44:41Z" end-time="2024-08-27 15:46:51Z" duration="129.215098" total="39" passed="39" failed="0" warnings="0" inconclusive="0" skipped="0" asserts="63">
          <test-suite type="TestSuite" id="0-1051" name="Tests" fullname="PureCloudPlatform.Client.V2.Tests" runstate="Runnable" testcasecount="39" result="Passed" start-time="2024-08-27 15:44:41Z" end-time="2024-08-27 15:46:51Z" duration="129.215069" total="39" passed="39" failed="0" warnings="0" inconclusive="0" skipped="0" asserts="63">
            <test-suite type="TestFixture" id="0-1008" name="ApiClientTests" fullname="PureCloudPlatform.Client.V2.Tests.ApiClientTests" classname="PureCloudPlatform.Client.V2.Tests.ApiClientTests" runstate="Runnable" testcasecount="12" result="Passed" start-time="2024-08-27 15:44:41Z" end-time="2024-08-27 15:46:43Z" duration="121.708554" total="12" passed="12" failed="0" warnings="0" inconclusive="0" skipped="0" asserts="24">
              <test-case id="0-1015" name="InvokeAsyncTestWith_429" fullname="PureCloudPlatform.Client.V2.Tests.ApiClientTests.InvokeAsyncTestWith_429" methodname="InvokeAsyncTestWith_429" classname="PureCloudPlatform.Client.V2.Tests.ApiClientTests" runstate="Runnable" seed="335709219" result="Passed" start-time="2024-08-27 15:44:42Z" end-time="2024-08-27 15:44:47Z" duration="5.037396" asserts="2" />
              <test-case id="0-1016" name="InvokeAsyncTestWith_429_And_No_MaxRetryTime" fullname="PureCloudPlatform.Client.V2.Tests.ApiClientTests.InvokeAsyncTestWith_429_And_No_MaxRetryTime" methodname="InvokeAsyncTestWith_429_And_No_MaxRetryTime" classname="PureCloudPlatform.Client.V2.Tests.ApiClientTests" runstate="Runnable" seed="1781254581" result="Passed" start-time="2024-08-27 15:44:47Z" end-time="2024-08-27 15:44:47Z" duration="0.002262" asserts="2" />
              <test-case id="0-1017" name="InvokeAsyncTestWith_502" fullname="PureCloudPlatform.Client.V2.Tests.ApiClientTests.InvokeAsyncTestWith_502" methodname="InvokeAsyncTestWith_502" classname="PureCloudPlatform.Client.V2.Tests.ApiClientTests" runstate="Runnable" seed="833694735" result="Passed" start-time="2024-08-27 15:44:47Z" end-time="2024-08-27 15:45:00Z" duration="13.005379" asserts="2" />
              <test-case id="0-1018" name="InvokeAsyncTestWith_503" fullname="PureCloudPlatform.Client.V2.Tests.ApiClientTests.InvokeAsyncTestWith_503" methodname="InvokeAsyncTestWith_503" classname="PureCloudPlatform.Client.V2.Tests.ApiClientTests" runstate="Runnable" seed="1579591723" result="Passed" start-time="2024-08-27 15:45:00Z" end-time="2024-08-27 15:45:40Z" duration="40.005294" asserts="2" />
              <test-case id="0-1019" name="InvokeAsyncTestWith_504" fullname="PureCloudPlatform.Client.V2.Tests.ApiClientTests.InvokeAsyncTestWith_504" methodname="InvokeAsyncTestWith_504" classname="PureCloudPlatform.Client.V2.Tests.ApiClientTests" runstate="Runnable" seed="775642610" result="Passed" start-time="2024-08-27 15:45:40Z" end-time="2024-08-27 15:45:42Z" duration="2.002778" asserts="2" />
              <test-case id="0-1020" name="InvokeAsyncTestWith_504_And_No_MaxRetryTime" fullname="PureCloudPlatform.Client.V2.Tests.ApiClientTests.InvokeAsyncTestWith_504_And_No_MaxRetryTime" methodname="InvokeAsyncTestWith_504_And_No_MaxRetryTime" classname="PureCloudPlatform.Client.V2.Tests.ApiClientTests" runstate="Runnable" seed="1328787742" result="Passed" start-time="2024-08-27 15:45:42Z" end-time="2024-08-27 15:45:42Z" duration="0.002235" asserts="2" />
              <test-case id="0-1009" name="InvokeTestWith_429" fullname="PureCloudPlatform.Client.V2.Tests.ApiClientTests.InvokeTestWith_429" methodname="InvokeTestWith_429" classname="PureCloudPlatform.Client.V2.Tests.ApiClientTests" runstate="Runnable" seed="649469816" result="Passed" start-time="2024-08-27 15:45:42Z" end-time="2024-08-27 15:45:48Z" duration="6.005349" asserts="2" />
              <test-case id="0-1010" name="InvokeTestWith_429_And_No_MaxRetryTime" fullname="PureCloudPlatform.Client.V2.Tests.ApiClientTests.InvokeTestWith_429_And_No_MaxRetryTime" methodname="InvokeTestWith_429_And_No_MaxRetryTime" classname="PureCloudPlatform.Client.V2.Tests.ApiClientTests" runstate="Runnable" seed="1467143519" result="Passed" start-time="2024-08-27 15:45:48Z" end-time="2024-08-27 15:45:48Z" duration="0.001396" asserts="2" />
              <test-case id="0-1011" name="InvokeTestWith_502" fullname="PureCloudPlatform.Client.V2.Tests.ApiClientTests.InvokeTestWith_502" methodname="InvokeTestWith_502" classname="PureCloudPlatform.Client.V2.Tests.ApiClientTests" runstate="Runnable" seed="1466800610" result="Passed" start-time="2024-08-27 15:45:48Z" end-time="2024-08-27 15:46:01Z" duration="13.004404" asserts="2" />
              <test-case id="0-1012" name="InvokeTestWith_503" fullname="PureCloudPlatform.Client.V2.Tests.ApiClientTests.InvokeTestWith_503" methodname="InvokeTestWith_503" classname="PureCloudPlatform.Client.V2.Tests.ApiClientTests" runstate="Runnable" seed="1595196558" result="Passed" start-time="2024-08-27 15:46:01Z" end-time="2024-08-27 15:46:41Z" duration="40.005491" asserts="2" />
              <test-case id="0-1013" name="InvokeTestWith_504" fullname="PureCloudPlatform.Client.V2.Tests.ApiClientTests.InvokeTestWith_504" methodname="InvokeTestWith_504" classname="PureCloudPlatform.Client.V2.Tests.ApiClientTests" runstate="Runnable" seed="1224911590" result="Passed" start-time="2024-08-27 15:46:41Z" end-time="2024-08-27 15:46:43Z" duration="2.002313" asserts="2" />
              <test-case id="0-1014" name="InvokeTestWith_504_No_MaxRetryTime" fullname="PureCloudPlatform.Client.V2.Tests.ApiClientTests.InvokeTestWith_504_No_MaxRetryTime" methodname="InvokeTestWith_504_No_MaxRetryTime" classname="PureCloudPlatform.Client.V2.Tests.ApiClientTests" runstate="Runnable" seed="25227863" result="Passed" start-time="2024-08-27 15:46:43Z" end-time="2024-08-27 15:46:43Z" duration="0.001335" asserts="2" />
            </test-suite>
            <test-suite type="TestFixture" id="0-1000" name="SdkTests" fullname="PureCloudPlatform.Client.V2.Tests.SdkTests" classname="PureCloudPlatform.Client.V2.Tests.SdkTests" runstate="Runnable" testcasecount="7" result="Passed" start-time="2024-08-27 15:46:43Z" end-time="2024-08-27 15:46:51Z" duration="7.490230" total="7" passed="7" failed="0" warnings="0" inconclusive="0" skipped="0" asserts="19">
              <properties>
                <property name="Timeout" value="70000" />
              </properties>
              <test-case id="0-1001" name="TraceBasicInformation" fullname="PureCloudPlatform.Client.V2.Tests.SdkTests.TraceBasicInformation" methodname="TraceBasicInformation" classname="PureCloudPlatform.Client.V2.Tests.SdkTests" runstate="Runnable" seed="2060224170" result="Passed" start-time="2024-08-27 15:46:43Z" end-time="2024-08-27 15:46:43Z" duration="0.005217" asserts="6">
                <properties>
                  <property name="Order" value="0" />
                </properties>
                <output><![CDATA[PURECLOUD_ENVIRONMENT=mypurecloud.com
PURECLOUD_CLIENT_ID=7de3af06-c0b3-4f9b-af45-72f4a14037cc
userEmail=e126bdff-f116-4d54-91cf-72578e45d89e@mypurecloud.com
]]></output>
              </test-case>
              <test-case id="0-1002" name="Authenticate" fullname="PureCloudPlatform.Client.V2.Tests.SdkTests.Authenticate" methodname="Authenticate" classname="PureCloudPlatform.Client.V2.Tests.SdkTests" runstate="Runnable" seed="665315249" result="Passed" start-time="2024-08-27 15:46:43Z" end-time="2024-08-27 15:46:43Z" duration="0.106346" asserts="1">
                <properties>
                  <property name="Order" value="1" />
                </properties>
              </test-case>
              <test-case id="0-1003" name="CreateUser" fullname="PureCloudPlatform.Client.V2.Tests.SdkTests.CreateUser" methodname="CreateUser" classname="PureCloudPlatform.Client.V2.Tests.SdkTests" runstate="Runnable" seed="1779053570" result="Passed" start-time="2024-08-27 15:46:43Z" end-time="2024-08-27 15:46:44Z" duration="0.588048" asserts="2">
                <properties>
                  <property name="Order" value="2" />
                </properties>
                <output><![CDATA[CorrelationId for PostUsersWithHttpInfo 2e2df333-55d2-4197-bb3b-89e9d12af243
Version for PostUsersWithHttpInfo 1
Created user with ID 1a02b7c4-97b9-4bd2-b4e6-b9f41d99dcad
]]></output>
              </test-case>
              <test-case id="0-1004" name="UpdateUser" fullname="PureCloudPlatform.Client.V2.Tests.SdkTests.UpdateUser" methodname="UpdateUser" classname="PureCloudPlatform.Client.V2.Tests.SdkTests" runstate="Runnable" seed="800663890" result="Passed" start-time="2024-08-27 15:46:44Z" end-time="2024-08-27 15:46:44Z" duration="0.306448" asserts="4">
                <properties>
                  <property name="Order" value="3" />
                </properties>
              </test-case>
              <test-case id="0-1005" name="SetProfileSkills" fullname="PureCloudPlatform.Client.V2.Tests.SdkTests.SetProfileSkills" methodname="SetProfileSkills" classname="PureCloudPlatform.Client.V2.Tests.SdkTests" runstate="Runnable" seed="1817083396" result="Passed" start-time="2024-08-27 15:46:44Z" end-time="2024-08-27 15:46:44Z" duration="0.113700" asserts="2">
                <properties>
                  <property name="Order" value="4" />
                </properties>
                <output><![CDATA[CorrelationId for PutUserProfileskillsWithHttpInfo 1043ee18-82af-483d-bd5a-0388ac91d61a
]]></output>
              </test-case>
              <test-case id="0-1006" name="GetUser" fullname="PureCloudPlatform.Client.V2.Tests.SdkTests.GetUser" methodname="GetUser" classname="PureCloudPlatform.Client.V2.Tests.SdkTests" runstate="Runnable" seed="791324029" result="Passed" start-time="2024-08-27 15:46:44Z" end-time="2024-08-27 15:46:50Z" duration="6.121702" asserts="4">
                <properties>
                  <property name="Retry" value="2" />
                  <property name="Order" value="6" />
                </properties>
                <output><![CDATA[CorrelationId for GetUserWithHttpInfo 30aabfd0-5126-4645-b1f2-7e412856ed82
Version for GetUserWithHttpInfo 3
]]></output>
              </test-case>
              <test-case id="0-1007" name="DeleteUserWithProxy" fullname="PureCloudPlatform.Client.V2.Tests.SdkTests.DeleteUserWithProxy" methodname="DeleteUserWithProxy" classname="PureCloudPlatform.Client.V2.Tests.SdkTests" runstate="Runnable" seed="1753170505" result="Passed" start-time="2024-08-27 15:46:50Z" end-time="2024-08-27 15:46:51Z" duration="0.242396" asserts="0">
                <properties>
                  <property name="Order" value="7" />
                </properties>
              </test-case>
            </test-suite>
            <test-suite type="TestFixture" id="0-1021" name="UpgradeSdkEnumConverterTests" fullname="PureCloudPlatform.Client.V2.Tests.UpgradeSdkEnumConverterTests" classname="PureCloudPlatform.Client.V2.Tests.UpgradeSdkEnumConverterTests" runstate="Runnable" testcasecount="20" result="Passed" start-time="2024-08-27 15:46:51Z" end-time="2024-08-27 15:46:51Z" duration="0.012978" total="20" passed="20" failed="0" warnings="0" inconclusive="0" skipped="0" asserts="20">
              <test-suite type="ParameterizedMethod" id="0-1026" name="TestReadInt32" fullname="PureCloudPlatform.Client.V2.Tests.UpgradeSdkEnumConverterTests.TestReadInt32" classname="PureCloudPlatform.Client.V2.Tests.UpgradeSdkEnumConverterTests" runstate="Runnable" testcasecount="4" result="Passed" start-time="2024-08-27 15:46:51Z" end-time="2024-08-27 15:46:51Z" duration="0.007074" total="4" passed="4" failed="0" warnings="0" inconclusive="0" skipped="0" asserts="4">
                <test-case id="0-1022" name="TestReadInt32(0)" fullname="PureCloudPlatform.Client.V2.Tests.UpgradeSdkEnumConverterTests.TestReadInt32(0)" methodname="TestReadInt32" classname="PureCloudPlatform.Client.V2.Tests.UpgradeSdkEnumConverterTests" runstate="Runnable" seed="1850796569" result="Passed" start-time="2024-08-27 15:46:51Z" end-time="2024-08-27 15:46:51Z" duration="0.006318" asserts="1" />
                <test-case id="0-1023" name="TestReadInt32(1)" fullname="PureCloudPlatform.Client.V2.Tests.UpgradeSdkEnumConverterTests.TestReadInt32(1)" methodname="TestReadInt32" classname="PureCloudPlatform.Client.V2.Tests.UpgradeSdkEnumConverterTests" runstate="Runnable" seed="1401642159" result="Passed" start-time="2024-08-27 15:46:51Z" end-time="2024-08-27 15:46:51Z" duration="0.000179" asserts="1" />
                <test-case id="0-1024" name="TestReadInt32(256)" fullname="PureCloudPlatform.Client.V2.Tests.UpgradeSdkEnumConverterTests.TestReadInt32(256)" methodname="TestReadInt32" classname="PureCloudPlatform.Client.V2.Tests.UpgradeSdkEnumConverterTests" runstate="Runnable" seed="939129126" result="Passed" start-time="2024-08-27 15:46:51Z" end-time="2024-08-27 15:46:51Z" duration="0.000144" asserts="1" />
                <test-case id="0-1025" name="TestReadInt32(-1)" fullname="PureCloudPlatform.Client.V2.Tests.UpgradeSdkEnumConverterTests.TestReadInt32(-1)" methodname="TestReadInt32" classname="PureCloudPlatform.Client.V2.Tests.UpgradeSdkEnumConverterTests" runstate="Runnable" seed="1411799937" result="Passed" start-time="2024-08-27 15:46:51Z" end-time="2024-08-27 15:46:51Z" duration="0.000121" asserts="1" />
              </test-suite>
              <test-suite type="ParameterizedMethod" id="0-1034" name="TestReadString" fullname="PureCloudPlatform.Client.V2.Tests.UpgradeSdkEnumConverterTests.TestReadString" classname="PureCloudPlatform.Client.V2.Tests.UpgradeSdkEnumConverterTests" runstate="Runnable" testcasecount="7" result="Passed" start-time="2024-08-27 15:46:51Z" end-time="2024-08-27 15:46:51Z" duration="0.001794" total="7" passed="7" failed="0" warnings="0" inconclusive="0" skipped="0" asserts="7">
                <test-case id="0-1027" name="TestReadString(&quot;alerting&quot;)" fullname="PureCloudPlatform.Client.V2.Tests.UpgradeSdkEnumConverterTests.TestReadString(&quot;alerting&quot;)" methodname="TestReadString" classname="PureCloudPlatform.Client.V2.Tests.UpgradeSdkEnumConverterTests" runstate="Runnable" seed="392166151" result="Passed" start-time="2024-08-27 15:46:51Z" end-time="2024-08-27 15:46:51Z" duration="0.000503" asserts="1" />
                <test-case id="0-1028" name="TestReadString(&quot;AlErTiNg&quot;)" fullname="PureCloudPlatform.Client.V2.Tests.UpgradeSdkEnumConverterTests.TestReadString(&quot;AlErTiNg&quot;)" methodname="TestReadString" classname="PureCloudPlatform.Client.V2.Tests.UpgradeSdkEnumConverterTests" runstate="Runnable" seed="281108176" result="Passed" start-time="2024-08-27 15:46:51Z" end-time="2024-08-27 15:46:51Z" duration="0.000217" asserts="1" />
                <test-case id="0-1029" name="TestReadString(&quot;delivery-success&quot;)" fullname="PureCloudPlatform.Client.V2.Tests.UpgradeSdkEnumConverterTests.TestReadString(&quot;delivery-success&quot;)" methodname="TestReadString" classname="PureCloudPlatform.Client.V2.Tests.UpgradeSdkEnumConverterTests" runstate="Runnable" seed="578499048" result="Passed" start-time="2024-08-27 15:46:51Z" end-time="2024-08-27 15:46:51Z" duration="0.000181" asserts="1" />
                <test-case id="0-1030" name="TestReadString(&quot;Deliverysuccess&quot;)" fullname="PureCloudPlatform.Client.V2.Tests.UpgradeSdkEnumConverterTests.TestReadString(&quot;Deliverysuccess&quot;)" methodname="TestReadString" classname="PureCloudPlatform.Client.V2.Tests.UpgradeSdkEnumConverterTests" runstate="Runnable" seed="828726996" result="Passed" start-time="2024-08-27 15:46:51Z" end-time="2024-08-27 15:46:51Z" duration="0.000157" asserts="1" />
                <test-case id="0-1031" name="TestReadString(&quot;OUTDATED_SDK_VERSION&quot;)" fullname="PureCloudPlatform.Client.V2.Tests.UpgradeSdkEnumConverterTests.TestReadString(&quot;OUTDATED_SDK_VERSION&quot;)" methodname="TestReadString" classname="PureCloudPlatform.Client.V2.Tests.UpgradeSdkEnumConverterTests" runstate="Runnable" seed="907516931" result="Passed" start-time="2024-08-27 15:46:51Z" end-time="2024-08-27 15:46:51Z" duration="0.000190" asserts="1" />
                <test-case id="0-1032" name="TestReadString(&quot;foo&quot;)" fullname="PureCloudPlatform.Client.V2.Tests.UpgradeSdkEnumConverterTests.TestReadString(&quot;foo&quot;)" methodname="TestReadString" classname="PureCloudPlatform.Client.V2.Tests.UpgradeSdkEnumConverterTests" runstate="Runnable" seed="449253501" result="Passed" start-time="2024-08-27 15:46:51Z" end-time="2024-08-27 15:46:51Z" duration="0.000174" asserts="1" />
                <test-case id="0-1033" name="TestReadString(&quot;&quot;)" fullname="PureCloudPlatform.Client.V2.Tests.UpgradeSdkEnumConverterTests.TestReadString(&quot;&quot;)" methodname="TestReadString" classname="PureCloudPlatform.Client.V2.Tests.UpgradeSdkEnumConverterTests" runstate="Runnable" seed="781231400" result="Passed" start-time="2024-08-27 15:46:51Z" end-time="2024-08-27 15:46:51Z" duration="0.000198" asserts="1" />
              </test-suite>
              <test-suite type="ParameterizedMethod" id="0-1038" name="TestReadStringNullable" fullname="PureCloudPlatform.Client.V2.Tests.UpgradeSdkEnumConverterTests.TestReadStringNullable" classname="PureCloudPlatform.Client.V2.Tests.UpgradeSdkEnumConverterTests" runstate="Runnable" testcasecount="3" result="Passed" start-time="2024-08-27 15:46:51Z" end-time="2024-08-27 15:46:51Z" duration="0.001738" total="3" passed="3" failed="0" warnings="0" inconclusive="0" skipped="0" asserts="3">
                <test-case id="0-1035" name="TestReadStringNullable(&quot;alerting&quot;)" fullname="PureCloudPlatform.Client.V2.Tests.UpgradeSdkEnumConverterTests.TestReadStringNullable(&quot;alerting&quot;)" methodname="TestReadStringNullable" classname="PureCloudPlatform.Client.V2.Tests.UpgradeSdkEnumConverterTests" runstate="Runnable" seed="183122742" result="Passed" start-time="2024-08-27 15:46:51Z" end-time="2024-08-27 15:46:51Z" duration="0.001265" asserts="1" />
                <test-case id="0-1036" name="TestReadStringNullable(&quot;&quot;)" fullname="PureCloudPlatform.Client.V2.Tests.UpgradeSdkEnumConverterTests.TestReadStringNullable(&quot;&quot;)" methodname="TestReadStringNullable" classname="PureCloudPlatform.Client.V2.Tests.UpgradeSdkEnumConverterTests" runstate="Runnable" seed="1306142570" result="Passed" start-time="2024-08-27 15:46:51Z" end-time="2024-08-27 15:46:51Z" duration="0.000152" asserts="1" />
                <test-case id="0-1037" name="TestReadStringNullable(null)" fullname="PureCloudPlatform.Client.V2.Tests.UpgradeSdkEnumConverterTests.TestReadStringNullable(null)" methodname="TestReadStringNullable" classname="PureCloudPlatform.Client.V2.Tests.UpgradeSdkEnumConverterTests" runstate="Runnable" seed="452416816" result="Passed" start-time="2024-08-27 15:46:51Z" end-time="2024-08-27 15:46:51Z" duration="0.000202" asserts="1" />
              </test-suite>
              <test-suite type="ParameterizedMethod" id="0-1042" name="TestWrite" fullname="PureCloudPlatform.Client.V2.Tests.UpgradeSdkEnumConverterTests.TestWrite" classname="PureCloudPlatform.Client.V2.Tests.UpgradeSdkEnumConverterTests" runstate="Runnable" testcasecount="3" result="Passed" start-time="2024-08-27 15:46:51Z" end-time="2024-08-27 15:46:51Z" duration="0.001222" total="3" passed="3" failed="0" warnings="0" inconclusive="0" skipped="0" asserts="3">
                <test-case id="0-1039" name="TestWrite(Deliverysuccess)" fullname="PureCloudPlatform.Client.V2.Tests.UpgradeSdkEnumConverterTests.TestWrite(Deliverysuccess)" methodname="TestWrite" classname="PureCloudPlatform.Client.V2.Tests.UpgradeSdkEnumConverterTests" runstate="Runnable" seed="96793807" result="Passed" start-time="2024-08-27 15:46:51Z" end-time="2024-08-27 15:46:51Z" duration="0.000988" asserts="1" />
                <test-case id="0-1040" name="TestWrite(OutdatedSdkVersion)" fullname="PureCloudPlatform.Client.V2.Tests.UpgradeSdkEnumConverterTests.TestWrite(OutdatedSdkVersion)" methodname="TestWrite" classname="PureCloudPlatform.Client.V2.Tests.UpgradeSdkEnumConverterTests" runstate="Runnable" seed="1782386382" result="Passed" start-time="2024-08-27 15:46:51Z" end-time="2024-08-27 15:46:51Z" duration="0.000078" asserts="1" />
                <test-case id="0-1041" name="TestWrite(256)" fullname="PureCloudPlatform.Client.V2.Tests.UpgradeSdkEnumConverterTests.TestWrite(256)" methodname="TestWrite" classname="PureCloudPlatform.Client.V2.Tests.UpgradeSdkEnumConverterTests" runstate="Runnable" seed="544149341" result="Passed" start-time="2024-08-27 15:46:51Z" end-time="2024-08-27 15:46:51Z" duration="0.000059" asserts="1" />
              </test-suite>
              <test-suite type="ParameterizedMethod" id="0-1046" name="TestWriteNullable" fullname="PureCloudPlatform.Client.V2.Tests.UpgradeSdkEnumConverterTests.TestWriteNullable" classname="PureCloudPlatform.Client.V2.Tests.UpgradeSdkEnumConverterTests" runstate="Runnable" testcasecount="3" result="Passed" start-time="2024-08-27 15:46:51Z" end-time="2024-08-27 15:46:51Z" duration="0.000923" total="3" passed="3" failed="0" warnings="0" inconclusive="0" skipped="0" asserts="3">
                <test-case id="0-1043" name="TestWriteNullable(Deliverysuccess)" fullname="PureCloudPlatform.Client.V2.Tests.UpgradeSdkEnumConverterTests.TestWriteNullable(Deliverysuccess)" methodname="TestWriteNullable" classname="PureCloudPlatform.Client.V2.Tests.UpgradeSdkEnumConverterTests" runstate="Runnable" seed="338272616" result="Passed" start-time="2024-08-27 15:46:51Z" end-time="2024-08-27 15:46:51Z" duration="0.000257" asserts="1" />
                <test-case id="0-1044" name="TestWriteNullable(OutdatedSdkVersion)" fullname="PureCloudPlatform.Client.V2.Tests.UpgradeSdkEnumConverterTests.TestWriteNullable(OutdatedSdkVersion)" methodname="TestWriteNullable" classname="PureCloudPlatform.Client.V2.Tests.UpgradeSdkEnumConverterTests" runstate="Runnable" seed="1326217528" result="Passed" start-time="2024-08-27 15:46:51Z" end-time="2024-08-27 15:46:51Z" duration="0.000109" asserts="1" />
                <test-case id="0-1045" name="TestWriteNullable(null)" fullname="PureCloudPlatform.Client.V2.Tests.UpgradeSdkEnumConverterTests.TestWriteNullable(null)" methodname="TestWriteNullable" classname="PureCloudPlatform.Client.V2.Tests.UpgradeSdkEnumConverterTests" runstate="Runnable" seed="835144043" result="Passed" start-time="2024-08-27 15:46:51Z" end-time="2024-08-27 15:46:51Z" duration="0.000211" asserts="1" />
              </test-suite>
            </test-suite>
          </test-suite>
        </test-suite>
      </test-suite>
    </test-suite>
  </test-suite>
</test-run>