<?xml version="1.0" encoding="utf-8" standalone="no"?>
<test-run id="2" testcasecount="40" result="Passed" total="40" passed="40" failed="0" inconclusive="0" skipped="0" asserts="65" engine-version="3.8.0.0" clr-version="4.0.30319.42000" start-time="2023-12-05 18:20:46Z" end-time="2023-12-05 18:22:59Z" duration="133.485196">
  <command-line><![CDATA[/var/build/workspace/build-platform-sdks-pipeline/resources/sdk/pureclouddotnet/bin/nunit/nunit3-console.exe /var/build/workspace/build-platform-sdks-pipeline/output/pureclouddotnet/build/bin/PureCloudPlatform.Client.V2.Tests.dll]]></command-line>
  <test-suite type="Assembly" id="0-1048" name="PureCloudPlatform.Client.V2.Tests.dll" fullname="/var/build/workspace/build-platform-sdks-pipeline/output/pureclouddotnet/build/bin/PureCloudPlatform.Client.V2.Tests.dll" runstate="Runnable" testcasecount="40" result="Passed" start-time="2023-12-05 18:20:48Z" end-time="2023-12-05 18:22:59Z" duration="131.466270" total="40" passed="40" failed="0" warnings="0" inconclusive="0" skipped="0" asserts="65">
    <environment framework-version="3.10.1.0" clr-version="4.0.30319.42000" os-version="Unix 4.14.328.248" platform="Unix" cwd="/var/build/workspace/build-platform-sdks-pipeline/output/pureclouddotnet/build" machine-name="jenkins-agent-10-25-198-163" user="jenkins" user-domain="jenkins-agent-10-25-198-163" culture="en-US" uiculture="en-US" os-architecture="x64" />
    <settings>
      <setting name="DisposeRunners" value="True" />
      <setting name="WorkDirectory" value="/var/build/workspace/build-platform-sdks-pipeline/output/pureclouddotnet/build" />
      <setting name="ImageRuntimeVersion" value="4.0.30319" />
      <setting name="ImageTargetFrameworkName" value=".NETFramework,Version=v4.7.1" />
      <setting name="ImageRequiresX86" value="False" />
      <setting name="ImageRequiresDefaultAppDomainAssemblyResolver" value="False" />
      <setting name="NumberOfTestWorkers" value="4" />
    </settings>
    <properties>
      <property name="_PID" value="7995" />
      <property name="_APPDOMAIN" value="domain-" />
    </properties>
    <test-suite type="TestSuite" id="0-1049" name="PureCloudPlatform" fullname="PureCloudPlatform" runstate="Runnable" testcasecount="40" result="Passed" start-time="2023-12-05 18:20:48Z" end-time="2023-12-05 18:22:59Z" duration="131.443820" total="40" passed="40" failed="0" warnings="0" inconclusive="0" skipped="0" asserts="65">
      <test-suite type="TestSuite" id="0-1050" name="Client" fullname="PureCloudPlatform.Client" runstate="Runnable" testcasecount="40" result="Passed" start-time="2023-12-05 18:20:48Z" end-time="2023-12-05 18:22:59Z" duration="131.442569" total="40" passed="40" failed="0" warnings="0" inconclusive="0" skipped="0" asserts="65">
        <test-suite type="TestSuite" id="0-1051" name="V2" fullname="PureCloudPlatform.Client.V2" runstate="Runnable" testcasecount="40" result="Passed" start-time="2023-12-05 18:20:48Z" end-time="2023-12-05 18:22:59Z" duration="131.441787" total="40" passed="40" failed="0" warnings="0" inconclusive="0" skipped="0" asserts="65">
          <test-suite type="TestSuite" id="0-1052" name="Tests" fullname="PureCloudPlatform.Client.V2.Tests" runstate="Runnable" testcasecount="40" result="Passed" start-time="2023-12-05 18:20:48Z" end-time="2023-12-05 18:22:59Z" duration="131.441109" total="40" passed="40" failed="0" warnings="0" inconclusive="0" skipped="0" asserts="65">
            <test-suite type="TestFixture" id="0-1009" name="ApiClientTests" fullname="PureCloudPlatform.Client.V2.Tests.ApiClientTests" classname="PureCloudPlatform.Client.V2.Tests.ApiClientTests" runstate="Runnable" testcasecount="12" result="Passed" start-time="2023-12-05 18:20:48Z" end-time="2023-12-05 18:22:51Z" duration="123.174827" total="12" passed="12" failed="0" warnings="0" inconclusive="0" skipped="0" asserts="24">
              <test-case id="0-1016" name="InvokeAsyncTestWith_429" fullname="PureCloudPlatform.Client.V2.Tests.ApiClientTests.InvokeAsyncTestWith_429" methodname="InvokeAsyncTestWith_429" classname="PureCloudPlatform.Client.V2.Tests.ApiClientTests" runstate="Runnable" seed="1433317041" result="Passed" start-time="2023-12-05 18:20:50Z" end-time="2023-12-05 18:20:55Z" duration="5.120033" asserts="2" />
              <test-case id="0-1017" name="InvokeAsyncTestWith_429_And_No_MaxRetryTime" fullname="PureCloudPlatform.Client.V2.Tests.ApiClientTests.InvokeAsyncTestWith_429_And_No_MaxRetryTime" methodname="InvokeAsyncTestWith_429_And_No_MaxRetryTime" classname="PureCloudPlatform.Client.V2.Tests.ApiClientTests" runstate="Runnable" seed="261176267" result="Passed" start-time="2023-12-05 18:20:55Z" end-time="2023-12-05 18:20:55Z" duration="0.003111" asserts="2" />
              <test-case id="0-1018" name="InvokeAsyncTestWith_502" fullname="PureCloudPlatform.Client.V2.Tests.ApiClientTests.InvokeAsyncTestWith_502" methodname="InvokeAsyncTestWith_502" classname="PureCloudPlatform.Client.V2.Tests.ApiClientTests" runstate="Runnable" seed="823356486" result="Passed" start-time="2023-12-05 18:20:55Z" end-time="2023-12-05 18:21:08Z" duration="13.006146" asserts="2" />
              <test-case id="0-1019" name="InvokeAsyncTestWith_503" fullname="PureCloudPlatform.Client.V2.Tests.ApiClientTests.InvokeAsyncTestWith_503" methodname="InvokeAsyncTestWith_503" classname="PureCloudPlatform.Client.V2.Tests.ApiClientTests" runstate="Runnable" seed="837979714" result="Passed" start-time="2023-12-05 18:21:08Z" end-time="2023-12-05 18:21:48Z" duration="40.026835" asserts="2" />
              <test-case id="0-1020" name="InvokeAsyncTestWith_504" fullname="PureCloudPlatform.Client.V2.Tests.ApiClientTests.InvokeAsyncTestWith_504" methodname="InvokeAsyncTestWith_504" classname="PureCloudPlatform.Client.V2.Tests.ApiClientTests" runstate="Runnable" seed="654178473" result="Passed" start-time="2023-12-05 18:21:48Z" end-time="2023-12-05 18:21:50Z" duration="2.047854" asserts="2" />
              <test-case id="0-1021" name="InvokeAsyncTestWith_504_And_No_MaxRetryTime" fullname="PureCloudPlatform.Client.V2.Tests.ApiClientTests.InvokeAsyncTestWith_504_And_No_MaxRetryTime" methodname="InvokeAsyncTestWith_504_And_No_MaxRetryTime" classname="PureCloudPlatform.Client.V2.Tests.ApiClientTests" runstate="Runnable" seed="819203957" result="Passed" start-time="2023-12-05 18:21:50Z" end-time="2023-12-05 18:21:50Z" duration="0.006354" asserts="2" />
              <test-case id="0-1010" name="InvokeTestWith_429" fullname="PureCloudPlatform.Client.V2.Tests.ApiClientTests.InvokeTestWith_429" methodname="InvokeTestWith_429" classname="PureCloudPlatform.Client.V2.Tests.ApiClientTests" runstate="Runnable" seed="1248478326" result="Passed" start-time="2023-12-05 18:21:50Z" end-time="2023-12-05 18:21:56Z" duration="6.024788" asserts="2" />
              <test-case id="0-1011" name="InvokeTestWith_429_And_No_MaxRetryTime" fullname="PureCloudPlatform.Client.V2.Tests.ApiClientTests.InvokeTestWith_429_And_No_MaxRetryTime" methodname="InvokeTestWith_429_And_No_MaxRetryTime" classname="PureCloudPlatform.Client.V2.Tests.ApiClientTests" runstate="Runnable" seed="1032801231" result="Passed" start-time="2023-12-05 18:21:56Z" end-time="2023-12-05 18:21:56Z" duration="0.010981" asserts="2" />
              <test-case id="0-1012" name="InvokeTestWith_502" fullname="PureCloudPlatform.Client.V2.Tests.ApiClientTests.InvokeTestWith_502" methodname="InvokeTestWith_502" classname="PureCloudPlatform.Client.V2.Tests.ApiClientTests" runstate="Runnable" seed="810908135" result="Passed" start-time="2023-12-05 18:21:56Z" end-time="2023-12-05 18:22:09Z" duration="13.013839" asserts="2" />
              <test-case id="0-1013" name="InvokeTestWith_503" fullname="PureCloudPlatform.Client.V2.Tests.ApiClientTests.InvokeTestWith_503" methodname="InvokeTestWith_503" classname="PureCloudPlatform.Client.V2.Tests.ApiClientTests" runstate="Runnable" seed="930580091" result="Passed" start-time="2023-12-05 18:22:09Z" end-time="2023-12-05 18:22:49Z" duration="40.034939" asserts="2" />
              <test-case id="0-1014" name="InvokeTestWith_504" fullname="PureCloudPlatform.Client.V2.Tests.ApiClientTests.InvokeTestWith_504" methodname="InvokeTestWith_504" classname="PureCloudPlatform.Client.V2.Tests.ApiClientTests" runstate="Runnable" seed="1308133323" result="Passed" start-time="2023-12-05 18:22:49Z" end-time="2023-12-05 18:22:51Z" duration="2.002833" asserts="2" />
              <test-case id="0-1015" name="InvokeTestWith_504_No_MaxRetryTime" fullname="PureCloudPlatform.Client.V2.Tests.ApiClientTests.InvokeTestWith_504_No_MaxRetryTime" methodname="InvokeTestWith_504_No_MaxRetryTime" classname="PureCloudPlatform.Client.V2.Tests.ApiClientTests" runstate="Runnable" seed="1904082342" result="Passed" start-time="2023-12-05 18:22:51Z" end-time="2023-12-05 18:22:51Z" duration="0.001788" asserts="2" />
            </test-suite>
            <test-suite type="TestFixture" id="0-1000" name="SdkTests" fullname="PureCloudPlatform.Client.V2.Tests.SdkTests" classname="PureCloudPlatform.Client.V2.Tests.SdkTests" runstate="Runnable" testcasecount="8" result="Passed" start-time="2023-12-05 18:22:51Z" end-time="2023-12-05 18:22:59Z" duration="8.249170" total="8" passed="8" failed="0" warnings="0" inconclusive="0" skipped="0" asserts="21">
              <properties>
                <property name="Timeout" value="70000" />
              </properties>
              <test-case id="0-1001" name="TraceBasicInformation" fullname="PureCloudPlatform.Client.V2.Tests.SdkTests.TraceBasicInformation" methodname="TraceBasicInformation" classname="PureCloudPlatform.Client.V2.Tests.SdkTests" runstate="Runnable" seed="1652654495" result="Passed" start-time="2023-12-05 18:22:51Z" end-time="2023-12-05 18:22:51Z" duration="0.005953" asserts="6">
                <properties>
                  <property name="Order" value="0" />
                </properties>
                <output><![CDATA[PURECLOUD_ENVIRONMENT=mypurecloud.com
PURECLOUD_CLIENT_ID=7de3af06-c0b3-4f9b-af45-72f4a14037cc
userEmail=6cfc6897-d82e-4e13-86cf-fa9bdc06f928@mypurecloud.com
]]></output>
              </test-case>
              <test-case id="0-1002" name="Authenticate" fullname="PureCloudPlatform.Client.V2.Tests.SdkTests.Authenticate" methodname="Authenticate" classname="PureCloudPlatform.Client.V2.Tests.SdkTests" runstate="Runnable" seed="1316299881" result="Passed" start-time="2023-12-05 18:22:51Z" end-time="2023-12-05 18:22:51Z" duration="0.055370" asserts="1">
                <properties>
                  <property name="Order" value="1" />
                </properties>
              </test-case>
              <test-case id="0-1003" name="CreateUser" fullname="PureCloudPlatform.Client.V2.Tests.SdkTests.CreateUser" methodname="CreateUser" classname="PureCloudPlatform.Client.V2.Tests.SdkTests" runstate="Runnable" seed="242985413" result="Passed" start-time="2023-12-05 18:22:51Z" end-time="2023-12-05 18:22:52Z" duration="0.678515" asserts="2">
                <properties>
                  <property name="Order" value="2" />
                </properties>
                <output><![CDATA[CorrelationId for PostUsersWithHttpInfo adec0c5e-e58b-4799-a46c-d0b6b936ebd1
Version for PostUsersWithHttpInfo 1
Created user with ID dcf3a869-bbbb-47ba-a432-7adefda86cd0
]]></output>
              </test-case>
              <test-case id="0-1004" name="UpdateUser" fullname="PureCloudPlatform.Client.V2.Tests.SdkTests.UpdateUser" methodname="UpdateUser" classname="PureCloudPlatform.Client.V2.Tests.SdkTests" runstate="Runnable" seed="970200690" result="Passed" start-time="2023-12-05 18:22:52Z" end-time="2023-12-05 18:22:52Z" duration="0.181306" asserts="4">
                <properties>
                  <property name="Order" value="3" />
                </properties>
              </test-case>
              <test-case id="0-1005" name="SetProfileSkills" fullname="PureCloudPlatform.Client.V2.Tests.SdkTests.SetProfileSkills" methodname="SetProfileSkills" classname="PureCloudPlatform.Client.V2.Tests.SdkTests" runstate="Runnable" seed="126914709" result="Passed" start-time="2023-12-05 18:22:52Z" end-time="2023-12-05 18:22:52Z" duration="0.170654" asserts="2">
                <properties>
                  <property name="Order" value="4" />
                </properties>
                <output><![CDATA[CorrelationId for PutUserProfileskillsWithHttpInfo 8c19af9b-2fc5-47be-b5c7-ec8afa3cb63d
]]></output>
              </test-case>
              <test-case id="0-1006" name="TestNotifications" fullname="PureCloudPlatform.Client.V2.Tests.SdkTests.TestNotifications" methodname="TestNotifications" classname="PureCloudPlatform.Client.V2.Tests.SdkTests" runstate="Runnable" seed="332307435" result="Passed" start-time="2023-12-05 18:22:52Z" end-time="2023-12-05 18:22:53Z" duration="0.671878" asserts="2">
                <properties>
                  <property name="Order" value="5" />
                </properties>
              </test-case>
              <test-case id="0-1007" name="GetUser" fullname="PureCloudPlatform.Client.V2.Tests.SdkTests.GetUser" methodname="GetUser" classname="PureCloudPlatform.Client.V2.Tests.SdkTests" runstate="Runnable" seed="1494941158" result="Passed" start-time="2023-12-05 18:22:53Z" end-time="2023-12-05 18:22:59Z" duration="6.132348" asserts="4">
                <properties>
                  <property name="Retry" value="2" />
                  <property name="Order" value="6" />
                </properties>
                <output><![CDATA[CorrelationId for GetUserWithHttpInfo dc2892ff-80e6-4bb0-8383-66657224fa51
Version for GetUserWithHttpInfo 3
]]></output>
              </test-case>
              <test-case id="0-1008" name="DeleteUserWithProxy" fullname="PureCloudPlatform.Client.V2.Tests.SdkTests.DeleteUserWithProxy" methodname="DeleteUserWithProxy" classname="PureCloudPlatform.Client.V2.Tests.SdkTests" runstate="Runnable" seed="1136085026" result="Passed" start-time="2023-12-05 18:22:59Z" end-time="2023-12-05 18:22:59Z" duration="0.347805" asserts="0">
                <properties>
                  <property name="Order" value="7" />
                </properties>
              </test-case>
            </test-suite>
            <test-suite type="TestFixture" id="0-1022" name="UpgradeSdkEnumConverterTests" fullname="PureCloudPlatform.Client.V2.Tests.UpgradeSdkEnumConverterTests" classname="PureCloudPlatform.Client.V2.Tests.UpgradeSdkEnumConverterTests" runstate="Runnable" testcasecount="20" result="Passed" start-time="2023-12-05 18:22:59Z" end-time="2023-12-05 18:22:59Z" duration="0.010929" total="20" passed="20" failed="0" warnings="0" inconclusive="0" skipped="0" asserts="20">
              <test-suite type="ParameterizedMethod" id="0-1027" name="TestReadInt32" fullname="PureCloudPlatform.Client.V2.Tests.UpgradeSdkEnumConverterTests.TestReadInt32" classname="PureCloudPlatform.Client.V2.Tests.UpgradeSdkEnumConverterTests" runstate="Runnable" testcasecount="4" result="Passed" start-time="2023-12-05 18:22:59Z" end-time="2023-12-05 18:22:59Z" duration="0.005023" total="4" passed="4" failed="0" warnings="0" inconclusive="0" skipped="0" asserts="4">
                <test-case id="0-1023" name="TestReadInt32(0)" fullname="PureCloudPlatform.Client.V2.Tests.UpgradeSdkEnumConverterTests.TestReadInt32(0)" methodname="TestReadInt32" classname="PureCloudPlatform.Client.V2.Tests.UpgradeSdkEnumConverterTests" runstate="Runnable" seed="128812040" result="Passed" start-time="2023-12-05 18:22:59Z" end-time="2023-12-05 18:22:59Z" duration="0.004215" asserts="1" />
                <test-case id="0-1024" name="TestReadInt32(1)" fullname="PureCloudPlatform.Client.V2.Tests.UpgradeSdkEnumConverterTests.TestReadInt32(1)" methodname="TestReadInt32" classname="PureCloudPlatform.Client.V2.Tests.UpgradeSdkEnumConverterTests" runstate="Runnable" seed="1230719534" result="Passed" start-time="2023-12-05 18:22:59Z" end-time="2023-12-05 18:22:59Z" duration="0.000193" asserts="1" />
                <test-case id="0-1025" name="TestReadInt32(256)" fullname="PureCloudPlatform.Client.V2.Tests.UpgradeSdkEnumConverterTests.TestReadInt32(256)" methodname="TestReadInt32" classname="PureCloudPlatform.Client.V2.Tests.UpgradeSdkEnumConverterTests" runstate="Runnable" seed="2122966567" result="Passed" start-time="2023-12-05 18:22:59Z" end-time="2023-12-05 18:22:59Z" duration="0.000154" asserts="1" />
                <test-case id="0-1026" name="TestReadInt32(-1)" fullname="PureCloudPlatform.Client.V2.Tests.UpgradeSdkEnumConverterTests.TestReadInt32(-1)" methodname="TestReadInt32" classname="PureCloudPlatform.Client.V2.Tests.UpgradeSdkEnumConverterTests" runstate="Runnable" seed="1817646805" result="Passed" start-time="2023-12-05 18:22:59Z" end-time="2023-12-05 18:22:59Z" duration="0.000125" asserts="1" />
              </test-suite>
              <test-suite type="ParameterizedMethod" id="0-1035" name="TestReadString" fullname="PureCloudPlatform.Client.V2.Tests.UpgradeSdkEnumConverterTests.TestReadString" classname="PureCloudPlatform.Client.V2.Tests.UpgradeSdkEnumConverterTests" runstate="Runnable" testcasecount="7" result="Passed" start-time="2023-12-05 18:22:59Z" end-time="2023-12-05 18:22:59Z" duration="0.001786" total="7" passed="7" failed="0" warnings="0" inconclusive="0" skipped="0" asserts="7">
                <test-case id="0-1028" name="TestReadString(&quot;alerting&quot;)" fullname="PureCloudPlatform.Client.V2.Tests.UpgradeSdkEnumConverterTests.TestReadString(&quot;alerting&quot;)" methodname="TestReadString" classname="PureCloudPlatform.Client.V2.Tests.UpgradeSdkEnumConverterTests" runstate="Runnable" seed="778903488" result="Passed" start-time="2023-12-05 18:22:59Z" end-time="2023-12-05 18:22:59Z" duration="0.000469" asserts="1" />
                <test-case id="0-1029" name="TestReadString(&quot;AlErTiNg&quot;)" fullname="PureCloudPlatform.Client.V2.Tests.UpgradeSdkEnumConverterTests.TestReadString(&quot;AlErTiNg&quot;)" methodname="TestReadString" classname="PureCloudPlatform.Client.V2.Tests.UpgradeSdkEnumConverterTests" runstate="Runnable" seed="1727099226" result="Passed" start-time="2023-12-05 18:22:59Z" end-time="2023-12-05 18:22:59Z" duration="0.000256" asserts="1" />
                <test-case id="0-1030" name="TestReadString(&quot;delivery-success&quot;)" fullname="PureCloudPlatform.Client.V2.Tests.UpgradeSdkEnumConverterTests.TestReadString(&quot;delivery-success&quot;)" methodname="TestReadString" classname="PureCloudPlatform.Client.V2.Tests.UpgradeSdkEnumConverterTests" runstate="Runnable" seed="997706733" result="Passed" start-time="2023-12-05 18:22:59Z" end-time="2023-12-05 18:22:59Z" duration="0.000198" asserts="1" />
                <test-case id="0-1031" name="TestReadString(&quot;Deliverysuccess&quot;)" fullname="PureCloudPlatform.Client.V2.Tests.UpgradeSdkEnumConverterTests.TestReadString(&quot;Deliverysuccess&quot;)" methodname="TestReadString" classname="PureCloudPlatform.Client.V2.Tests.UpgradeSdkEnumConverterTests" runstate="Runnable" seed="689056132" result="Passed" start-time="2023-12-05 18:22:59Z" end-time="2023-12-05 18:22:59Z" duration="0.000136" asserts="1" />
                <test-case id="0-1032" name="TestReadString(&quot;OUTDATED_SDK_VERSION&quot;)" fullname="PureCloudPlatform.Client.V2.Tests.UpgradeSdkEnumConverterTests.TestReadString(&quot;OUTDATED_SDK_VERSION&quot;)" methodname="TestReadString" classname="PureCloudPlatform.Client.V2.Tests.UpgradeSdkEnumConverterTests" runstate="Runnable" seed="985976758" result="Passed" start-time="2023-12-05 18:22:59Z" end-time="2023-12-05 18:22:59Z" duration="0.000192" asserts="1" />
                <test-case id="0-1033" name="TestReadString(&quot;foo&quot;)" fullname="PureCloudPlatform.Client.V2.Tests.UpgradeSdkEnumConverterTests.TestReadString(&quot;foo&quot;)" methodname="TestReadString" classname="PureCloudPlatform.Client.V2.Tests.UpgradeSdkEnumConverterTests" runstate="Runnable" seed="57978972" result="Passed" start-time="2023-12-05 18:22:59Z" end-time="2023-12-05 18:22:59Z" duration="0.000149" asserts="1" />
                <test-case id="0-1034" name="TestReadString(&quot;&quot;)" fullname="PureCloudPlatform.Client.V2.Tests.UpgradeSdkEnumConverterTests.TestReadString(&quot;&quot;)" methodname="TestReadString" classname="PureCloudPlatform.Client.V2.Tests.UpgradeSdkEnumConverterTests" runstate="Runnable" seed="803991226" result="Passed" start-time="2023-12-05 18:22:59Z" end-time="2023-12-05 18:22:59Z" duration="0.000201" asserts="1" />
              </test-suite>
              <test-suite type="ParameterizedMethod" id="0-1039" name="TestReadStringNullable" fullname="PureCloudPlatform.Client.V2.Tests.UpgradeSdkEnumConverterTests.TestReadStringNullable" classname="PureCloudPlatform.Client.V2.Tests.UpgradeSdkEnumConverterTests" runstate="Runnable" testcasecount="3" result="Passed" start-time="2023-12-05 18:22:59Z" end-time="2023-12-05 18:22:59Z" duration="0.001659" total="3" passed="3" failed="0" warnings="0" inconclusive="0" skipped="0" asserts="3">
                <test-case id="0-1036" name="TestReadStringNullable(&quot;alerting&quot;)" fullname="PureCloudPlatform.Client.V2.Tests.UpgradeSdkEnumConverterTests.TestReadStringNullable(&quot;alerting&quot;)" methodname="TestReadStringNullable" classname="PureCloudPlatform.Client.V2.Tests.UpgradeSdkEnumConverterTests" runstate="Runnable" seed="265642979" result="Passed" start-time="2023-12-05 18:22:59Z" end-time="2023-12-05 18:22:59Z" duration="0.001219" asserts="1" />
                <test-case id="0-1037" name="TestReadStringNullable(&quot;&quot;)" fullname="PureCloudPlatform.Client.V2.Tests.UpgradeSdkEnumConverterTests.TestReadStringNullable(&quot;&quot;)" methodname="TestReadStringNullable" classname="PureCloudPlatform.Client.V2.Tests.UpgradeSdkEnumConverterTests" runstate="Runnable" seed="697220984" result="Passed" start-time="2023-12-05 18:22:59Z" end-time="2023-12-05 18:22:59Z" duration="0.000129" asserts="1" />
                <test-case id="0-1038" name="TestReadStringNullable(null)" fullname="PureCloudPlatform.Client.V2.Tests.UpgradeSdkEnumConverterTests.TestReadStringNullable(null)" methodname="TestReadStringNullable" classname="PureCloudPlatform.Client.V2.Tests.UpgradeSdkEnumConverterTests" runstate="Runnable" seed="1528401610" result="Passed" start-time="2023-12-05 18:22:59Z" end-time="2023-12-05 18:22:59Z" duration="0.000186" asserts="1" />
              </test-suite>
              <test-suite type="ParameterizedMethod" id="0-1043" name="TestWrite" fullname="PureCloudPlatform.Client.V2.Tests.UpgradeSdkEnumConverterTests.TestWrite" classname="PureCloudPlatform.Client.V2.Tests.UpgradeSdkEnumConverterTests" runstate="Runnable" testcasecount="3" result="Passed" start-time="2023-12-05 18:22:59Z" end-time="2023-12-05 18:22:59Z" duration="0.001385" total="3" passed="3" failed="0" warnings="0" inconclusive="0" skipped="0" asserts="3">
                <test-case id="0-1040" name="TestWrite(Deliverysuccess)" fullname="PureCloudPlatform.Client.V2.Tests.UpgradeSdkEnumConverterTests.TestWrite(Deliverysuccess)" methodname="TestWrite" classname="PureCloudPlatform.Client.V2.Tests.UpgradeSdkEnumConverterTests" runstate="Runnable" seed="1314864959" result="Passed" start-time="2023-12-05 18:22:59Z" end-time="2023-12-05 18:22:59Z" duration="0.001104" asserts="1" />
                <test-case id="0-1041" name="TestWrite(OutdatedSdkVersion)" fullname="PureCloudPlatform.Client.V2.Tests.UpgradeSdkEnumConverterTests.TestWrite(OutdatedSdkVersion)" methodname="TestWrite" classname="PureCloudPlatform.Client.V2.Tests.UpgradeSdkEnumConverterTests" runstate="Runnable" seed="993129551" result="Passed" start-time="2023-12-05 18:22:59Z" end-time="2023-12-05 18:22:59Z" duration="0.000104" asserts="1" />
                <test-case id="0-1042" name="TestWrite(256)" fullname="PureCloudPlatform.Client.V2.Tests.UpgradeSdkEnumConverterTests.TestWrite(256)" methodname="TestWrite" classname="PureCloudPlatform.Client.V2.Tests.UpgradeSdkEnumConverterTests" runstate="Runnable" seed="765057720" result="Passed" start-time="2023-12-05 18:22:59Z" end-time="2023-12-05 18:22:59Z" duration="0.000065" asserts="1" />
              </test-suite>
              <test-suite type="ParameterizedMethod" id="0-1047" name="TestWriteNullable" fullname="PureCloudPlatform.Client.V2.Tests.UpgradeSdkEnumConverterTests.TestWriteNullable" classname="PureCloudPlatform.Client.V2.Tests.UpgradeSdkEnumConverterTests" runstate="Runnable" testcasecount="3" result="Passed" start-time="2023-12-05 18:22:59Z" end-time="2023-12-05 18:22:59Z" duration="0.000831" total="3" passed="3" failed="0" warnings="0" inconclusive="0" skipped="0" asserts="3">
                <test-case id="0-1044" name="TestWriteNullable(Deliverysuccess)" fullname="PureCloudPlatform.Client.V2.Tests.UpgradeSdkEnumConverterTests.TestWriteNullable(Deliverysuccess)" methodname="TestWriteNullable" classname="PureCloudPlatform.Client.V2.Tests.UpgradeSdkEnumConverterTests" runstate="Runnable" seed="1253394017" result="Passed" start-time="2023-12-05 18:22:59Z" end-time="2023-12-05 18:22:59Z" duration="0.000265" asserts="1" />
                <test-case id="0-1045" name="TestWriteNullable(OutdatedSdkVersion)" fullname="PureCloudPlatform.Client.V2.Tests.UpgradeSdkEnumConverterTests.TestWriteNullable(OutdatedSdkVersion)" methodname="TestWriteNullable" classname="PureCloudPlatform.Client.V2.Tests.UpgradeSdkEnumConverterTests" runstate="Runnable" seed="526909227" result="Passed" start-time="2023-12-05 18:22:59Z" end-time="2023-12-05 18:22:59Z" duration="0.000076" asserts="1" />
                <test-case id="0-1046" name="TestWriteNullable(null)" fullname="PureCloudPlatform.Client.V2.Tests.UpgradeSdkEnumConverterTests.TestWriteNullable(null)" methodname="TestWriteNullable" classname="PureCloudPlatform.Client.V2.Tests.UpgradeSdkEnumConverterTests" runstate="Runnable" seed="363316319" result="Passed" start-time="2023-12-05 18:22:59Z" end-time="2023-12-05 18:22:59Z" duration="0.000162" asserts="1" />
              </test-suite>
            </test-suite>
          </test-suite>
        </test-suite>
      </test-suite>
    </test-suite>
  </test-suite>
</test-run>