<?xml version="1.0" encoding="utf-8" standalone="no"?>
<test-run id="2" testcasecount="37" result="Passed" total="37" passed="37" failed="0" inconclusive="0" skipped="0" asserts="65" engine-version="3.8.0.0" clr-version="4.0.30319.42000" start-time="2023-03-09 07:52:38Z" end-time="2023-03-09 07:54:43Z" duration="124.787000">
  <command-line><![CDATA[/var/build/workspace/build-platform-sdks-pipeline/resources/sdk/pureclouddotnet/bin/nunit/nunit3-console.exe /var/build/workspace/build-platform-sdks-pipeline/output/pureclouddotnet/build/bin/PureCloudPlatform.Client.V2.Tests.dll]]></command-line>
  <test-suite type="Assembly" id="0-1045" name="PureCloudPlatform.Client.V2.Tests.dll" fullname="/var/build/workspace/build-platform-sdks-pipeline/output/pureclouddotnet/build/bin/PureCloudPlatform.Client.V2.Tests.dll" runstate="Runnable" testcasecount="37" result="Passed" start-time="2023-03-09 07:52:39Z" end-time="2023-03-09 07:54:43Z" duration="123.745486" total="37" passed="37" failed="0" warnings="0" inconclusive="0" skipped="0" asserts="65">
    <environment framework-version="3.10.1.0" clr-version="4.0.30319.42000" os-version="Unix 4.14.305.227" platform="Unix" cwd="/var/build/workspace/build-platform-sdks-pipeline/output/pureclouddotnet/build" machine-name="jenkins-agent-10-25-224-5" user="jenkins" user-domain="jenkins-agent-10-25-224-5" culture="en-US" uiculture="en-US" os-architecture="x64" />
    <settings>
      <setting name="DisposeRunners" value="True" />
      <setting name="WorkDirectory" value="/var/build/workspace/build-platform-sdks-pipeline/output/pureclouddotnet/build" />
      <setting name="ImageRuntimeVersion" value="4.0.30319" />
      <setting name="ImageTargetFrameworkName" value=".NETFramework,Version=v4.5.2" />
      <setting name="ImageRequiresX86" value="False" />
      <setting name="ImageRequiresDefaultAppDomainAssemblyResolver" value="False" />
      <setting name="NumberOfTestWorkers" value="4" />
    </settings>
    <properties>
      <property name="_PID" value="23623" />
      <property name="_APPDOMAIN" value="domain-" />
    </properties>
    <test-suite type="TestSuite" id="0-1046" name="PureCloudPlatform" fullname="PureCloudPlatform" runstate="Runnable" testcasecount="37" result="Passed" start-time="2023-03-09 07:52:39Z" end-time="2023-03-09 07:54:43Z" duration="123.727228" total="37" passed="37" failed="0" warnings="0" inconclusive="0" skipped="0" asserts="65">
      <test-suite type="TestSuite" id="0-1047" name="Client" fullname="PureCloudPlatform.Client" runstate="Runnable" testcasecount="37" result="Passed" start-time="2023-03-09 07:52:39Z" end-time="2023-03-09 07:54:43Z" duration="123.726970" total="37" passed="37" failed="0" warnings="0" inconclusive="0" skipped="0" asserts="65">
        <test-suite type="TestSuite" id="0-1048" name="V2" fullname="PureCloudPlatform.Client.V2" runstate="Runnable" testcasecount="37" result="Passed" start-time="2023-03-09 07:52:39Z" end-time="2023-03-09 07:54:43Z" duration="123.726946" total="37" passed="37" failed="0" warnings="0" inconclusive="0" skipped="0" asserts="65">
          <test-suite type="TestSuite" id="0-1049" name="Tests" fullname="PureCloudPlatform.Client.V2.Tests" runstate="Runnable" testcasecount="37" result="Passed" start-time="2023-03-09 07:52:39Z" end-time="2023-03-09 07:54:43Z" duration="123.726589" total="37" passed="37" failed="0" warnings="0" inconclusive="0" skipped="0" asserts="65">
            <test-suite type="TestFixture" id="0-1000" name="ApiClientTests" fullname="PureCloudPlatform.Client.V2.Tests.ApiClientTests" classname="PureCloudPlatform.Client.V2.Tests.ApiClientTests" runstate="Runnable" testcasecount="12" result="Passed" start-time="2023-03-09 07:52:39Z" end-time="2023-03-09 07:54:42Z" duration="122.292459" total="12" passed="12" failed="0" warnings="0" inconclusive="0" skipped="0" asserts="24">
              <test-case id="0-1007" name="InvokeAsyncTestWith_429" fullname="PureCloudPlatform.Client.V2.Tests.ApiClientTests.InvokeAsyncTestWith_429" methodname="InvokeAsyncTestWith_429" classname="PureCloudPlatform.Client.V2.Tests.ApiClientTests" runstate="Runnable" seed="330000476" result="Passed" start-time="2023-03-09 07:52:40Z" end-time="2023-03-09 07:52:46Z" duration="5.469437" asserts="2" />
              <test-case id="0-1008" name="InvokeAsyncTestWith_429_And_No_MaxRetryTime" fullname="PureCloudPlatform.Client.V2.Tests.ApiClientTests.InvokeAsyncTestWith_429_And_No_MaxRetryTime" methodname="InvokeAsyncTestWith_429_And_No_MaxRetryTime" classname="PureCloudPlatform.Client.V2.Tests.ApiClientTests" runstate="Runnable" seed="1075833983" result="Passed" start-time="2023-03-09 07:52:46Z" end-time="2023-03-09 07:52:46Z" duration="0.005228" asserts="2" />
              <test-case id="0-1009" name="InvokeAsyncTestWith_502" fullname="PureCloudPlatform.Client.V2.Tests.ApiClientTests.InvokeAsyncTestWith_502" methodname="InvokeAsyncTestWith_502" classname="PureCloudPlatform.Client.V2.Tests.ApiClientTests" runstate="Runnable" seed="609809457" result="Passed" start-time="2023-03-09 07:52:46Z" end-time="2023-03-09 07:52:59Z" duration="13.016381" asserts="2" />
              <test-case id="0-1010" name="InvokeAsyncTestWith_503" fullname="PureCloudPlatform.Client.V2.Tests.ApiClientTests.InvokeAsyncTestWith_503" methodname="InvokeAsyncTestWith_503" classname="PureCloudPlatform.Client.V2.Tests.ApiClientTests" runstate="Runnable" seed="1536185620" result="Passed" start-time="2023-03-09 07:52:59Z" end-time="2023-03-09 07:53:39Z" duration="40.006586" asserts="2" />
              <test-case id="0-1011" name="InvokeAsyncTestWith_504" fullname="PureCloudPlatform.Client.V2.Tests.ApiClientTests.InvokeAsyncTestWith_504" methodname="InvokeAsyncTestWith_504" classname="PureCloudPlatform.Client.V2.Tests.ApiClientTests" runstate="Runnable" seed="1888430114" result="Passed" start-time="2023-03-09 07:53:39Z" end-time="2023-03-09 07:53:41Z" duration="2.005143" asserts="2" />
              <test-case id="0-1012" name="InvokeAsyncTestWith_504_And_No_MaxRetryTime" fullname="PureCloudPlatform.Client.V2.Tests.ApiClientTests.InvokeAsyncTestWith_504_And_No_MaxRetryTime" methodname="InvokeAsyncTestWith_504_And_No_MaxRetryTime" classname="PureCloudPlatform.Client.V2.Tests.ApiClientTests" runstate="Runnable" seed="2018063002" result="Passed" start-time="2023-03-09 07:53:41Z" end-time="2023-03-09 07:53:41Z" duration="0.002744" asserts="2" />
              <test-case id="0-1001" name="InvokeTestWith_429" fullname="PureCloudPlatform.Client.V2.Tests.ApiClientTests.InvokeTestWith_429" methodname="InvokeTestWith_429" classname="PureCloudPlatform.Client.V2.Tests.ApiClientTests" runstate="Runnable" seed="1861969761" result="Passed" start-time="2023-03-09 07:53:41Z" end-time="2023-03-09 07:53:47Z" duration="6.007901" asserts="2" />
              <test-case id="0-1002" name="InvokeTestWith_429_And_No_MaxRetryTime" fullname="PureCloudPlatform.Client.V2.Tests.ApiClientTests.InvokeTestWith_429_And_No_MaxRetryTime" methodname="InvokeTestWith_429_And_No_MaxRetryTime" classname="PureCloudPlatform.Client.V2.Tests.ApiClientTests" runstate="Runnable" seed="109924840" result="Passed" start-time="2023-03-09 07:53:47Z" end-time="2023-03-09 07:53:47Z" duration="0.001898" asserts="2" />
              <test-case id="0-1003" name="InvokeTestWith_502" fullname="PureCloudPlatform.Client.V2.Tests.ApiClientTests.InvokeTestWith_502" methodname="InvokeTestWith_502" classname="PureCloudPlatform.Client.V2.Tests.ApiClientTests" runstate="Runnable" seed="643130177" result="Passed" start-time="2023-03-09 07:53:47Z" end-time="2023-03-09 07:54:00Z" duration="13.002966" asserts="2" />
              <test-case id="0-1004" name="InvokeTestWith_503" fullname="PureCloudPlatform.Client.V2.Tests.ApiClientTests.InvokeTestWith_503" methodname="InvokeTestWith_503" classname="PureCloudPlatform.Client.V2.Tests.ApiClientTests" runstate="Runnable" seed="265793599" result="Passed" start-time="2023-03-09 07:54:00Z" end-time="2023-03-09 07:54:40Z" duration="40.004503" asserts="2" />
              <test-case id="0-1005" name="InvokeTestWith_504" fullname="PureCloudPlatform.Client.V2.Tests.ApiClientTests.InvokeTestWith_504" methodname="InvokeTestWith_504" classname="PureCloudPlatform.Client.V2.Tests.ApiClientTests" runstate="Runnable" seed="1385911084" result="Passed" start-time="2023-03-09 07:54:40Z" end-time="2023-03-09 07:54:42Z" duration="2.002444" asserts="2" />
              <test-case id="0-1006" name="InvokeTestWith_504_No_MaxRetryTime" fullname="PureCloudPlatform.Client.V2.Tests.ApiClientTests.InvokeTestWith_504_No_MaxRetryTime" methodname="InvokeTestWith_504_No_MaxRetryTime" classname="PureCloudPlatform.Client.V2.Tests.ApiClientTests" runstate="Runnable" seed="106513168" result="Passed" start-time="2023-03-09 07:54:42Z" end-time="2023-03-09 07:54:42Z" duration="0.002126" asserts="2" />
            </test-suite>
            <test-suite type="TestFixture" id="0-1013" name="SdkTests" fullname="PureCloudPlatform.Client.V2.Tests.SdkTests" classname="PureCloudPlatform.Client.V2.Tests.SdkTests" runstate="Runnable" testcasecount="8" result="Passed" start-time="2023-03-09 07:54:42Z" end-time="2023-03-09 07:54:43Z" duration="1.420589" total="8" passed="8" failed="0" warnings="0" inconclusive="0" skipped="0" asserts="24">
              <properties>
                <property name="Timeout" value="60000" />
              </properties>
              <test-case id="0-1014" name="TraceBasicInformation" fullname="PureCloudPlatform.Client.V2.Tests.SdkTests.TraceBasicInformation" methodname="TraceBasicInformation" classname="PureCloudPlatform.Client.V2.Tests.SdkTests" runstate="Runnable" seed="633316850" result="Passed" start-time="2023-03-09 07:54:42Z" end-time="2023-03-09 07:54:42Z" duration="0.007522" asserts="6">
                <properties>
                  <property name="Order" value="0" />
                </properties>
                <output><![CDATA[PURECLOUD_ENVIRONMENT=mypurecloud.com
PURECLOUD_CLIENT_ID=7de3af06-c0b3-4f9b-af45-72f4a14037cc
userEmail=c0561324-54fd-4d7e-b048-dc237a818da1@mypurecloud.com
]]></output>
              </test-case>
              <test-case id="0-1015" name="Authenticate" fullname="PureCloudPlatform.Client.V2.Tests.SdkTests.Authenticate" methodname="Authenticate" classname="PureCloudPlatform.Client.V2.Tests.SdkTests" runstate="Runnable" seed="2114789807" result="Passed" start-time="2023-03-09 07:54:42Z" end-time="2023-03-09 07:54:42Z" duration="0.032985" asserts="1">
                <properties>
                  <property name="Order" value="1" />
                </properties>
              </test-case>
              <test-case id="0-1016" name="CreateUser" fullname="PureCloudPlatform.Client.V2.Tests.SdkTests.CreateUser" methodname="CreateUser" classname="PureCloudPlatform.Client.V2.Tests.SdkTests" runstate="Runnable" seed="1701896519" result="Passed" start-time="2023-03-09 07:54:42Z" end-time="2023-03-09 07:54:42Z" duration="0.484786" asserts="2">
                <properties>
                  <property name="Order" value="2" />
                </properties>
                <output><![CDATA[Created user with ID 7eabbaea-6aa0-4f5b-9bce-570f1d8bd3b2
]]></output>
              </test-case>
              <test-case id="0-1017" name="UpdateUser" fullname="PureCloudPlatform.Client.V2.Tests.SdkTests.UpdateUser" methodname="UpdateUser" classname="PureCloudPlatform.Client.V2.Tests.SdkTests" runstate="Runnable" seed="1330605044" result="Passed" start-time="2023-03-09 07:54:42Z" end-time="2023-03-09 07:54:42Z" duration="0.141433" asserts="4">
                <properties>
                  <property name="Order" value="3" />
                </properties>
              </test-case>
              <test-case id="0-1018" name="SetProfileSkills" fullname="PureCloudPlatform.Client.V2.Tests.SdkTests.SetProfileSkills" methodname="SetProfileSkills" classname="PureCloudPlatform.Client.V2.Tests.SdkTests" runstate="Runnable" seed="2116715932" result="Passed" start-time="2023-03-09 07:54:42Z" end-time="2023-03-09 07:54:43Z" duration="0.163122" asserts="2">
                <properties>
                  <property name="Order" value="4" />
                </properties>
              </test-case>
              <test-case id="0-1019" name="TestNotifications" fullname="PureCloudPlatform.Client.V2.Tests.SdkTests.TestNotifications" methodname="TestNotifications" classname="PureCloudPlatform.Client.V2.Tests.SdkTests" runstate="Runnable" seed="78376353" result="Passed" start-time="2023-03-09 07:54:43Z" end-time="2023-03-09 07:54:43Z" duration="0.387315" asserts="2">
                <properties>
                  <property name="Order" value="5" />
                </properties>
              </test-case>
              <test-case id="0-1020" name="GetUser" fullname="PureCloudPlatform.Client.V2.Tests.SdkTests.GetUser" methodname="GetUser" classname="PureCloudPlatform.Client.V2.Tests.SdkTests" runstate="Runnable" seed="453442081" result="Passed" start-time="2023-03-09 07:54:43Z" end-time="2023-03-09 07:54:43Z" duration="0.080508" asserts="7">
                <properties>
                  <property name="Order" value="6" />
                </properties>
              </test-case>
              <test-case id="0-1021" name="DeleteUser" fullname="PureCloudPlatform.Client.V2.Tests.SdkTests.DeleteUser" methodname="DeleteUser" classname="PureCloudPlatform.Client.V2.Tests.SdkTests" runstate="Runnable" seed="126259195" result="Passed" start-time="2023-03-09 07:54:43Z" end-time="2023-03-09 07:54:43Z" duration="0.118239" asserts="0">
                <properties>
                  <property name="Order" value="7" />
                </properties>
              </test-case>
            </test-suite>
            <test-suite type="TestFixture" id="0-1022" name="UpgradeSdkEnumConverterTests" fullname="PureCloudPlatform.Client.V2.Tests.UpgradeSdkEnumConverterTests" classname="PureCloudPlatform.Client.V2.Tests.UpgradeSdkEnumConverterTests" runstate="Runnable" testcasecount="17" result="Passed" start-time="2023-03-09 07:54:43Z" end-time="2023-03-09 07:54:43Z" duration="0.008986" total="17" passed="17" failed="0" warnings="0" inconclusive="0" skipped="0" asserts="17">
              <test-suite type="ParameterizedMethod" id="0-1027" name="TestReadInt32" fullname="PureCloudPlatform.Client.V2.Tests.UpgradeSdkEnumConverterTests.TestReadInt32" classname="PureCloudPlatform.Client.V2.Tests.UpgradeSdkEnumConverterTests" runstate="Runnable" testcasecount="4" result="Passed" start-time="2023-03-09 07:54:43Z" end-time="2023-03-09 07:54:43Z" duration="0.004243" total="4" passed="4" failed="0" warnings="0" inconclusive="0" skipped="0" asserts="4">
                <test-case id="0-1023" name="TestReadInt32(0)" fullname="PureCloudPlatform.Client.V2.Tests.UpgradeSdkEnumConverterTests.TestReadInt32(0)" methodname="TestReadInt32" classname="PureCloudPlatform.Client.V2.Tests.UpgradeSdkEnumConverterTests" runstate="Runnable" seed="879801935" result="Passed" start-time="2023-03-09 07:54:43Z" end-time="2023-03-09 07:54:43Z" duration="0.003537" asserts="1" />
                <test-case id="0-1024" name="TestReadInt32(1)" fullname="PureCloudPlatform.Client.V2.Tests.UpgradeSdkEnumConverterTests.TestReadInt32(1)" methodname="TestReadInt32" classname="PureCloudPlatform.Client.V2.Tests.UpgradeSdkEnumConverterTests" runstate="Runnable" seed="1558823697" result="Passed" start-time="2023-03-09 07:54:43Z" end-time="2023-03-09 07:54:43Z" duration="0.000162" asserts="1" />
                <test-case id="0-1025" name="TestReadInt32(256)" fullname="PureCloudPlatform.Client.V2.Tests.UpgradeSdkEnumConverterTests.TestReadInt32(256)" methodname="TestReadInt32" classname="PureCloudPlatform.Client.V2.Tests.UpgradeSdkEnumConverterTests" runstate="Runnable" seed="1281002989" result="Passed" start-time="2023-03-09 07:54:43Z" end-time="2023-03-09 07:54:43Z" duration="0.000127" asserts="1" />
                <test-case id="0-1026" name="TestReadInt32(-1)" fullname="PureCloudPlatform.Client.V2.Tests.UpgradeSdkEnumConverterTests.TestReadInt32(-1)" methodname="TestReadInt32" classname="PureCloudPlatform.Client.V2.Tests.UpgradeSdkEnumConverterTests" runstate="Runnable" seed="996172863" result="Passed" start-time="2023-03-09 07:54:43Z" end-time="2023-03-09 07:54:43Z" duration="0.000111" asserts="1" />
              </test-suite>
              <test-suite type="ParameterizedMethod" id="0-1034" name="TestReadString" fullname="PureCloudPlatform.Client.V2.Tests.UpgradeSdkEnumConverterTests.TestReadString" classname="PureCloudPlatform.Client.V2.Tests.UpgradeSdkEnumConverterTests" runstate="Runnable" testcasecount="6" result="Passed" start-time="2023-03-09 07:54:43Z" end-time="2023-03-09 07:54:43Z" duration="0.001360" total="6" passed="6" failed="0" warnings="0" inconclusive="0" skipped="0" asserts="6">
                <test-case id="0-1028" name="TestReadString(&quot;alerting&quot;)" fullname="PureCloudPlatform.Client.V2.Tests.UpgradeSdkEnumConverterTests.TestReadString(&quot;alerting&quot;)" methodname="TestReadString" classname="PureCloudPlatform.Client.V2.Tests.UpgradeSdkEnumConverterTests" runstate="Runnable" seed="1278363366" result="Passed" start-time="2023-03-09 07:54:43Z" end-time="2023-03-09 07:54:43Z" duration="0.000468" asserts="1" />
                <test-case id="0-1029" name="TestReadString(&quot;AlErTiNg&quot;)" fullname="PureCloudPlatform.Client.V2.Tests.UpgradeSdkEnumConverterTests.TestReadString(&quot;AlErTiNg&quot;)" methodname="TestReadString" classname="PureCloudPlatform.Client.V2.Tests.UpgradeSdkEnumConverterTests" runstate="Runnable" seed="1873945327" result="Passed" start-time="2023-03-09 07:54:43Z" end-time="2023-03-09 07:54:43Z" duration="0.000201" asserts="1" />
                <test-case id="0-1030" name="TestReadString(&quot;delivery-success&quot;)" fullname="PureCloudPlatform.Client.V2.Tests.UpgradeSdkEnumConverterTests.TestReadString(&quot;delivery-success&quot;)" methodname="TestReadString" classname="PureCloudPlatform.Client.V2.Tests.UpgradeSdkEnumConverterTests" runstate="Runnable" seed="661230295" result="Passed" start-time="2023-03-09 07:54:43Z" end-time="2023-03-09 07:54:43Z" duration="0.000157" asserts="1" />
                <test-case id="0-1031" name="TestReadString(&quot;Deliverysuccess&quot;)" fullname="PureCloudPlatform.Client.V2.Tests.UpgradeSdkEnumConverterTests.TestReadString(&quot;Deliverysuccess&quot;)" methodname="TestReadString" classname="PureCloudPlatform.Client.V2.Tests.UpgradeSdkEnumConverterTests" runstate="Runnable" seed="64617423" result="Passed" start-time="2023-03-09 07:54:43Z" end-time="2023-03-09 07:54:43Z" duration="0.000115" asserts="1" />
                <test-case id="0-1032" name="TestReadString(&quot;foo&quot;)" fullname="PureCloudPlatform.Client.V2.Tests.UpgradeSdkEnumConverterTests.TestReadString(&quot;foo&quot;)" methodname="TestReadString" classname="PureCloudPlatform.Client.V2.Tests.UpgradeSdkEnumConverterTests" runstate="Runnable" seed="1292169344" result="Passed" start-time="2023-03-09 07:54:43Z" end-time="2023-03-09 07:54:43Z" duration="0.000157" asserts="1" />
                <test-case id="0-1033" name="TestReadString(&quot;&quot;)" fullname="PureCloudPlatform.Client.V2.Tests.UpgradeSdkEnumConverterTests.TestReadString(&quot;&quot;)" methodname="TestReadString" classname="PureCloudPlatform.Client.V2.Tests.UpgradeSdkEnumConverterTests" runstate="Runnable" seed="1739918942" result="Passed" start-time="2023-03-09 07:54:43Z" end-time="2023-03-09 07:54:43Z" duration="0.000117" asserts="1" />
              </test-suite>
              <test-suite type="ParameterizedMethod" id="0-1038" name="TestReadStringNullable" fullname="PureCloudPlatform.Client.V2.Tests.UpgradeSdkEnumConverterTests.TestReadStringNullable" classname="PureCloudPlatform.Client.V2.Tests.UpgradeSdkEnumConverterTests" runstate="Runnable" testcasecount="3" result="Passed" start-time="2023-03-09 07:54:43Z" end-time="2023-03-09 07:54:43Z" duration="0.001575" total="3" passed="3" failed="0" warnings="0" inconclusive="0" skipped="0" asserts="3">
                <test-case id="0-1035" name="TestReadStringNullable(&quot;alerting&quot;)" fullname="PureCloudPlatform.Client.V2.Tests.UpgradeSdkEnumConverterTests.TestReadStringNullable(&quot;alerting&quot;)" methodname="TestReadStringNullable" classname="PureCloudPlatform.Client.V2.Tests.UpgradeSdkEnumConverterTests" runstate="Runnable" seed="1311564898" result="Passed" start-time="2023-03-09 07:54:43Z" end-time="2023-03-09 07:54:43Z" duration="0.001178" asserts="1" />
                <test-case id="0-1036" name="TestReadStringNullable(&quot;&quot;)" fullname="PureCloudPlatform.Client.V2.Tests.UpgradeSdkEnumConverterTests.TestReadStringNullable(&quot;&quot;)" methodname="TestReadStringNullable" classname="PureCloudPlatform.Client.V2.Tests.UpgradeSdkEnumConverterTests" runstate="Runnable" seed="1791221246" result="Passed" start-time="2023-03-09 07:54:43Z" end-time="2023-03-09 07:54:43Z" duration="0.000121" asserts="1" />
                <test-case id="0-1037" name="TestReadStringNullable(null)" fullname="PureCloudPlatform.Client.V2.Tests.UpgradeSdkEnumConverterTests.TestReadStringNullable(null)" methodname="TestReadStringNullable" classname="PureCloudPlatform.Client.V2.Tests.UpgradeSdkEnumConverterTests" runstate="Runnable" seed="568422913" result="Passed" start-time="2023-03-09 07:54:43Z" end-time="2023-03-09 07:54:43Z" duration="0.000163" asserts="1" />
              </test-suite>
              <test-suite type="ParameterizedMethod" id="0-1041" name="TestWrite" fullname="PureCloudPlatform.Client.V2.Tests.UpgradeSdkEnumConverterTests.TestWrite" classname="PureCloudPlatform.Client.V2.Tests.UpgradeSdkEnumConverterTests" runstate="Runnable" testcasecount="2" result="Passed" start-time="2023-03-09 07:54:43Z" end-time="2023-03-09 07:54:43Z" duration="0.001142" total="2" passed="2" failed="0" warnings="0" inconclusive="0" skipped="0" asserts="2">
                <test-case id="0-1039" name="TestWrite(Deliverysuccess)" fullname="PureCloudPlatform.Client.V2.Tests.UpgradeSdkEnumConverterTests.TestWrite(Deliverysuccess)" methodname="TestWrite" classname="PureCloudPlatform.Client.V2.Tests.UpgradeSdkEnumConverterTests" runstate="Runnable" seed="764247097" result="Passed" start-time="2023-03-09 07:54:43Z" end-time="2023-03-09 07:54:43Z" duration="0.000988" asserts="1" />
                <test-case id="0-1040" name="TestWrite(256)" fullname="PureCloudPlatform.Client.V2.Tests.UpgradeSdkEnumConverterTests.TestWrite(256)" methodname="TestWrite" classname="PureCloudPlatform.Client.V2.Tests.UpgradeSdkEnumConverterTests" runstate="Runnable" seed="848315090" result="Passed" start-time="2023-03-09 07:54:43Z" end-time="2023-03-09 07:54:43Z" duration="0.000073" asserts="1" />
              </test-suite>
              <test-suite type="ParameterizedMethod" id="0-1044" name="TestWriteNullable" fullname="PureCloudPlatform.Client.V2.Tests.UpgradeSdkEnumConverterTests.TestWriteNullable" classname="PureCloudPlatform.Client.V2.Tests.UpgradeSdkEnumConverterTests" runstate="Runnable" testcasecount="2" result="Passed" start-time="2023-03-09 07:54:43Z" end-time="2023-03-09 07:54:43Z" duration="0.000435" total="2" passed="2" failed="0" warnings="0" inconclusive="0" skipped="0" asserts="2">
                <test-case id="0-1042" name="TestWriteNullable(Deliverysuccess)" fullname="PureCloudPlatform.Client.V2.Tests.UpgradeSdkEnumConverterTests.TestWriteNullable(Deliverysuccess)" methodname="TestWriteNullable" classname="PureCloudPlatform.Client.V2.Tests.UpgradeSdkEnumConverterTests" runstate="Runnable" seed="1749223106" result="Passed" start-time="2023-03-09 07:54:43Z" end-time="2023-03-09 07:54:43Z" duration="0.000234" asserts="1" />
                <test-case id="0-1043" name="TestWriteNullable(null)" fullname="PureCloudPlatform.Client.V2.Tests.UpgradeSdkEnumConverterTests.TestWriteNullable(null)" methodname="TestWriteNullable" classname="PureCloudPlatform.Client.V2.Tests.UpgradeSdkEnumConverterTests" runstate="Runnable" seed="110529283" result="Passed" start-time="2023-03-09 07:54:43Z" end-time="2023-03-09 07:54:43Z" duration="0.000130" asserts="1" />
              </test-suite>
            </test-suite>
          </test-suite>
        </test-suite>
      </test-suite>
    </test-suite>
  </test-suite>
</test-run>