<?xml version="1.0" encoding="utf-8" standalone="no"?>
<test-run id="2" testcasecount="40" result="Passed" total="40" passed="40" failed="0" inconclusive="0" skipped="0" asserts="65" engine-version="3.8.0.0" clr-version="4.0.30319.42000" start-time="2024-09-29 07:05:34Z" end-time="2024-09-29 07:07:44Z" duration="130.431507">
  <command-line><![CDATA[/var/build/workspace/build-platform-sdks-pipeline/resources/sdk/pureclouddotnet/bin/nunit/nunit3-console.exe /var/build/workspace/build-platform-sdks-pipeline/output/pureclouddotnet/build/bin/PureCloudPlatform.Client.V2.Tests.dll]]></command-line>
  <test-suite type="Assembly" id="0-1048" name="PureCloudPlatform.Client.V2.Tests.dll" fullname="/var/build/workspace/build-platform-sdks-pipeline/output/pureclouddotnet/build/bin/PureCloudPlatform.Client.V2.Tests.dll" runstate="Runnable" testcasecount="40" result="Passed" start-time="2024-09-29 07:05:35Z" end-time="2024-09-29 07:07:44Z" duration="129.490652" total="40" passed="40" failed="0" warnings="0" inconclusive="0" skipped="0" asserts="65">
    <environment framework-version="3.10.1.0" clr-version="4.0.30319.42000" os-version="Unix 4.14.352.267" platform="Unix" cwd="/var/build/workspace/build-platform-sdks-pipeline/output/pureclouddotnet/build" machine-name="jenkins-agent-10-25-199-178" user="jenkins" user-domain="jenkins-agent-10-25-199-178" culture="en-US" uiculture="en-US" os-architecture="x64" />
    <settings>
      <setting name="DisposeRunners" value="True" />
      <setting name="WorkDirectory" value="/var/build/workspace/build-platform-sdks-pipeline/output/pureclouddotnet/build" />
      <setting name="ImageRuntimeVersion" value="4.0.30319" />
      <setting name="ImageTargetFrameworkName" value=".NETFramework,Version=v4.7.1" />
      <setting name="ImageRequiresX86" value="False" />
      <setting name="ImageRequiresDefaultAppDomainAssemblyResolver" value="False" />
      <setting name="NumberOfTestWorkers" value="4" />
    </settings>
    <properties>
      <property name="_PID" value="15950" />
      <property name="_APPDOMAIN" value="domain-" />
    </properties>
    <test-suite type="TestSuite" id="0-1049" name="PureCloudPlatform" fullname="PureCloudPlatform" runstate="Runnable" testcasecount="40" result="Passed" start-time="2024-09-29 07:05:35Z" end-time="2024-09-29 07:07:44Z" duration="129.476049" total="40" passed="40" failed="0" warnings="0" inconclusive="0" skipped="0" asserts="65">
      <test-suite type="TestSuite" id="0-1050" name="Client" fullname="PureCloudPlatform.Client" runstate="Runnable" testcasecount="40" result="Passed" start-time="2024-09-29 07:05:35Z" end-time="2024-09-29 07:07:44Z" duration="129.475802" total="40" passed="40" failed="0" warnings="0" inconclusive="0" skipped="0" asserts="65">
        <test-suite type="TestSuite" id="0-1051" name="V2" fullname="PureCloudPlatform.Client.V2" runstate="Runnable" testcasecount="40" result="Passed" start-time="2024-09-29 07:05:35Z" end-time="2024-09-29 07:07:44Z" duration="129.475772" total="40" passed="40" failed="0" warnings="0" inconclusive="0" skipped="0" asserts="65">
          <test-suite type="TestSuite" id="0-1052" name="Tests" fullname="PureCloudPlatform.Client.V2.Tests" runstate="Runnable" testcasecount="40" result="Passed" start-time="2024-09-29 07:05:35Z" end-time="2024-09-29 07:07:44Z" duration="129.475745" total="40" passed="40" failed="0" warnings="0" inconclusive="0" skipped="0" asserts="65">
            <test-suite type="TestFixture" id="0-1009" name="ApiClientTests" fullname="PureCloudPlatform.Client.V2.Tests.ApiClientTests" classname="PureCloudPlatform.Client.V2.Tests.ApiClientTests" runstate="Runnable" testcasecount="12" result="Passed" start-time="2024-09-29 07:05:35Z" end-time="2024-09-29 07:07:37Z" duration="121.835574" total="12" passed="12" failed="0" warnings="0" inconclusive="0" skipped="0" asserts="24">
              <test-case id="0-1016" name="InvokeAsyncTestWith_429" fullname="PureCloudPlatform.Client.V2.Tests.ApiClientTests.InvokeAsyncTestWith_429" methodname="InvokeAsyncTestWith_429" classname="PureCloudPlatform.Client.V2.Tests.ApiClientTests" runstate="Runnable" seed="1111978234" result="Passed" start-time="2024-09-29 07:05:36Z" end-time="2024-09-29 07:05:41Z" duration="5.038790" asserts="2" />
              <test-case id="0-1017" name="InvokeAsyncTestWith_429_And_No_MaxRetryTime" fullname="PureCloudPlatform.Client.V2.Tests.ApiClientTests.InvokeAsyncTestWith_429_And_No_MaxRetryTime" methodname="InvokeAsyncTestWith_429_And_No_MaxRetryTime" classname="PureCloudPlatform.Client.V2.Tests.ApiClientTests" runstate="Runnable" seed="814803731" result="Passed" start-time="2024-09-29 07:05:41Z" end-time="2024-09-29 07:05:41Z" duration="0.004518" asserts="2" />
              <test-case id="0-1018" name="InvokeAsyncTestWith_502" fullname="PureCloudPlatform.Client.V2.Tests.ApiClientTests.InvokeAsyncTestWith_502" methodname="InvokeAsyncTestWith_502" classname="PureCloudPlatform.Client.V2.Tests.ApiClientTests" runstate="Runnable" seed="741351851" result="Passed" start-time="2024-09-29 07:05:41Z" end-time="2024-09-29 07:05:54Z" duration="13.005439" asserts="2" />
              <test-case id="0-1019" name="InvokeAsyncTestWith_503" fullname="PureCloudPlatform.Client.V2.Tests.ApiClientTests.InvokeAsyncTestWith_503" methodname="InvokeAsyncTestWith_503" classname="PureCloudPlatform.Client.V2.Tests.ApiClientTests" runstate="Runnable" seed="545297882" result="Passed" start-time="2024-09-29 07:05:54Z" end-time="2024-09-29 07:06:34Z" duration="40.021405" asserts="2" />
              <test-case id="0-1020" name="InvokeAsyncTestWith_504" fullname="PureCloudPlatform.Client.V2.Tests.ApiClientTests.InvokeAsyncTestWith_504" methodname="InvokeAsyncTestWith_504" classname="PureCloudPlatform.Client.V2.Tests.ApiClientTests" runstate="Runnable" seed="1193208397" result="Passed" start-time="2024-09-29 07:06:34Z" end-time="2024-09-29 07:06:36Z" duration="2.009356" asserts="2" />
              <test-case id="0-1021" name="InvokeAsyncTestWith_504_And_No_MaxRetryTime" fullname="PureCloudPlatform.Client.V2.Tests.ApiClientTests.InvokeAsyncTestWith_504_And_No_MaxRetryTime" methodname="InvokeAsyncTestWith_504_And_No_MaxRetryTime" classname="PureCloudPlatform.Client.V2.Tests.ApiClientTests" runstate="Runnable" seed="284508975" result="Passed" start-time="2024-09-29 07:06:36Z" end-time="2024-09-29 07:06:36Z" duration="0.003806" asserts="2" />
              <test-case id="0-1010" name="InvokeTestWith_429" fullname="PureCloudPlatform.Client.V2.Tests.ApiClientTests.InvokeTestWith_429" methodname="InvokeTestWith_429" classname="PureCloudPlatform.Client.V2.Tests.ApiClientTests" runstate="Runnable" seed="440899361" result="Passed" start-time="2024-09-29 07:06:36Z" end-time="2024-09-29 07:06:42Z" duration="6.012125" asserts="2" />
              <test-case id="0-1011" name="InvokeTestWith_429_And_No_MaxRetryTime" fullname="PureCloudPlatform.Client.V2.Tests.ApiClientTests.InvokeTestWith_429_And_No_MaxRetryTime" methodname="InvokeTestWith_429_And_No_MaxRetryTime" classname="PureCloudPlatform.Client.V2.Tests.ApiClientTests" runstate="Runnable" seed="1790290502" result="Passed" start-time="2024-09-29 07:06:42Z" end-time="2024-09-29 07:06:42Z" duration="0.004150" asserts="2" />
              <test-case id="0-1012" name="InvokeTestWith_502" fullname="PureCloudPlatform.Client.V2.Tests.ApiClientTests.InvokeTestWith_502" methodname="InvokeTestWith_502" classname="PureCloudPlatform.Client.V2.Tests.ApiClientTests" runstate="Runnable" seed="2019640970" result="Passed" start-time="2024-09-29 07:06:42Z" end-time="2024-09-29 07:06:55Z" duration="13.004914" asserts="2" />
              <test-case id="0-1013" name="InvokeTestWith_503" fullname="PureCloudPlatform.Client.V2.Tests.ApiClientTests.InvokeTestWith_503" methodname="InvokeTestWith_503" classname="PureCloudPlatform.Client.V2.Tests.ApiClientTests" runstate="Runnable" seed="1180453547" result="Passed" start-time="2024-09-29 07:06:55Z" end-time="2024-09-29 07:07:35Z" duration="40.006003" asserts="2" />
              <test-case id="0-1014" name="InvokeTestWith_504" fullname="PureCloudPlatform.Client.V2.Tests.ApiClientTests.InvokeTestWith_504" methodname="InvokeTestWith_504" classname="PureCloudPlatform.Client.V2.Tests.ApiClientTests" runstate="Runnable" seed="1301596576" result="Passed" start-time="2024-09-29 07:07:35Z" end-time="2024-09-29 07:07:37Z" duration="2.005617" asserts="2" />
              <test-case id="0-1015" name="InvokeTestWith_504_No_MaxRetryTime" fullname="PureCloudPlatform.Client.V2.Tests.ApiClientTests.InvokeTestWith_504_No_MaxRetryTime" methodname="InvokeTestWith_504_No_MaxRetryTime" classname="PureCloudPlatform.Client.V2.Tests.ApiClientTests" runstate="Runnable" seed="283621945" result="Passed" start-time="2024-09-29 07:07:37Z" end-time="2024-09-29 07:07:37Z" duration="0.001509" asserts="2" />
            </test-suite>
            <test-suite type="TestFixture" id="0-1000" name="SdkTests" fullname="PureCloudPlatform.Client.V2.Tests.SdkTests" classname="PureCloudPlatform.Client.V2.Tests.SdkTests" runstate="Runnable" testcasecount="8" result="Passed" start-time="2024-09-29 07:07:37Z" end-time="2024-09-29 07:07:44Z" duration="7.625944" total="8" passed="8" failed="0" warnings="0" inconclusive="0" skipped="0" asserts="21">
              <properties>
                <property name="Timeout" value="70000" />
              </properties>
              <test-case id="0-1001" name="TraceBasicInformation" fullname="PureCloudPlatform.Client.V2.Tests.SdkTests.TraceBasicInformation" methodname="TraceBasicInformation" classname="PureCloudPlatform.Client.V2.Tests.SdkTests" runstate="Runnable" seed="758682251" result="Passed" start-time="2024-09-29 07:07:37Z" end-time="2024-09-29 07:07:37Z" duration="0.005277" asserts="6">
                <properties>
                  <property name="Order" value="0" />
                </properties>
                <output><![CDATA[PURECLOUD_ENVIRONMENT=mypurecloud.com
PURECLOUD_CLIENT_ID=7de3af06-c0b3-4f9b-af45-72f4a14037cc
userEmail=d7a6734c-9b94-4284-8fc2-21d07d041154@mypurecloud.com
]]></output>
              </test-case>
              <test-case id="0-1002" name="Authenticate" fullname="PureCloudPlatform.Client.V2.Tests.SdkTests.Authenticate" methodname="Authenticate" classname="PureCloudPlatform.Client.V2.Tests.SdkTests" runstate="Runnable" seed="251031724" result="Passed" start-time="2024-09-29 07:07:37Z" end-time="2024-09-29 07:07:37Z" duration="0.088571" asserts="1">
                <properties>
                  <property name="Order" value="1" />
                </properties>
              </test-case>
              <test-case id="0-1003" name="CreateUser" fullname="PureCloudPlatform.Client.V2.Tests.SdkTests.CreateUser" methodname="CreateUser" classname="PureCloudPlatform.Client.V2.Tests.SdkTests" runstate="Runnable" seed="1411745319" result="Passed" start-time="2024-09-29 07:07:37Z" end-time="2024-09-29 07:07:37Z" duration="0.457041" asserts="2">
                <properties>
                  <property name="Order" value="2" />
                </properties>
                <output><![CDATA[CorrelationId for PostUsersWithHttpInfo 38cdd14a-002c-47c3-b265-bb90c62a2cec
Version for PostUsersWithHttpInfo 1
Created user with ID 1c84f6f5-8a6a-45ee-a0be-5d27f8358896
]]></output>
              </test-case>
              <test-case id="0-1004" name="UpdateUser" fullname="PureCloudPlatform.Client.V2.Tests.SdkTests.UpdateUser" methodname="UpdateUser" classname="PureCloudPlatform.Client.V2.Tests.SdkTests" runstate="Runnable" seed="1499983413" result="Passed" start-time="2024-09-29 07:07:37Z" end-time="2024-09-29 07:07:37Z" duration="0.157404" asserts="4">
                <properties>
                  <property name="Order" value="3" />
                </properties>
              </test-case>
              <test-case id="0-1005" name="SetProfileSkills" fullname="PureCloudPlatform.Client.V2.Tests.SdkTests.SetProfileSkills" methodname="SetProfileSkills" classname="PureCloudPlatform.Client.V2.Tests.SdkTests" runstate="Runnable" seed="239057483" result="Passed" start-time="2024-09-29 07:07:37Z" end-time="2024-09-29 07:07:37Z" duration="0.137053" asserts="2">
                <properties>
                  <property name="Order" value="4" />
                </properties>
                <output><![CDATA[CorrelationId for PutUserProfileskillsWithHttpInfo bbc65bd9-77b3-41ee-81ea-c45b6f2534dc
]]></output>
              </test-case>
              <test-case id="0-1006" name="TestNotifications" fullname="PureCloudPlatform.Client.V2.Tests.SdkTests.TestNotifications" methodname="TestNotifications" classname="PureCloudPlatform.Client.V2.Tests.SdkTests" runstate="Runnable" seed="309204150" result="Passed" start-time="2024-09-29 07:07:37Z" end-time="2024-09-29 07:07:38Z" duration="0.507223" asserts="2">
                <properties>
                  <property name="Order" value="5" />
                </properties>
              </test-case>
              <test-case id="0-1007" name="GetUser" fullname="PureCloudPlatform.Client.V2.Tests.SdkTests.GetUser" methodname="GetUser" classname="PureCloudPlatform.Client.V2.Tests.SdkTests" runstate="Runnable" seed="1865472153" result="Passed" start-time="2024-09-29 07:07:38Z" end-time="2024-09-29 07:07:44Z" duration="6.129370" asserts="4">
                <properties>
                  <property name="Retry" value="2" />
                  <property name="Order" value="6" />
                </properties>
                <output><![CDATA[CorrelationId for GetUserWithHttpInfo 58ec74e8-fb1e-4dc4-9723-87f73cac0980
Version for GetUserWithHttpInfo 3
]]></output>
              </test-case>
              <test-case id="0-1008" name="DeleteUserWithProxy" fullname="PureCloudPlatform.Client.V2.Tests.SdkTests.DeleteUserWithProxy" methodname="DeleteUserWithProxy" classname="PureCloudPlatform.Client.V2.Tests.SdkTests" runstate="Runnable" seed="1221342348" result="Passed" start-time="2024-09-29 07:07:44Z" end-time="2024-09-29 07:07:44Z" duration="0.137867" asserts="0">
                <properties>
                  <property name="Order" value="7" />
                </properties>
              </test-case>
            </test-suite>
            <test-suite type="TestFixture" id="0-1022" name="UpgradeSdkEnumConverterTests" fullname="PureCloudPlatform.Client.V2.Tests.UpgradeSdkEnumConverterTests" classname="PureCloudPlatform.Client.V2.Tests.UpgradeSdkEnumConverterTests" runstate="Runnable" testcasecount="20" result="Passed" start-time="2024-09-29 07:07:44Z" end-time="2024-09-29 07:07:44Z" duration="0.010727" total="20" passed="20" failed="0" warnings="0" inconclusive="0" skipped="0" asserts="20">
              <test-suite type="ParameterizedMethod" id="0-1027" name="TestReadInt32" fullname="PureCloudPlatform.Client.V2.Tests.UpgradeSdkEnumConverterTests.TestReadInt32" classname="PureCloudPlatform.Client.V2.Tests.UpgradeSdkEnumConverterTests" runstate="Runnable" testcasecount="4" result="Passed" start-time="2024-09-29 07:07:44Z" end-time="2024-09-29 07:07:44Z" duration="0.004941" total="4" passed="4" failed="0" warnings="0" inconclusive="0" skipped="0" asserts="4">
                <test-case id="0-1023" name="TestReadInt32(0)" fullname="PureCloudPlatform.Client.V2.Tests.UpgradeSdkEnumConverterTests.TestReadInt32(0)" methodname="TestReadInt32" classname="PureCloudPlatform.Client.V2.Tests.UpgradeSdkEnumConverterTests" runstate="Runnable" seed="1943012992" result="Passed" start-time="2024-09-29 07:07:44Z" end-time="2024-09-29 07:07:44Z" duration="0.004176" asserts="1" />
                <test-case id="0-1024" name="TestReadInt32(1)" fullname="PureCloudPlatform.Client.V2.Tests.UpgradeSdkEnumConverterTests.TestReadInt32(1)" methodname="TestReadInt32" classname="PureCloudPlatform.Client.V2.Tests.UpgradeSdkEnumConverterTests" runstate="Runnable" seed="1684186548" result="Passed" start-time="2024-09-29 07:07:44Z" end-time="2024-09-29 07:07:44Z" duration="0.000181" asserts="1" />
                <test-case id="0-1025" name="TestReadInt32(256)" fullname="PureCloudPlatform.Client.V2.Tests.UpgradeSdkEnumConverterTests.TestReadInt32(256)" methodname="TestReadInt32" classname="PureCloudPlatform.Client.V2.Tests.UpgradeSdkEnumConverterTests" runstate="Runnable" seed="910331463" result="Passed" start-time="2024-09-29 07:07:44Z" end-time="2024-09-29 07:07:44Z" duration="0.000143" asserts="1" />
                <test-case id="0-1026" name="TestReadInt32(-1)" fullname="PureCloudPlatform.Client.V2.Tests.UpgradeSdkEnumConverterTests.TestReadInt32(-1)" methodname="TestReadInt32" classname="PureCloudPlatform.Client.V2.Tests.UpgradeSdkEnumConverterTests" runstate="Runnable" seed="1732291123" result="Passed" start-time="2024-09-29 07:07:44Z" end-time="2024-09-29 07:07:44Z" duration="0.000127" asserts="1" />
              </test-suite>
              <test-suite type="ParameterizedMethod" id="0-1035" name="TestReadString" fullname="PureCloudPlatform.Client.V2.Tests.UpgradeSdkEnumConverterTests.TestReadString" classname="PureCloudPlatform.Client.V2.Tests.UpgradeSdkEnumConverterTests" runstate="Runnable" testcasecount="7" result="Passed" start-time="2024-09-29 07:07:44Z" end-time="2024-09-29 07:07:44Z" duration="0.001667" total="7" passed="7" failed="0" warnings="0" inconclusive="0" skipped="0" asserts="7">
                <test-case id="0-1028" name="TestReadString(&quot;alerting&quot;)" fullname="PureCloudPlatform.Client.V2.Tests.UpgradeSdkEnumConverterTests.TestReadString(&quot;alerting&quot;)" methodname="TestReadString" classname="PureCloudPlatform.Client.V2.Tests.UpgradeSdkEnumConverterTests" runstate="Runnable" seed="824666407" result="Passed" start-time="2024-09-29 07:07:44Z" end-time="2024-09-29 07:07:44Z" duration="0.000440" asserts="1" />
                <test-case id="0-1029" name="TestReadString(&quot;AlErTiNg&quot;)" fullname="PureCloudPlatform.Client.V2.Tests.UpgradeSdkEnumConverterTests.TestReadString(&quot;AlErTiNg&quot;)" methodname="TestReadString" classname="PureCloudPlatform.Client.V2.Tests.UpgradeSdkEnumConverterTests" runstate="Runnable" seed="795218908" result="Passed" start-time="2024-09-29 07:07:44Z" end-time="2024-09-29 07:07:44Z" duration="0.000170" asserts="1" />
                <test-case id="0-1030" name="TestReadString(&quot;delivery-success&quot;)" fullname="PureCloudPlatform.Client.V2.Tests.UpgradeSdkEnumConverterTests.TestReadString(&quot;delivery-success&quot;)" methodname="TestReadString" classname="PureCloudPlatform.Client.V2.Tests.UpgradeSdkEnumConverterTests" runstate="Runnable" seed="857358037" result="Passed" start-time="2024-09-29 07:07:44Z" end-time="2024-09-29 07:07:44Z" duration="0.000208" asserts="1" />
                <test-case id="0-1031" name="TestReadString(&quot;Deliverysuccess&quot;)" fullname="PureCloudPlatform.Client.V2.Tests.UpgradeSdkEnumConverterTests.TestReadString(&quot;Deliverysuccess&quot;)" methodname="TestReadString" classname="PureCloudPlatform.Client.V2.Tests.UpgradeSdkEnumConverterTests" runstate="Runnable" seed="1209326864" result="Passed" start-time="2024-09-29 07:07:44Z" end-time="2024-09-29 07:07:44Z" duration="0.000197" asserts="1" />
                <test-case id="0-1032" name="TestReadString(&quot;OUTDATED_SDK_VERSION&quot;)" fullname="PureCloudPlatform.Client.V2.Tests.UpgradeSdkEnumConverterTests.TestReadString(&quot;OUTDATED_SDK_VERSION&quot;)" methodname="TestReadString" classname="PureCloudPlatform.Client.V2.Tests.UpgradeSdkEnumConverterTests" runstate="Runnable" seed="1839363572" result="Passed" start-time="2024-09-29 07:07:44Z" end-time="2024-09-29 07:07:44Z" duration="0.000155" asserts="1" />
                <test-case id="0-1033" name="TestReadString(&quot;foo&quot;)" fullname="PureCloudPlatform.Client.V2.Tests.UpgradeSdkEnumConverterTests.TestReadString(&quot;foo&quot;)" methodname="TestReadString" classname="PureCloudPlatform.Client.V2.Tests.UpgradeSdkEnumConverterTests" runstate="Runnable" seed="842354187" result="Passed" start-time="2024-09-29 07:07:44Z" end-time="2024-09-29 07:07:44Z" duration="0.000140" asserts="1" />
                <test-case id="0-1034" name="TestReadString(&quot;&quot;)" fullname="PureCloudPlatform.Client.V2.Tests.UpgradeSdkEnumConverterTests.TestReadString(&quot;&quot;)" methodname="TestReadString" classname="PureCloudPlatform.Client.V2.Tests.UpgradeSdkEnumConverterTests" runstate="Runnable" seed="637870859" result="Passed" start-time="2024-09-29 07:07:44Z" end-time="2024-09-29 07:07:44Z" duration="0.000190" asserts="1" />
              </test-suite>
              <test-suite type="ParameterizedMethod" id="0-1039" name="TestReadStringNullable" fullname="PureCloudPlatform.Client.V2.Tests.UpgradeSdkEnumConverterTests.TestReadStringNullable" classname="PureCloudPlatform.Client.V2.Tests.UpgradeSdkEnumConverterTests" runstate="Runnable" testcasecount="3" result="Passed" start-time="2024-09-29 07:07:44Z" end-time="2024-09-29 07:07:44Z" duration="0.001461" total="3" passed="3" failed="0" warnings="0" inconclusive="0" skipped="0" asserts="3">
                <test-case id="0-1036" name="TestReadStringNullable(&quot;alerting&quot;)" fullname="PureCloudPlatform.Client.V2.Tests.UpgradeSdkEnumConverterTests.TestReadStringNullable(&quot;alerting&quot;)" methodname="TestReadStringNullable" classname="PureCloudPlatform.Client.V2.Tests.UpgradeSdkEnumConverterTests" runstate="Runnable" seed="1219478419" result="Passed" start-time="2024-09-29 07:07:44Z" end-time="2024-09-29 07:07:44Z" duration="0.001081" asserts="1" />
                <test-case id="0-1037" name="TestReadStringNullable(&quot;&quot;)" fullname="PureCloudPlatform.Client.V2.Tests.UpgradeSdkEnumConverterTests.TestReadStringNullable(&quot;&quot;)" methodname="TestReadStringNullable" classname="PureCloudPlatform.Client.V2.Tests.UpgradeSdkEnumConverterTests" runstate="Runnable" seed="359798952" result="Passed" start-time="2024-09-29 07:07:44Z" end-time="2024-09-29 07:07:44Z" duration="0.000115" asserts="1" />
                <test-case id="0-1038" name="TestReadStringNullable(null)" fullname="PureCloudPlatform.Client.V2.Tests.UpgradeSdkEnumConverterTests.TestReadStringNullable(null)" methodname="TestReadStringNullable" classname="PureCloudPlatform.Client.V2.Tests.UpgradeSdkEnumConverterTests" runstate="Runnable" seed="912002678" result="Passed" start-time="2024-09-29 07:07:44Z" end-time="2024-09-29 07:07:44Z" duration="0.000164" asserts="1" />
              </test-suite>
              <test-suite type="ParameterizedMethod" id="0-1043" name="TestWrite" fullname="PureCloudPlatform.Client.V2.Tests.UpgradeSdkEnumConverterTests.TestWrite" classname="PureCloudPlatform.Client.V2.Tests.UpgradeSdkEnumConverterTests" runstate="Runnable" testcasecount="3" result="Passed" start-time="2024-09-29 07:07:44Z" end-time="2024-09-29 07:07:44Z" duration="0.001440" total="3" passed="3" failed="0" warnings="0" inconclusive="0" skipped="0" asserts="3">
                <test-case id="0-1040" name="TestWrite(Deliverysuccess)" fullname="PureCloudPlatform.Client.V2.Tests.UpgradeSdkEnumConverterTests.TestWrite(Deliverysuccess)" methodname="TestWrite" classname="PureCloudPlatform.Client.V2.Tests.UpgradeSdkEnumConverterTests" runstate="Runnable" seed="402160217" result="Passed" start-time="2024-09-29 07:07:44Z" end-time="2024-09-29 07:07:44Z" duration="0.001178" asserts="1" />
                <test-case id="0-1041" name="TestWrite(OutdatedSdkVersion)" fullname="PureCloudPlatform.Client.V2.Tests.UpgradeSdkEnumConverterTests.TestWrite(OutdatedSdkVersion)" methodname="TestWrite" classname="PureCloudPlatform.Client.V2.Tests.UpgradeSdkEnumConverterTests" runstate="Runnable" seed="1599495582" result="Passed" start-time="2024-09-29 07:07:44Z" end-time="2024-09-29 07:07:44Z" duration="0.000095" asserts="1" />
                <test-case id="0-1042" name="TestWrite(256)" fullname="PureCloudPlatform.Client.V2.Tests.UpgradeSdkEnumConverterTests.TestWrite(256)" methodname="TestWrite" classname="PureCloudPlatform.Client.V2.Tests.UpgradeSdkEnumConverterTests" runstate="Runnable" seed="1415352355" result="Passed" start-time="2024-09-29 07:07:44Z" end-time="2024-09-29 07:07:44Z" duration="0.000061" asserts="1" />
              </test-suite>
              <test-suite type="ParameterizedMethod" id="0-1047" name="TestWriteNullable" fullname="PureCloudPlatform.Client.V2.Tests.UpgradeSdkEnumConverterTests.TestWriteNullable" classname="PureCloudPlatform.Client.V2.Tests.UpgradeSdkEnumConverterTests" runstate="Runnable" testcasecount="3" result="Passed" start-time="2024-09-29 07:07:44Z" end-time="2024-09-29 07:07:44Z" duration="0.000701" total="3" passed="3" failed="0" warnings="0" inconclusive="0" skipped="0" asserts="3">
                <test-case id="0-1044" name="TestWriteNullable(Deliverysuccess)" fullname="PureCloudPlatform.Client.V2.Tests.UpgradeSdkEnumConverterTests.TestWriteNullable(Deliverysuccess)" methodname="TestWriteNullable" classname="PureCloudPlatform.Client.V2.Tests.UpgradeSdkEnumConverterTests" runstate="Runnable" seed="1071779579" result="Passed" start-time="2024-09-29 07:07:44Z" end-time="2024-09-29 07:07:44Z" duration="0.000323" asserts="1" />
                <test-case id="0-1045" name="TestWriteNullable(OutdatedSdkVersion)" fullname="PureCloudPlatform.Client.V2.Tests.UpgradeSdkEnumConverterTests.TestWriteNullable(OutdatedSdkVersion)" methodname="TestWriteNullable" classname="PureCloudPlatform.Client.V2.Tests.UpgradeSdkEnumConverterTests" runstate="Runnable" seed="1252570596" result="Passed" start-time="2024-09-29 07:07:44Z" end-time="2024-09-29 07:07:44Z" duration="0.000094" asserts="1" />
                <test-case id="0-1046" name="TestWriteNullable(null)" fullname="PureCloudPlatform.Client.V2.Tests.UpgradeSdkEnumConverterTests.TestWriteNullable(null)" methodname="TestWriteNullable" classname="PureCloudPlatform.Client.V2.Tests.UpgradeSdkEnumConverterTests" runstate="Runnable" seed="1706971284" result="Passed" start-time="2024-09-29 07:07:44Z" end-time="2024-09-29 07:07:44Z" duration="0.000153" asserts="1" />
              </test-suite>
            </test-suite>
          </test-suite>
        </test-suite>
      </test-suite>
    </test-suite>
  </test-suite>
</test-run>